2024-04-08 22:14:08,901 [INFO] Activator:176 - 


2024-04-08 22:14:08,911 [INFO] Activator:177 - !SESSION log4j initialized
2024-04-08 22:14:16,455 [INFO] LogOutputStream:77 - [STDOUT_REDIRECT] 
2024-04-08 22:14:18,076 [INFO] ApplicationProperties:184 - Using Application install path: C:\ST\STM32CubeIDE_1.12.0\STM32CubeIDE\plugins\com.st.stm32cube.common.mx_6.11.0.202403141607
2024-04-08 22:14:18,101 [INFO] DbMcusXml:78 - Set database path to: C:\ST\STM32CubeIDE_1.12.0\STM32CubeIDE\plugins\com.st.stm32cube.common.mx_6.11.0.202403141607\\db\/mcu/
2024-04-08 22:14:18,101 [INFO] ApiDb:274 - Set plugin database path to: C:\ST\STM32CubeIDE_1.12.0\STM32CubeIDE\plugins\com.st.stm32cube.common.mx_6.11.0.202403141607\\db\/plugins/boardmanager/
2024-04-08 22:14:18,102 [WARN] ApiDb:259 - Overriding images path with different value:  => C:\ST\STM32CubeIDE_1.12.0\STM32CubeIDE\plugins\com.st.stm32cube.common.mx_6.11.0.202403141607\\db\/plugins/mcufinder/images/
2024-04-08 22:14:18,113 [INFO] ApiDb:250 - Set database path to: C:\Users\ADMIN\.stmcufinder\plugins\mcufinder//mcu/
2024-04-08 22:14:18,115 [INFO] DbMcusAds:125 - Set database path to: C:\Users\ADMIN\.stmcufinder\plugins\mcufinder//mcu/
2024-04-08 22:14:18,117 [INFO] CrossReferenceDbSqlite:203 - Set database path to: C:\Users\ADMIN\.stmcufinder\plugins\mcufinder//mcu/cs/
2024-04-08 22:14:18,269 [INFO] RulesReader:64 - Compatibility file has been processed (297 Rules)
2024-04-08 22:14:18,375 [INFO] DbMcusXml:78 - Set database path to: C:\ST\STM32CubeIDE_1.12.0\STM32CubeIDE\plugins\com.st.stm32cube.common.mx_6.11.0.202403141607\\db\/mcu/
2024-04-08 22:14:18,375 [INFO] ApiDb:274 - Set plugin database path to: C:\ST\STM32CubeIDE_1.12.0\STM32CubeIDE\plugins\com.st.stm32cube.common.mx_6.11.0.202403141607\\db\/plugins/boardmanager/
2024-04-08 22:14:18,375 [INFO] ApiDb:261 - Set plugin images path to: C:\ST\STM32CubeIDE_1.12.0\STM32CubeIDE\plugins\com.st.stm32cube.common.mx_6.11.0.202403141607\\db\/plugins/mcufinder/images/
2024-04-08 22:14:18,376 [WARN] DbFile:41 - Overriding database path with different value: C:\Users\ADMIN\.stmcufinder\plugins\mcufinder/ => C:\Users\ADMIN\.stmcufinder\plugins\mcufinder
2024-04-08 22:14:18,376 [INFO] ApiDb:250 - Set database path to: C:\Users\ADMIN\.stmcufinder\plugins\mcufinder//mcu/
2024-04-08 22:14:18,376 [WARN] DbFile:41 - Overriding database path with different value: C:\Users\ADMIN\.stmcufinder\plugins\mcufinder/ => C:\Users\ADMIN\.stmcufinder\plugins\mcufinder
2024-04-08 22:14:18,376 [INFO] DbMcusAds:125 - Set database path to: C:\Users\ADMIN\.stmcufinder\plugins\mcufinder//mcu/
2024-04-08 22:14:18,376 [WARN] DbFile:41 - Overriding database path with different value: C:\Users\ADMIN\.stmcufinder\plugins\mcufinder/ => C:\Users\ADMIN\.stmcufinder\plugins\mcufinder
2024-04-08 22:14:18,376 [WARN] DbFile:41 - Overriding database path with different value: C:\Users\ADMIN\.stmcufinder\plugins\mcufinder/ => C:\Users\ADMIN\.stmcufinder\plugins\mcufinder
2024-04-08 22:14:18,376 [INFO] CrossReferenceDbSqlite:203 - Set database path to: C:\Users\ADMIN\.stmcufinder\plugins\mcufinder//mcu/cs/
2024-04-08 22:14:18,479 [INFO] MainPanel:264 - HeapMemory: 268435456
2024-04-08 22:14:18,627 [INFO] DbMcusXml:78 - Set database path to: C:\ST\STM32CubeIDE_1.12.0\STM32CubeIDE\plugins\com.st.stm32cube.common.mx_6.11.0.202403141607\\db\/mcu/
2024-04-08 22:14:18,627 [INFO] ApiDb:274 - Set plugin database path to: C:\ST\STM32CubeIDE_1.12.0\STM32CubeIDE\plugins\com.st.stm32cube.common.mx_6.11.0.202403141607\\db\/plugins/boardmanager/
2024-04-08 22:14:18,627 [INFO] ApiDb:261 - Set plugin images path to: C:\ST\STM32CubeIDE_1.12.0\STM32CubeIDE\plugins\com.st.stm32cube.common.mx_6.11.0.202403141607\\db\/plugins/mcufinder/images/
2024-04-08 22:14:18,628 [WARN] DbFile:41 - Overriding database path with different value: C:\Users\ADMIN\.stmcufinder\plugins\mcufinder/ => C:\Users\ADMIN\.stmcufinder\plugins\mcufinder
2024-04-08 22:14:18,628 [INFO] ApiDb:250 - Set database path to: C:\Users\ADMIN\.stmcufinder\plugins\mcufinder//mcu/
2024-04-08 22:14:18,628 [WARN] DbFile:41 - Overriding database path with different value: C:\Users\ADMIN\.stmcufinder\plugins\mcufinder/ => C:\Users\ADMIN\.stmcufinder\plugins\mcufinder
2024-04-08 22:14:18,628 [INFO] DbMcusAds:125 - Set database path to: C:\Users\ADMIN\.stmcufinder\plugins\mcufinder//mcu/
2024-04-08 22:14:18,628 [WARN] DbFile:41 - Overriding database path with different value: C:\Users\ADMIN\.stmcufinder\plugins\mcufinder/ => C:\Users\ADMIN\.stmcufinder\plugins\mcufinder
2024-04-08 22:14:18,628 [WARN] DbFile:41 - Overriding database path with different value: C:\Users\ADMIN\.stmcufinder\plugins\mcufinder/ => C:\Users\ADMIN\.stmcufinder\plugins\mcufinder
2024-04-08 22:14:18,629 [INFO] CrossReferenceDbSqlite:203 - Set database path to: C:\Users\ADMIN\.stmcufinder\plugins\mcufinder//mcu/cs/
2024-04-08 22:14:18,650 [INFO] ApplicationProperties:184 - Using Application install path: C:\ST\STM32CubeIDE_1.12.0\STM32CubeIDE\plugins\com.st.stm32cube.common.mx_6.11.0.202403141607
2024-04-08 22:14:18,652 [INFO] PluginManage:196 - Search for loadable plugins [exclusion list=, ]
2024-04-08 22:14:18,655 [INFO] PluginManage:310 - Check plugin analytics
2024-04-08 22:14:18,926 [INFO] AnalyticsPlugin:253 - Accepted Software Licenses: 
2024-04-08 22:14:18,926 [INFO] AnalyticsPlugin:255 - Accepted CMSIS Pack Licenses: 
2024-04-08 22:14:18,927 [INFO] AnalyticsPlugin:257 - Accepted Firmware Licenses: 
2024-04-08 22:14:18,932 [INFO] PluginManage:359 - Loaded plugin analytics (category:tool,tabindex:-1)
2024-04-08 22:14:18,932 [INFO] PluginManage:310 - Check plugin cadmodel
2024-04-08 22:14:18,941 [INFO] CADModel:105 - Init CAD model plugin
2024-04-08 22:14:18,942 [INFO] PluginManage:359 - Loaded plugin cadmodel (category:power,tabindex:5)
2024-04-08 22:14:18,942 [INFO] PluginManage:310 - Check plugin clock
2024-04-08 22:14:18,961 [INFO] PluginManage:359 - Loaded plugin clock (category:base,tabindex:2)
2024-04-08 22:14:18,961 [INFO] PluginManage:310 - Check plugin ddr
2024-04-08 22:14:18,965 [INFO] PluginManage:359 - Loaded plugin ddr (category:tool,tabindex:6)
2024-04-08 22:14:18,966 [INFO] PluginManage:310 - Check plugin filemanager
2024-04-08 22:14:19,153 [INFO] PluginManage:359 - Loaded plugin filemanager (category:base,tabindex:10)
2024-04-08 22:14:19,153 [INFO] PluginManage:310 - Check plugin ipmanager
2024-04-08 22:14:19,162 [INFO] PluginManage:359 - Loaded plugin ipmanager (category:base,tabindex:5)
2024-04-08 22:14:19,162 [INFO] PluginManage:310 - Check plugin lpbam
2024-04-08 22:14:19,175 [INFO] PluginManage:359 - Loaded plugin lpbam (category:base,tabindex:0)
2024-04-08 22:14:19,175 [INFO] PluginManage:310 - Check plugin memorymap
2024-04-08 22:14:19,197 [INFO] PluginManage:359 - Loaded plugin memorymap (category:base,tabindex:4)
2024-04-08 22:14:19,198 [INFO] PluginManage:310 - Check plugin pinoutandconfiguration
2024-04-08 22:14:19,210 [INFO] PluginManage:359 - Loaded plugin pinoutandconfiguration (category:base,tabindex:1)
2024-04-08 22:14:19,210 [INFO] PluginManage:310 - Check plugin pinoutconfig
2024-04-08 22:14:19,324 [WARN] SupportedApi:132 - Cannot load RTOS API schema: s4s-elt-must-match.1: The content of 'definitions' must match (annotation?, (simpleType | complexType)?, (unique | key | keyref)*)). A problem was found starting at: attribute.
2024-04-08 22:14:19,557 [INFO] PluginManage:359 - Loaded plugin pinoutconfig (category:base,tabindex:0)
2024-04-08 22:14:19,557 [INFO] PluginManage:310 - Check plugin power
2024-04-08 22:14:19,575 [INFO] PluginManage:359 - Loaded plugin power (category:power,tabindex:4)
2024-04-08 22:14:19,576 [INFO] PluginManage:310 - Check plugin projectmanager
2024-04-08 22:14:19,599 [INFO] PluginManage:359 - Loaded plugin projectmanager (category:projectmanager,tabindex:3)
2024-04-08 22:14:19,599 [INFO] PluginManage:310 - Check plugin thirdparty
2024-04-08 22:14:19,798 [INFO] PluginManage:359 - Loaded plugin thirdparty (category:base,tabindex:-1)
2024-04-08 22:14:19,798 [WARN] IntegrityCheckThread:84 - waiting for thirdparty lock release [integrity check]
2024-04-08 22:14:19,798 [INFO] PluginManage:310 - Check plugin tools
2024-04-08 22:14:19,798 [INFO] IntegrityCheckThread:86 - entering critical section [integrity check]
2024-04-08 22:14:19,799 [INFO] ThirdPartyUpdaterWithRetryManager:70 - Updater plugin not ready yet. [1/15]
2024-04-08 22:14:19,802 [INFO] PluginManage:359 - Loaded plugin tools (category:base,tabindex:7)
2024-04-08 22:14:19,803 [INFO] PluginManage:310 - Check plugin tutovideos
2024-04-08 22:14:20,042 [INFO] PluginManage:359 - Loaded plugin tutovideos (category:base,tabindex:-1)
2024-04-08 22:14:20,044 [INFO] PluginManage:310 - Check plugin updater
2024-04-08 22:14:20,060 [INFO] PluginManage:359 - Loaded plugin updater (category:base,tabindex:12)
2024-04-08 22:14:20,060 [INFO] PluginManage:310 - Check plugin userauth
2024-04-08 22:14:20,068 [INFO] UserAuth:114 - Init User Auth plugin
2024-04-08 22:14:20,068 [INFO] PluginManage:359 - Loaded plugin userauth (category:base,tabindex:14)
2024-04-08 22:14:20,069 [INFO] PluginManage:283 - PluginManage : Loaded plugins [17]
2024-04-08 22:14:20,352 [INFO] PinOutPanel:1561 - setPackage(No Configuration,No Configuration)
2024-04-08 22:14:20,442 [INFO] CADModel:165 - CPN selected for project level
2024-04-08 22:14:20,443 [INFO] CADModel:114 - Register for checkConnection events
2024-04-08 22:14:20,467 [INFO] IPUIPlugin:80 - create IPUIPlugin
2024-04-08 22:14:20,468 [INFO] PluginManager:220 - loadIPPluginJar : add adc
2024-04-08 22:14:20,471 [INFO] IPUIPlugin:80 - create IPUIPlugin
2024-04-08 22:14:20,472 [INFO] PluginManager:220 - loadIPPluginJar : add aes
2024-04-08 22:14:20,476 [INFO] IPUIPlugin:80 - create IPUIPlugin
2024-04-08 22:14:20,477 [INFO] PluginManager:220 - loadIPPluginJar : add can
2024-04-08 22:14:20,479 [INFO] IPUIPlugin:80 - create IPUIPlugin
2024-04-08 22:14:20,480 [INFO] PluginManager:220 - loadIPPluginJar : add comp
2024-04-08 22:14:20,483 [INFO] IPUIPlugin:80 - create IPUIPlugin
2024-04-08 22:14:20,484 [INFO] PluginManager:220 - loadIPPluginJar : add cryp
2024-04-08 22:14:20,488 [INFO] IPUIPlugin:80 - create IPUIPlugin
2024-04-08 22:14:20,488 [INFO] PluginManager:220 - loadIPPluginJar : add dfsdm
2024-04-08 22:14:20,496 [INFO] IPUIPlugin:80 - create IPUIPlugin
2024-04-08 22:14:20,497 [INFO] PluginManager:220 - loadIPPluginJar : add dma
2024-04-08 22:14:20,500 [INFO] IPUIPlugin:80 - create IPUIPlugin
2024-04-08 22:14:20,500 [INFO] PluginManager:220 - loadIPPluginJar : add dma3
2024-04-08 22:14:20,504 [INFO] IPUIPlugin:80 - create IPUIPlugin
2024-04-08 22:14:20,504 [INFO] PluginManager:220 - loadIPPluginJar : add extmemmanager
2024-04-08 22:14:20,506 [INFO] IPUIPlugin:80 - create IPUIPlugin
2024-04-08 22:14:20,506 [INFO] PluginManager:220 - loadIPPluginJar : add fatfs
2024-04-08 22:14:20,512 [INFO] IPUIPlugin:80 - create IPUIPlugin
2024-04-08 22:14:20,512 [INFO] PluginManager:220 - loadIPPluginJar : add fmc
2024-04-08 22:14:20,519 [INFO] IPUIPlugin:80 - create IPUIPlugin
2024-04-08 22:14:20,519 [INFO] PluginManager:220 - loadIPPluginJar : add freertos
2024-04-08 22:14:20,521 [INFO] IPUIPlugin:80 - create IPUIPlugin
2024-04-08 22:14:20,521 [INFO] PluginManager:220 - loadIPPluginJar : add genericplugin
2024-04-08 22:14:20,525 [INFO] IPUIPlugin:80 - create IPUIPlugin
2024-04-08 22:14:20,525 [INFO] PluginManager:220 - loadIPPluginJar : add gfxmmu
2024-04-08 22:14:20,531 [INFO] IPUIPlugin:80 - create IPUIPlugin
2024-04-08 22:14:20,531 [INFO] PluginManager:220 - loadIPPluginJar : add gic
2024-04-08 22:14:20,536 [INFO] IPUIPlugin:80 - create IPUIPlugin
2024-04-08 22:14:20,536 [INFO] PluginManager:220 - loadIPPluginJar : add gpio
2024-04-08 22:14:20,540 [INFO] IPUIPlugin:80 - create IPUIPlugin
2024-04-08 22:14:20,541 [INFO] PluginManager:220 - loadIPPluginJar : add gtzc
2024-04-08 22:14:20,544 [INFO] IPUIPlugin:80 - create IPUIPlugin
2024-04-08 22:14:20,544 [INFO] PluginManager:220 - loadIPPluginJar : add hash
2024-04-08 22:14:20,547 [INFO] IPUIPlugin:80 - create IPUIPlugin
2024-04-08 22:14:20,548 [INFO] PluginManager:220 - loadIPPluginJar : add i2c
2024-04-08 22:14:20,551 [INFO] IPUIPlugin:80 - create IPUIPlugin
2024-04-08 22:14:20,551 [INFO] PluginManager:220 - loadIPPluginJar : add i2s
2024-04-08 22:14:20,555 [INFO] IPUIPlugin:80 - create IPUIPlugin
2024-04-08 22:14:20,555 [INFO] PluginManager:220 - loadIPPluginJar : add i3c
2024-04-08 22:14:20,560 [INFO] IPUIPlugin:80 - create IPUIPlugin
2024-04-08 22:14:20,560 [INFO] PluginManager:220 - loadIPPluginJar : add ipddr
2024-04-08 22:14:20,570 [INFO] IPUIPlugin:80 - create IPUIPlugin
2024-04-08 22:14:20,570 [INFO] PluginManager:220 - loadIPPluginJar : add linkedlist
2024-04-08 22:14:20,574 [INFO] IPUIPlugin:80 - create IPUIPlugin
2024-04-08 22:14:20,574 [INFO] PluginManager:220 - loadIPPluginJar : add lorawan
2024-04-08 22:14:20,577 [INFO] IPUIPlugin:80 - create IPUIPlugin
2024-04-08 22:14:20,577 [INFO] PluginManager:220 - loadIPPluginJar : add ltdc
2024-04-08 22:14:20,588 [INFO] IPUIPlugin:80 - create IPUIPlugin
2024-04-08 22:14:20,588 [INFO] PluginManager:220 - loadIPPluginJar : add mdma
2024-04-08 22:14:20,594 [INFO] IPUIPlugin:80 - create IPUIPlugin
2024-04-08 22:14:20,594 [INFO] PluginManager:220 - loadIPPluginJar : add nvic
2024-04-08 22:14:20,600 [INFO] IPUIPlugin:80 - create IPUIPlugin
2024-04-08 22:14:20,601 [INFO] PluginManager:220 - loadIPPluginJar : add opamp
2024-04-08 22:14:20,606 [INFO] IPUIPlugin:80 - create IPUIPlugin
2024-04-08 22:14:20,606 [INFO] PluginManager:220 - loadIPPluginJar : add openamp
2024-04-08 22:14:20,611 [INFO] IPUIPlugin:80 - create IPUIPlugin
2024-04-08 22:14:20,611 [INFO] PluginManager:220 - loadIPPluginJar : add pdm2pcm
2024-04-08 22:14:20,620 [INFO] IPUIPlugin:80 - create IPUIPlugin
2024-04-08 22:14:20,623 [INFO] PluginManager:220 - loadIPPluginJar : add plateformsettings
2024-04-08 22:14:20,625 [INFO] IPUIPlugin:80 - create IPUIPlugin
2024-04-08 22:14:20,625 [INFO] PluginManager:220 - loadIPPluginJar : add quadspi
2024-04-08 22:14:20,631 [INFO] IPUIPlugin:80 - create IPUIPlugin
2024-04-08 22:14:20,631 [INFO] PluginManager:220 - loadIPPluginJar : add resmgrutility
2024-04-08 22:14:20,636 [INFO] IPUIPlugin:80 - create IPUIPlugin
2024-04-08 22:14:20,636 [INFO] PluginManager:220 - loadIPPluginJar : add sai
2024-04-08 22:14:20,640 [INFO] IPUIPlugin:80 - create IPUIPlugin
2024-04-08 22:14:20,640 [INFO] PluginManager:220 - loadIPPluginJar : add spi
2024-04-08 22:14:20,647 [INFO] IPUIPlugin:80 - create IPUIPlugin
2024-04-08 22:14:20,648 [INFO] PluginManager:220 - loadIPPluginJar : add stm32_wpan
2024-04-08 22:14:20,650 [INFO] IPUIPlugin:80 - create IPUIPlugin
2024-04-08 22:14:20,650 [INFO] PluginManager:220 - loadIPPluginJar : add tim
2024-04-08 22:14:20,655 [INFO] IPUIPlugin:80 - create IPUIPlugin
2024-04-08 22:14:20,655 [INFO] PluginManager:220 - loadIPPluginJar : add touchsensing
2024-04-08 22:14:20,658 [INFO] IPUIPlugin:80 - create IPUIPlugin
2024-04-08 22:14:20,659 [INFO] PluginManager:220 - loadIPPluginJar : add tracer_emb
2024-04-08 22:14:20,661 [INFO] IPUIPlugin:80 - create IPUIPlugin
2024-04-08 22:14:20,662 [INFO] PluginManager:220 - loadIPPluginJar : add ts
2024-04-08 22:14:20,664 [INFO] IPUIPlugin:80 - create IPUIPlugin
2024-04-08 22:14:20,665 [INFO] PluginManager:220 - loadIPPluginJar : add tsc
2024-04-08 22:14:20,668 [INFO] IPUIPlugin:80 - create IPUIPlugin
2024-04-08 22:14:20,668 [INFO] PluginManager:220 - loadIPPluginJar : add ucpd
2024-04-08 22:14:20,672 [INFO] IPUIPlugin:80 - create IPUIPlugin
2024-04-08 22:14:20,672 [INFO] PluginManager:220 - loadIPPluginJar : add usart
2024-04-08 22:14:20,676 [INFO] IPUIPlugin:80 - create IPUIPlugin
2024-04-08 22:14:20,676 [INFO] PluginManager:220 - loadIPPluginJar : add usbx
2024-04-08 22:14:20,802 [INFO] CADModel:165 - CPN selected for project level
2024-04-08 22:14:20,802 [INFO] CADModel:114 - Register for checkConnection events
2024-04-08 22:14:20,802 [FATAL] Updater:308 - Updater called before beeing initialized
2024-04-08 22:14:20,802 [ERROR] CADModel:125 - Updater not yet initialized, retry later 
2024-04-08 22:14:20,973 [INFO] CADModel:165 - CPN selected for project level
2024-04-08 22:14:20,973 [INFO] CADModel:114 - Register for checkConnection events
2024-04-08 22:14:20,974 [FATAL] Updater:308 - Updater called before beeing initialized
2024-04-08 22:14:20,974 [ERROR] CADModel:125 - Updater not yet initialized, retry later 
2024-04-08 22:14:20,978 [FATAL] Updater:308 - Updater called before beeing initialized
2024-04-08 22:14:21,107 [FATAL] Updater:308 - Updater called before beeing initialized
2024-04-08 22:14:21,114 [INFO] DbMcusAds:53 - JSON generation date=Wed Nov 29 17:52:27 ICT 2023 (1701255147349)
2024-04-08 22:14:21,114 [FATAL] Updater:308 - Updater called before beeing initialized
2024-04-08 22:14:21,158 [WARN] DetailPanel:346 - Failed to get advertising image, set to default
2024-04-08 22:14:21,252 [FATAL] Updater:308 - Updater called before beeing initialized
2024-04-08 22:14:21,254 [FATAL] Updater:308 - Updater called before beeing initialized
2024-04-08 22:14:21,254 [FATAL] Updater:308 - Updater called before beeing initialized
2024-04-08 22:14:21,254 [WARN] DetailPanel:346 - Failed to get advertising image, set to default
2024-04-08 22:14:21,255 [FATAL] Updater:308 - Updater called before beeing initialized
2024-04-08 22:14:21,305 [ERROR] Updater:1120 - MainUpdater not yet initialized. External WinMGr cannot be set.
2024-04-08 22:14:21,309 [INFO] Updater:1056 - Updater Version found : 6.11.0
2024-04-08 22:14:21,340 [INFO] ApplicationProperties:184 - Using Application install path: C:\ST\STM32CubeIDE_1.12.0\STM32CubeIDE\plugins\com.st.stm32cube.common.mx_6.11.0.202403141607
2024-04-08 22:14:22,337 [INFO] MainUpdater:2873 - connection check result : 10
2024-04-08 22:14:22,337 [INFO] MainUpdater:3567 - Updater definition file requires update
2024-04-08 22:14:22,338 [INFO] MainUpdater:290 - Updater Check For Update Now.
2024-04-08 22:14:22,339 [INFO] MicroXplorer:498 - Change Database Version : DB.6.0.110
2024-04-08 22:14:22,347 [INFO] McuFinderGlobals:63 - Set McuFinder mode to 2 (CubeIDE integrated)
2024-04-08 22:14:22,355 [INFO] UserAuth:415 - Internet connection configuration mode: 1
2024-04-08 22:14:22,372 [INFO] JxBrowserEngine:152 - Initiate JxBrowser Engine with user profile folder
2024-04-08 22:14:22,800 [WARN] MainUpdater:1194 - Updater busy. Cannot search thirdparties
2024-04-08 22:14:22,801 [INFO] ThirdPartyUpdaterWithRetryManager:96 - Updater plugin is busy. [1/15]
2024-04-08 22:14:23,433 [INFO] WebApp:161 - Instantiating new browser for Auth
2024-04-08 22:14:23,652 [INFO] ServerAccessManage:473 - Download File updaters.zip
2024-04-08 22:14:23,847 [INFO] FileExtend:240 - Unzip File : updaters.zip
2024-04-08 22:14:23,847 [INFO] FileExtend:255 - Standard Zip Deflate
2024-04-08 22:14:24,402 [INFO] ServerAccessManage:473 - Download File PacksControlFlags.xml
2024-04-08 22:14:24,501 [INFO] WebApp:779 - Register for checkConnection events
2024-04-08 22:14:24,502 [INFO] WebApp:414 - Apply proxy settings
2024-04-08 22:14:24,502 [INFO] WebApp:499 - Chromium requires no authentication
2024-04-08 22:14:24,511 [INFO] WebApp:442 - Direct internet connection detected
2024-04-08 22:14:24,520 [INFO] ServerAccessManage:473 - Download File cubemx.pidx
2024-04-08 22:14:24,868 [INFO] WebApp:192 - Starting web application
2024-04-08 22:14:24,868 [INFO] WebApp:544 - Web application path used C:\ST\STM32CubeIDE_1.12.0\STM32CubeIDE\plugins\com.st.stm32cube.common.mx_6.11.0.202403141607\db\plugins\mcufinder\reactClient1\index.html
2024-04-08 22:14:25,601 [INFO] ServerAccessManage:473 - Download File STMicroelectronics.X-CUBE-TCPP.pdsc
2024-04-08 22:14:25,802 [WARN] MainUpdater:1194 - Updater busy. Cannot search thirdparties
2024-04-08 22:14:25,802 [INFO] ThirdPartyUpdaterWithRetryManager:96 - Updater plugin is busy. [2/15]
2024-04-08 22:14:26,334 [WARN] PackLoader:240 - Cannot read IP mode file for STMicroelectronics.X-CUBE-TCPP.4.1.0
2024-04-08 22:14:26,341 [INFO] PopulateThirdPartyThread:66 - Ending populate Thread
2024-04-08 22:14:26,343 [INFO] ThirdParty:1030 - CMSIS Pack Vendor :STMicroelectronics X-CUBE-TCPP 4.1.0
2024-04-08 22:14:26,343 [INFO] LoadServerUpdatesThread:375 - End of LoadServerUpdate Thread
2024-04-08 22:14:26,467 [INFO] CheckServerUpdateThread:120 - End of CheckServer Thread
2024-04-08 22:14:29,134 [WARN] PackLoader:240 - Cannot read IP mode file for STMicroelectronics.X-CUBE-SMBUS.2.1.0
2024-04-08 22:14:29,142 [WARN] PackLoader:240 - Cannot read IP mode file for STMicroelectronics.X-CUBE-TOUCHGFX.4.23.0
2024-04-08 22:14:29,146 [WARN] PackLoader:240 - Cannot read IP mode file for STMicroelectronics.X-CUBE-TOUCHGFX.4.23.2
2024-04-08 22:14:29,185 [WARN] PackLoader:240 - Cannot read IP mode file for STMicroelectronics.X-CUBE-AZRTOS-F7.1.1.0
2024-04-08 22:14:29,195 [ERROR] RealEvaluatedCondition:428 - Found unsupported composite condition: GROUP='STM32_MetaDataManager' CLASS='Data Exchange'
2024-04-08 22:14:29,196 [ERROR] RealEvaluatedCondition:428 - Found unsupported composite condition: GROUP='STM32_MetaDataManager' CLASS='Data Exchange'
2024-04-08 22:14:29,198 [WARN] PackLoader:240 - Cannot read IP mode file for STMicroelectronics.FP-SNS-MOTENV1.4.3.0
2024-04-08 22:14:29,209 [WARN] PackLoader:240 - Cannot read IP mode file for STMicroelectronics.FP-SNS-MOTENV1.4.3.2
2024-04-08 22:14:29,219 [WARN] PackLoader:240 - Cannot read IP mode file for STMicroelectronics.FP-SNS-FLIGHT1.5.0.0
2024-04-08 22:14:29,224 [ERROR] RealEvaluatedCondition:428 - Found unsupported composite condition: GROUP='STM32_MetaDataManager' CLASS='Data Exchange'
2024-04-08 22:14:29,225 [ERROR] RealEvaluatedCondition:428 - Found unsupported composite condition: CLASS='Data Exchange' GROUP='STM32_MetaDataManager'
2024-04-08 22:14:29,226 [WARN] PackLoader:240 - Cannot read IP mode file for STMicroelectronics.FP-SNS-MOTENV1.4.3.1
2024-04-08 22:14:29,234 [WARN] PackLoader:240 - Cannot read IP mode file for STMicroelectronics.FP-SNS-FLIGHT1.5.0.1
2024-04-08 22:14:29,244 [WARN] PackLoader:240 - Cannot read IP mode file for STMicroelectronics.X-CUBE-BLE1.6.2.4
2024-04-08 22:14:29,250 [WARN] PackLoader:240 - Cannot read IP mode file for STMicroelectronics.FP-SNS-FLIGHT1.5.0.2
2024-04-08 22:14:29,261 [WARN] PackLoader:240 - Cannot read IP mode file for STMicroelectronics.X-CUBE-DISPLAY.3.0.0
2024-04-08 22:14:29,274 [WARN] PackLoader:240 - Cannot read IP mode file for STMicroelectronics.X-CUBE-BLE1.7.0.0
2024-04-08 22:14:29,281 [WARN] PackLoader:240 - Cannot read IP mode file for emotas.I-CUBE-CANOPEN.1.3.0
2024-04-08 22:14:29,286 [WARN] PackLoader:240 - Cannot read IP mode file for STMicroelectronics.X-CUBE-TOUCHGFX.4.22.0
2024-04-08 22:14:29,289 [WARN] PackLoader:240 - Cannot read IP mode file for STMicroelectronics.X-CUBE-TOUCHGFX.4.22.1
2024-04-08 22:14:29,303 [WARN] PackLoader:240 - Cannot read IP mode file for STMicroelectronics.X-CUBE-BLEMGR.3.1.0
2024-04-08 22:14:29,313 [WARN] PackLoader:240 - Cannot read IP mode file for STMicroelectronics.FP-SNS-SMARTAG2.1.2.0
2024-04-08 22:14:29,332 [INFO] LogOutputStream:77 - [STDOUT_REDIRECT] 1 : Invalid condition id : UX_CORESTACK_Condition cause : null
2024-04-08 22:14:29,333 [INFO] LogOutputStream:77 - [STDOUT_REDIRECT] 1 : Invalid condition id : UX_CORESTACK_Condition cause : null
2024-04-08 22:14:29,335 [INFO] LogOutputStream:77 - [STDOUT_REDIRECT] 1 : Invalid condition id : UX_CORESTACK_Condition cause : null
2024-04-08 22:14:29,337 [INFO] LogOutputStream:77 - [STDOUT_REDIRECT] 1 : Invalid condition id : UX_CORESTACK_Condition cause : null
2024-04-08 22:14:29,339 [INFO] LogOutputStream:77 - [STDOUT_REDIRECT] 1 : Invalid condition id : UX_CORESTACK_Condition cause : null
2024-04-08 22:14:29,343 [WARN] PackLoader:240 - Cannot read IP mode file for STMicroelectronics.X-CUBE-AZRTOS-WL.2.0.0
2024-04-08 22:14:29,350 [WARN] PackLoader:240 - Cannot read IP mode file for STMicroelectronics.FP-SNS-MOTENV1.5.0.0
2024-04-08 22:14:29,360 [WARN] PackLoader:240 - Cannot read IP mode file for WES.I-CUBE-Cesium.1.3.0
2024-04-08 22:14:29,365 [WARN] PackLoader:240 - Cannot read IP mode file for STMicroelectronics.X-CUBE-BLE2.3.3.0
2024-04-08 22:14:29,380 [WARN] PackLoader:240 - Cannot read IP mode file for STMicroelectronics.X-CUBE-TOF1.3.2.0
2024-04-08 22:14:29,398 [WARN] PackLoader:240 - Cannot read IP mode file for STMicroelectronics.X-CUBE-TCPP.4.1.0
2024-04-08 22:14:29,405 [WARN] PackLoader:240 - Cannot read IP mode file for STMicroelectronics.X-CUBE-TOUCHGFX.4.21.1
2024-04-08 22:14:29,408 [WARN] PackLoader:240 - Cannot read IP mode file for STMicroelectronics.X-CUBE-TOUCHGFX.4.21.3
2024-04-08 22:14:29,411 [WARN] PackLoader:240 - Cannot read IP mode file for STMicroelectronics.X-CUBE-TOUCHGFX.4.21.4
2024-04-08 22:14:29,417 [WARN] PackLoader:240 - Cannot read IP mode file for STMicroelectronics.X-CUBE-AI.7.3.0
2024-04-08 22:14:29,426 [WARN] PackLoader:240 - Cannot read IP mode file for STMicroelectronics.X-CUBE-ALGOBUILD.1.3.0
2024-04-08 22:14:29,446 [WARN] PackLoader:240 - Cannot read IP mode file for STMicroelectronics.X-CUBE-AZRTOS-G0.1.1.0
2024-04-08 22:14:29,456 [WARN] PackLoader:240 - Cannot read IP mode file for STMicroelectronics.X-CUBE-SAFEA1.1.2.2
2024-04-08 22:14:29,464 [WARN] PackLoader:240 - Cannot read IP mode file for STMicroelectronics.X-CUBE-NFC4.3.0.0
2024-04-08 22:14:29,478 [WARN] PackLoader:240 - Cannot read IP mode file for STMicroelectronics.X-CUBE-BLEMGR.3.0.0
2024-04-08 22:14:29,491 [WARN] PackLoader:240 - Cannot read IP mode file for STMicroelectronics.X-CUBE-BLEMGR.1.3.0
2024-04-08 22:14:29,499 [WARN] PackLoader:240 - Cannot read IP mode file for STMicroelectronics.FP-ATR-SIGFOX1.3.2.0
2024-04-08 22:14:29,510 [WARN] PackLoader:240 - Cannot read IP mode file for STMicroelectronics.X-CUBE-EEPRMA1.5.1.0
2024-04-08 22:14:29,568 [WARN] PackLoader:240 - Cannot read IP mode file for STMicroelectronics.X-CUBE-MEMS1.9.5.0
2024-04-08 22:14:29,801 [WARN] PackLoader:240 - Cannot read IP mode file for SEGGER.I-CUBE-embOS.1.3.1
2024-04-08 22:14:29,870 [WARN] PackLoader:240 - Cannot read IP mode file for STMicroelectronics.X-CUBE-GNSS1.6.0.0
2024-04-08 22:14:29,889 [WARN] PackLoader:240 - Cannot read IP mode file for STMicroelectronics.X-CUBE-AZRTOS-F4.1.1.0
2024-04-08 22:14:29,898 [WARN] PackLoader:240 - Cannot read IP mode file for wolfSSL.I-CUBE-wolfSSL.5.6.3
2024-04-08 22:14:29,920 [WARN] PackLoader:240 - Cannot read IP mode file for STMicroelectronics.X-CUBE-AZRTOS-L5.2.0.0
2024-04-08 22:14:29,984 [WARN] PackLoader:240 - Cannot read IP mode file for STMicroelectronics.X-CUBE-MEMS1.9.6.0
2024-04-08 22:14:30,140 [WARN] PackLoader:240 - Cannot read IP mode file for STMicroelectronics.X-CUBE-EEPRMA1.4.2.0
2024-04-08 22:14:30,149 [WARN] PackLoader:240 - Cannot read IP mode file for STMicroelectronics.X-CUBE-NFC6.3.1.0
2024-04-08 22:14:30,158 [WARN] PackLoader:240 - Cannot read IP mode file for ITTIA_DB.I-CUBE-ITTIADB.8.8.0
2024-04-08 22:14:30,164 [WARN] PackLoader:240 - Cannot read IP mode file for emotas.I-CUBE-CANOPEN.1.1.3
2024-04-08 22:14:30,172 [WARN] PackLoader:240 - Cannot read IP mode file for STMicroelectronics.X-CUBE-BLEMGR.2.0.0
2024-04-08 22:14:30,191 [WARN] ConditionMgr:438 - getConditionDescription Invalid condition id : UX DEVICE CLASS RTOS Condition cause : null
2024-04-08 22:14:30,192 [WARN] ConditionMgr:438 - getConditionDescription Invalid condition id : UX DEVICE CLASS RTOS Condition cause : null
2024-04-08 22:14:30,196 [WARN] PackLoader:240 - Cannot read IP mode file for STMicroelectronics.X-CUBE-AZRTOS-H7.3.1.0
2024-04-08 22:14:30,197 [WARN] ConditionMgr:1039 - genDependencies : Invalid condition id : UX DEVICE CLASS RTOS Condition cause : null
2024-04-08 22:14:30,197 [WARN] ConditionMgr:1039 - genDependencies : Invalid condition id : UX DEVICE CLASS RTOS Condition cause : null
2024-04-08 22:14:30,198 [WARN] ConditionMgr:1039 - genDependencies : Invalid condition id : UX DEVICE CLASS RTOS Condition cause : null
2024-04-08 22:14:30,199 [WARN] ConditionMgr:1039 - genDependencies : Invalid condition id : UX DEVICE CLASS RTOS Condition cause : null
2024-04-08 22:14:30,199 [WARN] ConditionMgr:1039 - genDependencies : Invalid condition id : UX DEVICE CLASS RTOS Condition cause : null
2024-04-08 22:14:30,207 [WARN] PackLoader:240 - Cannot read IP mode file for wolfSSL.I-CUBE-wolfSSL.5.5.4
2024-04-08 22:14:30,213 [WARN] PackLoader:240 - Cannot read IP mode file for STMicroelectronics.X-CUBE-NFC7.1.0.1
2024-04-08 22:14:30,220 [WARN] PackLoader:240 - Cannot read IP mode file for STMicroelectronics.X-CUBE-NFC7.1.0.0
2024-04-08 22:14:30,229 [WARN] PackLoader:240 - Cannot read IP mode file for STMicroelectronics.X-CUBE-NFC6.3.0.0
2024-04-08 22:14:30,240 [WARN] PackLoader:240 - Cannot read IP mode file for STMicroelectronics.X-CUBE-EEPRMA1.4.1.0
2024-04-08 22:14:30,245 [WARN] PackLoader:240 - Cannot read IP mode file for STMicroelectronics.X-CUBE-AI.8.1.0
2024-04-08 22:14:30,269 [WARN] ConditionMgr:438 - getConditionDescription Invalid condition id : LAN8742 Phy interface Condition cause : null
2024-04-08 22:14:30,269 [WARN] PackLoader:240 - Cannot read IP mode file for STMicroelectronics.X-CUBE-AZRTOS-L4.2.0.0
2024-04-08 22:14:30,271 [WARN] ConditionMgr:1039 - genDependencies : Invalid condition id : LAN8742 Phy interface Condition cause : null
2024-04-08 22:14:30,271 [WARN] ConditionMgr:1039 - genDependencies : Invalid condition id : LAN8742 Phy interface Condition cause : null
2024-04-08 22:14:30,271 [WARN] ConditionMgr:1039 - genDependencies : Invalid condition id : LAN8742 Phy interface Condition cause : null
2024-04-08 22:14:30,281 [WARN] PackLoader:240 - Cannot read IP mode file for STMicroelectronics.X-CUBE-SFXS2LP1.4.0.0
2024-04-08 22:14:30,306 [WARN] PackLoader:240 - Cannot read IP mode file for STMicroelectronics.X-CUBE-AZRTOS-H7.3.0.0
2024-04-08 22:14:30,314 [WARN] PackLoader:240 - Cannot read IP mode file for STMicroelectronics.X-CUBE-ISPU.1.1.0
2024-04-08 22:14:30,325 [WARN] PackLoader:240 - Cannot read IP mode file for RoweBots.I-CUBE-UNISONRTOS.5.5.0-4
2024-04-08 22:14:30,332 [WARN] PackLoader:240 - Cannot read IP mode file for STMicroelectronics.X-CUBE-AI.8.0.0
2024-04-08 22:14:30,352 [WARN] ConditionMgr:438 - getConditionDescription Invalid condition id : UX DEVICE CLASS RTOS Condition cause : null
2024-04-08 22:14:30,353 [WARN] ConditionMgr:438 - getConditionDescription Invalid condition id : UX DEVICE CLASS RTOS Condition cause : null
2024-04-08 22:14:30,356 [WARN] PackLoader:240 - Cannot read IP mode file for STMicroelectronics.X-CUBE-AZRTOS-WB.2.0.0
2024-04-08 22:14:30,357 [WARN] ConditionMgr:1039 - genDependencies : Invalid condition id : UX DEVICE CLASS RTOS Condition cause : null
2024-04-08 22:14:30,357 [WARN] ConditionMgr:1039 - genDependencies : Invalid condition id : UX DEVICE CLASS RTOS Condition cause : null
2024-04-08 22:14:30,358 [WARN] ConditionMgr:1039 - genDependencies : Invalid condition id : UX DEVICE CLASS RTOS Condition cause : null
2024-04-08 22:14:30,359 [WARN] ConditionMgr:1039 - genDependencies : Invalid condition id : UX DEVICE CLASS RTOS Condition cause : null
2024-04-08 22:14:30,359 [WARN] ConditionMgr:1039 - genDependencies : Invalid condition id : UX DEVICE CLASS RTOS Condition cause : null
2024-04-08 22:14:30,368 [WARN] PackLoader:240 - Cannot read IP mode file for STMicroelectronics.X-CUBE-FREERTOS.1.0.0
2024-04-08 22:14:30,373 [WARN] PackLoader:240 - Cannot read IP mode file for STMicroelectronics.X-CUBE-FREERTOS.1.0.1
2024-04-08 22:14:30,389 [WARN] PackLoader:240 - Cannot read IP mode file for STMicroelectronics.X-CUBE-AZRTOS-L5.1.1.0
2024-04-08 22:14:30,395 [WARN] PackLoader:240 - Cannot read IP mode file for STMicroelectronics.X-CUBE-AI.8.0.1
2024-04-08 22:14:30,407 [WARN] PackLoader:240 - Cannot read IP mode file for STMicroelectronics.X-CUBE-SUBG2.5.0.0
2024-04-08 22:14:30,423 [WARN] PackLoader:240 - Cannot read IP mode file for STMicroelectronics.X-CUBE-TOF1.3.3.1
2024-04-08 22:14:30,448 [WARN] PackLoader:240 - Cannot read IP mode file for STMicroelectronics.X-CUBE-AZRTOS-G4.2.0.0
2024-04-08 22:14:30,461 [WARN] PackLoader:240 - Cannot read IP mode file for STMicroelectronics.X-CUBE-TOF1.3.3.0
2024-04-08 22:14:30,474 [WARN] PackLoader:240 - Cannot read IP mode file for STMicroelectronics.FP-ATR-ASTRA1.1.1.1
2024-04-08 22:14:30,488 [WARN] PackLoader:240 - Cannot read IP mode file for Infineon.AIROC-Wi-Fi-Bluetooth-STM32.1.5.1
2024-04-08 22:14:30,496 [WARN] PackLoader:240 - Cannot read IP mode file for STMicroelectronics.FP-SNS-MOTENVWB1.1.3.0
2024-04-08 22:14:30,501 [WARN] PackLoader:240 - Cannot read IP mode file for STMicroelectronics.FP-SNS-MOTENVWB1.1.3.1
2024-04-08 22:14:30,514 [WARN] PackLoader:240 - Cannot read IP mode file for STMicroelectronics.X-CUBE-AZRTOS-G4.1.0.0
2024-04-08 22:14:30,532 [WARN] PackLoader:240 - Cannot read IP mode file for STMicroelectronics.X-CUBE-AZRTOS-L4.1.0.0
2024-04-08 22:14:30,540 [WARN] PackLoader:240 - Cannot read IP mode file for STMicroelectronics.X-CUBE-ISPU.2.0.0
2024-04-08 22:14:30,608 [WARN] PackLoader:240 - Cannot read IP mode file for STMicroelectronics.X-CUBE-MEMS1.10.0.0
2024-04-08 22:14:30,756 [WARN] PackLoader:240 - Cannot read IP mode file for STMicroelectronics.X-CUBE-FREERTOS.1.1.0
2024-04-08 22:14:30,767 [WARN] PackLoader:240 - Cannot read IP mode file for STMicroelectronics.X-CUBE-AZRTOS-WL.1.0.0
2024-04-08 22:14:30,775 [WARN] PackLoader:240 - Cannot read IP mode file for portGmbH.I-Cube-SoM-uGOAL.1.1.0
2024-04-08 22:14:30,780 [WARN] PackLoader:240 - Cannot read IP mode file for STMicroelectronics.X-CUBE-ALS.1.0.1
2024-04-08 22:14:30,798 [WARN] PackLoader:240 - Cannot read IP mode file for STMicroelectronics.X-CUBE-AZRTOS-WB.1.1.0
2024-04-08 22:14:30,805 [WARN] PackLoader:240 - Cannot read IP mode file for STMicroelectronics.FP-ATR-ASTRA1.2.0.0
2024-04-08 22:14:30,816 [WARN] PackLoader:240 - Cannot read IP mode file for STMicroelectronics.X-CUBE-TOF1.3.4.0
2024-04-08 22:14:30,843 [WARN] PackLoader:240 - Cannot read IP mode file for STMicroelectronics.X-CUBE-TOF1.3.4.1
2024-04-08 22:14:30,884 [WARN] PackLoader:240 - Cannot read IP mode file for STMicroelectronics.X-CUBE-AZRTOS-H7.3.2.0
2024-04-08 22:14:30,888 [INFO] ThirdParty:978 - Integrity check success = true
2024-04-08 22:14:30,889 [INFO] IntegrityCheckThread:100 - exiting critical section [integrity check]
2024-04-08 22:14:30,889 [INFO] IntegrityCheckThread:103 - End integrity checks thread
2024-04-08 23:24:08,725 [ERROR] LogOutputStream:75 - [STDERR_REDIRECT] 
