2024-06-06 16:46:07,701 [INFO] Activator:176 - 


2024-06-06 16:46:07,716 [INFO] Activator:177 - !SESSION log4j initialized
2024-06-06 16:46:38,584 [INFO] LogOutputStream:77 - [STDOUT_REDIRECT] 
2024-06-06 16:47:00,978 [INFO] ApplicationProperties:184 - Using Application install path: C:\ST\STM32CubeIDE_1.12.0\STM32CubeIDE\plugins\com.st.stm32cube.common.mx_6.11.0.202403141607
2024-06-06 16:47:01,079 [INFO] DbMcusXml:78 - Set database path to: C:\ST\STM32CubeIDE_1.12.0\STM32CubeIDE\plugins\com.st.stm32cube.common.mx_6.11.0.202403141607\\db\/mcu/
2024-06-06 16:47:01,080 [INFO] ApiDb:274 - Set plugin database path to: C:\ST\STM32CubeIDE_1.12.0\STM32CubeIDE\plugins\com.st.stm32cube.common.mx_6.11.0.202403141607\\db\/plugins/boardmanager/
2024-06-06 16:47:01,081 [WARN] ApiDb:259 - Overriding images path with different value:  => C:\ST\STM32CubeIDE_1.12.0\STM32CubeIDE\plugins\com.st.stm32cube.common.mx_6.11.0.202403141607\\db\/plugins/mcufinder/images/
2024-06-06 16:47:01,115 [INFO] ApiDb:250 - Set database path to: C:\Users\ADMIN\.stmcufinder\plugins\mcufinder//mcu/
2024-06-06 16:47:01,120 [INFO] DbMcusAds:125 - Set database path to: C:\Users\ADMIN\.stmcufinder\plugins\mcufinder//mcu/
2024-06-06 16:47:01,480 [INFO] CrossReferenceDbSqlite:203 - Set database path to: C:\Users\ADMIN\.stmcufinder\plugins\mcufinder//mcu/cs/
2024-06-06 16:47:02,522 [INFO] RulesReader:64 - Compatibility file has been processed (297 Rules)
2024-06-06 16:47:02,956 [INFO] DbMcusXml:78 - Set database path to: C:\ST\STM32CubeIDE_1.12.0\STM32CubeIDE\plugins\com.st.stm32cube.common.mx_6.11.0.202403141607\\db\/mcu/
2024-06-06 16:47:02,956 [INFO] ApiDb:274 - Set plugin database path to: C:\ST\STM32CubeIDE_1.12.0\STM32CubeIDE\plugins\com.st.stm32cube.common.mx_6.11.0.202403141607\\db\/plugins/boardmanager/
2024-06-06 16:47:02,957 [INFO] ApiDb:261 - Set plugin images path to: C:\ST\STM32CubeIDE_1.12.0\STM32CubeIDE\plugins\com.st.stm32cube.common.mx_6.11.0.202403141607\\db\/plugins/mcufinder/images/
2024-06-06 16:47:02,958 [WARN] DbFile:41 - Overriding database path with different value: C:\Users\ADMIN\.stmcufinder\plugins\mcufinder/ => C:\Users\ADMIN\.stmcufinder\plugins\mcufinder
2024-06-06 16:47:02,959 [INFO] ApiDb:250 - Set database path to: C:\Users\ADMIN\.stmcufinder\plugins\mcufinder//mcu/
2024-06-06 16:47:02,960 [WARN] DbFile:41 - Overriding database path with different value: C:\Users\ADMIN\.stmcufinder\plugins\mcufinder/ => C:\Users\ADMIN\.stmcufinder\plugins\mcufinder
2024-06-06 16:47:02,960 [INFO] DbMcusAds:125 - Set database path to: C:\Users\ADMIN\.stmcufinder\plugins\mcufinder//mcu/
2024-06-06 16:47:02,960 [WARN] DbFile:41 - Overriding database path with different value: C:\Users\ADMIN\.stmcufinder\plugins\mcufinder/ => C:\Users\ADMIN\.stmcufinder\plugins\mcufinder
2024-06-06 16:47:02,961 [WARN] DbFile:41 - Overriding database path with different value: C:\Users\ADMIN\.stmcufinder\plugins\mcufinder/ => C:\Users\ADMIN\.stmcufinder\plugins\mcufinder
2024-06-06 16:47:02,961 [INFO] CrossReferenceDbSqlite:203 - Set database path to: C:\Users\ADMIN\.stmcufinder\plugins\mcufinder//mcu/cs/
2024-06-06 16:47:03,753 [INFO] MainPanel:264 - HeapMemory: 268435456
2024-06-06 16:47:04,727 [INFO] DbMcusXml:78 - Set database path to: C:\ST\STM32CubeIDE_1.12.0\STM32CubeIDE\plugins\com.st.stm32cube.common.mx_6.11.0.202403141607\\db\/mcu/
2024-06-06 16:47:04,727 [INFO] ApiDb:274 - Set plugin database path to: C:\ST\STM32CubeIDE_1.12.0\STM32CubeIDE\plugins\com.st.stm32cube.common.mx_6.11.0.202403141607\\db\/plugins/boardmanager/
2024-06-06 16:47:04,728 [INFO] ApiDb:261 - Set plugin images path to: C:\ST\STM32CubeIDE_1.12.0\STM32CubeIDE\plugins\com.st.stm32cube.common.mx_6.11.0.202403141607\\db\/plugins/mcufinder/images/
2024-06-06 16:47:04,730 [WARN] DbFile:41 - Overriding database path with different value: C:\Users\ADMIN\.stmcufinder\plugins\mcufinder/ => C:\Users\ADMIN\.stmcufinder\plugins\mcufinder
2024-06-06 16:47:04,730 [INFO] ApiDb:250 - Set database path to: C:\Users\ADMIN\.stmcufinder\plugins\mcufinder//mcu/
2024-06-06 16:47:04,730 [WARN] DbFile:41 - Overriding database path with different value: C:\Users\ADMIN\.stmcufinder\plugins\mcufinder/ => C:\Users\ADMIN\.stmcufinder\plugins\mcufinder
2024-06-06 16:47:04,731 [INFO] DbMcusAds:125 - Set database path to: C:\Users\ADMIN\.stmcufinder\plugins\mcufinder//mcu/
2024-06-06 16:47:04,731 [WARN] DbFile:41 - Overriding database path with different value: C:\Users\ADMIN\.stmcufinder\plugins\mcufinder/ => C:\Users\ADMIN\.stmcufinder\plugins\mcufinder
2024-06-06 16:47:04,731 [WARN] DbFile:41 - Overriding database path with different value: C:\Users\ADMIN\.stmcufinder\plugins\mcufinder/ => C:\Users\ADMIN\.stmcufinder\plugins\mcufinder
2024-06-06 16:47:04,732 [INFO] CrossReferenceDbSqlite:203 - Set database path to: C:\Users\ADMIN\.stmcufinder\plugins\mcufinder//mcu/cs/
2024-06-06 16:47:04,825 [INFO] ApplicationProperties:184 - Using Application install path: C:\ST\STM32CubeIDE_1.12.0\STM32CubeIDE\plugins\com.st.stm32cube.common.mx_6.11.0.202403141607
2024-06-06 16:47:04,832 [INFO] PluginManage:196 - Search for loadable plugins [exclusion list=, ]
2024-06-06 16:47:04,841 [INFO] PluginManage:310 - Check plugin analytics
2024-06-06 16:47:06,022 [INFO] AnalyticsPlugin:253 - Accepted Software Licenses: 
2024-06-06 16:47:06,022 [INFO] AnalyticsPlugin:255 - Accepted CMSIS Pack Licenses: 
2024-06-06 16:47:06,023 [INFO] AnalyticsPlugin:257 - Accepted Firmware Licenses: 
2024-06-06 16:47:06,036 [INFO] PluginManage:359 - Loaded plugin analytics (category:tool,tabindex:-1)
2024-06-06 16:47:06,037 [INFO] PluginManage:310 - Check plugin cadmodel
2024-06-06 16:47:06,092 [INFO] CADModel:105 - Init CAD model plugin
2024-06-06 16:47:06,093 [INFO] PluginManage:359 - Loaded plugin cadmodel (category:power,tabindex:5)
2024-06-06 16:47:06,094 [INFO] PluginManage:310 - Check plugin clock
2024-06-06 16:47:06,155 [INFO] PluginManage:359 - Loaded plugin clock (category:base,tabindex:2)
2024-06-06 16:47:06,156 [INFO] PluginManage:310 - Check plugin ddr
2024-06-06 16:47:06,167 [INFO] PluginManage:359 - Loaded plugin ddr (category:tool,tabindex:6)
2024-06-06 16:47:06,169 [INFO] PluginManage:310 - Check plugin filemanager
2024-06-06 16:47:06,865 [INFO] PluginManage:359 - Loaded plugin filemanager (category:base,tabindex:10)
2024-06-06 16:47:06,866 [INFO] PluginManage:310 - Check plugin ipmanager
2024-06-06 16:47:06,894 [INFO] PluginManage:359 - Loaded plugin ipmanager (category:base,tabindex:5)
2024-06-06 16:47:06,895 [INFO] PluginManage:310 - Check plugin lpbam
2024-06-06 16:47:06,925 [INFO] PluginManage:359 - Loaded plugin lpbam (category:base,tabindex:0)
2024-06-06 16:47:06,926 [INFO] PluginManage:310 - Check plugin memorymap
2024-06-06 16:47:06,982 [INFO] PluginManage:359 - Loaded plugin memorymap (category:base,tabindex:4)
2024-06-06 16:47:06,982 [INFO] PluginManage:310 - Check plugin pinoutandconfiguration
2024-06-06 16:47:07,015 [INFO] PluginManage:359 - Loaded plugin pinoutandconfiguration (category:base,tabindex:1)
2024-06-06 16:47:07,015 [INFO] PluginManage:310 - Check plugin pinoutconfig
2024-06-06 16:47:07,324 [WARN] SupportedApi:132 - Cannot load RTOS API schema: s4s-elt-must-match.1: The content of 'definitions' must match (annotation?, (simpleType | complexType)?, (unique | key | keyref)*)). A problem was found starting at: attribute.
2024-06-06 16:47:07,996 [INFO] PluginManage:359 - Loaded plugin pinoutconfig (category:base,tabindex:0)
2024-06-06 16:47:07,997 [INFO] PluginManage:310 - Check plugin power
2024-06-06 16:47:08,206 [INFO] PluginManage:359 - Loaded plugin power (category:power,tabindex:4)
2024-06-06 16:47:08,209 [INFO] PluginManage:310 - Check plugin projectmanager
2024-06-06 16:47:08,292 [INFO] PluginManage:359 - Loaded plugin projectmanager (category:projectmanager,tabindex:3)
2024-06-06 16:47:08,292 [INFO] PluginManage:310 - Check plugin thirdparty
2024-06-06 16:47:08,790 [INFO] PluginManage:359 - Loaded plugin thirdparty (category:base,tabindex:-1)
2024-06-06 16:47:08,790 [WARN] IntegrityCheckThread:84 - waiting for thirdparty lock release [integrity check]
2024-06-06 16:47:08,791 [INFO] PluginManage:310 - Check plugin tools
2024-06-06 16:47:08,791 [INFO] IntegrityCheckThread:86 - entering critical section [integrity check]
2024-06-06 16:47:08,793 [INFO] ThirdPartyUpdaterWithRetryManager:70 - Updater plugin not ready yet. [1/15]
2024-06-06 16:47:08,800 [INFO] PluginManage:359 - Loaded plugin tools (category:base,tabindex:7)
2024-06-06 16:47:08,801 [INFO] PluginManage:310 - Check plugin tutovideos
2024-06-06 16:47:09,443 [INFO] PluginManage:359 - Loaded plugin tutovideos (category:base,tabindex:-1)
2024-06-06 16:47:09,444 [INFO] PluginManage:310 - Check plugin updater
2024-06-06 16:47:09,489 [INFO] PluginManage:359 - Loaded plugin updater (category:base,tabindex:12)
2024-06-06 16:47:09,489 [INFO] PluginManage:310 - Check plugin userauth
2024-06-06 16:47:09,509 [INFO] UserAuth:114 - Init User Auth plugin
2024-06-06 16:47:09,511 [INFO] PluginManage:359 - Loaded plugin userauth (category:base,tabindex:14)
2024-06-06 16:47:09,512 [INFO] PluginManage:283 - PluginManage : Loaded plugins [17]
2024-06-06 16:47:10,237 [INFO] PinOutPanel:1561 - setPackage(No Configuration,No Configuration)
2024-06-06 16:47:10,500 [INFO] CADModel:165 - CPN selected for project level
2024-06-06 16:47:10,500 [INFO] CADModel:114 - Register for checkConnection events
2024-06-06 16:47:10,557 [INFO] IPUIPlugin:80 - create IPUIPlugin
2024-06-06 16:47:10,558 [INFO] PluginManager:220 - loadIPPluginJar : add adc
2024-06-06 16:47:10,565 [INFO] IPUIPlugin:80 - create IPUIPlugin
2024-06-06 16:47:10,566 [INFO] PluginManager:220 - loadIPPluginJar : add aes
2024-06-06 16:47:10,576 [INFO] IPUIPlugin:80 - create IPUIPlugin
2024-06-06 16:47:10,577 [INFO] PluginManager:220 - loadIPPluginJar : add can
2024-06-06 16:47:10,581 [INFO] IPUIPlugin:80 - create IPUIPlugin
2024-06-06 16:47:10,583 [INFO] PluginManager:220 - loadIPPluginJar : add comp
2024-06-06 16:47:10,592 [INFO] IPUIPlugin:80 - create IPUIPlugin
2024-06-06 16:47:10,592 [INFO] PluginManager:220 - loadIPPluginJar : add cryp
2024-06-06 16:47:10,600 [INFO] IPUIPlugin:80 - create IPUIPlugin
2024-06-06 16:47:10,601 [INFO] PluginManager:220 - loadIPPluginJar : add dfsdm
2024-06-06 16:47:10,617 [INFO] IPUIPlugin:80 - create IPUIPlugin
2024-06-06 16:47:10,619 [INFO] PluginManager:220 - loadIPPluginJar : add dma
2024-06-06 16:47:10,626 [INFO] IPUIPlugin:80 - create IPUIPlugin
2024-06-06 16:47:10,627 [INFO] PluginManager:220 - loadIPPluginJar : add dma3
2024-06-06 16:47:10,635 [INFO] IPUIPlugin:80 - create IPUIPlugin
2024-06-06 16:47:10,636 [INFO] PluginManager:220 - loadIPPluginJar : add extmemmanager
2024-06-06 16:47:10,640 [INFO] IPUIPlugin:80 - create IPUIPlugin
2024-06-06 16:47:10,641 [INFO] PluginManager:220 - loadIPPluginJar : add fatfs
2024-06-06 16:47:10,653 [INFO] IPUIPlugin:80 - create IPUIPlugin
2024-06-06 16:47:10,653 [INFO] PluginManager:220 - loadIPPluginJar : add fmc
2024-06-06 16:47:10,675 [INFO] IPUIPlugin:80 - create IPUIPlugin
2024-06-06 16:47:10,676 [INFO] PluginManager:220 - loadIPPluginJar : add freertos
2024-06-06 16:47:10,682 [INFO] IPUIPlugin:80 - create IPUIPlugin
2024-06-06 16:47:10,682 [INFO] PluginManager:220 - loadIPPluginJar : add genericplugin
2024-06-06 16:47:10,690 [INFO] IPUIPlugin:80 - create IPUIPlugin
2024-06-06 16:47:10,691 [INFO] PluginManager:220 - loadIPPluginJar : add gfxmmu
2024-06-06 16:47:10,708 [INFO] IPUIPlugin:80 - create IPUIPlugin
2024-06-06 16:47:10,709 [INFO] PluginManager:220 - loadIPPluginJar : add gic
2024-06-06 16:47:10,721 [INFO] IPUIPlugin:80 - create IPUIPlugin
2024-06-06 16:47:10,722 [INFO] PluginManager:220 - loadIPPluginJar : add gpio
2024-06-06 16:47:10,733 [INFO] IPUIPlugin:80 - create IPUIPlugin
2024-06-06 16:47:10,734 [INFO] PluginManager:220 - loadIPPluginJar : add gtzc
2024-06-06 16:47:10,744 [INFO] IPUIPlugin:80 - create IPUIPlugin
2024-06-06 16:47:10,745 [INFO] PluginManager:220 - loadIPPluginJar : add hash
2024-06-06 16:47:10,756 [INFO] IPUIPlugin:80 - create IPUIPlugin
2024-06-06 16:47:10,757 [INFO] PluginManager:220 - loadIPPluginJar : add i2c
2024-06-06 16:47:10,766 [INFO] IPUIPlugin:80 - create IPUIPlugin
2024-06-06 16:47:10,766 [INFO] PluginManager:220 - loadIPPluginJar : add i2s
2024-06-06 16:47:10,778 [INFO] IPUIPlugin:80 - create IPUIPlugin
2024-06-06 16:47:10,778 [INFO] PluginManager:220 - loadIPPluginJar : add i3c
2024-06-06 16:47:10,788 [INFO] IPUIPlugin:80 - create IPUIPlugin
2024-06-06 16:47:10,788 [INFO] PluginManager:220 - loadIPPluginJar : add ipddr
2024-06-06 16:47:10,808 [INFO] IPUIPlugin:80 - create IPUIPlugin
2024-06-06 16:47:10,809 [INFO] PluginManager:220 - loadIPPluginJar : add linkedlist
2024-06-06 16:47:10,818 [INFO] IPUIPlugin:80 - create IPUIPlugin
2024-06-06 16:47:10,819 [INFO] PluginManager:220 - loadIPPluginJar : add lorawan
2024-06-06 16:47:10,825 [INFO] IPUIPlugin:80 - create IPUIPlugin
2024-06-06 16:47:10,826 [INFO] PluginManager:220 - loadIPPluginJar : add ltdc
2024-06-06 16:47:10,844 [INFO] IPUIPlugin:80 - create IPUIPlugin
2024-06-06 16:47:10,845 [INFO] PluginManager:220 - loadIPPluginJar : add mdma
2024-06-06 16:47:10,859 [INFO] IPUIPlugin:80 - create IPUIPlugin
2024-06-06 16:47:10,860 [INFO] PluginManager:220 - loadIPPluginJar : add nvic
2024-06-06 16:47:10,869 [INFO] IPUIPlugin:80 - create IPUIPlugin
2024-06-06 16:47:10,869 [INFO] PluginManager:220 - loadIPPluginJar : add opamp
2024-06-06 16:47:10,881 [INFO] IPUIPlugin:80 - create IPUIPlugin
2024-06-06 16:47:10,883 [INFO] PluginManager:220 - loadIPPluginJar : add openamp
2024-06-06 16:47:10,894 [INFO] IPUIPlugin:80 - create IPUIPlugin
2024-06-06 16:47:10,894 [INFO] PluginManager:220 - loadIPPluginJar : add pdm2pcm
2024-06-06 16:47:10,915 [INFO] IPUIPlugin:80 - create IPUIPlugin
2024-06-06 16:47:10,924 [INFO] PluginManager:220 - loadIPPluginJar : add plateformsettings
2024-06-06 16:47:10,931 [INFO] IPUIPlugin:80 - create IPUIPlugin
2024-06-06 16:47:10,931 [INFO] PluginManager:220 - loadIPPluginJar : add quadspi
2024-06-06 16:47:10,943 [INFO] IPUIPlugin:80 - create IPUIPlugin
2024-06-06 16:47:10,943 [INFO] PluginManager:220 - loadIPPluginJar : add resmgrutility
2024-06-06 16:47:10,958 [INFO] IPUIPlugin:80 - create IPUIPlugin
2024-06-06 16:47:10,959 [INFO] PluginManager:220 - loadIPPluginJar : add sai
2024-06-06 16:47:10,969 [INFO] IPUIPlugin:80 - create IPUIPlugin
2024-06-06 16:47:10,970 [INFO] PluginManager:220 - loadIPPluginJar : add spi
2024-06-06 16:47:10,988 [INFO] IPUIPlugin:80 - create IPUIPlugin
2024-06-06 16:47:10,988 [INFO] PluginManager:220 - loadIPPluginJar : add stm32_wpan
2024-06-06 16:47:10,995 [INFO] IPUIPlugin:80 - create IPUIPlugin
2024-06-06 16:47:10,996 [INFO] PluginManager:220 - loadIPPluginJar : add tim
2024-06-06 16:47:11,012 [INFO] IPUIPlugin:80 - create IPUIPlugin
2024-06-06 16:47:11,016 [INFO] PluginManager:220 - loadIPPluginJar : add touchsensing
2024-06-06 16:47:11,027 [INFO] IPUIPlugin:80 - create IPUIPlugin
2024-06-06 16:47:11,028 [INFO] PluginManager:220 - loadIPPluginJar : add tracer_emb
2024-06-06 16:47:11,036 [INFO] IPUIPlugin:80 - create IPUIPlugin
2024-06-06 16:47:11,037 [INFO] PluginManager:220 - loadIPPluginJar : add ts
2024-06-06 16:47:11,050 [INFO] IPUIPlugin:80 - create IPUIPlugin
2024-06-06 16:47:11,050 [INFO] PluginManager:220 - loadIPPluginJar : add tsc
2024-06-06 16:47:11,061 [INFO] IPUIPlugin:80 - create IPUIPlugin
2024-06-06 16:47:11,062 [INFO] PluginManager:220 - loadIPPluginJar : add ucpd
2024-06-06 16:47:11,075 [INFO] IPUIPlugin:80 - create IPUIPlugin
2024-06-06 16:47:11,075 [INFO] PluginManager:220 - loadIPPluginJar : add usart
2024-06-06 16:47:11,088 [INFO] IPUIPlugin:80 - create IPUIPlugin
2024-06-06 16:47:11,089 [INFO] PluginManager:220 - loadIPPluginJar : add usbx
2024-06-06 16:47:11,387 [INFO] CADModel:165 - CPN selected for project level
2024-06-06 16:47:11,388 [INFO] CADModel:114 - Register for checkConnection events
2024-06-06 16:47:11,389 [FATAL] Updater:308 - Updater called before beeing initialized
2024-06-06 16:47:11,395 [ERROR] CADModel:125 - Updater not yet initialized, retry later 
2024-06-06 16:47:11,808 [INFO] ThirdPartyUpdaterWithRetryManager:70 - Updater plugin not ready yet. [2/15]
2024-06-06 16:47:11,891 [INFO] CADModel:165 - CPN selected for project level
2024-06-06 16:47:11,891 [INFO] CADModel:114 - Register for checkConnection events
2024-06-06 16:47:11,892 [FATAL] Updater:308 - Updater called before beeing initialized
2024-06-06 16:47:11,892 [ERROR] CADModel:125 - Updater not yet initialized, retry later 
2024-06-06 16:47:11,902 [FATAL] Updater:308 - Updater called before beeing initialized
2024-06-06 16:47:12,269 [FATAL] Updater:308 - Updater called before beeing initialized
2024-06-06 16:47:12,280 [INFO] DbMcusAds:53 - JSON generation date=Thu May 16 16:22:00 ICT 2024 (1715851320852)
2024-06-06 16:47:12,281 [FATAL] Updater:308 - Updater called before beeing initialized
2024-06-06 16:47:12,443 [WARN] DetailPanel:346 - Failed to get advertising image, set to default
2024-06-06 16:47:12,796 [FATAL] Updater:308 - Updater called before beeing initialized
2024-06-06 16:47:12,802 [FATAL] Updater:308 - Updater called before beeing initialized
2024-06-06 16:47:12,802 [FATAL] Updater:308 - Updater called before beeing initialized
2024-06-06 16:47:12,802 [WARN] DetailPanel:346 - Failed to get advertising image, set to default
2024-06-06 16:47:12,804 [FATAL] Updater:308 - Updater called before beeing initialized
2024-06-06 16:47:12,955 [ERROR] Updater:1120 - MainUpdater not yet initialized. External WinMGr cannot be set.
2024-06-06 16:47:12,961 [INFO] Updater:1056 - Updater Version found : 6.11.0
2024-06-06 16:47:13,024 [INFO] ApplicationProperties:184 - Using Application install path: C:\ST\STM32CubeIDE_1.12.0\STM32CubeIDE\plugins\com.st.stm32cube.common.mx_6.11.0.202403141607
2024-06-06 16:47:14,651 [INFO] MainUpdater:2873 - connection check result : 10
2024-06-06 16:47:14,651 [INFO] MainUpdater:3567 - Updater definition file requires update
2024-06-06 16:47:14,654 [INFO] MainUpdater:290 - Updater Check For Update Now.
2024-06-06 16:47:14,655 [INFO] MicroXplorer:498 - Change Database Version : DB.6.0.110
2024-06-06 16:47:14,671 [INFO] McuFinderGlobals:63 - Set McuFinder mode to 2 (CubeIDE integrated)
2024-06-06 16:47:14,687 [INFO] UserAuth:415 - Internet connection configuration mode: 1
2024-06-06 16:47:14,724 [INFO] JxBrowserEngine:152 - Initiate JxBrowser Engine with user profile folder
2024-06-06 16:47:14,816 [WARN] MainUpdater:1194 - Updater busy. Cannot search thirdparties
2024-06-06 16:47:14,817 [INFO] ThirdPartyUpdaterWithRetryManager:96 - Updater plugin is busy. [1/15]
2024-06-06 16:47:14,851 [INFO] ServerAccessManage:473 - Download File updaters.zip
2024-06-06 16:47:15,186 [INFO] FileExtend:240 - Unzip File : updaters.zip
2024-06-06 16:47:15,187 [INFO] FileExtend:255 - Standard Zip Deflate
2024-06-06 16:47:17,853 [WARN] MainUpdater:1194 - Updater busy. Cannot search thirdparties
2024-06-06 16:47:17,855 [INFO] ThirdPartyUpdaterWithRetryManager:96 - Updater plugin is busy. [2/15]
2024-06-06 16:47:18,326 [INFO] ServerAccessManage:473 - Download File PacksControlFlags.xml
2024-06-06 16:47:19,031 [INFO] WebApp:161 - Instantiating new browser for Auth
2024-06-06 16:47:19,312 [INFO] ServerAccessManage:473 - Download File cubemx.pidx
2024-06-06 16:47:21,006 [WARN] MainUpdater:1194 - Updater busy. Cannot search thirdparties
2024-06-06 16:47:21,024 [INFO] ThirdPartyUpdaterWithRetryManager:96 - Updater plugin is busy. [3/15]
2024-06-06 16:47:23,405 [INFO] WebApp:779 - Register for checkConnection events
2024-06-06 16:47:23,406 [INFO] WebApp:414 - Apply proxy settings
2024-06-06 16:47:23,407 [INFO] WebApp:499 - Chromium requires no authentication
2024-06-06 16:47:23,439 [INFO] WebApp:442 - Direct internet connection detected
2024-06-06 16:47:24,030 [WARN] MainUpdater:1194 - Updater busy. Cannot search thirdparties
2024-06-06 16:47:24,031 [INFO] ThirdPartyUpdaterWithRetryManager:96 - Updater plugin is busy. [4/15]
2024-06-06 16:47:24,255 [INFO] WebApp:192 - Starting web application
2024-06-06 16:47:24,257 [INFO] WebApp:544 - Web application path used C:\ST\STM32CubeIDE_1.12.0\STM32CubeIDE\plugins\com.st.stm32cube.common.mx_6.11.0.202403141607\db\plugins\mcufinder\reactClient1\index.html
2024-06-06 16:47:25,938 [INFO] ServerAccessManage:473 - Download File wolfSSL.I-CUBE-wolfMQTT.pdsc
2024-06-06 16:47:27,039 [WARN] MainUpdater:1194 - Updater busy. Cannot search thirdparties
2024-06-06 16:47:27,040 [INFO] ThirdPartyUpdaterWithRetryManager:96 - Updater plugin is busy. [5/15]
2024-06-06 16:47:28,648 [ERROR] ServerAccessManage:1089 - Problem, file not found on Server
2024-06-06 16:47:29,699 [WARN] PackLoader:240 - Cannot read IP mode file for wolfSSL.I-CUBE-wolfMQTT.1.19.0
2024-06-06 16:47:29,713 [INFO] PopulateThirdPartyThread:66 - Ending populate Thread
2024-06-06 16:47:29,730 [INFO] ThirdParty:1030 - CMSIS Pack Vendor :wolfSSL I-CUBE-wolfMQTT 1.19.0
2024-06-06 16:47:29,732 [INFO] LoadServerUpdatesThread:375 - End of LoadServerUpdate Thread
2024-06-06 16:47:30,105 [WARN] MainUpdater:1194 - Updater busy. Cannot search thirdparties
2024-06-06 16:47:30,110 [INFO] ThirdPartyUpdaterWithRetryManager:96 - Updater plugin is busy. [6/15]
2024-06-06 16:47:30,510 [INFO] CheckServerUpdateThread:120 - End of CheckServer Thread
2024-06-06 16:47:34,092 [WARN] PackLoader:240 - Cannot read IP mode file for STMicroelectronics.FP-SNS-MOTENVWB1.1.4.0
2024-06-06 16:47:34,128 [WARN] PackLoader:240 - Cannot read IP mode file for STMicroelectronics.X-CUBE-SMBUS.2.1.0
2024-06-06 16:47:34,144 [WARN] PackLoader:240 - Cannot read IP mode file for STMicroelectronics.X-CUBE-TOUCHGFX.4.23.0
2024-06-06 16:47:34,152 [WARN] PackLoader:240 - Cannot read IP mode file for STMicroelectronics.X-CUBE-TOUCHGFX.4.23.2
2024-06-06 16:47:34,320 [WARN] PackLoader:240 - Cannot read IP mode file for STMicroelectronics.X-CUBE-AZRTOS-F7.1.1.0
2024-06-06 16:47:34,365 [ERROR] RealEvaluatedCondition:428 - Found unsupported composite condition: GROUP='STM32_MetaDataManager' CLASS='Data Exchange'
2024-06-06 16:47:34,366 [ERROR] RealEvaluatedCondition:428 - Found unsupported composite condition: GROUP='STM32_MetaDataManager' CLASS='Data Exchange'
2024-06-06 16:47:34,373 [WARN] PackLoader:240 - Cannot read IP mode file for STMicroelectronics.FP-SNS-MOTENV1.4.3.0
2024-06-06 16:47:34,423 [WARN] PackLoader:240 - Cannot read IP mode file for STMicroelectronics.FP-SNS-MOTENV1.4.3.2
2024-06-06 16:47:34,454 [WARN] PackLoader:240 - Cannot read IP mode file for STMicroelectronics.FP-SNS-FLIGHT1.5.0.0
2024-06-06 16:47:34,475 [ERROR] RealEvaluatedCondition:428 - Found unsupported composite condition: GROUP='STM32_MetaDataManager' CLASS='Data Exchange'
2024-06-06 16:47:34,477 [ERROR] RealEvaluatedCondition:428 - Found unsupported composite condition: CLASS='Data Exchange' GROUP='STM32_MetaDataManager'
2024-06-06 16:47:34,482 [WARN] PackLoader:240 - Cannot read IP mode file for STMicroelectronics.FP-SNS-MOTENV1.4.3.1
2024-06-06 16:47:34,501 [WARN] PackLoader:240 - Cannot read IP mode file for STMicroelectronics.FP-SNS-FLIGHT1.5.0.1
2024-06-06 16:47:34,525 [WARN] PackLoader:240 - Cannot read IP mode file for STMicroelectronics.X-CUBE-BLE1.6.2.4
2024-06-06 16:47:34,539 [WARN] PackLoader:240 - Cannot read IP mode file for STMicroelectronics.FP-SNS-FLIGHT1.5.0.2
2024-06-06 16:47:34,581 [WARN] PackLoader:240 - Cannot read IP mode file for STMicroelectronics.X-CUBE-DISPLAY.3.0.0
2024-06-06 16:47:34,749 [WARN] PackLoader:240 - Cannot read IP mode file for STMicroelectronics.X-CUBE-BLE1.7.0.0
2024-06-06 16:47:34,786 [WARN] PackLoader:240 - Cannot read IP mode file for emotas.I-CUBE-CANOPEN.1.3.0
2024-06-06 16:47:34,804 [WARN] PackLoader:240 - Cannot read IP mode file for STMicroelectronics.X-CUBE-TOUCHGFX.4.22.0
2024-06-06 16:47:34,817 [WARN] PackLoader:240 - Cannot read IP mode file for STMicroelectronics.X-CUBE-TOUCHGFX.4.22.1
2024-06-06 16:47:34,862 [WARN] PackLoader:240 - Cannot read IP mode file for STMicroelectronics.X-CUBE-BLEMGR.3.1.0
2024-06-06 16:47:34,882 [WARN] PackLoader:240 - Cannot read IP mode file for STMicroelectronics.FP-SNS-SMARTAG2.1.2.0
2024-06-06 16:47:34,918 [INFO] LogOutputStream:77 - [STDOUT_REDIRECT] 1 : Invalid condition id : UX_CORESTACK_Condition cause : null
2024-06-06 16:47:34,920 [INFO] LogOutputStream:77 - [STDOUT_REDIRECT] 1 : Invalid condition id : UX_CORESTACK_Condition cause : null
2024-06-06 16:47:34,927 [INFO] LogOutputStream:77 - [STDOUT_REDIRECT] 1 : Invalid condition id : UX_CORESTACK_Condition cause : null
2024-06-06 16:47:34,932 [INFO] LogOutputStream:77 - [STDOUT_REDIRECT] 1 : Invalid condition id : UX_CORESTACK_Condition cause : null
2024-06-06 16:47:34,936 [INFO] LogOutputStream:77 - [STDOUT_REDIRECT] 1 : Invalid condition id : UX_CORESTACK_Condition cause : null
2024-06-06 16:47:34,950 [WARN] PackLoader:240 - Cannot read IP mode file for STMicroelectronics.X-CUBE-AZRTOS-WL.2.0.0
2024-06-06 16:47:34,971 [WARN] PackLoader:240 - Cannot read IP mode file for STMicroelectronics.FP-SNS-MOTENV1.5.0.0
2024-06-06 16:47:34,995 [WARN] PackLoader:240 - Cannot read IP mode file for wolfSSL.I-CUBE-wolfMQTT.1.19.0
2024-06-06 16:47:35,051 [WARN] PackLoader:240 - Cannot read IP mode file for WES.I-CUBE-Cesium.1.3.0
2024-06-06 16:47:35,070 [WARN] PackLoader:240 - Cannot read IP mode file for STMicroelectronics.X-CUBE-BLE2.3.3.0
2024-06-06 16:47:35,128 [WARN] PackLoader:240 - Cannot read IP mode file for STMicroelectronics.X-CUBE-TOF1.3.2.0
2024-06-06 16:47:35,250 [WARN] PackLoader:240 - Cannot read IP mode file for STMicroelectronics.X-CUBE-TCPP.4.1.0
2024-06-06 16:47:35,279 [WARN] PackLoader:240 - Cannot read IP mode file for STMicroelectronics.X-CUBE-TOUCHGFX.4.21.1
2024-06-06 16:47:35,288 [WARN] PackLoader:240 - Cannot read IP mode file for STMicroelectronics.X-CUBE-TOUCHGFX.4.21.3
2024-06-06 16:47:35,301 [WARN] PackLoader:240 - Cannot read IP mode file for STMicroelectronics.X-CUBE-TOUCHGFX.4.21.4
2024-06-06 16:47:35,321 [WARN] PackLoader:240 - Cannot read IP mode file for STMicroelectronics.X-CUBE-AI.7.3.0
2024-06-06 16:47:35,384 [WARN] PackLoader:240 - Cannot read IP mode file for STMicroelectronics.X-CUBE-ALGOBUILD.1.3.0
2024-06-06 16:47:35,579 [WARN] PackLoader:240 - Cannot read IP mode file for STMicroelectronics.X-CUBE-AZRTOS-G0.1.1.0
2024-06-06 16:47:35,668 [WARN] PackLoader:240 - Cannot read IP mode file for STMicroelectronics.X-CUBE-SAFEA1.1.2.2
2024-06-06 16:47:35,751 [WARN] PackLoader:240 - Cannot read IP mode file for STMicroelectronics.X-CUBE-NFC4.3.0.0
2024-06-06 16:47:36,006 [WARN] PackLoader:240 - Cannot read IP mode file for STMicroelectronics.X-CUBE-BLEMGR.3.0.0
2024-06-06 16:47:36,257 [WARN] PackLoader:240 - Cannot read IP mode file for STMicroelectronics.X-CUBE-BLEMGR.1.3.0
2024-06-06 16:47:36,292 [WARN] PackLoader:240 - Cannot read IP mode file for STMicroelectronics.FP-ATR-SIGFOX1.3.2.0
2024-06-06 16:47:36,319 [WARN] PackLoader:240 - Cannot read IP mode file for STMicroelectronics.X-CUBE-EEPRMA1.5.1.0
2024-06-06 16:47:36,850 [WARN] PackLoader:240 - Cannot read IP mode file for STMicroelectronics.X-CUBE-MEMS1.9.5.0
2024-06-06 16:47:38,118 [WARN] PackLoader:240 - Cannot read IP mode file for SEGGER.I-CUBE-embOS.1.3.1
2024-06-06 16:47:38,299 [WARN] PackLoader:240 - Cannot read IP mode file for STMicroelectronics.X-CUBE-ALGOBUILD.1.4.0
2024-06-06 16:47:38,318 [WARN] PackLoader:240 - Cannot read IP mode file for STMicroelectronics.X-CUBE-GNSS1.6.0.0
2024-06-06 16:47:38,387 [WARN] PackLoader:240 - Cannot read IP mode file for STMicroelectronics.X-CUBE-AZRTOS-F4.1.1.0
2024-06-06 16:47:38,410 [WARN] PackLoader:240 - Cannot read IP mode file for wolfSSL.I-CUBE-wolfSSL.5.6.3
2024-06-06 16:47:38,427 [WARN] PackLoader:240 - Cannot read IP mode file for STMicroelectronics.X-CUBE-FREERTOS.1.2.0
2024-06-06 16:47:38,516 [WARN] PackLoader:240 - Cannot read IP mode file for STMicroelectronics.X-CUBE-AZRTOS-L5.2.0.0
2024-06-06 16:47:38,795 [WARN] PackLoader:240 - Cannot read IP mode file for STMicroelectronics.X-CUBE-MEMS1.9.6.0
2024-06-06 16:47:39,594 [WARN] PackLoader:240 - Cannot read IP mode file for STMicroelectronics.X-CUBE-EEPRMA1.4.2.0
2024-06-06 16:47:39,630 [WARN] PackLoader:240 - Cannot read IP mode file for STMicroelectronics.X-CUBE-NFC6.3.1.0
2024-06-06 16:47:39,670 [WARN] PackLoader:240 - Cannot read IP mode file for ITTIA_DB.I-CUBE-ITTIADB.8.8.0
2024-06-06 16:47:39,688 [WARN] PackLoader:240 - Cannot read IP mode file for emotas.I-CUBE-CANOPEN.1.1.3
2024-06-06 16:47:39,715 [WARN] PackLoader:240 - Cannot read IP mode file for STMicroelectronics.X-CUBE-BLEMGR.2.0.0
2024-06-06 16:47:39,728 [WARN] PackLoader:240 - Cannot read IP mode file for STMicroelectronics.X-CUBE-AI.9.0.0
2024-06-06 16:47:39,782 [WARN] ConditionMgr:438 - getConditionDescription Invalid condition id : UX DEVICE CLASS RTOS Condition cause : null
2024-06-06 16:47:39,784 [WARN] ConditionMgr:438 - getConditionDescription Invalid condition id : UX DEVICE CLASS RTOS Condition cause : null
2024-06-06 16:47:39,799 [WARN] PackLoader:240 - Cannot read IP mode file for STMicroelectronics.X-CUBE-AZRTOS-H7.3.1.0
2024-06-06 16:47:39,803 [WARN] ConditionMgr:1039 - genDependencies : Invalid condition id : UX DEVICE CLASS RTOS Condition cause : null
2024-06-06 16:47:39,803 [WARN] ConditionMgr:1039 - genDependencies : Invalid condition id : UX DEVICE CLASS RTOS Condition cause : null
2024-06-06 16:47:39,806 [WARN] ConditionMgr:1039 - genDependencies : Invalid condition id : UX DEVICE CLASS RTOS Condition cause : null
2024-06-06 16:47:39,809 [WARN] ConditionMgr:1039 - genDependencies : Invalid condition id : UX DEVICE CLASS RTOS Condition cause : null
2024-06-06 16:47:39,811 [WARN] ConditionMgr:1039 - genDependencies : Invalid condition id : UX DEVICE CLASS RTOS Condition cause : null
2024-06-06 16:47:39,821 [WARN] PackLoader:240 - Cannot read IP mode file for wolfSSL.I-CUBE-wolfSSL.5.5.4
2024-06-06 16:47:39,843 [WARN] PackLoader:240 - Cannot read IP mode file for STMicroelectronics.X-CUBE-NFC7.1.0.1
2024-06-06 16:47:39,856 [WARN] PackLoader:240 - Cannot read IP mode file for STMicroelectronics.X-CUBE-NFC7.1.0.0
2024-06-06 16:47:39,887 [WARN] PackLoader:240 - Cannot read IP mode file for STMicroelectronics.X-CUBE-NFC6.3.0.0
2024-06-06 16:47:39,912 [WARN] PackLoader:240 - Cannot read IP mode file for STMicroelectronics.X-CUBE-EEPRMA1.4.1.0
2024-06-06 16:47:39,924 [WARN] PackLoader:240 - Cannot read IP mode file for STMicroelectronics.X-CUBE-AI.8.1.0
2024-06-06 16:47:39,995 [WARN] ConditionMgr:438 - getConditionDescription Invalid condition id : LAN8742 Phy interface Condition cause : null
2024-06-06 16:47:39,998 [WARN] PackLoader:240 - Cannot read IP mode file for STMicroelectronics.X-CUBE-AZRTOS-L4.2.0.0
2024-06-06 16:47:40,002 [WARN] ConditionMgr:1039 - genDependencies : Invalid condition id : LAN8742 Phy interface Condition cause : null
2024-06-06 16:47:40,002 [WARN] ConditionMgr:1039 - genDependencies : Invalid condition id : LAN8742 Phy interface Condition cause : null
2024-06-06 16:47:40,005 [WARN] ConditionMgr:1039 - genDependencies : Invalid condition id : LAN8742 Phy interface Condition cause : null
2024-06-06 16:47:40,031 [WARN] PackLoader:240 - Cannot read IP mode file for STMicroelectronics.X-CUBE-SFXS2LP1.4.0.0
2024-06-06 16:47:40,112 [WARN] PackLoader:240 - Cannot read IP mode file for STMicroelectronics.X-CUBE-AZRTOS-H7.3.0.0
2024-06-06 16:47:40,137 [WARN] PackLoader:240 - Cannot read IP mode file for STMicroelectronics.X-CUBE-ISPU.1.1.0
2024-06-06 16:47:40,166 [WARN] PackLoader:240 - Cannot read IP mode file for RoweBots.I-CUBE-UNISONRTOS.5.5.0-4
2024-06-06 16:47:40,181 [WARN] PackLoader:240 - Cannot read IP mode file for STMicroelectronics.X-CUBE-AI.8.0.0
2024-06-06 16:47:40,233 [WARN] ConditionMgr:438 - getConditionDescription Invalid condition id : UX DEVICE CLASS RTOS Condition cause : null
2024-06-06 16:47:40,233 [WARN] ConditionMgr:438 - getConditionDescription Invalid condition id : UX DEVICE CLASS RTOS Condition cause : null
2024-06-06 16:47:40,250 [WARN] PackLoader:240 - Cannot read IP mode file for STMicroelectronics.X-CUBE-AZRTOS-WB.2.0.0
2024-06-06 16:47:40,252 [WARN] ConditionMgr:1039 - genDependencies : Invalid condition id : UX DEVICE CLASS RTOS Condition cause : null
2024-06-06 16:47:40,252 [WARN] ConditionMgr:1039 - genDependencies : Invalid condition id : UX DEVICE CLASS RTOS Condition cause : null
2024-06-06 16:47:40,254 [WARN] ConditionMgr:1039 - genDependencies : Invalid condition id : UX DEVICE CLASS RTOS Condition cause : null
2024-06-06 16:47:40,256 [WARN] ConditionMgr:1039 - genDependencies : Invalid condition id : UX DEVICE CLASS RTOS Condition cause : null
2024-06-06 16:47:40,258 [WARN] ConditionMgr:1039 - genDependencies : Invalid condition id : UX DEVICE CLASS RTOS Condition cause : null
2024-06-06 16:47:40,283 [WARN] PackLoader:240 - Cannot read IP mode file for STMicroelectronics.X-CUBE-FREERTOS.1.0.0
2024-06-06 16:47:40,298 [WARN] PackLoader:240 - Cannot read IP mode file for STMicroelectronics.X-CUBE-FREERTOS.1.0.1
2024-06-06 16:47:40,347 [WARN] PackLoader:240 - Cannot read IP mode file for STMicroelectronics.X-CUBE-AZRTOS-L5.1.1.0
2024-06-06 16:47:40,365 [WARN] PackLoader:240 - Cannot read IP mode file for STMicroelectronics.X-CUBE-AI.8.0.1
2024-06-06 16:47:40,398 [WARN] PackLoader:240 - Cannot read IP mode file for STMicroelectronics.X-CUBE-SUBG2.5.0.0
2024-06-06 16:47:40,445 [WARN] PackLoader:240 - Cannot read IP mode file for STMicroelectronics.X-CUBE-TOF1.3.3.1
2024-06-06 16:47:40,529 [WARN] PackLoader:240 - Cannot read IP mode file for STMicroelectronics.X-CUBE-AZRTOS-G4.2.0.0
2024-06-06 16:47:40,565 [WARN] PackLoader:240 - Cannot read IP mode file for STMicroelectronics.X-CUBE-TOF1.3.3.0
2024-06-06 16:47:40,601 [WARN] PackLoader:240 - Cannot read IP mode file for STMicroelectronics.FP-ATR-ASTRA1.1.1.1
2024-06-06 16:47:40,655 [WARN] PackLoader:240 - Cannot read IP mode file for Infineon.AIROC-Wi-Fi-Bluetooth-STM32.1.5.1
2024-06-06 16:47:40,681 [WARN] PackLoader:240 - Cannot read IP mode file for STMicroelectronics.FP-SNS-MOTENVWB1.1.3.0
2024-06-06 16:47:40,695 [WARN] PackLoader:240 - Cannot read IP mode file for STMicroelectronics.FP-SNS-MOTENVWB1.1.3.1
2024-06-06 16:47:40,754 [WARN] PackLoader:240 - Cannot read IP mode file for STMicroelectronics.X-CUBE-AZRTOS-G4.1.0.0
2024-06-06 16:47:40,948 [WARN] PackLoader:240 - Cannot read IP mode file for STMicroelectronics.X-CUBE-AZRTOS-L4.1.0.0
2024-06-06 16:47:40,977 [WARN] PackLoader:240 - Cannot read IP mode file for STMicroelectronics.X-CUBE-ISPU.2.0.0
2024-06-06 16:47:40,999 [WARN] PackLoader:240 - Cannot read IP mode file for STMicroelectronics.X-CUBE-ALS.1.0.2
2024-06-06 16:47:41,788 [WARN] PackLoader:240 - Cannot read IP mode file for STMicroelectronics.X-CUBE-MEMS1.10.0.0
2024-06-06 16:47:42,387 [WARN] PackLoader:240 - Cannot read IP mode file for STMicroelectronics.X-CUBE-FREERTOS.1.1.0
2024-06-06 16:47:42,438 [WARN] PackLoader:240 - Cannot read IP mode file for STMicroelectronics.X-CUBE-AZRTOS-WL.1.0.0
2024-06-06 16:47:42,463 [WARN] PackLoader:240 - Cannot read IP mode file for portGmbH.I-Cube-SoM-uGOAL.1.1.0
2024-06-06 16:47:42,477 [WARN] PackLoader:240 - Cannot read IP mode file for STMicroelectronics.X-CUBE-ALS.1.0.1
2024-06-06 16:47:42,520 [WARN] PackLoader:240 - Cannot read IP mode file for STMicroelectronics.X-CUBE-AZRTOS-WB.1.1.0
2024-06-06 16:47:42,596 [WARN] PackLoader:240 - Cannot read IP mode file for STMicroelectronics.X-CUBE-AZRTOS-H7RS.1.0.0
2024-06-06 16:47:42,625 [WARN] PackLoader:240 - Cannot read IP mode file for STMicroelectronics.FP-ATR-ASTRA1.2.0.0
2024-06-06 16:47:42,664 [WARN] PackLoader:240 - Cannot read IP mode file for STMicroelectronics.X-CUBE-TOF1.3.4.0
2024-06-06 16:47:42,752 [WARN] PackLoader:240 - Cannot read IP mode file for STMicroelectronics.X-CUBE-TOF1.3.4.1
2024-06-06 16:47:42,936 [WARN] PackLoader:240 - Cannot read IP mode file for STMicroelectronics.X-CUBE-AZRTOS-H7.3.2.0
2024-06-06 16:47:42,981 [INFO] ThirdParty:978 - Integrity check success = true
2024-06-06 16:47:42,982 [INFO] IntegrityCheckThread:100 - exiting critical section [integrity check]
2024-06-06 16:47:42,983 [INFO] IntegrityCheckThread:103 - End integrity checks thread
