2024-06-14 13:58:45,116 [ERROR] LogOutputStream:75 - [STDERR_REDIRECT] 
2024-06-14 17:06:46,110 [INFO] Activator:176 - 


2024-06-14 17:06:46,115 [INFO] Activator:177 - !SESSION log4j initialized
2024-06-14 17:06:59,478 [INFO] LogOutputStream:77 - [STDOUT_REDIRECT] 
2024-06-14 17:07:03,980 [INFO] ApplicationProperties:184 - Using Application install path: C:\ST\STM32CubeIDE_1.12.0\STM32CubeIDE\plugins\com.st.stm32cube.common.mx_6.11.0.202403141607
2024-06-14 17:07:04,022 [INFO] DbMcusXml:78 - Set database path to: C:\ST\STM32CubeIDE_1.12.0\STM32CubeIDE\plugins\com.st.stm32cube.common.mx_6.11.0.202403141607\\db\/mcu/
2024-06-14 17:07:04,023 [INFO] ApiDb:274 - Set plugin database path to: C:\ST\STM32CubeIDE_1.12.0\STM32CubeIDE\plugins\com.st.stm32cube.common.mx_6.11.0.202403141607\\db\/plugins/boardmanager/
2024-06-14 17:07:04,024 [WARN] ApiDb:259 - Overriding images path with different value:  => C:\ST\STM32CubeIDE_1.12.0\STM32CubeIDE\plugins\com.st.stm32cube.common.mx_6.11.0.202403141607\\db\/plugins/mcufinder/images/
2024-06-14 17:07:04,039 [INFO] ApiDb:250 - Set database path to: C:\Users\ADMIN\.stmcufinder\plugins\mcufinder//mcu/
2024-06-14 17:07:04,041 [INFO] DbMcusAds:125 - Set database path to: C:\Users\ADMIN\.stmcufinder\plugins\mcufinder//mcu/
2024-06-14 17:07:04,046 [INFO] CrossReferenceDbSqlite:203 - Set database path to: C:\Users\ADMIN\.stmcufinder\plugins\mcufinder//mcu/cs/
2024-06-14 17:07:04,346 [INFO] RulesReader:64 - Compatibility file has been processed (297 Rules)
2024-06-14 17:07:04,496 [INFO] DbMcusXml:78 - Set database path to: C:\ST\STM32CubeIDE_1.12.0\STM32CubeIDE\plugins\com.st.stm32cube.common.mx_6.11.0.202403141607\\db\/mcu/
2024-06-14 17:07:04,496 [INFO] ApiDb:274 - Set plugin database path to: C:\ST\STM32CubeIDE_1.12.0\STM32CubeIDE\plugins\com.st.stm32cube.common.mx_6.11.0.202403141607\\db\/plugins/boardmanager/
2024-06-14 17:07:04,496 [INFO] ApiDb:261 - Set plugin images path to: C:\ST\STM32CubeIDE_1.12.0\STM32CubeIDE\plugins\com.st.stm32cube.common.mx_6.11.0.202403141607\\db\/plugins/mcufinder/images/
2024-06-14 17:07:04,496 [WARN] DbFile:41 - Overriding database path with different value: C:\Users\ADMIN\.stmcufinder\plugins\mcufinder/ => C:\Users\ADMIN\.stmcufinder\plugins\mcufinder
2024-06-14 17:07:04,496 [INFO] ApiDb:250 - Set database path to: C:\Users\ADMIN\.stmcufinder\plugins\mcufinder//mcu/
2024-06-14 17:07:04,496 [WARN] DbFile:41 - Overriding database path with different value: C:\Users\ADMIN\.stmcufinder\plugins\mcufinder/ => C:\Users\ADMIN\.stmcufinder\plugins\mcufinder
2024-06-14 17:07:04,497 [INFO] DbMcusAds:125 - Set database path to: C:\Users\ADMIN\.stmcufinder\plugins\mcufinder//mcu/
2024-06-14 17:07:04,497 [WARN] DbFile:41 - Overriding database path with different value: C:\Users\ADMIN\.stmcufinder\plugins\mcufinder/ => C:\Users\ADMIN\.stmcufinder\plugins\mcufinder
2024-06-14 17:07:04,497 [WARN] DbFile:41 - Overriding database path with different value: C:\Users\ADMIN\.stmcufinder\plugins\mcufinder/ => C:\Users\ADMIN\.stmcufinder\plugins\mcufinder
2024-06-14 17:07:04,497 [INFO] CrossReferenceDbSqlite:203 - Set database path to: C:\Users\ADMIN\.stmcufinder\plugins\mcufinder//mcu/cs/
2024-06-14 17:07:04,645 [INFO] MainPanel:264 - HeapMemory: 268435456
2024-06-14 17:07:04,881 [INFO] DbMcusXml:78 - Set database path to: C:\ST\STM32CubeIDE_1.12.0\STM32CubeIDE\plugins\com.st.stm32cube.common.mx_6.11.0.202403141607\\db\/mcu/
2024-06-14 17:07:04,882 [INFO] ApiDb:274 - Set plugin database path to: C:\ST\STM32CubeIDE_1.12.0\STM32CubeIDE\plugins\com.st.stm32cube.common.mx_6.11.0.202403141607\\db\/plugins/boardmanager/
2024-06-14 17:07:04,882 [INFO] ApiDb:261 - Set plugin images path to: C:\ST\STM32CubeIDE_1.12.0\STM32CubeIDE\plugins\com.st.stm32cube.common.mx_6.11.0.202403141607\\db\/plugins/mcufinder/images/
2024-06-14 17:07:04,883 [WARN] DbFile:41 - Overriding database path with different value: C:\Users\ADMIN\.stmcufinder\plugins\mcufinder/ => C:\Users\ADMIN\.stmcufinder\plugins\mcufinder
2024-06-14 17:07:04,883 [INFO] ApiDb:250 - Set database path to: C:\Users\ADMIN\.stmcufinder\plugins\mcufinder//mcu/
2024-06-14 17:07:04,884 [WARN] DbFile:41 - Overriding database path with different value: C:\Users\ADMIN\.stmcufinder\plugins\mcufinder/ => C:\Users\ADMIN\.stmcufinder\plugins\mcufinder
2024-06-14 17:07:04,884 [INFO] DbMcusAds:125 - Set database path to: C:\Users\ADMIN\.stmcufinder\plugins\mcufinder//mcu/
2024-06-14 17:07:04,885 [WARN] DbFile:41 - Overriding database path with different value: C:\Users\ADMIN\.stmcufinder\plugins\mcufinder/ => C:\Users\ADMIN\.stmcufinder\plugins\mcufinder
2024-06-14 17:07:04,885 [WARN] DbFile:41 - Overriding database path with different value: C:\Users\ADMIN\.stmcufinder\plugins\mcufinder/ => C:\Users\ADMIN\.stmcufinder\plugins\mcufinder
2024-06-14 17:07:04,885 [INFO] CrossReferenceDbSqlite:203 - Set database path to: C:\Users\ADMIN\.stmcufinder\plugins\mcufinder//mcu/cs/
2024-06-14 17:07:04,945 [INFO] ApplicationProperties:184 - Using Application install path: C:\ST\STM32CubeIDE_1.12.0\STM32CubeIDE\plugins\com.st.stm32cube.common.mx_6.11.0.202403141607
2024-06-14 17:07:04,948 [INFO] PluginManage:196 - Search for loadable plugins [exclusion list=, ]
2024-06-14 17:07:04,951 [INFO] PluginManage:310 - Check plugin analytics
2024-06-14 17:07:05,310 [INFO] AnalyticsPlugin:253 - Accepted Software Licenses: 
2024-06-14 17:07:05,310 [INFO] AnalyticsPlugin:255 - Accepted CMSIS Pack Licenses: 
2024-06-14 17:07:05,310 [INFO] AnalyticsPlugin:257 - Accepted Firmware Licenses: 
2024-06-14 17:07:05,316 [INFO] PluginManage:359 - Loaded plugin analytics (category:tool,tabindex:-1)
2024-06-14 17:07:05,317 [INFO] PluginManage:310 - Check plugin cadmodel
2024-06-14 17:07:05,323 [INFO] CADModel:105 - Init CAD model plugin
2024-06-14 17:07:05,324 [INFO] PluginManage:359 - Loaded plugin cadmodel (category:power,tabindex:5)
2024-06-14 17:07:05,324 [INFO] PluginManage:310 - Check plugin clock
2024-06-14 17:07:05,341 [INFO] PluginManage:359 - Loaded plugin clock (category:base,tabindex:2)
2024-06-14 17:07:05,342 [INFO] PluginManage:310 - Check plugin ddr
2024-06-14 17:07:05,346 [INFO] PluginManage:359 - Loaded plugin ddr (category:tool,tabindex:6)
2024-06-14 17:07:05,346 [INFO] PluginManage:310 - Check plugin filemanager
2024-06-14 17:07:05,644 [INFO] PluginManage:359 - Loaded plugin filemanager (category:base,tabindex:10)
2024-06-14 17:07:05,644 [INFO] PluginManage:310 - Check plugin ipmanager
2024-06-14 17:07:05,657 [INFO] PluginManage:359 - Loaded plugin ipmanager (category:base,tabindex:5)
2024-06-14 17:07:05,657 [INFO] PluginManage:310 - Check plugin lpbam
2024-06-14 17:07:05,669 [INFO] PluginManage:359 - Loaded plugin lpbam (category:base,tabindex:0)
2024-06-14 17:07:05,669 [INFO] PluginManage:310 - Check plugin memorymap
2024-06-14 17:07:05,694 [INFO] PluginManage:359 - Loaded plugin memorymap (category:base,tabindex:4)
2024-06-14 17:07:05,694 [INFO] PluginManage:310 - Check plugin pinoutandconfiguration
2024-06-14 17:07:05,706 [INFO] PluginManage:359 - Loaded plugin pinoutandconfiguration (category:base,tabindex:1)
2024-06-14 17:07:05,706 [INFO] PluginManage:310 - Check plugin pinoutconfig
2024-06-14 17:07:05,875 [WARN] SupportedApi:132 - Cannot load RTOS API schema: s4s-elt-must-match.1: The content of 'definitions' must match (annotation?, (simpleType | complexType)?, (unique | key | keyref)*)). A problem was found starting at: attribute.
2024-06-14 17:07:06,203 [INFO] PluginManage:359 - Loaded plugin pinoutconfig (category:base,tabindex:0)
2024-06-14 17:07:06,203 [INFO] PluginManage:310 - Check plugin power
2024-06-14 17:07:06,232 [INFO] PluginManage:359 - Loaded plugin power (category:power,tabindex:4)
2024-06-14 17:07:06,232 [INFO] PluginManage:310 - Check plugin projectmanager
2024-06-14 17:07:06,257 [INFO] PluginManage:359 - Loaded plugin projectmanager (category:projectmanager,tabindex:3)
2024-06-14 17:07:06,257 [INFO] PluginManage:310 - Check plugin thirdparty
2024-06-14 17:07:06,525 [INFO] PluginManage:359 - Loaded plugin thirdparty (category:base,tabindex:-1)
2024-06-14 17:07:06,525 [INFO] PluginManage:310 - Check plugin tools
2024-06-14 17:07:06,525 [WARN] IntegrityCheckThread:84 - waiting for thirdparty lock release [integrity check]
2024-06-14 17:07:06,525 [INFO] IntegrityCheckThread:86 - entering critical section [integrity check]
2024-06-14 17:07:06,526 [INFO] ThirdPartyUpdaterWithRetryManager:70 - Updater plugin not ready yet. [1/15]
2024-06-14 17:07:06,530 [INFO] PluginManage:359 - Loaded plugin tools (category:base,tabindex:7)
2024-06-14 17:07:06,530 [INFO] PluginManage:310 - Check plugin tutovideos
2024-06-14 17:07:07,020 [INFO] PluginManage:359 - Loaded plugin tutovideos (category:base,tabindex:-1)
2024-06-14 17:07:07,020 [INFO] PluginManage:310 - Check plugin updater
2024-06-14 17:07:07,045 [INFO] PluginManage:359 - Loaded plugin updater (category:base,tabindex:12)
2024-06-14 17:07:07,045 [INFO] PluginManage:310 - Check plugin userauth
2024-06-14 17:07:07,060 [INFO] UserAuth:114 - Init User Auth plugin
2024-06-14 17:07:07,061 [INFO] PluginManage:359 - Loaded plugin userauth (category:base,tabindex:14)
2024-06-14 17:07:07,062 [INFO] PluginManage:283 - PluginManage : Loaded plugins [17]
2024-06-14 17:07:07,560 [INFO] PinOutPanel:1561 - setPackage(No Configuration,No Configuration)
2024-06-14 17:07:07,752 [INFO] CADModel:165 - CPN selected for project level
2024-06-14 17:07:07,752 [INFO] CADModel:114 - Register for checkConnection events
2024-06-14 17:07:07,803 [INFO] IPUIPlugin:80 - create IPUIPlugin
2024-06-14 17:07:07,803 [INFO] PluginManager:220 - loadIPPluginJar : add adc
2024-06-14 17:07:07,810 [INFO] IPUIPlugin:80 - create IPUIPlugin
2024-06-14 17:07:07,811 [INFO] PluginManager:220 - loadIPPluginJar : add aes
2024-06-14 17:07:07,819 [INFO] IPUIPlugin:80 - create IPUIPlugin
2024-06-14 17:07:07,819 [INFO] PluginManager:220 - loadIPPluginJar : add can
2024-06-14 17:07:07,824 [INFO] IPUIPlugin:80 - create IPUIPlugin
2024-06-14 17:07:07,825 [INFO] PluginManager:220 - loadIPPluginJar : add comp
2024-06-14 17:07:07,832 [INFO] IPUIPlugin:80 - create IPUIPlugin
2024-06-14 17:07:07,833 [INFO] PluginManager:220 - loadIPPluginJar : add cryp
2024-06-14 17:07:07,840 [INFO] IPUIPlugin:80 - create IPUIPlugin
2024-06-14 17:07:07,841 [INFO] PluginManager:220 - loadIPPluginJar : add dfsdm
2024-06-14 17:07:07,854 [INFO] IPUIPlugin:80 - create IPUIPlugin
2024-06-14 17:07:07,856 [INFO] PluginManager:220 - loadIPPluginJar : add dma
2024-06-14 17:07:07,862 [INFO] IPUIPlugin:80 - create IPUIPlugin
2024-06-14 17:07:07,862 [INFO] PluginManager:220 - loadIPPluginJar : add dma3
2024-06-14 17:07:07,869 [INFO] IPUIPlugin:80 - create IPUIPlugin
2024-06-14 17:07:07,870 [INFO] PluginManager:220 - loadIPPluginJar : add extmemmanager
2024-06-14 17:07:07,873 [INFO] IPUIPlugin:80 - create IPUIPlugin
2024-06-14 17:07:07,874 [INFO] PluginManager:220 - loadIPPluginJar : add fatfs
2024-06-14 17:07:07,884 [INFO] IPUIPlugin:80 - create IPUIPlugin
2024-06-14 17:07:07,884 [INFO] PluginManager:220 - loadIPPluginJar : add fmc
2024-06-14 17:07:07,895 [INFO] IPUIPlugin:80 - create IPUIPlugin
2024-06-14 17:07:07,895 [INFO] PluginManager:220 - loadIPPluginJar : add freertos
2024-06-14 17:07:07,897 [INFO] IPUIPlugin:80 - create IPUIPlugin
2024-06-14 17:07:07,898 [INFO] PluginManager:220 - loadIPPluginJar : add genericplugin
2024-06-14 17:07:07,902 [INFO] IPUIPlugin:80 - create IPUIPlugin
2024-06-14 17:07:07,902 [INFO] PluginManager:220 - loadIPPluginJar : add gfxmmu
2024-06-14 17:07:07,912 [INFO] IPUIPlugin:80 - create IPUIPlugin
2024-06-14 17:07:07,912 [INFO] PluginManager:220 - loadIPPluginJar : add gic
2024-06-14 17:07:07,919 [INFO] IPUIPlugin:80 - create IPUIPlugin
2024-06-14 17:07:07,919 [INFO] PluginManager:220 - loadIPPluginJar : add gpio
2024-06-14 17:07:07,924 [INFO] IPUIPlugin:80 - create IPUIPlugin
2024-06-14 17:07:07,924 [INFO] PluginManager:220 - loadIPPluginJar : add gtzc
2024-06-14 17:07:07,927 [INFO] IPUIPlugin:80 - create IPUIPlugin
2024-06-14 17:07:07,928 [INFO] PluginManager:220 - loadIPPluginJar : add hash
2024-06-14 17:07:07,934 [INFO] IPUIPlugin:80 - create IPUIPlugin
2024-06-14 17:07:07,934 [INFO] PluginManager:220 - loadIPPluginJar : add i2c
2024-06-14 17:07:07,939 [INFO] IPUIPlugin:80 - create IPUIPlugin
2024-06-14 17:07:07,939 [INFO] PluginManager:220 - loadIPPluginJar : add i2s
2024-06-14 17:07:07,943 [INFO] IPUIPlugin:80 - create IPUIPlugin
2024-06-14 17:07:07,944 [INFO] PluginManager:220 - loadIPPluginJar : add i3c
2024-06-14 17:07:07,952 [INFO] IPUIPlugin:80 - create IPUIPlugin
2024-06-14 17:07:07,952 [INFO] PluginManager:220 - loadIPPluginJar : add ipddr
2024-06-14 17:07:07,968 [INFO] IPUIPlugin:80 - create IPUIPlugin
2024-06-14 17:07:07,968 [INFO] PluginManager:220 - loadIPPluginJar : add linkedlist
2024-06-14 17:07:07,974 [INFO] IPUIPlugin:80 - create IPUIPlugin
2024-06-14 17:07:07,974 [INFO] PluginManager:220 - loadIPPluginJar : add lorawan
2024-06-14 17:07:07,977 [INFO] IPUIPlugin:80 - create IPUIPlugin
2024-06-14 17:07:07,977 [INFO] PluginManager:220 - loadIPPluginJar : add ltdc
2024-06-14 17:07:07,992 [INFO] IPUIPlugin:80 - create IPUIPlugin
2024-06-14 17:07:07,992 [INFO] PluginManager:220 - loadIPPluginJar : add mdma
2024-06-14 17:07:07,999 [INFO] IPUIPlugin:80 - create IPUIPlugin
2024-06-14 17:07:08,000 [INFO] PluginManager:220 - loadIPPluginJar : add nvic
2024-06-14 17:07:08,005 [INFO] IPUIPlugin:80 - create IPUIPlugin
2024-06-14 17:07:08,005 [INFO] PluginManager:220 - loadIPPluginJar : add opamp
2024-06-14 17:07:08,008 [INFO] IPUIPlugin:80 - create IPUIPlugin
2024-06-14 17:07:08,009 [INFO] PluginManager:220 - loadIPPluginJar : add openamp
2024-06-14 17:07:08,013 [INFO] IPUIPlugin:80 - create IPUIPlugin
2024-06-14 17:07:08,013 [INFO] PluginManager:220 - loadIPPluginJar : add pdm2pcm
2024-06-14 17:07:08,021 [INFO] IPUIPlugin:80 - create IPUIPlugin
2024-06-14 17:07:08,025 [INFO] PluginManager:220 - loadIPPluginJar : add plateformsettings
2024-06-14 17:07:08,027 [INFO] IPUIPlugin:80 - create IPUIPlugin
2024-06-14 17:07:08,027 [INFO] PluginManager:220 - loadIPPluginJar : add quadspi
2024-06-14 17:07:08,032 [INFO] IPUIPlugin:80 - create IPUIPlugin
2024-06-14 17:07:08,032 [INFO] PluginManager:220 - loadIPPluginJar : add resmgrutility
2024-06-14 17:07:08,036 [INFO] IPUIPlugin:80 - create IPUIPlugin
2024-06-14 17:07:08,036 [INFO] PluginManager:220 - loadIPPluginJar : add sai
2024-06-14 17:07:08,040 [INFO] IPUIPlugin:80 - create IPUIPlugin
2024-06-14 17:07:08,040 [INFO] PluginManager:220 - loadIPPluginJar : add spi
2024-06-14 17:07:08,047 [INFO] IPUIPlugin:80 - create IPUIPlugin
2024-06-14 17:07:08,047 [INFO] PluginManager:220 - loadIPPluginJar : add stm32_wpan
2024-06-14 17:07:08,050 [INFO] IPUIPlugin:80 - create IPUIPlugin
2024-06-14 17:07:08,050 [INFO] PluginManager:220 - loadIPPluginJar : add tim
2024-06-14 17:07:08,055 [INFO] IPUIPlugin:80 - create IPUIPlugin
2024-06-14 17:07:08,055 [INFO] PluginManager:220 - loadIPPluginJar : add touchsensing
2024-06-14 17:07:08,058 [INFO] IPUIPlugin:80 - create IPUIPlugin
2024-06-14 17:07:08,058 [INFO] PluginManager:220 - loadIPPluginJar : add tracer_emb
2024-06-14 17:07:08,060 [INFO] IPUIPlugin:80 - create IPUIPlugin
2024-06-14 17:07:08,060 [INFO] PluginManager:220 - loadIPPluginJar : add ts
2024-06-14 17:07:08,062 [INFO] IPUIPlugin:80 - create IPUIPlugin
2024-06-14 17:07:08,062 [INFO] PluginManager:220 - loadIPPluginJar : add tsc
2024-06-14 17:07:08,065 [INFO] IPUIPlugin:80 - create IPUIPlugin
2024-06-14 17:07:08,065 [INFO] PluginManager:220 - loadIPPluginJar : add ucpd
2024-06-14 17:07:08,069 [INFO] IPUIPlugin:80 - create IPUIPlugin
2024-06-14 17:07:08,069 [INFO] PluginManager:220 - loadIPPluginJar : add usart
2024-06-14 17:07:08,073 [INFO] IPUIPlugin:80 - create IPUIPlugin
2024-06-14 17:07:08,073 [INFO] PluginManager:220 - loadIPPluginJar : add usbx
2024-06-14 17:07:08,249 [INFO] CADModel:165 - CPN selected for project level
2024-06-14 17:07:08,249 [INFO] CADModel:114 - Register for checkConnection events
2024-06-14 17:07:08,250 [FATAL] Updater:308 - Updater called before beeing initialized
2024-06-14 17:07:08,250 [ERROR] CADModel:125 - Updater not yet initialized, retry later 
2024-06-14 17:07:08,670 [INFO] CADModel:165 - CPN selected for project level
2024-06-14 17:07:08,670 [INFO] CADModel:114 - Register for checkConnection events
2024-06-14 17:07:08,671 [FATAL] Updater:308 - Updater called before beeing initialized
2024-06-14 17:07:08,671 [ERROR] CADModel:125 - Updater not yet initialized, retry later 
2024-06-14 17:07:08,677 [FATAL] Updater:308 - Updater called before beeing initialized
2024-06-14 17:07:08,874 [FATAL] Updater:308 - Updater called before beeing initialized
2024-06-14 17:07:08,881 [INFO] DbMcusAds:53 - JSON generation date=Thu May 16 16:22:00 ICT 2024 (1715851320852)
2024-06-14 17:07:08,882 [FATAL] Updater:308 - Updater called before beeing initialized
2024-06-14 17:07:08,951 [WARN] DetailPanel:346 - Failed to get advertising image, set to default
2024-06-14 17:07:09,180 [FATAL] Updater:308 - Updater called before beeing initialized
2024-06-14 17:07:09,184 [FATAL] Updater:308 - Updater called before beeing initialized
2024-06-14 17:07:09,184 [FATAL] Updater:308 - Updater called before beeing initialized
2024-06-14 17:07:09,185 [WARN] DetailPanel:346 - Failed to get advertising image, set to default
2024-06-14 17:07:09,187 [FATAL] Updater:308 - Updater called before beeing initialized
2024-06-14 17:07:09,293 [ERROR] Updater:1120 - MainUpdater not yet initialized. External WinMGr cannot be set.
2024-06-14 17:07:09,299 [INFO] Updater:1056 - Updater Version found : 6.11.0
2024-06-14 17:07:09,351 [INFO] ApplicationProperties:184 - Using Application install path: C:\ST\STM32CubeIDE_1.12.0\STM32CubeIDE\plugins\com.st.stm32cube.common.mx_6.11.0.202403141607
2024-06-14 17:07:09,528 [INFO] ThirdPartyUpdaterWithRetryManager:70 - Updater plugin not ready yet. [2/15]
2024-06-14 17:07:10,032 [INFO] MainUpdater:2873 - connection check result : 10
2024-06-14 17:07:10,034 [INFO] MainUpdater:290 - Updater Check For Update Now.
2024-06-14 17:07:10,034 [INFO] MicroXplorer:498 - Change Database Version : DB.6.0.110
2024-06-14 17:07:10,053 [INFO] McuFinderGlobals:63 - Set McuFinder mode to 2 (CubeIDE integrated)
2024-06-14 17:07:10,075 [INFO] UserAuth:415 - Internet connection configuration mode: 1
2024-06-14 17:07:10,120 [INFO] JxBrowserEngine:152 - Initiate JxBrowser Engine with user profile folder
2024-06-14 17:07:10,334 [INFO] CheckServerUpdateThread:120 - End of CheckServer Thread
2024-06-14 17:07:11,693 [INFO] WebApp:161 - Instantiating new browser for Auth
2024-06-14 17:07:13,238 [WARN] PackLoader:240 - Cannot read IP mode file for STMicroelectronics.FP-SNS-MOTENVWB1.1.4.0
2024-06-14 17:07:13,253 [INFO] WebApp:779 - Register for checkConnection events
2024-06-14 17:07:13,253 [INFO] WebApp:414 - Apply proxy settings
2024-06-14 17:07:13,255 [INFO] WebApp:499 - Chromium requires no authentication
2024-06-14 17:07:13,275 [INFO] WebApp:442 - Direct internet connection detected
2024-06-14 17:07:13,278 [WARN] PackLoader:240 - Cannot read IP mode file for STMicroelectronics.X-CUBE-SMBUS.2.1.0
2024-06-14 17:07:13,295 [WARN] PackLoader:240 - Cannot read IP mode file for STMicroelectronics.X-CUBE-TOUCHGFX.4.23.0
2024-06-14 17:07:13,313 [WARN] PackLoader:240 - Cannot read IP mode file for STMicroelectronics.X-CUBE-TOUCHGFX.4.23.2
2024-06-14 17:07:13,435 [WARN] PackLoader:240 - Cannot read IP mode file for STMicroelectronics.X-CUBE-AZRTOS-F7.1.1.0
2024-06-14 17:07:13,493 [ERROR] RealEvaluatedCondition:428 - Found unsupported composite condition: CLASS='Data Exchange' GROUP='STM32_MetaDataManager'
2024-06-14 17:07:13,495 [ERROR] RealEvaluatedCondition:428 - Found unsupported composite condition: GROUP='STM32_MetaDataManager' CLASS='Data Exchange'
2024-06-14 17:07:13,507 [WARN] PackLoader:240 - Cannot read IP mode file for STMicroelectronics.FP-SNS-MOTENV1.4.3.0
2024-06-14 17:07:13,537 [WARN] PackLoader:240 - Cannot read IP mode file for STMicroelectronics.FP-SNS-MOTENV1.4.3.2
2024-06-14 17:07:13,555 [WARN] PackLoader:240 - Cannot read IP mode file for STMicroelectronics.FP-SNS-FLIGHT1.5.0.0
2024-06-14 17:07:13,567 [ERROR] RealEvaluatedCondition:428 - Found unsupported composite condition: CLASS='Data Exchange' GROUP='STM32_MetaDataManager'
2024-06-14 17:07:13,568 [ERROR] RealEvaluatedCondition:428 - Found unsupported composite condition: CLASS='Data Exchange' GROUP='STM32_MetaDataManager'
2024-06-14 17:07:13,572 [WARN] PackLoader:240 - Cannot read IP mode file for STMicroelectronics.FP-SNS-MOTENV1.4.3.1
2024-06-14 17:07:13,585 [WARN] PackLoader:240 - Cannot read IP mode file for STMicroelectronics.FP-SNS-FLIGHT1.5.0.1
2024-06-14 17:07:13,611 [WARN] PackLoader:240 - Cannot read IP mode file for STMicroelectronics.X-CUBE-BLE1.6.2.4
2024-06-14 17:07:13,619 [WARN] PackLoader:240 - Cannot read IP mode file for STMicroelectronics.FP-SNS-FLIGHT1.5.0.2
2024-06-14 17:07:13,634 [WARN] PackLoader:240 - Cannot read IP mode file for STMicroelectronics.X-CUBE-DISPLAY.3.0.0
2024-06-14 17:07:13,647 [WARN] PackLoader:240 - Cannot read IP mode file for STMicroelectronics.X-CUBE-BLE1.7.0.0
2024-06-14 17:07:13,661 [WARN] PackLoader:240 - Cannot read IP mode file for emotas.I-CUBE-CANOPEN.1.3.0
2024-06-14 17:07:13,678 [WARN] PackLoader:240 - Cannot read IP mode file for STMicroelectronics.X-CUBE-TOUCHGFX.4.22.0
2024-06-14 17:07:13,693 [WARN] PackLoader:240 - Cannot read IP mode file for STMicroelectronics.X-CUBE-TOUCHGFX.4.22.1
2024-06-14 17:07:13,711 [WARN] PackLoader:240 - Cannot read IP mode file for STMicroelectronics.X-CUBE-BLEMGR.3.1.0
2024-06-14 17:07:13,729 [WARN] PackLoader:240 - Cannot read IP mode file for STMicroelectronics.FP-SNS-SMARTAG2.1.2.0
2024-06-14 17:07:13,752 [INFO] LogOutputStream:77 - [STDOUT_REDIRECT] 1 : Invalid condition id : UX_CORESTACK_Condition cause : null
2024-06-14 17:07:13,755 [INFO] LogOutputStream:77 - [STDOUT_REDIRECT] 1 : Invalid condition id : UX_CORESTACK_Condition cause : null
2024-06-14 17:07:13,758 [INFO] LogOutputStream:77 - [STDOUT_REDIRECT] 1 : Invalid condition id : UX_CORESTACK_Condition cause : null
2024-06-14 17:07:13,762 [INFO] LogOutputStream:77 - [STDOUT_REDIRECT] 1 : Invalid condition id : UX_CORESTACK_Condition cause : null
2024-06-14 17:07:13,764 [INFO] LogOutputStream:77 - [STDOUT_REDIRECT] 1 : Invalid condition id : UX_CORESTACK_Condition cause : null
2024-06-14 17:07:13,770 [WARN] PackLoader:240 - Cannot read IP mode file for STMicroelectronics.X-CUBE-AZRTOS-WL.2.0.0
2024-06-14 17:07:13,805 [WARN] PackLoader:240 - Cannot read IP mode file for STMicroelectronics.FP-SNS-MOTENV1.5.0.0
2024-06-14 17:07:13,857 [WARN] PackLoader:240 - Cannot read IP mode file for wolfSSL.I-CUBE-wolfMQTT.1.19.0
2024-06-14 17:07:13,916 [WARN] PackLoader:240 - Cannot read IP mode file for WES.I-CUBE-Cesium.1.3.0
2024-06-14 17:07:13,931 [WARN] PackLoader:240 - Cannot read IP mode file for STMicroelectronics.X-CUBE-BLE2.3.3.0
2024-06-14 17:07:13,967 [WARN] PackLoader:240 - Cannot read IP mode file for STMicroelectronics.X-CUBE-TOF1.3.2.0
2024-06-14 17:07:13,996 [WARN] PackLoader:240 - Cannot read IP mode file for STMicroelectronics.X-CUBE-TCPP.4.1.0
2024-06-14 17:07:14,006 [WARN] PackLoader:240 - Cannot read IP mode file for STMicroelectronics.X-CUBE-TOUCHGFX.4.21.1
2024-06-14 17:07:14,023 [WARN] PackLoader:240 - Cannot read IP mode file for STMicroelectronics.X-CUBE-TOUCHGFX.4.21.3
2024-06-14 17:07:14,028 [WARN] PackLoader:240 - Cannot read IP mode file for STMicroelectronics.X-CUBE-TOUCHGFX.4.21.4
2024-06-14 17:07:14,035 [INFO] WebApp:192 - Starting web application
2024-06-14 17:07:14,036 [INFO] WebApp:544 - Web application path used C:\ST\STM32CubeIDE_1.12.0\STM32CubeIDE\plugins\com.st.stm32cube.common.mx_6.11.0.202403141607\db\plugins\mcufinder\reactClient1\index.html
2024-06-14 17:07:14,046 [WARN] PackLoader:240 - Cannot read IP mode file for STMicroelectronics.X-CUBE-AI.7.3.0
2024-06-14 17:07:14,061 [WARN] PackLoader:240 - Cannot read IP mode file for STMicroelectronics.X-CUBE-ALGOBUILD.1.3.0
2024-06-14 17:07:14,091 [WARN] PackLoader:240 - Cannot read IP mode file for STMicroelectronics.X-CUBE-AZRTOS-G0.1.1.0
2024-06-14 17:07:14,106 [WARN] PackLoader:240 - Cannot read IP mode file for STMicroelectronics.X-CUBE-SAFEA1.1.2.2
2024-06-14 17:07:14,121 [WARN] PackLoader:240 - Cannot read IP mode file for STMicroelectronics.X-CUBE-NFC4.3.0.0
2024-06-14 17:07:14,136 [WARN] PackLoader:240 - Cannot read IP mode file for STMicroelectronics.X-CUBE-BLEMGR.3.0.0
2024-06-14 17:07:14,152 [WARN] PackLoader:240 - Cannot read IP mode file for STMicroelectronics.X-CUBE-BLEMGR.1.3.0
2024-06-14 17:07:14,162 [WARN] PackLoader:240 - Cannot read IP mode file for STMicroelectronics.FP-ATR-SIGFOX1.3.2.0
2024-06-14 17:07:14,175 [WARN] PackLoader:240 - Cannot read IP mode file for STMicroelectronics.X-CUBE-EEPRMA1.5.1.0
2024-06-14 17:07:14,266 [WARN] PackLoader:240 - Cannot read IP mode file for STMicroelectronics.X-CUBE-MEMS1.9.5.0
2024-06-14 17:07:14,618 [WARN] PackLoader:240 - Cannot read IP mode file for SEGGER.I-CUBE-embOS.1.3.1
2024-06-14 17:07:14,697 [WARN] PackLoader:240 - Cannot read IP mode file for STMicroelectronics.X-CUBE-ALGOBUILD.1.4.0
2024-06-14 17:07:14,708 [WARN] PackLoader:240 - Cannot read IP mode file for STMicroelectronics.X-CUBE-GNSS1.6.0.0
2024-06-14 17:07:14,736 [WARN] PackLoader:240 - Cannot read IP mode file for STMicroelectronics.X-CUBE-AZRTOS-F4.1.1.0
2024-06-14 17:07:14,746 [WARN] PackLoader:240 - Cannot read IP mode file for wolfSSL.I-CUBE-wolfSSL.5.6.3
2024-06-14 17:07:14,754 [WARN] PackLoader:240 - Cannot read IP mode file for STMicroelectronics.X-CUBE-FREERTOS.1.2.0
2024-06-14 17:07:14,796 [WARN] PackLoader:240 - Cannot read IP mode file for STMicroelectronics.X-CUBE-AZRTOS-L5.2.0.0
2024-06-14 17:07:14,872 [WARN] PackLoader:240 - Cannot read IP mode file for STMicroelectronics.X-CUBE-MEMS1.9.6.0
2024-06-14 17:07:15,123 [WARN] PackLoader:240 - Cannot read IP mode file for STMicroelectronics.X-CUBE-EEPRMA1.4.2.0
2024-06-14 17:07:15,135 [WARN] PackLoader:240 - Cannot read IP mode file for STMicroelectronics.X-CUBE-NFC6.3.1.0
2024-06-14 17:07:15,145 [WARN] PackLoader:240 - Cannot read IP mode file for ITTIA_DB.I-CUBE-ITTIADB.8.8.0
2024-06-14 17:07:15,154 [WARN] PackLoader:240 - Cannot read IP mode file for emotas.I-CUBE-CANOPEN.1.1.3
2024-06-14 17:07:15,168 [WARN] PackLoader:240 - Cannot read IP mode file for STMicroelectronics.X-CUBE-BLEMGR.2.0.0
2024-06-14 17:07:15,174 [WARN] PackLoader:240 - Cannot read IP mode file for STMicroelectronics.X-CUBE-AI.9.0.0
2024-06-14 17:07:15,193 [WARN] ConditionMgr:438 - getConditionDescription Invalid condition id : UX DEVICE CLASS RTOS Condition cause : null
2024-06-14 17:07:15,194 [WARN] ConditionMgr:438 - getConditionDescription Invalid condition id : UX DEVICE CLASS RTOS Condition cause : null
2024-06-14 17:07:15,198 [WARN] PackLoader:240 - Cannot read IP mode file for STMicroelectronics.X-CUBE-AZRTOS-H7.3.1.0
2024-06-14 17:07:15,199 [WARN] ConditionMgr:1039 - genDependencies : Invalid condition id : UX DEVICE CLASS RTOS Condition cause : null
2024-06-14 17:07:15,200 [WARN] ConditionMgr:1039 - genDependencies : Invalid condition id : UX DEVICE CLASS RTOS Condition cause : null
2024-06-14 17:07:15,201 [WARN] ConditionMgr:1039 - genDependencies : Invalid condition id : UX DEVICE CLASS RTOS Condition cause : null
2024-06-14 17:07:15,202 [WARN] ConditionMgr:1039 - genDependencies : Invalid condition id : UX DEVICE CLASS RTOS Condition cause : null
2024-06-14 17:07:15,202 [WARN] ConditionMgr:1039 - genDependencies : Invalid condition id : UX DEVICE CLASS RTOS Condition cause : null
2024-06-14 17:07:15,210 [WARN] PackLoader:240 - Cannot read IP mode file for wolfSSL.I-CUBE-wolfSSL.5.5.4
2024-06-14 17:07:15,221 [WARN] PackLoader:240 - Cannot read IP mode file for STMicroelectronics.X-CUBE-NFC7.1.0.1
2024-06-14 17:07:15,232 [WARN] PackLoader:240 - Cannot read IP mode file for STMicroelectronics.X-CUBE-NFC7.1.0.0
2024-06-14 17:07:15,245 [WARN] PackLoader:240 - Cannot read IP mode file for STMicroelectronics.X-CUBE-NFC6.3.0.0
2024-06-14 17:07:15,257 [WARN] PackLoader:240 - Cannot read IP mode file for STMicroelectronics.X-CUBE-EEPRMA1.4.1.0
2024-06-14 17:07:15,262 [WARN] PackLoader:240 - Cannot read IP mode file for STMicroelectronics.X-CUBE-AI.8.1.0
2024-06-14 17:07:15,296 [WARN] ConditionMgr:438 - getConditionDescription Invalid condition id : LAN8742 Phy interface Condition cause : null
2024-06-14 17:07:15,297 [WARN] PackLoader:240 - Cannot read IP mode file for STMicroelectronics.X-CUBE-AZRTOS-L4.2.0.0
2024-06-14 17:07:15,300 [WARN] ConditionMgr:1039 - genDependencies : Invalid condition id : LAN8742 Phy interface Condition cause : null
2024-06-14 17:07:15,301 [WARN] ConditionMgr:1039 - genDependencies : Invalid condition id : LAN8742 Phy interface Condition cause : null
2024-06-14 17:07:15,302 [WARN] ConditionMgr:1039 - genDependencies : Invalid condition id : LAN8742 Phy interface Condition cause : null
2024-06-14 17:07:15,313 [WARN] PackLoader:240 - Cannot read IP mode file for STMicroelectronics.X-CUBE-SFXS2LP1.4.0.0
2024-06-14 17:07:15,343 [WARN] PackLoader:240 - Cannot read IP mode file for STMicroelectronics.X-CUBE-AZRTOS-H7.3.0.0
2024-06-14 17:07:15,354 [WARN] PackLoader:240 - Cannot read IP mode file for STMicroelectronics.X-CUBE-ISPU.1.1.0
2024-06-14 17:07:15,361 [WARN] PackLoader:240 - Cannot read IP mode file for RoweBots.I-CUBE-UNISONRTOS.5.5.0-4
2024-06-14 17:07:15,370 [WARN] PackLoader:240 - Cannot read IP mode file for STMicroelectronics.X-CUBE-AI.8.0.0
2024-06-14 17:07:15,404 [WARN] ConditionMgr:438 - getConditionDescription Invalid condition id : UX DEVICE CLASS RTOS Condition cause : null
2024-06-14 17:07:15,405 [WARN] ConditionMgr:438 - getConditionDescription Invalid condition id : UX DEVICE CLASS RTOS Condition cause : null
2024-06-14 17:07:15,411 [WARN] PackLoader:240 - Cannot read IP mode file for STMicroelectronics.X-CUBE-AZRTOS-WB.2.0.0
2024-06-14 17:07:15,413 [WARN] ConditionMgr:1039 - genDependencies : Invalid condition id : UX DEVICE CLASS RTOS Condition cause : null
2024-06-14 17:07:15,413 [WARN] ConditionMgr:1039 - genDependencies : Invalid condition id : UX DEVICE CLASS RTOS Condition cause : null
2024-06-14 17:07:15,415 [WARN] ConditionMgr:1039 - genDependencies : Invalid condition id : UX DEVICE CLASS RTOS Condition cause : null
2024-06-14 17:07:15,417 [WARN] ConditionMgr:1039 - genDependencies : Invalid condition id : UX DEVICE CLASS RTOS Condition cause : null
2024-06-14 17:07:15,418 [WARN] ConditionMgr:1039 - genDependencies : Invalid condition id : UX DEVICE CLASS RTOS Condition cause : null
2024-06-14 17:07:15,427 [WARN] PackLoader:240 - Cannot read IP mode file for STMicroelectronics.X-CUBE-FREERTOS.1.0.0
2024-06-14 17:07:15,437 [WARN] PackLoader:240 - Cannot read IP mode file for STMicroelectronics.X-CUBE-FREERTOS.1.0.1
2024-06-14 17:07:15,466 [WARN] PackLoader:240 - Cannot read IP mode file for STMicroelectronics.X-CUBE-AZRTOS-L5.1.1.0
2024-06-14 17:07:15,476 [WARN] PackLoader:240 - Cannot read IP mode file for STMicroelectronics.X-CUBE-AI.8.0.1
2024-06-14 17:07:15,497 [WARN] PackLoader:240 - Cannot read IP mode file for STMicroelectronics.X-CUBE-SUBG2.5.0.0
2024-06-14 17:07:15,523 [WARN] PackLoader:240 - Cannot read IP mode file for STMicroelectronics.X-CUBE-TOF1.3.3.1
2024-06-14 17:07:15,581 [WARN] PackLoader:240 - Cannot read IP mode file for STMicroelectronics.X-CUBE-AZRTOS-G4.2.0.0
2024-06-14 17:07:15,603 [WARN] PackLoader:240 - Cannot read IP mode file for STMicroelectronics.X-CUBE-TOF1.3.3.0
2024-06-14 17:07:15,628 [WARN] PackLoader:240 - Cannot read IP mode file for STMicroelectronics.FP-ATR-ASTRA1.1.1.1
2024-06-14 17:07:15,648 [WARN] PackLoader:240 - Cannot read IP mode file for Infineon.AIROC-Wi-Fi-Bluetooth-STM32.1.5.1
2024-06-14 17:07:15,660 [WARN] PackLoader:240 - Cannot read IP mode file for STMicroelectronics.FP-SNS-MOTENVWB1.1.3.0
2024-06-14 17:07:15,667 [WARN] PackLoader:240 - Cannot read IP mode file for STMicroelectronics.FP-SNS-MOTENVWB1.1.3.1
2024-06-14 17:07:15,687 [WARN] PackLoader:240 - Cannot read IP mode file for STMicroelectronics.X-CUBE-AZRTOS-G4.1.0.0
2024-06-14 17:07:15,726 [WARN] PackLoader:240 - Cannot read IP mode file for STMicroelectronics.X-CUBE-AZRTOS-L4.1.0.0
2024-06-14 17:07:15,738 [WARN] PackLoader:240 - Cannot read IP mode file for STMicroelectronics.X-CUBE-ISPU.2.0.0
2024-06-14 17:07:15,745 [WARN] PackLoader:240 - Cannot read IP mode file for STMicroelectronics.X-CUBE-ALS.1.0.2
2024-06-14 17:07:15,865 [WARN] PackLoader:240 - Cannot read IP mode file for STMicroelectronics.X-CUBE-MEMS1.10.0.0
2024-06-14 17:07:16,172 [WARN] PackLoader:240 - Cannot read IP mode file for STMicroelectronics.X-CUBE-FREERTOS.1.1.0
2024-06-14 17:07:16,201 [WARN] PackLoader:240 - Cannot read IP mode file for STMicroelectronics.X-CUBE-AZRTOS-WL.1.0.0
2024-06-14 17:07:16,213 [WARN] PackLoader:240 - Cannot read IP mode file for portGmbH.I-Cube-SoM-uGOAL.1.1.0
2024-06-14 17:07:16,224 [WARN] PackLoader:240 - Cannot read IP mode file for STMicroelectronics.X-CUBE-ALS.1.0.1
2024-06-14 17:07:16,276 [WARN] PackLoader:240 - Cannot read IP mode file for STMicroelectronics.X-CUBE-AZRTOS-WB.1.1.0
2024-06-14 17:07:16,346 [WARN] PackLoader:240 - Cannot read IP mode file for STMicroelectronics.X-CUBE-AZRTOS-H7RS.1.0.0
2024-06-14 17:07:16,358 [WARN] PackLoader:240 - Cannot read IP mode file for STMicroelectronics.FP-ATR-ASTRA1.2.0.0
2024-06-14 17:07:16,377 [WARN] PackLoader:240 - Cannot read IP mode file for STMicroelectronics.X-CUBE-TOF1.3.4.0
2024-06-14 17:07:16,415 [WARN] PackLoader:240 - Cannot read IP mode file for STMicroelectronics.X-CUBE-TOF1.3.4.1
2024-06-14 17:07:16,480 [WARN] PackLoader:240 - Cannot read IP mode file for STMicroelectronics.X-CUBE-AZRTOS-H7.3.2.0
2024-06-14 17:07:16,488 [INFO] ThirdParty:978 - Integrity check success = true
2024-06-14 17:07:16,489 [INFO] IntegrityCheckThread:100 - exiting critical section [integrity check]
2024-06-14 17:07:16,489 [INFO] IntegrityCheckThread:103 - End integrity checks thread
2024-06-14 18:55:20,660 [INFO] McuFinderGlobals:63 - Set McuFinder mode to 2 (CubeIDE integrated)
2024-06-14 18:55:20,688 [INFO] MainUpdater:2873 - connection check result : 10
2024-06-14 18:55:20,693 [INFO] MainUpdater:2873 - connection check result : 10
2024-06-14 18:55:21,014 [INFO] MicroXplorer:468 - Change Database Path : 
2024-06-14 18:55:21,015 [INFO] MicroXplorer:498 - Change Database Version : DB.6.0.110
2024-06-14 18:55:21,044 [WARN] ThirdParty:871 - waiting for thirdparty lock release [close project]
2024-06-14 18:55:21,044 [INFO] ThirdParty:873 - entering critical section [close project]
2024-06-14 18:55:21,061 [INFO] ThirdParty:883 - exiting critical section [close project]
2024-06-14 18:55:21,068 [INFO] PinOutPanel:1561 - setPackage(No Configuration,No Configuration)
2024-06-14 18:55:21,079 [INFO] UtilMem:75 - Begin LoadConfig() Used Memory: 647732816 Bytes (1073741824)
2024-06-14 18:55:21,084 [INFO] MicroXplorer:468 - Change Database Path : 
2024-06-14 18:55:21,084 [INFO] MicroXplorer:498 - Change Database Version : DB.6.0.110
2024-06-14 18:55:21,084 [INFO] OpenFileManager:312 - Change cursor
2024-06-14 18:55:21,261 [INFO] Mcu:2021 - Initializing MCU STM32F103R(C-D-E)Tx STM32F103RCTx STM32F103RCT6
2024-06-14 18:55:24,560 [INFO] Context:663 - Trying to add GPIOservice into a context  which must be forbidden
2024-06-14 18:55:26,288 [INFO] RtosManager:555 - Registered RTOS mode: class=CMSIS, group=RTOS, mode=CMSIS_V1, owner=FREERTOS
2024-06-14 18:55:26,289 [INFO] RtosManager:555 - Registered RTOS mode: class=CMSIS, group=RTOS2, mode=CMSIS_V2, owner=FREERTOS
2024-06-14 18:55:26,289 [INFO] RtosManager:555 - Registered RTOS mode: class=RTOS, group=Core, mode=CMSIS_V1, owner=FREERTOS
2024-06-14 18:55:26,290 [INFO] RtosManager:555 - Registered RTOS mode: class=RTOS, group=Core, mode=CMSIS_V2, owner=FREERTOS
2024-06-14 18:55:26,290 [WARN] ModelIntegratedComponent:184 - Missing modes for component STMicroelectronics:FreeRTOS:0.0.1:STMicroelectronics:RTOS:FreeRTOS:Core:::10.2.0:
2024-06-14 18:55:26,304 [WARN] ModelIntegratedComponent:63 - No mode defined for component null
2024-06-14 18:55:26,305 [WARN] ModelIntegratedComponent:63 - No mode defined for component null
2024-06-14 18:55:26,307 [WARN] ModelIntegratedComponent:63 - No mode defined for component null
2024-06-14 18:55:26,307 [WARN] ModelIntegratedComponent:63 - No mode defined for component null
2024-06-14 18:55:26,307 [WARN] ModelIntegratedComponent:63 - No mode defined for component null
2024-06-14 18:55:26,308 [WARN] ModelIntegratedComponent:63 - No mode defined for component null
2024-06-14 18:55:26,308 [WARN] ModelIntegratedComponent:63 - No mode defined for component null
2024-06-14 18:55:26,308 [WARN] ModelIntegratedComponent:63 - No mode defined for component null
2024-06-14 18:55:26,308 [WARN] ModelIntegratedComponent:63 - No mode defined for component null
2024-06-14 18:55:26,309 [WARN] ModelIntegratedComponent:63 - No mode defined for component null
2024-06-14 18:55:26,309 [WARN] ModelIntegratedComponent:63 - No mode defined for component null
2024-06-14 18:55:26,309 [WARN] ModelIntegratedComponent:63 - No mode defined for component null
2024-06-14 18:55:26,309 [WARN] ModelIntegratedComponent:63 - No mode defined for component null
2024-06-14 18:55:26,309 [WARN] ModelIntegratedComponent:63 - No mode defined for component null
2024-06-14 18:55:26,309 [WARN] ModelIntegratedComponent:63 - No mode defined for component null
2024-06-14 18:55:26,309 [WARN] ModelIntegratedComponent:63 - No mode defined for component null
2024-06-14 18:55:26,310 [WARN] ModelIntegratedComponent:63 - No mode defined for component null
2024-06-14 18:55:26,310 [WARN] ModelIntegratedComponent:63 - No mode defined for component null
2024-06-14 18:55:26,310 [WARN] ModelIntegratedComponent:63 - No mode defined for component null
2024-06-14 18:55:26,310 [WARN] ModelIntegratedComponent:63 - No mode defined for component null
2024-06-14 18:55:26,310 [WARN] ModelIntegratedComponent:63 - No mode defined for component null
2024-06-14 18:55:26,311 [WARN] ModelIntegratedComponent:63 - No mode defined for component null
2024-06-14 18:55:26,311 [WARN] ModelIntegratedComponent:63 - No mode defined for component null
2024-06-14 18:55:26,311 [WARN] ModelIntegratedComponent:63 - No mode defined for component null
2024-06-14 18:55:26,311 [WARN] ModelIntegratedComponent:63 - No mode defined for component null
2024-06-14 18:55:26,311 [WARN] ModelIntegratedComponent:63 - No mode defined for component null
2024-06-14 18:55:26,311 [WARN] ModelIntegratedComponent:63 - No mode defined for component null
2024-06-14 18:55:26,311 [WARN] ModelIntegratedComponent:63 - No mode defined for component null
2024-06-14 18:55:26,312 [WARN] ModelIntegratedComponent:63 - No mode defined for component null
2024-06-14 18:55:26,312 [WARN] ModelIntegratedComponent:63 - No mode defined for component null
2024-06-14 18:55:26,312 [WARN] ModelIntegratedComponent:63 - No mode defined for component null
2024-06-14 18:55:26,312 [WARN] ModelIntegratedComponent:63 - No mode defined for component null
2024-06-14 18:55:26,312 [WARN] ModelIntegratedComponent:63 - No mode defined for component null
2024-06-14 18:55:26,312 [WARN] ModelIntegratedComponent:63 - No mode defined for component null
2024-06-14 18:55:26,783 [INFO] ThirdPartyModel:298 - Start build external matchings
2024-06-14 18:55:33,023 [INFO] ThirdPartyModel:316 - End build external matchings
2024-06-14 18:55:33,134 [INFO] ImportTextPane:194 - (OptionalMessage_ERROR) IP (DMA) : Parameter (Instance) has Id (USART1_TX) currently not set
2024-06-14 18:55:33,134 [INFO] ImportTextPane:194 - (OptionalMessage_ERROR) IP (DMA) : Parameter (Direction) has Id (USART1_TX) currently not set
2024-06-14 18:55:33,135 [INFO] ImportTextPane:194 - (OptionalMessage_ERROR) IP (DMA) : Parameter (PeriphInc) has Id (USART1_TX) currently not set
2024-06-14 18:55:33,135 [INFO] ImportTextPane:194 - (OptionalMessage_ERROR) IP (DMA) : Parameter (MemInc) has Id (USART1_TX) currently not set
2024-06-14 18:55:33,135 [INFO] ImportTextPane:194 - (OptionalMessage_ERROR) IP (DMA) : Parameter (PeriphDataAlignment) has Id (USART1_TX) currently not set
2024-06-14 18:55:33,138 [INFO] ImportTextPane:194 - (OptionalMessage_ERROR) IP (DMA) : Parameter (MemDataAlignment) has Id (USART1_TX) currently not set
2024-06-14 18:55:33,139 [INFO] ImportTextPane:194 - (OptionalMessage_ERROR) IP (DMA) : Parameter (Mode) has Id (USART1_TX) currently not set
2024-06-14 18:55:33,139 [INFO] ImportTextPane:194 - (OptionalMessage_ERROR) IP (DMA) : Parameter (Priority) has Id (USART1_TX) currently not set
2024-06-14 18:55:33,140 [INFO] ImportTextPane:194 - (OptionalMessage_ERROR) IP (DMA) : Parameter (Instance) has Id (USART1_RX) currently not set
2024-06-14 18:55:33,140 [INFO] ImportTextPane:194 - (OptionalMessage_ERROR) IP (DMA) : Parameter (Direction) has Id (USART1_RX) currently not set
2024-06-14 18:55:33,140 [INFO] ImportTextPane:194 - (OptionalMessage_ERROR) IP (DMA) : Parameter (PeriphInc) has Id (USART1_RX) currently not set
2024-06-14 18:55:33,140 [INFO] ImportTextPane:194 - (OptionalMessage_ERROR) IP (DMA) : Parameter (MemInc) has Id (USART1_RX) currently not set
2024-06-14 18:55:33,140 [INFO] ImportTextPane:194 - (OptionalMessage_ERROR) IP (DMA) : Parameter (PeriphDataAlignment) has Id (USART1_RX) currently not set
2024-06-14 18:55:33,140 [INFO] ImportTextPane:194 - (OptionalMessage_ERROR) IP (DMA) : Parameter (MemDataAlignment) has Id (USART1_RX) currently not set
2024-06-14 18:55:33,140 [INFO] ImportTextPane:194 - (OptionalMessage_ERROR) IP (DMA) : Parameter (Mode) has Id (USART1_RX) currently not set
2024-06-14 18:55:33,141 [INFO] ImportTextPane:194 - (OptionalMessage_ERROR) IP (DMA) : Parameter (Priority) has Id (USART1_RX) currently not set
2024-06-14 18:55:33,144 [WARN] IP:2120 - I2C_Coeff_DF not found: check if there is a RefParameter without a condition.
2024-06-14 18:55:33,144 [WARN] IP:2120 - Analog_Filter not found: check if there is a RefParameter without a condition.
2024-06-14 18:55:33,145 [INFO] ImportTextPane:194 - (OptionalMessage_ERROR) IP (RCC) : Invalid parameter (FamilyName)
2024-06-14 18:55:34,825 [INFO] ApiDb:581 - Connected to CubeFinder SQLite database (C:\Users\ADMIN\.stmcufinder\plugins\mcufinder\mcu\cube-finder-db.db)
2024-06-14 18:55:35,111 [INFO] ApiDb:668 - CubeFinder database Data Model version=2.1
2024-06-14 18:55:35,112 [INFO] ApiDb:669 - CubeFinder database Configuration version=3.0.39
2024-06-14 18:55:35,116 [INFO] ApiDb:670 - CubeFinder database generation date=2024-04-15 (1713193726)
2024-06-14 18:55:35,116 [INFO] ApiDb:671 - CubeFinder database FW Pack versions=[FP-ATR-ASTRA1_V2.0.0, FP-SNS-FLIGHT1_V5.0.1, FP-SNS-FLIGHT1_V5.0.2, FP-SNS-MOTENV1_V4.3.1, FP-SNS-MOTENV1_V4.3.2, FP-SNS-MOTENVWB1_V1.3.1, FP-SNS-SMARTAG2_V1.2.0, STM32Cube_FW_C0_V1.1.0, STM32Cube_FW_F4_V1.28.0, STM32Cube_FW_F7_V1.17.0, STM32Cube_FW_G0_V1.6.2, STM32Cube_FW_G4_V1.5.2, STM32Cube_FW_H5_V0.5.1, STM32Cube_FW_H5_V1.1.1, STM32Cube_FW_H5_V1.2.0, STM32Cube_FW_H5_V1.2.0RC4, STM32Cube_FW_H7RS_V1.0.0, STM32Cube_FW_H7RS_V1.0.0RC4, STM32Cube_FW_H7_V1.11.0, STM32Cube_FW_L0_V1.12.2, STM32Cube_FW_L5_V1.5.1, STM32Cube_FW_U0_V1.0.0, STM32Cube_FW_U0_V1.0.0RC1, STM32Cube_FW_U5_V1.3.0RC4, STM32Cube_FW_U5_V1.5.0, STM32Cube_FW_U5_V1.5.0RC1, STM32Cube_FW_WBA_V1.0.0RC1, STM32Cube_FW_WBA_V1.2.0, STM32Cube_FW_WBA_V1.2.0RC2, STM32Cube_FW_WBA_V1.3.0, STM32Cube_FW_WBA_V1.3.0RC1, STM32Cube_FW_WB_V1.15.0RC1, STM32Cube_FW_WB_V1.16.0, STM32Cube_FW_WB_V1.16.0RC2, STM32Cube_FW_WB_V1.18.0, STM32Cube_FW_WB_V1.19.0, STM32Cube_FW_WL_V1.3.0, X-CUBE-ALGOBUILD_V1.3.0, X-CUBE-ALS_V1.0.1, X-CUBE-AZRTOS-F4_V1.1.0, X-CUBE-AZRTOS-F7_V1.1.0, X-CUBE-AZRTOS-G0_V1.1.0, X-CUBE-AZRTOS-G4_V2.0.0, X-CUBE-AZRTOS-H7_V3.2.0, X-CUBE-AZRTOS-L4_V1.0.0, X-CUBE-AZRTOS-L4_V2.0.0, X-CUBE-AZRTOS-L5_V1.1.0, X-CUBE-AZRTOS-WB_V2.0.0, X-CUBE-AZRTOS-WL_V2.0.0, X-CUBE-BLE1_V7.0.0, X-CUBE-BLE2_V3.3.0, X-CUBE-BLEMGR_V3.1.0, X-CUBE-EEPRMA1_V4.1.0, X-CUBE-EEPRMA1_V5.1.0, X-CUBE-FREERTOS_V1.1.0, X-CUBE-GNSS1_V6.0.0, X-CUBE-MEMS1_V10.0.0, X-CUBE-MEMS1_V9.1.0, X-CUBE-MEMS1_V9.4.0, X-CUBE-MEMS1_V9.6.0, X-CUBE-NFC4_V3.0.0, X-CUBE-NFC7_V1.0.1, X-CUBE-SFXS2LP1_V4.0.0, X-CUBE-SUBG2_V5.0.0, X-CUBE-TOF1_V3.4.0]
2024-06-14 18:55:35,533 [INFO] DbBoardsSqlite:226 - include board P-NUCLEO-WB55-NUCLEO as a kit item of type 'Nucleo-64'
2024-06-14 18:55:35,534 [INFO] DbBoardsSqlite:226 - include board P-NUCLEO-WB55-USBDONGLE as a kit item of type 'Nucleo USB Dongle'
2024-06-14 18:55:35,538 [INFO] DbBoardsSqlite:226 - include board STEVAL-IDP005V1 as a kit item of type 'Evaluation Board'
2024-06-14 18:55:35,539 [INFO] DbBoardsSqlite:226 - include board STEVAL-IDP005V2 as a kit item of type 'Evaluation Board'
2024-06-14 18:55:36,661 [INFO] ApiDb:240 - Found 483 in-development CPN: [B-G473E-ZEST1S, B-WB1M-WPAN1, B-WL5M-SUBG1, NUCLEO-C031C6, NUCLEO-H503RB, NUCLEO-H533RE, NUCLEO-H563ZI, NUCLEO-H7S3L8, NUCLEO-U031R8, NUCLEO-U083RC, NUCLEO-U545RE-Q, NUCLEO-U5A5ZJ-Q, NUCLEO-WBA52CG, NUCLEO-WBA55CG, STEVAL-PROTEUS1, STEVAL-SMARTAG2, STEVAL-STWINBX1, STM320518-EVAL, STM32C0116-DK, STM32C011D6Y3TR, STM32C011D6Y6TR, STM32C011F4P3, STM32C011F4P6, STM32C011F4U3, STM32C011F4U6TR, STM32C011F6P3, STM32C011F6P6, STM32C011F6U3, STM32C011F6U6TR, STM32C011J4M3, STM32C011J4M6, STM32C011J6M3, STM32C011J6M6, STM32C0316-DK, STM32C031C4T3, STM32C031C4T6, STM32C031C4U3, STM32C031C4U6, STM32C031C6T3, STM32C031C6T6, STM32C031C6U3, STM32C031C6U6, STM32C031F4P3, STM32C031F4P6, STM32C031F6P3, STM32C031F6P6, STM32C031G4U3, STM32C031G4U6, STM32C031G6U3, STM32C031G6U6, STM32C031K4T3, STM32C031K4T6, STM32C031K4U3, STM32C031K4U6, STM32C031K6T3, STM32C031K6T6, STM32C031K6U3, STM32C031K6U6, STM32G071K8TXN, STM32G071K8UXN, STM32G081GBU6N, STM32G081KBT6N, STM32G081KBUXN, STM32G0B1CCT6N, STM32G0B1KCT6, STM32G0B1NEY6TR, STM32G0B1RCT6N, STM32G0C1CCT6, STM32G0C1CCT6N, STM32G0C1CCU6N, STM32G0C1CET6N, STM32G0C1CEU6N, STM32G0C1KCT6, STM32G0C1NEY6TR, STM32G0C1RCI6N, STM32G0C1RCT6N, STM32G0C1REI6N, STM32G0C1RET6N, STM32G0C1VCI6, STM32G0C1VEI6, STM32G471CCT6, STM32G471CCU6, STM32G471CET3, STM32G471CET6, STM32G471CEU3, STM32G471CEU6, STM32G471MCT6, STM32G471MET3, STM32G471MET6, STM32G471MEY6TR, STM32G471QCT6, STM32G471QET3, STM32G471RCT6, STM32G471RET3, STM32G471RET6, STM32G471VCH6, STM32G471VCI6, STM32G471VCT6, STM32G471VEH3, STM32G471VEH6, STM32G471VEI3, STM32G471VEI6, STM32G471VET3, STM32G471VET6, STM32G474CCT6, STM32H503CBT6, STM32H503CBU6, STM32H503EBY6TR, STM32H503KBU6, STM32H503RBT6, STM32H523CCT6, STM32H523CCU6, STM32H523CET6, STM32H523CEU6, STM32H523HEY6TR, STM32H523RCT6, STM32H523RET6, STM32H523VCI6, STM32H523VCT6, STM32H523VEI6, STM32H523VET6, STM32H523ZCJ6, STM32H523ZCT6, STM32H523ZEJ6, STM32H523ZET6, STM32H533CET6, STM32H533CEU6, STM32H533HEY6TR, STM32H533RET6, STM32H533VEI6, STM32H533VET6, STM32H533ZEJ6, STM32H533ZET6, STM32H562AGI6, STM32H562AII6, STM32H562IGK6, STM32H562IGT6, STM32H562IIK6, STM32H562IIT6, STM32H562RGT6, STM32H562RGV6, STM32H562RIT6, STM32H562RIV6, STM32H562VGT6, STM32H562VIT6, STM32H562ZGT6, STM32H562ZIT6, STM32H563AGI6, STM32H563AII3Q, STM32H563AII6, STM32H563IGK6, STM32H563IGT6, STM32H563IIK3Q, STM32H563IIK6, STM32H563IIT3Q, STM32H563IIT6, STM32H563MIY3QTR, STM32H563RGT6, STM32H563RGV6, STM32H563RIT6, STM32H563RIV6, STM32H563VGT6, STM32H563VIT3Q, STM32H563VIT6, STM32H563ZGT6, STM32H563ZIT3Q, STM32H563ZIT6, STM32H573AII3Q, STM32H573AII6, STM32H573I-DK, STM32H573IIK3Q, STM32H573IIK6, STM32H573IIT3Q, STM32H573IIT6, STM32H573MIY3QTR, STM32H573RIT6, STM32H573RIV6, STM32H573VIT3Q, STM32H573VIT6, STM32H573ZIT3Q, STM32H573ZIT6, STM32H7R3A8I6, STM32H7R3I8K6, STM32H7R3I8T6, STM32H7R3L8H6, STM32H7R3L8H6H, STM32H7R3R8V6, STM32H7R3V8H6, STM32H7R3V8T6, STM32H7R3V8Y6, STM32H7R3Z8J6, STM32H7R3Z8T6, STM32H7R7A8I6, STM32H7R7I8K6, STM32H7R7I8T6, STM32H7R7L8H6, STM32H7R7L8H6H, STM32H7R7Z8J6, STM32H7S3A8I6, STM32H7S3I8K6, STM32H7S3I8T6, STM32H7S3L8H6, STM32H7S3L8H6H, STM32H7S3R8V6, STM32H7S3V8H6, STM32H7S3V8T6, STM32H7S3V8Y6, STM32H7S3Z8J6, STM32H7S3Z8T6, STM32H7S78-DK, STM32H7S7A8I6, STM32H7S7I8K6, STM32H7S7I8T6, STM32H7S7L8H6, STM32H7S7L8H6H, STM32H7S7Z8J6, STM32L4R5QGI6STR, STM32MP131AAE3, STM32MP131AAF3, STM32MP131AAG3, STM32MP131CAE3, STM32MP131CAF3, STM32MP131CAG3, STM32MP131DAE7, STM32MP131DAF7, STM32MP131DAG7, STM32MP131FAE7, STM32MP131FAF7, STM32MP131FAG7, STM32MP133AAE3, STM32MP133AAF3, STM32MP133AAG3, STM32MP133CAE3, STM32MP133CAF3, STM32MP133CAG3, STM32MP133DAE7, STM32MP133DAF7, STM32MP133DAG7, STM32MP133FAE7, STM32MP133FAF7, STM32MP133FAG7, STM32MP135AAE3, STM32MP135AAF3, STM32MP135AAG3, STM32MP135CAE3, STM32MP135CAF3, STM32MP135CAG3, STM32MP135DAE7, STM32MP135DAF7, STM32MP135DAG7, STM32MP135F-DK, STM32MP135FAE7, STM32MP135FAF7, STM32MP135FAF7T, STM32MP135FAF7U, STM32MP135FAG7, STM32U031C6T6, STM32U031C6U6, STM32U031C8T6, STM32U031C8U6, STM32U031F4P6, STM32U031F6P6, STM32U031F8P6, STM32U031G6Y6TR, STM32U031G8Y6TR, STM32U031K4U6, STM32U031K6U6, STM32U031K8U6, STM32U031R6I6, STM32U031R6T6, STM32U031R8I6, STM32U031R8T6, STM32U073C8T6, STM32U073C8U6, STM32U073CBT6, STM32U073CBU6, STM32U073CCT6, STM32U073CCU6, STM32U073H8Y6TR, STM32U073HBY6TR, STM32U073HCY6TR, STM32U073K8U6, STM32U073KBU6, STM32U073KCU6, STM32U073M8I6, STM32U073M8T6, STM32U073MBI6, STM32U073MBT6, STM32U073MCI6, STM32U073MCT6, STM32U073R8I6, STM32U073R8T6, STM32U073RBI6, STM32U073RBT6, STM32U073RCI6, STM32U073RCT6, STM32U083C-DK, STM32U083CCT6, STM32U083CCU6, STM32U083HCY6TR, STM32U083KCU6, STM32U083MCI6, STM32U083MCT6, STM32U083RCI6, STM32U083RCT6, STM32U535CBT6, STM32U535CBT6Q, STM32U535CBU6, STM32U535CBU6Q, STM32U535CCT6, STM32U535CCT6Q, STM32U535CCU6, STM32U535CCU6Q, STM32U535CET6, STM32U535CET6Q, STM32U535CEU6, STM32U535CEU6Q, STM32U535JEY6QTR, STM32U535NCY6QTR, STM32U535NEY6QTR, STM32U535RBI6, STM32U535RBI6Q, STM32U535RBT6, STM32U535RBT6Q, STM32U535RCI6, STM32U535RCI6Q, STM32U535RCT6, STM32U535RCT6Q, STM32U535REI6, STM32U535REI6Q, STM32U535RET6, STM32U535RET6Q, STM32U535VCI6, STM32U535VCI6Q, STM32U535VCT6, STM32U535VCT6Q, STM32U535VEI6, STM32U535VEI6Q, STM32U535VET6, STM32U535VET6Q, STM32U545CET6, STM32U545CET6Q, STM32U545CEU6, STM32U545CEU6Q, STM32U545JEY6QTR, STM32U545NEY6QTR, STM32U545REI6, STM32U545REI6Q, STM32U545RET6, STM32U545RET6Q, STM32U545VEI6, STM32U545VEI6Q, STM32U545VET6, STM32U545VET6Q, STM32U595AIH6, STM32U595AIH6Q, STM32U595AJH6, STM32U595AJH6Q, STM32U595QII6, STM32U595QII6Q, STM32U595QJI6, STM32U595QJI6Q, STM32U595RIT6, STM32U595RIT6Q, STM32U595RJT6, STM32U595RJT6Q, STM32U595VIT6, STM32U595VIT6Q, STM32U595VJT6, STM32U595VJT6Q, STM32U595ZIT6, STM32U595ZIT6Q, STM32U595ZIY6QTR, STM32U595ZJT6, STM32U595ZJT6Q, STM32U595ZJY6QTR, STM32U599BJY6QTR, STM32U599NIH6Q, STM32U599NJH6Q, STM32U599VIT6Q, STM32U599VJT6, STM32U599VJT6Q, STM32U599ZIT6Q, STM32U599ZIY6QTR, STM32U599ZJT6Q, STM32U599ZJY6QTR, STM32U5A5AJH6, STM32U5A5AJH6Q, STM32U5A5QII3Q , STM32U5A5QJI6, STM32U5A5QJI6Q, STM32U5A5RJT6, STM32U5A5RJT6Q, STM32U5A5VJT6, STM32U5A5VJT6Q, STM32U5A5ZJT6, STM32U5A5ZJT6Q, STM32U5A5ZJY6QTR, STM32U5A9BJY6QTR, STM32U5A9J-DK, STM32U5A9NJH6Q, STM32U5A9VJT6Q, STM32U5A9ZJT6Q, STM32U5A9ZJY6QTR, STM32U5F7VIT6, STM32U5F7VIT6Q, STM32U5F7VJT6, STM32U5F7VJT6Q, STM32U5F9BJY6QTR, STM32U5F9NJH6Q, STM32U5F9VIT6Q, STM32U5F9VJT6Q, STM32U5F9ZIJ6QTR, STM32U5F9ZIT6Q, STM32U5F9ZJJ6QTR, STM32U5F9ZJT6Q, STM32U5G7VJT6, STM32U5G7VJT6Q, STM32U5G9BJY6QTR, STM32U5G9J-DK1, STM32U5G9J-DK2, STM32U5G9NJH6Q, STM32U5G9VJT6Q, STM32U5G9ZJJ6QTR, STM32U5G9ZJT6Q, STM32WB1MMCH6, STM32WBA50KEU6, STM32WBA50KEU6TR, STM32WBA50KGU6, STM32WBA50KGU6TR, STM32WBA52CEU6, STM32WBA52CEU6TR, STM32WBA52CEU7, STM32WBA52CEU7TR, STM32WBA52CGU6, STM32WBA52CGU6TR, STM32WBA52CGU6U, STM32WBA52CGU7, STM32WBA52CGU7TR, STM32WBA52KEU6, STM32WBA52KEU6TR, STM32WBA52KGU6, STM32WBA52KGU6TR, STM32WBA54CEU6, STM32WBA54CEU6TR, STM32WBA54CEU7, STM32WBA54CEU7TR, STM32WBA54CGU6, STM32WBA54CGU6TR, STM32WBA54CGU7, STM32WBA54CGU7TR, STM32WBA54KEU6, STM32WBA54KEU6TR, STM32WBA54KEU7, STM32WBA54KEU7TR, STM32WBA54KGU6, STM32WBA54KGU6TR, STM32WBA54KGU7, STM32WBA54KGU7TR, STM32WBA55CEU6, STM32WBA55CEU6TR, STM32WBA55CEU7, STM32WBA55CEU7TR, STM32WBA55CGU6, STM32WBA55CGU6TR, STM32WBA55CGU6U, STM32WBA55CGU7, STM32WBA55CGU7TR, STM32WBA55G-DK1, STM32WBA55HEF6, STM32WBA55HEF7, STM32WBA55HGF6, STM32WBA55HGF7, STM32WBA55UEI6, STM32WBA55UEI6TR, STM32WBA55UEI7, STM32WBA55UEI7TR, STM32WBA55UGI6, STM32WBA55UGI6TR, STM32WBA55UGI7, STM32WBA55UGI7TR, STM32WL5MOCH6, STM32WL5MOCH6TR]
2024-06-14 18:55:37,234 [INFO] BoardInfo:889 - No configuration file found for board P-NUCLEO-WB55
2024-06-14 18:55:37,235 [INFO] DbBoards:161 - Kit is not supported: P-NUCLEO-WB55
2024-06-14 18:55:37,257 [INFO] BoardInfo:889 - No configuration file found for board STEVAL-BFA001V1B
2024-06-14 18:55:37,259 [INFO] DbBoards:161 - Kit is not supported: STEVAL-BFA001V1B
2024-06-14 18:55:37,264 [INFO] BoardInfo:889 - No configuration file found for board STEVAL-BFA001V2B
2024-06-14 18:55:37,264 [INFO] DbBoards:161 - Kit is not supported: STEVAL-BFA001V2B
2024-06-14 18:55:37,875 [INFO] DbBoards:168 - Found 199 boards, 196 are supported
2024-06-14 18:55:37,876 [INFO] DbBoards:169 - Found 199 boards, 8 of them is supported for  Bsp
2024-06-14 18:55:37,924 [INFO] ApiDb:668 - CubeFinder database Data Model version=2.1
2024-06-14 18:55:37,925 [INFO] ApiDb:669 - CubeFinder database Configuration version=3.0.39
2024-06-14 18:55:37,926 [INFO] ApiDb:670 - CubeFinder database generation date=2024-04-15 (1713193726)
2024-06-14 18:55:37,926 [INFO] ApiDb:671 - CubeFinder database FW Pack versions=[FP-ATR-ASTRA1_V2.0.0, FP-SNS-FLIGHT1_V5.0.1, FP-SNS-FLIGHT1_V5.0.2, FP-SNS-MOTENV1_V4.3.1, FP-SNS-MOTENV1_V4.3.2, FP-SNS-MOTENVWB1_V1.3.1, FP-SNS-SMARTAG2_V1.2.0, STM32Cube_FW_C0_V1.1.0, STM32Cube_FW_F4_V1.28.0, STM32Cube_FW_F7_V1.17.0, STM32Cube_FW_G0_V1.6.2, STM32Cube_FW_G4_V1.5.2, STM32Cube_FW_H5_V0.5.1, STM32Cube_FW_H5_V1.1.1, STM32Cube_FW_H5_V1.2.0, STM32Cube_FW_H5_V1.2.0RC4, STM32Cube_FW_H7RS_V1.0.0, STM32Cube_FW_H7RS_V1.0.0RC4, STM32Cube_FW_H7_V1.11.0, STM32Cube_FW_L0_V1.12.2, STM32Cube_FW_L5_V1.5.1, STM32Cube_FW_U0_V1.0.0, STM32Cube_FW_U0_V1.0.0RC1, STM32Cube_FW_U5_V1.3.0RC4, STM32Cube_FW_U5_V1.5.0, STM32Cube_FW_U5_V1.5.0RC1, STM32Cube_FW_WBA_V1.0.0RC1, STM32Cube_FW_WBA_V1.2.0, STM32Cube_FW_WBA_V1.2.0RC2, STM32Cube_FW_WBA_V1.3.0, STM32Cube_FW_WBA_V1.3.0RC1, STM32Cube_FW_WB_V1.15.0RC1, STM32Cube_FW_WB_V1.16.0, STM32Cube_FW_WB_V1.16.0RC2, STM32Cube_FW_WB_V1.18.0, STM32Cube_FW_WB_V1.19.0, STM32Cube_FW_WL_V1.3.0, X-CUBE-ALGOBUILD_V1.3.0, X-CUBE-ALS_V1.0.1, X-CUBE-AZRTOS-F4_V1.1.0, X-CUBE-AZRTOS-F7_V1.1.0, X-CUBE-AZRTOS-G0_V1.1.0, X-CUBE-AZRTOS-G4_V2.0.0, X-CUBE-AZRTOS-H7_V3.2.0, X-CUBE-AZRTOS-L4_V1.0.0, X-CUBE-AZRTOS-L4_V2.0.0, X-CUBE-AZRTOS-L5_V1.1.0, X-CUBE-AZRTOS-WB_V2.0.0, X-CUBE-AZRTOS-WL_V2.0.0, X-CUBE-BLE1_V7.0.0, X-CUBE-BLE2_V3.3.0, X-CUBE-BLEMGR_V3.1.0, X-CUBE-EEPRMA1_V4.1.0, X-CUBE-EEPRMA1_V5.1.0, X-CUBE-FREERTOS_V1.1.0, X-CUBE-GNSS1_V6.0.0, X-CUBE-MEMS1_V10.0.0, X-CUBE-MEMS1_V9.1.0, X-CUBE-MEMS1_V9.4.0, X-CUBE-MEMS1_V9.6.0, X-CUBE-NFC4_V3.0.0, X-CUBE-NFC7_V1.0.1, X-CUBE-SFXS2LP1_V4.0.0, X-CUBE-SUBG2_V5.0.0, X-CUBE-TOF1_V3.4.0]
2024-06-14 18:55:45,133 [INFO] ApiDb:240 - Found 483 in-development CPN: [B-G473E-ZEST1S, B-WB1M-WPAN1, B-WL5M-SUBG1, NUCLEO-C031C6, NUCLEO-H503RB, NUCLEO-H533RE, NUCLEO-H563ZI, NUCLEO-H7S3L8, NUCLEO-U031R8, NUCLEO-U083RC, NUCLEO-U545RE-Q, NUCLEO-U5A5ZJ-Q, NUCLEO-WBA52CG, NUCLEO-WBA55CG, STEVAL-PROTEUS1, STEVAL-SMARTAG2, STEVAL-STWINBX1, STM320518-EVAL, STM32C0116-DK, STM32C011D6Y3TR, STM32C011D6Y6TR, STM32C011F4P3, STM32C011F4P6, STM32C011F4U3, STM32C011F4U6TR, STM32C011F6P3, STM32C011F6P6, STM32C011F6U3, STM32C011F6U6TR, STM32C011J4M3, STM32C011J4M6, STM32C011J6M3, STM32C011J6M6, STM32C0316-DK, STM32C031C4T3, STM32C031C4T6, STM32C031C4U3, STM32C031C4U6, STM32C031C6T3, STM32C031C6T6, STM32C031C6U3, STM32C031C6U6, STM32C031F4P3, STM32C031F4P6, STM32C031F6P3, STM32C031F6P6, STM32C031G4U3, STM32C031G4U6, STM32C031G6U3, STM32C031G6U6, STM32C031K4T3, STM32C031K4T6, STM32C031K4U3, STM32C031K4U6, STM32C031K6T3, STM32C031K6T6, STM32C031K6U3, STM32C031K6U6, STM32G071K8TXN, STM32G071K8UXN, STM32G081GBU6N, STM32G081KBT6N, STM32G081KBUXN, STM32G0B1CCT6N, STM32G0B1KCT6, STM32G0B1NEY6TR, STM32G0B1RCT6N, STM32G0C1CCT6, STM32G0C1CCT6N, STM32G0C1CCU6N, STM32G0C1CET6N, STM32G0C1CEU6N, STM32G0C1KCT6, STM32G0C1NEY6TR, STM32G0C1RCI6N, STM32G0C1RCT6N, STM32G0C1REI6N, STM32G0C1RET6N, STM32G0C1VCI6, STM32G0C1VEI6, STM32G471CCT6, STM32G471CCU6, STM32G471CET3, STM32G471CET6, STM32G471CEU3, STM32G471CEU6, STM32G471MCT6, STM32G471MET3, STM32G471MET6, STM32G471MEY6TR, STM32G471QCT6, STM32G471QET3, STM32G471RCT6, STM32G471RET3, STM32G471RET6, STM32G471VCH6, STM32G471VCI6, STM32G471VCT6, STM32G471VEH3, STM32G471VEH6, STM32G471VEI3, STM32G471VEI6, STM32G471VET3, STM32G471VET6, STM32G474CCT6, STM32H503CBT6, STM32H503CBU6, STM32H503EBY6TR, STM32H503KBU6, STM32H503RBT6, STM32H523CCT6, STM32H523CCU6, STM32H523CET6, STM32H523CEU6, STM32H523HEY6TR, STM32H523RCT6, STM32H523RET6, STM32H523VCI6, STM32H523VCT6, STM32H523VEI6, STM32H523VET6, STM32H523ZCJ6, STM32H523ZCT6, STM32H523ZEJ6, STM32H523ZET6, STM32H533CET6, STM32H533CEU6, STM32H533HEY6TR, STM32H533RET6, STM32H533VEI6, STM32H533VET6, STM32H533ZEJ6, STM32H533ZET6, STM32H562AGI6, STM32H562AII6, STM32H562IGK6, STM32H562IGT6, STM32H562IIK6, STM32H562IIT6, STM32H562RGT6, STM32H562RGV6, STM32H562RIT6, STM32H562RIV6, STM32H562VGT6, STM32H562VIT6, STM32H562ZGT6, STM32H562ZIT6, STM32H563AGI6, STM32H563AII3Q, STM32H563AII6, STM32H563IGK6, STM32H563IGT6, STM32H563IIK3Q, STM32H563IIK6, STM32H563IIT3Q, STM32H563IIT6, STM32H563MIY3QTR, STM32H563RGT6, STM32H563RGV6, STM32H563RIT6, STM32H563RIV6, STM32H563VGT6, STM32H563VIT3Q, STM32H563VIT6, STM32H563ZGT6, STM32H563ZIT3Q, STM32H563ZIT6, STM32H573AII3Q, STM32H573AII6, STM32H573I-DK, STM32H573IIK3Q, STM32H573IIK6, STM32H573IIT3Q, STM32H573IIT6, STM32H573MIY3QTR, STM32H573RIT6, STM32H573RIV6, STM32H573VIT3Q, STM32H573VIT6, STM32H573ZIT3Q, STM32H573ZIT6, STM32H7R3A8I6, STM32H7R3I8K6, STM32H7R3I8T6, STM32H7R3L8H6, STM32H7R3L8H6H, STM32H7R3R8V6, STM32H7R3V8H6, STM32H7R3V8T6, STM32H7R3V8Y6, STM32H7R3Z8J6, STM32H7R3Z8T6, STM32H7R7A8I6, STM32H7R7I8K6, STM32H7R7I8T6, STM32H7R7L8H6, STM32H7R7L8H6H, STM32H7R7Z8J6, STM32H7S3A8I6, STM32H7S3I8K6, STM32H7S3I8T6, STM32H7S3L8H6, STM32H7S3L8H6H, STM32H7S3R8V6, STM32H7S3V8H6, STM32H7S3V8T6, STM32H7S3V8Y6, STM32H7S3Z8J6, STM32H7S3Z8T6, STM32H7S78-DK, STM32H7S7A8I6, STM32H7S7I8K6, STM32H7S7I8T6, STM32H7S7L8H6, STM32H7S7L8H6H, STM32H7S7Z8J6, STM32L4R5QGI6STR, STM32MP131AAE3, STM32MP131AAF3, STM32MP131AAG3, STM32MP131CAE3, STM32MP131CAF3, STM32MP131CAG3, STM32MP131DAE7, STM32MP131DAF7, STM32MP131DAG7, STM32MP131FAE7, STM32MP131FAF7, STM32MP131FAG7, STM32MP133AAE3, STM32MP133AAF3, STM32MP133AAG3, STM32MP133CAE3, STM32MP133CAF3, STM32MP133CAG3, STM32MP133DAE7, STM32MP133DAF7, STM32MP133DAG7, STM32MP133FAE7, STM32MP133FAF7, STM32MP133FAG7, STM32MP135AAE3, STM32MP135AAF3, STM32MP135AAG3, STM32MP135CAE3, STM32MP135CAF3, STM32MP135CAG3, STM32MP135DAE7, STM32MP135DAF7, STM32MP135DAG7, STM32MP135F-DK, STM32MP135FAE7, STM32MP135FAF7, STM32MP135FAF7T, STM32MP135FAF7U, STM32MP135FAG7, STM32U031C6T6, STM32U031C6U6, STM32U031C8T6, STM32U031C8U6, STM32U031F4P6, STM32U031F6P6, STM32U031F8P6, STM32U031G6Y6TR, STM32U031G8Y6TR, STM32U031K4U6, STM32U031K6U6, STM32U031K8U6, STM32U031R6I6, STM32U031R6T6, STM32U031R8I6, STM32U031R8T6, STM32U073C8T6, STM32U073C8U6, STM32U073CBT6, STM32U073CBU6, STM32U073CCT6, STM32U073CCU6, STM32U073H8Y6TR, STM32U073HBY6TR, STM32U073HCY6TR, STM32U073K8U6, STM32U073KBU6, STM32U073KCU6, STM32U073M8I6, STM32U073M8T6, STM32U073MBI6, STM32U073MBT6, STM32U073MCI6, STM32U073MCT6, STM32U073R8I6, STM32U073R8T6, STM32U073RBI6, STM32U073RBT6, STM32U073RCI6, STM32U073RCT6, STM32U083C-DK, STM32U083CCT6, STM32U083CCU6, STM32U083HCY6TR, STM32U083KCU6, STM32U083MCI6, STM32U083MCT6, STM32U083RCI6, STM32U083RCT6, STM32U535CBT6, STM32U535CBT6Q, STM32U535CBU6, STM32U535CBU6Q, STM32U535CCT6, STM32U535CCT6Q, STM32U535CCU6, STM32U535CCU6Q, STM32U535CET6, STM32U535CET6Q, STM32U535CEU6, STM32U535CEU6Q, STM32U535JEY6QTR, STM32U535NCY6QTR, STM32U535NEY6QTR, STM32U535RBI6, STM32U535RBI6Q, STM32U535RBT6, STM32U535RBT6Q, STM32U535RCI6, STM32U535RCI6Q, STM32U535RCT6, STM32U535RCT6Q, STM32U535REI6, STM32U535REI6Q, STM32U535RET6, STM32U535RET6Q, STM32U535VCI6, STM32U535VCI6Q, STM32U535VCT6, STM32U535VCT6Q, STM32U535VEI6, STM32U535VEI6Q, STM32U535VET6, STM32U535VET6Q, STM32U545CET6, STM32U545CET6Q, STM32U545CEU6, STM32U545CEU6Q, STM32U545JEY6QTR, STM32U545NEY6QTR, STM32U545REI6, STM32U545REI6Q, STM32U545RET6, STM32U545RET6Q, STM32U545VEI6, STM32U545VEI6Q, STM32U545VET6, STM32U545VET6Q, STM32U595AIH6, STM32U595AIH6Q, STM32U595AJH6, STM32U595AJH6Q, STM32U595QII6, STM32U595QII6Q, STM32U595QJI6, STM32U595QJI6Q, STM32U595RIT6, STM32U595RIT6Q, STM32U595RJT6, STM32U595RJT6Q, STM32U595VIT6, STM32U595VIT6Q, STM32U595VJT6, STM32U595VJT6Q, STM32U595ZIT6, STM32U595ZIT6Q, STM32U595ZIY6QTR, STM32U595ZJT6, STM32U595ZJT6Q, STM32U595ZJY6QTR, STM32U599BJY6QTR, STM32U599NIH6Q, STM32U599NJH6Q, STM32U599VIT6Q, STM32U599VJT6, STM32U599VJT6Q, STM32U599ZIT6Q, STM32U599ZIY6QTR, STM32U599ZJT6Q, STM32U599ZJY6QTR, STM32U5A5AJH6, STM32U5A5AJH6Q, STM32U5A5QII3Q , STM32U5A5QJI6, STM32U5A5QJI6Q, STM32U5A5RJT6, STM32U5A5RJT6Q, STM32U5A5VJT6, STM32U5A5VJT6Q, STM32U5A5ZJT6, STM32U5A5ZJT6Q, STM32U5A5ZJY6QTR, STM32U5A9BJY6QTR, STM32U5A9J-DK, STM32U5A9NJH6Q, STM32U5A9VJT6Q, STM32U5A9ZJT6Q, STM32U5A9ZJY6QTR, STM32U5F7VIT6, STM32U5F7VIT6Q, STM32U5F7VJT6, STM32U5F7VJT6Q, STM32U5F9BJY6QTR, STM32U5F9NJH6Q, STM32U5F9VIT6Q, STM32U5F9VJT6Q, STM32U5F9ZIJ6QTR, STM32U5F9ZIT6Q, STM32U5F9ZJJ6QTR, STM32U5F9ZJT6Q, STM32U5G7VJT6, STM32U5G7VJT6Q, STM32U5G9BJY6QTR, STM32U5G9J-DK1, STM32U5G9J-DK2, STM32U5G9NJH6Q, STM32U5G9VJT6Q, STM32U5G9ZJJ6QTR, STM32U5G9ZJT6Q, STM32WB1MMCH6, STM32WBA50KEU6, STM32WBA50KEU6TR, STM32WBA50KGU6, STM32WBA50KGU6TR, STM32WBA52CEU6, STM32WBA52CEU6TR, STM32WBA52CEU7, STM32WBA52CEU7TR, STM32WBA52CGU6, STM32WBA52CGU6TR, STM32WBA52CGU6U, STM32WBA52CGU7, STM32WBA52CGU7TR, STM32WBA52KEU6, STM32WBA52KEU6TR, STM32WBA52KGU6, STM32WBA52KGU6TR, STM32WBA54CEU6, STM32WBA54CEU6TR, STM32WBA54CEU7, STM32WBA54CEU7TR, STM32WBA54CGU6, STM32WBA54CGU6TR, STM32WBA54CGU7, STM32WBA54CGU7TR, STM32WBA54KEU6, STM32WBA54KEU6TR, STM32WBA54KEU7, STM32WBA54KEU7TR, STM32WBA54KGU6, STM32WBA54KGU6TR, STM32WBA54KGU7, STM32WBA54KGU7TR, STM32WBA55CEU6, STM32WBA55CEU6TR, STM32WBA55CEU7, STM32WBA55CEU7TR, STM32WBA55CGU6, STM32WBA55CGU6TR, STM32WBA55CGU6U, STM32WBA55CGU7, STM32WBA55CGU7TR, STM32WBA55G-DK1, STM32WBA55HEF6, STM32WBA55HEF7, STM32WBA55HGF6, STM32WBA55HGF7, STM32WBA55UEI6, STM32WBA55UEI6TR, STM32WBA55UEI7, STM32WBA55UEI7TR, STM32WBA55UGI6, STM32WBA55UGI6TR, STM32WBA55UGI7, STM32WBA55UGI7TR, STM32WL5MOCH6, STM32WL5MOCH6TR]
2024-06-14 18:55:45,146 [INFO] DbMcus:218 - Found 4096 MCUs, 4096 are supported
2024-06-14 18:55:45,148 [INFO] ApiDb:423 - Load user favorites file C:\Users\ADMIN/.stm32cubeide/favorites.mcus.txt: 0 item(s)
2024-06-14 18:55:45,149 [INFO] ApiDb:427 - User favorites MCUs=[]
2024-06-14 18:55:45,149 [INFO] DbMcus:224 - Set 0 / 0 favorites MCUs
2024-06-14 18:55:46,798 [INFO] ApiDb:423 - Load user favorites file C:\Users\ADMIN/.stm32cubeide/favorites.boards.txt: 0 item(s)
2024-06-14 18:55:46,799 [INFO] ApiDb:427 - User favorites Boards=[]
2024-06-14 18:55:46,799 [INFO] DbBoards:198 - Set 0 / 0 favorites Boards
2024-06-14 18:55:46,860 [INFO] UtilMem:75 - End LoadConfig() Used Memory: 720724232 Bytes (1073741824)
2024-06-14 18:55:47,194 [WARN] ThirdParty:833 - waiting for thirdparty lock release [change project]
2024-06-14 18:55:47,195 [INFO] ThirdParty:835 - entering critical section [change project]
2024-06-14 18:55:47,196 [INFO] ThirdParty:1030 - CMSIS Pack Vendor :STMicroelectronics USBPD 4.1
2024-06-14 18:55:47,196 [INFO] ThirdParty:1030 - CMSIS Pack Vendor :STMicroelectronics X-CUBE-GNSS1 6.0.0
2024-06-14 18:55:47,196 [INFO] ThirdParty:1030 - CMSIS Pack Vendor :STMicroelectronics USB_HOST 2.0.0
2024-06-14 18:55:47,196 [INFO] ThirdParty:1030 - CMSIS Pack Vendor :STMicroelectronics FP-SNS-MOTENVWB1 1.4.0
2024-06-14 18:55:47,196 [INFO] ThirdParty:1030 - CMSIS Pack Vendor :STMicroelectronics X-CUBE-AZRTOS-F4 1.1.0
2024-06-14 18:55:47,196 [INFO] ThirdParty:1030 - CMSIS Pack Vendor :STMicroelectronics LIBJPEG 8.0.0
2024-06-14 18:55:47,196 [INFO] ThirdParty:1030 - CMSIS Pack Vendor :wolfSSL I-CUBE-wolfSSL 5.6.3
2024-06-14 18:55:47,197 [INFO] ThirdParty:1030 - CMSIS Pack Vendor :STMicroelectronics X-CUBE-SMBUS 2.1.0
2024-06-14 18:55:47,197 [INFO] ThirdParty:1030 - CMSIS Pack Vendor :STMicroelectronics X-CUBE-FREERTOS 1.2.0
2024-06-14 18:55:47,197 [INFO] ThirdParty:1030 - CMSIS Pack Vendor :STMicroelectronics X-CUBE-TOUCHGFX 4.23.0
2024-06-14 18:55:47,197 [INFO] ThirdParty:1030 - CMSIS Pack Vendor :STMicroelectronics X-CUBE-TOUCHGFX 4.23.2
2024-06-14 18:55:47,197 [INFO] ThirdParty:1030 - CMSIS Pack Vendor :STMicroelectronics X-CUBE-AZRTOS-F7 1.1.0
2024-06-14 18:55:47,197 [INFO] ThirdParty:1030 - CMSIS Pack Vendor :STMicroelectronics X-CUBE-AZRTOS-L5 2.0.0
2024-06-14 18:55:47,197 [INFO] ThirdParty:1030 - CMSIS Pack Vendor :STMicroelectronics USB_DEVICE 2.0.0
2024-06-14 18:55:47,197 [INFO] ThirdParty:1030 - CMSIS Pack Vendor :STMicroelectronics X-CUBE-MEMS1 9.6.0
2024-06-14 18:55:47,197 [INFO] ThirdParty:1030 - CMSIS Pack Vendor :STMicroelectronics X-CUBE-EEPRMA1 4.2.0
2024-06-14 18:55:47,197 [INFO] ThirdParty:1030 - CMSIS Pack Vendor :STMicroelectronics X-CUBE-NFC6 3.1.0
2024-06-14 18:55:47,197 [INFO] ThirdParty:1030 - CMSIS Pack Vendor :ITTIA_DB I-CUBE-ITTIADB 8.8.0
2024-06-14 18:55:47,197 [INFO] ThirdParty:1030 - CMSIS Pack Vendor :STMicroelectronics FP-SNS-MOTENV1 4.3.0
2024-06-14 18:55:47,197 [INFO] ThirdParty:1030 - CMSIS Pack Vendor :STMicroelectronics FP-SNS-MOTENV1 4.3.2
2024-06-14 18:55:47,197 [INFO] ThirdParty:1030 - CMSIS Pack Vendor :STMicroelectronics FP-SNS-FLIGHT1 5.0.0
2024-06-14 18:55:47,198 [INFO] ThirdParty:1030 - CMSIS Pack Vendor :STMicroelectronics FP-SNS-MOTENV1 4.3.1
2024-06-14 18:55:47,198 [INFO] ThirdParty:1030 - CMSIS Pack Vendor :STMicroelectronics FP-SNS-FLIGHT1 5.0.1
2024-06-14 18:55:47,198 [INFO] ThirdParty:1030 - CMSIS Pack Vendor :STMicroelectronics X-CUBE-BLE1 6.2.4
2024-06-14 18:55:47,198 [INFO] ThirdParty:1030 - CMSIS Pack Vendor :STMicroelectronics FreeRTOS 0.0.1
2024-06-14 18:55:47,198 [INFO] ThirdParty:1030 - CMSIS Pack Vendor :emotas I-CUBE-CANOPEN 1.1.3
2024-06-14 18:55:47,198 [INFO] ThirdParty:1030 - CMSIS Pack Vendor :STMicroelectronics X-CUBE-BLEMGR 2.0.0
2024-06-14 18:55:47,198 [INFO] ThirdParty:1030 - CMSIS Pack Vendor :STMicroelectronics FP-SNS-FLIGHT1 5.0.2
2024-06-14 18:55:47,199 [INFO] ThirdParty:1030 - CMSIS Pack Vendor :STMicroelectronics X-CUBE-AI 9.0.0
2024-06-14 18:55:47,199 [INFO] ThirdParty:1030 - CMSIS Pack Vendor :STMicroelectronics X-CUBE-AZRTOS-H7 3.1.0
2024-06-14 18:55:47,199 [INFO] ThirdParty:1030 - CMSIS Pack Vendor :STMicroelectronics PDM2PCM 3.3.0
2024-06-14 18:55:47,199 [INFO] ThirdParty:1030 - CMSIS Pack Vendor :STMicroelectronics X-CUBE-DISPLAY 3.0.0
2024-06-14 18:55:47,199 [INFO] ThirdParty:1030 - CMSIS Pack Vendor :STMicroelectronics X-CUBE-BLE1 7.0.0
2024-06-14 18:55:47,199 [INFO] ThirdParty:1030 - CMSIS Pack Vendor :wolfSSL I-CUBE-wolfSSL 5.5.4
2024-06-14 18:55:47,199 [INFO] ThirdParty:1030 - CMSIS Pack Vendor :STMicroelectronics HAL Drivers 0.0.0
2024-06-14 18:55:47,199 [INFO] ThirdParty:1030 - CMSIS Pack Vendor :emotas I-CUBE-CANOPEN 1.3.0
2024-06-14 18:55:47,199 [INFO] ThirdParty:1030 - CMSIS Pack Vendor :STMicroelectronics X-CUBE-TOUCHGFX 4.22.0
2024-06-14 18:55:47,199 [INFO] ThirdParty:1030 - CMSIS Pack Vendor :STMicroelectronics X-CUBE-NFC7 1.0.1
2024-06-14 18:55:47,200 [INFO] ThirdParty:1030 - CMSIS Pack Vendor :STMicroelectronics MBEDTLS 2.14.1
2024-06-14 18:55:47,200 [INFO] ThirdParty:1030 - CMSIS Pack Vendor :STMicroelectronics X-CUBE-NFC7 1.0.0
2024-06-14 18:55:47,200 [INFO] ThirdParty:1030 - CMSIS Pack Vendor :STMicroelectronics X-CUBE-TOUCHGFX 4.22.1
2024-06-14 18:55:47,200 [INFO] ThirdParty:1030 - CMSIS Pack Vendor :STMicroelectronics X-CUBE-NFC6 3.0.0
2024-06-14 18:55:47,200 [INFO] ThirdParty:1030 - CMSIS Pack Vendor :STMicroelectronics X-CUBE-EEPRMA1 4.1.0
2024-06-14 18:55:47,200 [INFO] ThirdParty:1030 - CMSIS Pack Vendor :STMicroelectronics X-CUBE-BLEMGR 3.1.0
2024-06-14 18:55:47,200 [INFO] ThirdParty:1030 - CMSIS Pack Vendor :STMicroelectronics FP-SNS-SMARTAG2 1.2.0
2024-06-14 18:55:47,200 [INFO] ThirdParty:1030 - CMSIS Pack Vendor :STMicroelectronics X-CUBE-AZRTOS-WL 2.0.0
2024-06-14 18:55:47,200 [INFO] ThirdParty:1030 - CMSIS Pack Vendor :STMicroelectronics FP-SNS-MOTENV1 5.0.0
2024-06-14 18:55:47,200 [INFO] ThirdParty:1030 - CMSIS Pack Vendor :STMicroelectronics USB_DEVICE 1.0.0
2024-06-14 18:55:47,200 [INFO] ThirdParty:1030 - CMSIS Pack Vendor :STMicroelectronics X-CUBE-AI 8.1.0
2024-06-14 18:55:47,200 [INFO] ThirdParty:1030 - CMSIS Pack Vendor :wolfSSL I-CUBE-wolfMQTT 1.19.0
2024-06-14 18:55:47,201 [INFO] ThirdParty:1030 - CMSIS Pack Vendor :STMicroelectronics X-CUBE-AZRTOS-L4 2.0.0
2024-06-14 18:55:47,201 [INFO] ThirdParty:1030 - CMSIS Pack Vendor :STMicroelectronics ThreadX 0.0.2
2024-06-14 18:55:47,201 [INFO] ThirdParty:1030 - CMSIS Pack Vendor :WES I-CUBE-Cesium 1.3.0
2024-06-14 18:55:47,201 [INFO] ThirdParty:1030 - CMSIS Pack Vendor :STMicroelectronics lwIP 2.1.2
2024-06-14 18:55:47,201 [INFO] ThirdParty:1030 - CMSIS Pack Vendor :STMicroelectronics X-CUBE-SFXS2LP1 4.0.0
2024-06-14 18:55:47,201 [INFO] ThirdParty:1030 - CMSIS Pack Vendor :STMicroelectronics X-CUBE-BLE2 3.3.0
2024-06-14 18:55:47,201 [INFO] ThirdParty:1030 - CMSIS Pack Vendor :STMicroelectronics X-CUBE-TOF1 3.2.0
2024-06-14 18:55:47,201 [INFO] ThirdParty:1030 - CMSIS Pack Vendor :STMicroelectronics PDM2PCM 3.2.0
2024-06-14 18:55:47,201 [INFO] ThirdParty:1030 - CMSIS Pack Vendor :STMicroelectronics X-CUBE-AZRTOS-H7 3.0.0
2024-06-14 18:55:47,201 [INFO] ThirdParty:1030 - CMSIS Pack Vendor :STMicroelectronics X-CUBE-ISPU 1.1.0
2024-06-14 18:55:47,201 [INFO] ThirdParty:1030 - CMSIS Pack Vendor :RoweBots I-CUBE-UNISONRTOS 5.5.0-4
2024-06-14 18:55:47,201 [INFO] ThirdParty:1030 - CMSIS Pack Vendor :STMicroelectronics USB_DEVICE 3.0.0
2024-06-14 18:55:47,201 [INFO] ThirdParty:1030 - CMSIS Pack Vendor :STMicroelectronics X-CUBE-TCPP 4.1.0
2024-06-14 18:55:47,201 [INFO] ThirdParty:1030 - CMSIS Pack Vendor :STMicroelectronics X-CUBE-AI 8.0.0
2024-06-14 18:55:47,201 [INFO] ThirdParty:1030 - CMSIS Pack Vendor :STMicroelectronics X-CUBE-AZRTOS-WB 2.0.0
2024-06-14 18:55:47,202 [INFO] ThirdParty:1030 - CMSIS Pack Vendor :STMicroelectronics X-CUBE-FREERTOS 1.0.0
2024-06-14 18:55:47,202 [INFO] ThirdParty:1030 - CMSIS Pack Vendor :STMicroelectronics X-CUBE-FREERTOS 1.0.1
2024-06-14 18:55:47,202 [INFO] ThirdParty:1030 - CMSIS Pack Vendor :STMicroelectronics X-CUBE-TOUCHGFX 4.21.1
2024-06-14 18:55:47,202 [INFO] ThirdParty:1030 - CMSIS Pack Vendor :STMicroelectronics X-CUBE-TOUCHGFX 4.21.3
2024-06-14 18:55:47,202 [INFO] ThirdParty:1030 - CMSIS Pack Vendor :STMicroelectronics X-CUBE-TOUCHGFX 4.21.4
2024-06-14 18:55:47,202 [INFO] ThirdParty:1030 - CMSIS Pack Vendor :STMicroelectronics X-CUBE-AI 7.3.0
2024-06-14 18:55:47,202 [INFO] ThirdParty:1030 - CMSIS Pack Vendor :STMicroelectronics X-CUBE-ALGOBUILD 1.3.0
2024-06-14 18:55:47,202 [INFO] ThirdParty:1030 - CMSIS Pack Vendor :STMicroelectronics X-CUBE-AZRTOS-L5 1.1.0
2024-06-14 18:55:47,202 [INFO] ThirdParty:1030 - CMSIS Pack Vendor :STMicroelectronics X-CUBE-AZRTOS-G0 1.1.0
2024-06-14 18:55:47,203 [INFO] ThirdParty:1030 - CMSIS Pack Vendor :STMicroelectronics X-CUBE-AI 8.0.1
2024-06-14 18:55:47,203 [INFO] ThirdParty:1030 - CMSIS Pack Vendor :STMicroelectronics X-CUBE-SAFEA1 1.2.2
2024-06-14 18:55:47,203 [INFO] ThirdParty:1030 - CMSIS Pack Vendor :STMicroelectronics X-CUBE-NFC4 3.0.0
2024-06-14 18:55:47,203 [INFO] ThirdParty:1030 - CMSIS Pack Vendor :STMicroelectronics X-CUBE-SUBG2 5.0.0
2024-06-14 18:55:47,203 [INFO] ThirdParty:1030 - CMSIS Pack Vendor :STMicroelectronics STM32_WPAN 1.0.0
2024-06-14 18:55:47,203 [INFO] ThirdParty:1030 - CMSIS Pack Vendor :STMicroelectronics lwIP 2.0.3
2024-06-14 18:55:47,204 [INFO] ThirdParty:1030 - CMSIS Pack Vendor :STMicroelectronics USB_HOST 1.0.0
2024-06-14 18:55:47,204 [INFO] ThirdParty:1030 - CMSIS Pack Vendor :STMicroelectronics X-CUBE-TOF1 3.3.1
2024-06-14 18:55:47,204 [INFO] ThirdParty:1030 - CMSIS Pack Vendor :STMicroelectronics X-CUBE-AZRTOS-G4 2.0.0
2024-06-14 18:55:47,205 [INFO] ThirdParty:1030 - CMSIS Pack Vendor :STMicroelectronics PDM2PCM 3.1.0
2024-06-14 18:55:47,206 [INFO] ThirdParty:1030 - CMSIS Pack Vendor :STMicroelectronics X-CUBE-TOF1 3.3.0
2024-06-14 18:55:47,206 [INFO] ThirdParty:1030 - CMSIS Pack Vendor :STMicroelectronics FP-ATR-ASTRA1 1.1.1
2024-06-14 18:55:47,207 [INFO] ThirdParty:1030 - CMSIS Pack Vendor :Infineon AIROC-Wi-Fi-Bluetooth-STM32 1.5.1
2024-06-14 18:55:47,207 [INFO] ThirdParty:1030 - CMSIS Pack Vendor :STMicroelectronics X-CUBE-BLEMGR 3.0.0
2024-06-14 18:55:47,207 [INFO] ThirdParty:1030 - CMSIS Pack Vendor :STMicroelectronics X-CUBE-BLEMGR 1.3.0
2024-06-14 18:55:47,207 [INFO] ThirdParty:1030 - CMSIS Pack Vendor :STMicroelectronics FP-SNS-MOTENVWB1 1.3.0
2024-06-14 18:55:47,208 [INFO] ThirdParty:1030 - CMSIS Pack Vendor :STMicroelectronics FP-SNS-MOTENVWB1 1.3.1
2024-06-14 18:55:47,208 [INFO] ThirdParty:1030 - CMSIS Pack Vendor :STMicroelectronics FP-ATR-SIGFOX1 3.2.0
2024-06-14 18:55:47,208 [INFO] ThirdParty:1030 - CMSIS Pack Vendor :STMicroelectronics X-CUBE-AZRTOS-G4 1.0.0
2024-06-14 18:55:47,208 [INFO] ThirdParty:1030 - CMSIS Pack Vendor :STMicroelectronics X-CUBE-AZRTOS-L4 1.0.0
2024-06-14 18:55:47,208 [INFO] ThirdParty:1030 - CMSIS Pack Vendor :STMicroelectronics X-CUBE-ISPU 2.0.0
2024-06-14 18:55:47,209 [INFO] ThirdParty:1030 - CMSIS Pack Vendor :STMicroelectronics X-CUBE-EEPRMA1 5.1.0
2024-06-14 18:55:47,209 [INFO] ThirdParty:1030 - CMSIS Pack Vendor :STMicroelectronics MBEDTLS 2.16.2
2024-06-14 18:55:47,209 [INFO] ThirdParty:1030 - CMSIS Pack Vendor :STMicroelectronics X-CUBE-ALS 1.0.2
2024-06-14 18:55:47,209 [INFO] ThirdParty:1030 - CMSIS Pack Vendor :STMicroelectronics X-CUBE-MEMS1 10.0.0
2024-06-14 18:55:47,209 [INFO] ThirdParty:1030 - CMSIS Pack Vendor :STMicroelectronics X-CUBE-FREERTOS 1.1.0
2024-06-14 18:55:47,209 [INFO] ThirdParty:1030 - CMSIS Pack Vendor :STMicroelectronics X-CUBE-AZRTOS-WL 1.0.0
2024-06-14 18:55:47,209 [INFO] ThirdParty:1030 - CMSIS Pack Vendor :portGmbH I-Cube-SoM-uGOAL 1.1.0
2024-06-14 18:55:47,210 [INFO] ThirdParty:1030 - CMSIS Pack Vendor :STMicroelectronics X-CUBE-ALS 1.0.1
2024-06-14 18:55:47,210 [INFO] ThirdParty:1030 - CMSIS Pack Vendor :STMicroelectronics X-CUBE-MEMS1 9.5.0
2024-06-14 18:55:47,210 [INFO] ThirdParty:1030 - CMSIS Pack Vendor :STMicroelectronics ThreadX 1.0.0
2024-06-14 18:55:47,210 [INFO] ThirdParty:1030 - CMSIS Pack Vendor :STMicroelectronics X-CUBE-AZRTOS-WB 1.1.0
2024-06-14 18:55:47,210 [INFO] ThirdParty:1030 - CMSIS Pack Vendor :SEGGER I-CUBE-embOS 1.3.1
2024-06-14 18:55:47,211 [INFO] ThirdParty:1030 - CMSIS Pack Vendor :STMicroelectronics X-CUBE-ALGOBUILD 1.4.0
2024-06-14 18:55:47,211 [INFO] ThirdParty:1030 - CMSIS Pack Vendor :STMicroelectronics X-CUBE-AZRTOS-H7RS 1.0.0
2024-06-14 18:55:47,211 [INFO] ThirdParty:1030 - CMSIS Pack Vendor :STMicroelectronics FP-ATR-ASTRA1 2.0.0
2024-06-14 18:55:47,211 [INFO] ThirdParty:1030 - CMSIS Pack Vendor :STMicroelectronics X-CUBE-TOF1 3.4.0
2024-06-14 18:55:47,211 [INFO] ThirdParty:1030 - CMSIS Pack Vendor :STMicroelectronics X-CUBE-TOF1 3.4.1
2024-06-14 18:55:47,211 [INFO] ThirdParty:1030 - CMSIS Pack Vendor :STMicroelectronics X-CUBE-AZRTOS-H7 3.2.0
2024-06-14 18:55:47,212 [INFO] ThirdParty:841 - exiting critical section [change project]
2024-06-14 18:55:48,105 [INFO] PinOutPanel:1561 - setPackage(No Configuration,No Configuration)
2024-06-14 18:55:48,111 [INFO] PinOutPanel:1561 - setPackage(STM32F103RCTx,LQFP64)
2024-06-14 18:55:49,026 [INFO] UtilMem:75 - Before build in PCC Used Memory: 851000592 Bytes (1073741824)
2024-06-14 18:55:50,833 [INFO] UtilMem:75 - After build in PCC Used Memory: 656904168 Bytes (1073741824)
2024-06-14 18:55:50,965 [INFO] IPUIPlugin:80 - create IPUIPlugin
2024-06-14 18:55:50,965 [INFO] IPUIPlugin:80 - create IPUIPlugin
2024-06-14 18:55:50,965 [INFO] IPUIPlugin:80 - create IPUIPlugin
2024-06-14 18:55:50,966 [INFO] IPUIPlugin:80 - create IPUIPlugin
2024-06-14 18:55:50,966 [INFO] IPUIPlugin:80 - create IPUIPlugin
2024-06-14 18:55:50,966 [INFO] IPUIPlugin:80 - create IPUIPlugin
2024-06-14 18:55:50,966 [INFO] IPUIPlugin:80 - create IPUIPlugin
2024-06-14 18:55:50,967 [INFO] IPUIPlugin:80 - create IPUIPlugin
2024-06-14 18:55:50,967 [INFO] IPUIPlugin:80 - create IPUIPlugin
2024-06-14 18:55:50,967 [INFO] IPUIPlugin:80 - create IPUIPlugin
2024-06-14 18:55:50,967 [INFO] IPUIPlugin:80 - create IPUIPlugin
2024-06-14 18:55:50,967 [INFO] IPUIPlugin:80 - create IPUIPlugin
2024-06-14 18:55:50,968 [INFO] IPUIPlugin:80 - create IPUIPlugin
2024-06-14 18:55:50,968 [INFO] IPUIPlugin:80 - create IPUIPlugin
2024-06-14 18:55:50,968 [INFO] IPUIPlugin:80 - create IPUIPlugin
2024-06-14 18:55:50,968 [INFO] IPUIPlugin:80 - create IPUIPlugin
2024-06-14 18:55:50,969 [INFO] IPUIPlugin:80 - create IPUIPlugin
2024-06-14 18:55:50,969 [INFO] IPUIPlugin:80 - create IPUIPlugin
2024-06-14 18:55:50,972 [INFO] IPUIPlugin:80 - create IPUIPlugin
2024-06-14 18:55:50,978 [INFO] IPUIPlugin:80 - create IPUIPlugin
2024-06-14 18:55:50,978 [INFO] IPUIPlugin:80 - create IPUIPlugin
2024-06-14 18:55:50,979 [INFO] IPUIPlugin:80 - create IPUIPlugin
2024-06-14 18:55:50,980 [INFO] IPUIPlugin:80 - create IPUIPlugin
2024-06-14 18:55:50,980 [INFO] IPUIPlugin:80 - create IPUIPlugin
2024-06-14 18:55:50,981 [INFO] IPUIPlugin:80 - create IPUIPlugin
2024-06-14 18:55:50,981 [INFO] IPUIPlugin:80 - create IPUIPlugin
2024-06-14 18:55:50,982 [INFO] IPUIPlugin:80 - create IPUIPlugin
2024-06-14 18:55:50,982 [INFO] IPUIPlugin:80 - create IPUIPlugin
2024-06-14 18:55:50,983 [INFO] IPUIPlugin:80 - create IPUIPlugin
2024-06-14 18:55:50,983 [INFO] IPUIPlugin:80 - create IPUIPlugin
2024-06-14 18:55:50,984 [INFO] IPUIPlugin:80 - create IPUIPlugin
2024-06-14 18:55:50,984 [INFO] IPUIPlugin:80 - create IPUIPlugin
2024-06-14 18:55:50,985 [INFO] IPUIPlugin:80 - create IPUIPlugin
2024-06-14 18:55:50,985 [INFO] IPUIPlugin:80 - create IPUIPlugin
2024-06-14 18:55:50,985 [INFO] IPUIPlugin:80 - create IPUIPlugin
2024-06-14 18:55:50,986 [INFO] IPUIPlugin:80 - create IPUIPlugin
2024-06-14 18:55:50,989 [INFO] IPUIPlugin:80 - create IPUIPlugin
2024-06-14 18:55:50,991 [INFO] IPUIPlugin:80 - create IPUIPlugin
2024-06-14 18:55:50,993 [INFO] IPUIPlugin:80 - create IPUIPlugin
2024-06-14 18:55:51,014 [WARN] IP:2120 - I2C_Coeff_DF not found: check if there is a RefParameter without a condition.
2024-06-14 18:55:51,014 [WARN] IP:2120 - Analog_Filter not found: check if there is a RefParameter without a condition.
2024-06-14 18:55:51,645 [INFO] CADModel:165 - CPN selected for project levelSTM32F103RCT6
2024-06-14 18:55:51,645 [INFO] CADModel:114 - Register for checkConnection events
2024-06-14 18:55:51,694 [INFO] OpenFileManager:343 - Restore cursor
2024-06-14 18:55:52,302 [WARN] IP:2120 - I2C_Coeff_DF not found: check if there is a RefParameter without a condition.
2024-06-14 18:55:52,302 [WARN] IP:2120 - Analog_Filter not found: check if there is a RefParameter without a condition.
2024-06-14 18:55:52,306 [WARN] IP:2120 - I2C_Coeff_DF not found: check if there is a RefParameter without a condition.
2024-06-14 18:55:52,307 [WARN] IP:2120 - Analog_Filter not found: check if there is a RefParameter without a condition.
2024-06-14 18:56:18,966 [INFO] NvicIntPanel:101 - NVIC parent = com.st.microxplorer.plugins.ip.nvic.MultiNvicIntPanel[,0,0,450x104,layout=javax.swing.BoxLayout,alignmentX=0.0,alignmentY=0.0,border=,flags=9,maximumSize=,minimumSize=,preferredSize=]
2024-06-14 18:56:21,964 [INFO] NvicIntPanel:101 - NVIC parent = com.st.microxplorer.plugins.ip.nvic.MultiNvicIntPanel[,0,0,0x0,invalid,layout=javax.swing.BoxLayout,alignmentX=0.0,alignmentY=0.0,border=,flags=9,maximumSize=,minimumSize=,preferredSize=]
2024-06-14 18:56:22,478 [INFO] NvicIntPanel:101 - NVIC parent = com.st.microxplorer.plugins.ip.nvic.MultiNvicIntPanel[,0,0,0x0,invalid,layout=javax.swing.BoxLayout,alignmentX=0.0,alignmentY=0.0,border=,flags=9,maximumSize=,minimumSize=,preferredSize=]
2024-06-14 18:56:23,971 [INFO] NvicIntPanel:101 - NVIC parent = com.st.microxplorer.plugins.ip.nvic.MultiNvicIntPanel[,0,0,0x0,invalid,layout=javax.swing.BoxLayout,alignmentX=0.0,alignmentY=0.0,border=,flags=9,maximumSize=,minimumSize=,preferredSize=]
2024-06-14 18:56:26,460 [INFO] UtilMem:75 - End SaveConfig() Used Memory: 662246776 Bytes (1073741824)
2024-06-14 18:56:26,705 [INFO] UtilMem:75 - End SaveConfig() Used Memory: 648784880 Bytes (1073741824)
2024-06-14 18:56:28,514 [INFO] UtilMem:75 - End SaveConfig() Used Memory: 761504752 Bytes (1073741824)
2024-06-14 18:56:29,643 [INFO] BlockDiagram:2759 - set Specific Code input for plugin: NVIC
2024-06-14 18:56:29,643 [INFO] BlockDiagram:2759 - set Specific Code input for plugin: USART
2024-06-14 18:56:29,644 [INFO] BlockDiagram:2759 - set Specific Code input for plugin: DMA
2024-06-14 18:56:29,644 [INFO] BlockDiagram:2759 - set Specific Code input for plugin: TIM1_8F1
2024-06-14 18:56:29,644 [INFO] BlockDiagram:2759 - set Specific Code input for plugin: TIM1_8F1
2024-06-14 18:56:29,644 [INFO] BlockDiagram:2759 - set Specific Code input for plugin: SYS
2024-06-14 18:56:29,645 [INFO] BlockDiagram:2759 - set Specific Code input for plugin: GPIO
2024-06-14 18:56:29,646 [INFO] BlockDiagram:2759 - set Specific Code input for plugin: RCC
2024-06-14 18:56:29,646 [INFO] BlockDiagram:2759 - set Specific Code input for plugin: I2C
2024-06-14 18:56:29,650 [INFO] CodeGenerator:807 - code generatio: config db path: C:\ST\STM32CubeIDE_1.12.0\STM32CubeIDE\plugins\com.st.stm32cube.common.mx_6.11.0.202403141607\\db\
2024-06-14 18:56:29,668 [WARN] IP:2120 - I2C_Coeff_DF not found: check if there is a RefParameter without a condition.
2024-06-14 18:56:29,668 [WARN] IP:2120 - Analog_Filter not found: check if there is a RefParameter without a condition.
2024-06-14 18:56:30,096 [INFO] CodeEngine:255 - oldGeneratedFile, C:\Users\ADMIN\Desktop\DATN\Mecabot_Firmware\examples\control_board_system_test\MXTmpFiles\license.tmp_save
2024-06-14 18:56:31,113 [INFO] CodeEngine:279 - Generated code: C:\Users\ADMIN\Desktop\DATN\Mecabot_Firmware\examples\control_board_system_test\MXTmpFiles\license.tmp
2024-06-14 18:56:31,378 [INFO] CodeEngine:255 - oldGeneratedFile, C:\Users\ADMIN\Desktop\DATN\Mecabot_Firmware\examples\control_board_system_test\MXTmpFiles\gpio.tmp_save
2024-06-14 18:56:31,701 [INFO] CodeEngine:279 - Generated code: C:\Users\ADMIN\Desktop\DATN\Mecabot_Firmware\examples\control_board_system_test\MXTmpFiles\gpio.tmp
2024-06-14 18:56:32,748 [INFO] CodeEngine:255 - oldGeneratedFile, C:\Users\ADMIN\Desktop\DATN\Mecabot_Firmware\examples\control_board_system_test\MXTmpFiles\dma.tmp_save
2024-06-14 18:56:32,997 [INFO] CodeEngine:279 - Generated code: C:\Users\ADMIN\Desktop\DATN\Mecabot_Firmware\examples\control_board_system_test\MXTmpFiles\dma.tmp
2024-06-14 18:56:33,008 [INFO] CodeEngine:255 - oldGeneratedFile, C:\Users\ADMIN\Desktop\DATN\Mecabot_Firmware\examples\control_board_system_test\MXTmpFiles\dma_GV.tmp_save
2024-06-14 18:56:33,228 [INFO] CodeEngine:279 - Generated code: C:\Users\ADMIN\Desktop\DATN\Mecabot_Firmware\examples\control_board_system_test\MXTmpFiles\dma_GV.tmp
2024-06-14 18:56:33,287 [INFO] CodeEngine:255 - oldGeneratedFile, C:\Users\ADMIN\Desktop\DATN\Mecabot_Firmware\examples\control_board_system_test\Core\Src\stm32f1xx_it.c_save
2024-06-14 18:56:33,801 [INFO] CodeEngine:279 - Generated code: C:\Users\ADMIN\Desktop\DATN\Mecabot_Firmware\examples\control_board_system_test\Core\Src\stm32f1xx_it.c
2024-06-14 18:56:33,832 [INFO] CodeEngine:255 - oldGeneratedFile, C:\Users\ADMIN\Desktop\DATN\Mecabot_Firmware\examples\control_board_system_test\Core\Inc\stm32f1xx_it.h_save
2024-06-14 18:56:34,137 [INFO] CodeEngine:279 - Generated code: C:\Users\ADMIN\Desktop\DATN\Mecabot_Firmware\examples\control_board_system_test\Core\Inc\stm32f1xx_it.h
2024-06-14 18:56:34,199 [INFO] CodeEngine:255 - oldGeneratedFile, C:\Users\ADMIN\Desktop\DATN\Mecabot_Firmware\examples\control_board_system_test\Core\Src\stm32f1xx_hal_msp.c_save
2024-06-14 18:56:35,039 [INFO] CodeEngine:279 - Generated code: C:\Users\ADMIN\Desktop\DATN\Mecabot_Firmware\examples\control_board_system_test\Core\Src\stm32f1xx_hal_msp.c
2024-06-14 18:56:35,064 [INFO] CodeEngine:255 - oldGeneratedFile, C:\Users\ADMIN\Desktop\DATN\Mecabot_Firmware\examples\control_board_system_test\MXTmpFiles\system.tmp_save
2024-06-14 18:56:35,363 [INFO] CodeEngine:279 - Generated code: C:\Users\ADMIN\Desktop\DATN\Mecabot_Firmware\examples\control_board_system_test\MXTmpFiles\system.tmp
2024-06-14 18:56:35,402 [INFO] CodeEngine:311 - oldGeneratedFile, C:\Users\ADMIN\Desktop\DATN\Mecabot_Firmware\examples\control_board_system_test\Core\Inc\stm32f1xx_hal_conf.h_save
2024-06-14 18:56:35,634 [INFO] CodeEngine:335 - Generated code: C:\Users\ADMIN\Desktop\DATN\Mecabot_Firmware\examples\control_board_system_test\Core\Inc\stm32f1xx_hal_conf.h
2024-06-14 18:56:35,736 [WARN] IPConfigManager:3513 - IP not found : TIM
2024-06-14 18:56:35,739 [WARN] CodeGenerator:3951 - IP not found : null
2024-06-14 18:56:35,769 [INFO] CodeEngine:255 - oldGeneratedFile, C:\Users\ADMIN\Desktop\DATN\Mecabot_Firmware\examples\control_board_system_test\Core\Inc\main.h_save
2024-06-14 18:56:36,063 [INFO] CodeEngine:279 - Generated code: C:\Users\ADMIN\Desktop\DATN\Mecabot_Firmware\examples\control_board_system_test\Core\Inc\main.h
2024-06-14 18:56:36,081 [INFO] CodeEngine:255 - oldGeneratedFile, C:\Users\ADMIN\Desktop\DATN\Mecabot_Firmware\examples\control_board_system_test\Core\Src\main.c_save
2024-06-14 18:56:36,764 [INFO] CodeEngine:279 - Generated code: C:\Users\ADMIN\Desktop\DATN\Mecabot_Firmware\examples\control_board_system_test\Core\Src\main.c
2024-06-14 18:56:38,331 [INFO] ProjectBuilder:3163 - Time for Copy HAL[1] : 559mS.
2024-06-14 18:56:38,350 [INFO] ProjectBuilder:4736 - Project Generator version: 4.3.0-B58
2024-06-14 18:56:38,637 [INFO] ConfigFileManager:1503 - The Die is : DIE414
2024-06-14 18:56:38,667 [INFO] ApiDbMcu:508 - Load IP Config File for FATFS
2024-06-14 18:56:38,678 [INFO] ApiDbMcu:508 - Load IP Config File for FREERTOS
2024-06-14 18:56:38,687 [INFO] ApiDbMcu:508 - Load IP Config File for USB_DEVICE
2024-06-14 18:56:39,604 [INFO] LogOutputStream:77 - [STDOUT_REDIRECT] 
2024-06-14 18:56:42,665 [INFO] ProjectBuilder:5002 - Time for Generating toolchain IDE Files: 4313mS.
2024-06-14 18:56:42,666 [INFO] ProjectBuilder:3034 - Time for Copy CMSIS : 1mS.
2024-06-14 18:56:42,671 [INFO] ProjectBuilder:3034 - Time for Copy CMSIS : 0mS.
2024-06-14 21:28:12,913 [ERROR] LogOutputStream:75 - [STDERR_REDIRECT] 
