2024-06-24 10:28:04,709 [INFO] Activator:176 - 


2024-06-24 10:28:04,720 [INFO] Activator:177 - !SESSION log4j initialized
2024-06-24 10:28:14,502 [INFO] LogOutputStream:77 - [STDOUT_REDIRECT] 
2024-06-24 10:28:27,554 [INFO] ApplicationProperties:184 - Using Application install path: C:\ST\STM32CubeIDE_1.12.0\STM32CubeIDE\plugins\com.st.stm32cube.common.mx_6.11.1.202404110753
2024-06-24 10:28:27,579 [INFO] DbMcusXml:78 - Set database path to: C:\ST\STM32CubeIDE_1.12.0\STM32CubeIDE\plugins\com.st.stm32cube.common.mx_6.11.1.202404110753\\db\/mcu/
2024-06-24 10:28:27,580 [INFO] ApiDb:274 - Set plugin database path to: C:\ST\STM32CubeIDE_1.12.0\STM32CubeIDE\plugins\com.st.stm32cube.common.mx_6.11.1.202404110753\\db\/plugins/boardmanager/
2024-06-24 10:28:27,580 [WARN] ApiDb:259 - Overriding images path with different value:  => C:\ST\STM32CubeIDE_1.12.0\STM32CubeIDE\plugins\com.st.stm32cube.common.mx_6.11.1.202404110753\\db\/plugins/mcufinder/images/
2024-06-24 10:28:27,592 [INFO] ApiDb:250 - Set database path to: C:\Users\ADMIN\.stmcufinder\plugins\mcufinder//mcu/
2024-06-24 10:28:27,594 [INFO] DbMcusAds:125 - Set database path to: C:\Users\ADMIN\.stmcufinder\plugins\mcufinder//mcu/
2024-06-24 10:28:27,603 [INFO] CrossReferenceDbSqlite:203 - Set database path to: C:\Users\ADMIN\.stmcufinder\plugins\mcufinder//mcu/cs/
2024-06-24 10:28:27,764 [INFO] RulesReader:64 - Compatibility file has been processed (297 Rules)
2024-06-24 10:28:27,887 [INFO] DbMcusXml:78 - Set database path to: C:\ST\STM32CubeIDE_1.12.0\STM32CubeIDE\plugins\com.st.stm32cube.common.mx_6.11.1.202404110753\\db\/mcu/
2024-06-24 10:28:27,887 [INFO] ApiDb:274 - Set plugin database path to: C:\ST\STM32CubeIDE_1.12.0\STM32CubeIDE\plugins\com.st.stm32cube.common.mx_6.11.1.202404110753\\db\/plugins/boardmanager/
2024-06-24 10:28:27,888 [INFO] ApiDb:261 - Set plugin images path to: C:\ST\STM32CubeIDE_1.12.0\STM32CubeIDE\plugins\com.st.stm32cube.common.mx_6.11.1.202404110753\\db\/plugins/mcufinder/images/
2024-06-24 10:28:27,888 [WARN] DbFile:41 - Overriding database path with different value: C:\Users\ADMIN\.stmcufinder\plugins\mcufinder/ => C:\Users\ADMIN\.stmcufinder\plugins\mcufinder
2024-06-24 10:28:27,888 [INFO] ApiDb:250 - Set database path to: C:\Users\ADMIN\.stmcufinder\plugins\mcufinder//mcu/
2024-06-24 10:28:27,888 [WARN] DbFile:41 - Overriding database path with different value: C:\Users\ADMIN\.stmcufinder\plugins\mcufinder/ => C:\Users\ADMIN\.stmcufinder\plugins\mcufinder
2024-06-24 10:28:27,888 [INFO] DbMcusAds:125 - Set database path to: C:\Users\ADMIN\.stmcufinder\plugins\mcufinder//mcu/
2024-06-24 10:28:27,888 [WARN] DbFile:41 - Overriding database path with different value: C:\Users\ADMIN\.stmcufinder\plugins\mcufinder/ => C:\Users\ADMIN\.stmcufinder\plugins\mcufinder
2024-06-24 10:28:27,888 [WARN] DbFile:41 - Overriding database path with different value: C:\Users\ADMIN\.stmcufinder\plugins\mcufinder/ => C:\Users\ADMIN\.stmcufinder\plugins\mcufinder
2024-06-24 10:28:27,888 [INFO] CrossReferenceDbSqlite:203 - Set database path to: C:\Users\ADMIN\.stmcufinder\plugins\mcufinder//mcu/cs/
2024-06-24 10:28:28,005 [INFO] MainPanel:264 - HeapMemory: 268435456
2024-06-24 10:28:28,147 [INFO] DbMcusXml:78 - Set database path to: C:\ST\STM32CubeIDE_1.12.0\STM32CubeIDE\plugins\com.st.stm32cube.common.mx_6.11.1.202404110753\\db\/mcu/
2024-06-24 10:28:28,147 [INFO] ApiDb:274 - Set plugin database path to: C:\ST\STM32CubeIDE_1.12.0\STM32CubeIDE\plugins\com.st.stm32cube.common.mx_6.11.1.202404110753\\db\/plugins/boardmanager/
2024-06-24 10:28:28,148 [INFO] ApiDb:261 - Set plugin images path to: C:\ST\STM32CubeIDE_1.12.0\STM32CubeIDE\plugins\com.st.stm32cube.common.mx_6.11.1.202404110753\\db\/plugins/mcufinder/images/
2024-06-24 10:28:28,148 [WARN] DbFile:41 - Overriding database path with different value: C:\Users\ADMIN\.stmcufinder\plugins\mcufinder/ => C:\Users\ADMIN\.stmcufinder\plugins\mcufinder
2024-06-24 10:28:28,148 [INFO] ApiDb:250 - Set database path to: C:\Users\ADMIN\.stmcufinder\plugins\mcufinder//mcu/
2024-06-24 10:28:28,148 [WARN] DbFile:41 - Overriding database path with different value: C:\Users\ADMIN\.stmcufinder\plugins\mcufinder/ => C:\Users\ADMIN\.stmcufinder\plugins\mcufinder
2024-06-24 10:28:28,149 [INFO] DbMcusAds:125 - Set database path to: C:\Users\ADMIN\.stmcufinder\plugins\mcufinder//mcu/
2024-06-24 10:28:28,149 [WARN] DbFile:41 - Overriding database path with different value: C:\Users\ADMIN\.stmcufinder\plugins\mcufinder/ => C:\Users\ADMIN\.stmcufinder\plugins\mcufinder
2024-06-24 10:28:28,149 [WARN] DbFile:41 - Overriding database path with different value: C:\Users\ADMIN\.stmcufinder\plugins\mcufinder/ => C:\Users\ADMIN\.stmcufinder\plugins\mcufinder
2024-06-24 10:28:28,149 [INFO] CrossReferenceDbSqlite:203 - Set database path to: C:\Users\ADMIN\.stmcufinder\plugins\mcufinder//mcu/cs/
2024-06-24 10:28:28,177 [INFO] ApplicationProperties:184 - Using Application install path: C:\ST\STM32CubeIDE_1.12.0\STM32CubeIDE\plugins\com.st.stm32cube.common.mx_6.11.1.202404110753
2024-06-24 10:28:28,180 [INFO] PluginManage:196 - Search for loadable plugins [exclusion list=, ]
2024-06-24 10:28:28,183 [INFO] PluginManage:310 - Check plugin analytics
2024-06-24 10:28:37,924 [INFO] AnalyticsPlugin:253 - Accepted Software Licenses: 
2024-06-24 10:28:37,924 [INFO] AnalyticsPlugin:255 - Accepted CMSIS Pack Licenses: 
2024-06-24 10:28:37,924 [INFO] AnalyticsPlugin:257 - Accepted Firmware Licenses: 
2024-06-24 10:28:37,929 [INFO] PluginManage:359 - Loaded plugin analytics (category:tool,tabindex:-1)
2024-06-24 10:28:37,929 [INFO] PluginManage:310 - Check plugin cadmodel
2024-06-24 10:28:37,971 [INFO] CADModel:105 - Init CAD model plugin
2024-06-24 10:28:37,971 [INFO] PluginManage:359 - Loaded plugin cadmodel (category:power,tabindex:5)
2024-06-24 10:28:37,972 [INFO] PluginManage:310 - Check plugin clock
2024-06-24 10:28:37,988 [INFO] PluginManage:359 - Loaded plugin clock (category:base,tabindex:2)
2024-06-24 10:28:37,988 [INFO] PluginManage:310 - Check plugin ddr
2024-06-24 10:28:37,992 [INFO] PluginManage:359 - Loaded plugin ddr (category:tool,tabindex:6)
2024-06-24 10:28:37,992 [INFO] PluginManage:310 - Check plugin filemanager
2024-06-24 10:28:38,189 [INFO] PluginManage:359 - Loaded plugin filemanager (category:base,tabindex:10)
2024-06-24 10:28:38,190 [INFO] PluginManage:310 - Check plugin ipmanager
2024-06-24 10:28:38,201 [INFO] PluginManage:359 - Loaded plugin ipmanager (category:base,tabindex:5)
2024-06-24 10:28:38,201 [INFO] PluginManage:310 - Check plugin lpbam
2024-06-24 10:28:38,219 [INFO] PluginManage:359 - Loaded plugin lpbam (category:base,tabindex:0)
2024-06-24 10:28:38,219 [INFO] PluginManage:310 - Check plugin memorymap
2024-06-24 10:28:38,247 [INFO] PluginManage:359 - Loaded plugin memorymap (category:base,tabindex:4)
2024-06-24 10:28:38,247 [INFO] PluginManage:310 - Check plugin pinoutandconfiguration
2024-06-24 10:28:38,262 [INFO] PluginManage:359 - Loaded plugin pinoutandconfiguration (category:base,tabindex:1)
2024-06-24 10:28:38,262 [INFO] PluginManage:310 - Check plugin pinoutconfig
2024-06-24 10:28:38,422 [WARN] SupportedApi:132 - Cannot load RTOS API schema: s4s-elt-must-match.1: The content of 'definitions' must match (annotation?, (simpleType | complexType)?, (unique | key | keyref)*)). A problem was found starting at: attribute.
2024-06-24 10:28:38,673 [INFO] PluginManage:359 - Loaded plugin pinoutconfig (category:base,tabindex:0)
2024-06-24 10:28:38,673 [INFO] PluginManage:310 - Check plugin power
2024-06-24 10:28:38,692 [INFO] PluginManage:359 - Loaded plugin power (category:power,tabindex:4)
2024-06-24 10:28:38,692 [INFO] PluginManage:310 - Check plugin projectmanager
2024-06-24 10:28:38,719 [INFO] PluginManage:359 - Loaded plugin projectmanager (category:projectmanager,tabindex:3)
2024-06-24 10:28:38,719 [INFO] PluginManage:310 - Check plugin thirdparty
2024-06-24 10:28:38,941 [INFO] PluginManage:359 - Loaded plugin thirdparty (category:base,tabindex:-1)
2024-06-24 10:28:38,941 [INFO] PluginManage:310 - Check plugin tools
2024-06-24 10:28:38,941 [WARN] IntegrityCheckThread:84 - waiting for thirdparty lock release [integrity check]
2024-06-24 10:28:38,942 [INFO] IntegrityCheckThread:86 - entering critical section [integrity check]
2024-06-24 10:28:38,943 [INFO] ThirdPartyUpdaterWithRetryManager:70 - Updater plugin not ready yet. [1/15]
2024-06-24 10:28:38,945 [INFO] PluginManage:359 - Loaded plugin tools (category:base,tabindex:7)
2024-06-24 10:28:38,945 [INFO] PluginManage:310 - Check plugin tutovideos
2024-06-24 10:28:39,209 [INFO] PluginManage:359 - Loaded plugin tutovideos (category:base,tabindex:-1)
2024-06-24 10:28:39,209 [INFO] PluginManage:310 - Check plugin updater
2024-06-24 10:28:39,227 [INFO] PluginManage:359 - Loaded plugin updater (category:base,tabindex:12)
2024-06-24 10:28:39,227 [INFO] PluginManage:310 - Check plugin userauth
2024-06-24 10:28:39,235 [INFO] UserAuth:114 - Init User Auth plugin
2024-06-24 10:28:39,236 [INFO] PluginManage:359 - Loaded plugin userauth (category:base,tabindex:14)
2024-06-24 10:28:39,236 [INFO] PluginManage:283 - PluginManage : Loaded plugins [17]
2024-06-24 10:28:39,609 [INFO] PinOutPanel:1561 - setPackage(No Configuration,No Configuration)
2024-06-24 10:28:39,774 [INFO] CADModel:165 - CPN selected for project level
2024-06-24 10:28:39,774 [INFO] CADModel:114 - Register for checkConnection events
2024-06-24 10:28:39,809 [INFO] IPUIPlugin:80 - create IPUIPlugin
2024-06-24 10:28:39,810 [INFO] PluginManager:220 - loadIPPluginJar : add adc
2024-06-24 10:28:39,814 [INFO] IPUIPlugin:80 - create IPUIPlugin
2024-06-24 10:28:39,814 [INFO] PluginManager:220 - loadIPPluginJar : add aes
2024-06-24 10:28:39,822 [INFO] IPUIPlugin:80 - create IPUIPlugin
2024-06-24 10:28:39,822 [INFO] PluginManager:220 - loadIPPluginJar : add can
2024-06-24 10:28:39,825 [INFO] IPUIPlugin:80 - create IPUIPlugin
2024-06-24 10:28:39,825 [INFO] PluginManager:220 - loadIPPluginJar : add comp
2024-06-24 10:28:39,829 [INFO] IPUIPlugin:80 - create IPUIPlugin
2024-06-24 10:28:39,829 [INFO] PluginManager:220 - loadIPPluginJar : add cryp
2024-06-24 10:28:39,834 [INFO] IPUIPlugin:80 - create IPUIPlugin
2024-06-24 10:28:39,834 [INFO] PluginManager:220 - loadIPPluginJar : add dfsdm
2024-06-24 10:28:39,842 [INFO] IPUIPlugin:80 - create IPUIPlugin
2024-06-24 10:28:39,843 [INFO] PluginManager:220 - loadIPPluginJar : add dma
2024-06-24 10:28:39,847 [INFO] IPUIPlugin:80 - create IPUIPlugin
2024-06-24 10:28:39,848 [INFO] PluginManager:220 - loadIPPluginJar : add dma3
2024-06-24 10:28:39,852 [INFO] IPUIPlugin:80 - create IPUIPlugin
2024-06-24 10:28:39,853 [INFO] PluginManager:220 - loadIPPluginJar : add extmemmanager
2024-06-24 10:28:39,855 [INFO] IPUIPlugin:80 - create IPUIPlugin
2024-06-24 10:28:39,856 [INFO] PluginManager:220 - loadIPPluginJar : add fatfs
2024-06-24 10:28:39,862 [INFO] IPUIPlugin:80 - create IPUIPlugin
2024-06-24 10:28:39,862 [INFO] PluginManager:220 - loadIPPluginJar : add fmc
2024-06-24 10:28:39,872 [INFO] IPUIPlugin:80 - create IPUIPlugin
2024-06-24 10:28:39,872 [INFO] PluginManager:220 - loadIPPluginJar : add freertos
2024-06-24 10:28:39,875 [INFO] IPUIPlugin:80 - create IPUIPlugin
2024-06-24 10:28:39,875 [INFO] PluginManager:220 - loadIPPluginJar : add genericplugin
2024-06-24 10:28:39,879 [INFO] IPUIPlugin:80 - create IPUIPlugin
2024-06-24 10:28:39,879 [INFO] PluginManager:220 - loadIPPluginJar : add gfxmmu
2024-06-24 10:28:39,888 [INFO] IPUIPlugin:80 - create IPUIPlugin
2024-06-24 10:28:39,888 [INFO] PluginManager:220 - loadIPPluginJar : add gic
2024-06-24 10:28:39,894 [INFO] IPUIPlugin:80 - create IPUIPlugin
2024-06-24 10:28:39,895 [INFO] PluginManager:220 - loadIPPluginJar : add gpio
2024-06-24 10:28:39,899 [INFO] IPUIPlugin:80 - create IPUIPlugin
2024-06-24 10:28:39,900 [INFO] PluginManager:220 - loadIPPluginJar : add gtzc
2024-06-24 10:28:39,904 [INFO] IPUIPlugin:80 - create IPUIPlugin
2024-06-24 10:28:39,904 [INFO] PluginManager:220 - loadIPPluginJar : add hash
2024-06-24 10:28:39,908 [INFO] IPUIPlugin:80 - create IPUIPlugin
2024-06-24 10:28:39,908 [INFO] PluginManager:220 - loadIPPluginJar : add i2c
2024-06-24 10:28:39,911 [INFO] IPUIPlugin:80 - create IPUIPlugin
2024-06-24 10:28:39,912 [INFO] PluginManager:220 - loadIPPluginJar : add i2s
2024-06-24 10:28:39,915 [INFO] IPUIPlugin:80 - create IPUIPlugin
2024-06-24 10:28:39,915 [INFO] PluginManager:220 - loadIPPluginJar : add i3c
2024-06-24 10:28:39,919 [INFO] IPUIPlugin:80 - create IPUIPlugin
2024-06-24 10:28:39,919 [INFO] PluginManager:220 - loadIPPluginJar : add ipddr
2024-06-24 10:28:39,928 [INFO] IPUIPlugin:80 - create IPUIPlugin
2024-06-24 10:28:39,929 [INFO] PluginManager:220 - loadIPPluginJar : add linkedlist
2024-06-24 10:28:39,932 [INFO] IPUIPlugin:80 - create IPUIPlugin
2024-06-24 10:28:39,933 [INFO] PluginManager:220 - loadIPPluginJar : add lorawan
2024-06-24 10:28:39,936 [INFO] IPUIPlugin:80 - create IPUIPlugin
2024-06-24 10:28:39,936 [INFO] PluginManager:220 - loadIPPluginJar : add ltdc
2024-06-24 10:28:39,944 [INFO] IPUIPlugin:80 - create IPUIPlugin
2024-06-24 10:28:39,944 [INFO] PluginManager:220 - loadIPPluginJar : add mdma
2024-06-24 10:28:39,949 [INFO] IPUIPlugin:80 - create IPUIPlugin
2024-06-24 10:28:39,949 [INFO] PluginManager:220 - loadIPPluginJar : add nvic
2024-06-24 10:28:39,955 [INFO] IPUIPlugin:80 - create IPUIPlugin
2024-06-24 10:28:39,955 [INFO] PluginManager:220 - loadIPPluginJar : add opamp
2024-06-24 10:28:39,960 [INFO] IPUIPlugin:80 - create IPUIPlugin
2024-06-24 10:28:39,960 [INFO] PluginManager:220 - loadIPPluginJar : add openamp
2024-06-24 10:28:39,966 [INFO] IPUIPlugin:80 - create IPUIPlugin
2024-06-24 10:28:39,966 [INFO] PluginManager:220 - loadIPPluginJar : add pdm2pcm
2024-06-24 10:28:39,974 [INFO] IPUIPlugin:80 - create IPUIPlugin
2024-06-24 10:28:39,978 [INFO] PluginManager:220 - loadIPPluginJar : add plateformsettings
2024-06-24 10:28:39,981 [INFO] IPUIPlugin:80 - create IPUIPlugin
2024-06-24 10:28:39,981 [INFO] PluginManager:220 - loadIPPluginJar : add quadspi
2024-06-24 10:28:39,987 [INFO] IPUIPlugin:80 - create IPUIPlugin
2024-06-24 10:28:39,987 [INFO] PluginManager:220 - loadIPPluginJar : add resmgrutility
2024-06-24 10:28:39,991 [INFO] IPUIPlugin:80 - create IPUIPlugin
2024-06-24 10:28:39,991 [INFO] PluginManager:220 - loadIPPluginJar : add sai
2024-06-24 10:28:39,994 [INFO] IPUIPlugin:80 - create IPUIPlugin
2024-06-24 10:28:39,995 [INFO] PluginManager:220 - loadIPPluginJar : add spi
2024-06-24 10:28:40,002 [INFO] IPUIPlugin:80 - create IPUIPlugin
2024-06-24 10:28:40,002 [INFO] PluginManager:220 - loadIPPluginJar : add stm32_wpan
2024-06-24 10:28:40,006 [INFO] IPUIPlugin:80 - create IPUIPlugin
2024-06-24 10:28:40,006 [INFO] PluginManager:220 - loadIPPluginJar : add tim
2024-06-24 10:28:40,011 [INFO] IPUIPlugin:80 - create IPUIPlugin
2024-06-24 10:28:40,011 [INFO] PluginManager:220 - loadIPPluginJar : add touchsensing
2024-06-24 10:28:40,015 [INFO] IPUIPlugin:80 - create IPUIPlugin
2024-06-24 10:28:40,016 [INFO] PluginManager:220 - loadIPPluginJar : add tracer_emb
2024-06-24 10:28:40,019 [INFO] IPUIPlugin:80 - create IPUIPlugin
2024-06-24 10:28:40,019 [INFO] PluginManager:220 - loadIPPluginJar : add ts
2024-06-24 10:28:40,022 [INFO] IPUIPlugin:80 - create IPUIPlugin
2024-06-24 10:28:40,022 [INFO] PluginManager:220 - loadIPPluginJar : add tsc
2024-06-24 10:28:40,026 [INFO] IPUIPlugin:80 - create IPUIPlugin
2024-06-24 10:28:40,026 [INFO] PluginManager:220 - loadIPPluginJar : add ucpd
2024-06-24 10:28:40,030 [INFO] IPUIPlugin:80 - create IPUIPlugin
2024-06-24 10:28:40,031 [INFO] PluginManager:220 - loadIPPluginJar : add usart
2024-06-24 10:28:40,035 [INFO] IPUIPlugin:80 - create IPUIPlugin
2024-06-24 10:28:40,035 [INFO] PluginManager:220 - loadIPPluginJar : add usbx
2024-06-24 10:28:40,172 [INFO] CADModel:165 - CPN selected for project level
2024-06-24 10:28:40,172 [INFO] CADModel:114 - Register for checkConnection events
2024-06-24 10:28:40,173 [FATAL] Updater:308 - Updater called before beeing initialized
2024-06-24 10:28:40,173 [ERROR] CADModel:125 - Updater not yet initialized, retry later 
2024-06-24 10:28:40,368 [INFO] CADModel:165 - CPN selected for project level
2024-06-24 10:28:40,368 [INFO] CADModel:114 - Register for checkConnection events
2024-06-24 10:28:40,368 [FATAL] Updater:308 - Updater called before beeing initialized
2024-06-24 10:28:40,368 [ERROR] CADModel:125 - Updater not yet initialized, retry later 
2024-06-24 10:28:40,373 [FATAL] Updater:308 - Updater called before beeing initialized
2024-06-24 10:28:40,515 [FATAL] Updater:308 - Updater called before beeing initialized
2024-06-24 10:28:40,522 [INFO] DbMcusAds:53 - JSON generation date=Thu May 16 16:22:00 ICT 2024 (1715851320667)
2024-06-24 10:28:40,522 [FATAL] Updater:308 - Updater called before beeing initialized
2024-06-24 10:28:40,573 [WARN] DetailPanel:346 - Failed to get advertising image, set to default
2024-06-24 10:28:40,689 [FATAL] Updater:308 - Updater called before beeing initialized
2024-06-24 10:28:40,692 [FATAL] Updater:308 - Updater called before beeing initialized
2024-06-24 10:28:40,692 [FATAL] Updater:308 - Updater called before beeing initialized
2024-06-24 10:28:40,692 [WARN] DetailPanel:346 - Failed to get advertising image, set to default
2024-06-24 10:28:40,693 [FATAL] Updater:308 - Updater called before beeing initialized
2024-06-24 10:28:40,755 [ERROR] Updater:1120 - MainUpdater not yet initialized. External WinMGr cannot be set.
2024-06-24 10:28:40,758 [INFO] Updater:1056 - Updater Version found : 6.11.1
2024-06-24 10:28:40,791 [INFO] ApplicationProperties:184 - Using Application install path: C:\ST\STM32CubeIDE_1.12.0\STM32CubeIDE\plugins\com.st.stm32cube.common.mx_6.11.1.202404110753
2024-06-24 10:28:41,465 [INFO] MainUpdater:2873 - connection check result : 10
2024-06-24 10:28:41,466 [INFO] MainUpdater:290 - Updater Check For Update Now.
2024-06-24 10:28:41,467 [INFO] MicroXplorer:498 - Change Database Version : DB.6.0.111
2024-06-24 10:28:41,477 [INFO] McuFinderGlobals:63 - Set McuFinder mode to 2 (CubeIDE integrated)
2024-06-24 10:28:41,489 [INFO] UserAuth:415 - Internet connection configuration mode: 1
2024-06-24 10:28:41,522 [INFO] JxBrowserEngine:152 - Initiate JxBrowser Engine with user profile folder
2024-06-24 10:28:41,705 [INFO] CheckServerUpdateThread:120 - End of CheckServer Thread
2024-06-24 10:28:42,666 [WARN] PackLoader:240 - Cannot read IP mode file for STMicroelectronics.FP-SNS-MOTENVWB1.1.4.0
2024-06-24 10:28:42,685 [WARN] PackLoader:240 - Cannot read IP mode file for STMicroelectronics.X-CUBE-SMBUS.2.1.0
2024-06-24 10:28:42,693 [WARN] PackLoader:240 - Cannot read IP mode file for STMicroelectronics.X-CUBE-TOUCHGFX.4.23.0
2024-06-24 10:28:42,699 [WARN] PackLoader:240 - Cannot read IP mode file for STMicroelectronics.X-CUBE-TOUCHGFX.4.23.2
2024-06-24 10:28:42,764 [WARN] PackLoader:240 - Cannot read IP mode file for STMicroelectronics.X-CUBE-AZRTOS-F7.1.1.0
2024-06-24 10:28:42,787 [ERROR] RealEvaluatedCondition:428 - Found unsupported composite condition: CLASS='Data Exchange' GROUP='STM32_MetaDataManager'
2024-06-24 10:28:42,787 [ERROR] RealEvaluatedCondition:428 - Found unsupported composite condition: GROUP='STM32_MetaDataManager' CLASS='Data Exchange'
2024-06-24 10:28:42,790 [WARN] PackLoader:240 - Cannot read IP mode file for STMicroelectronics.FP-SNS-MOTENV1.4.3.0
2024-06-24 10:28:42,805 [WARN] PackLoader:240 - Cannot read IP mode file for STMicroelectronics.FP-SNS-MOTENV1.4.3.2
2024-06-24 10:28:42,819 [WARN] PackLoader:240 - Cannot read IP mode file for STMicroelectronics.FP-SNS-FLIGHT1.5.0.0
2024-06-24 10:28:42,831 [ERROR] RealEvaluatedCondition:428 - Found unsupported composite condition: GROUP='STM32_MetaDataManager' CLASS='Data Exchange'
2024-06-24 10:28:42,832 [ERROR] RealEvaluatedCondition:428 - Found unsupported composite condition: GROUP='STM32_MetaDataManager' CLASS='Data Exchange'
2024-06-24 10:28:42,834 [WARN] PackLoader:240 - Cannot read IP mode file for STMicroelectronics.FP-SNS-MOTENV1.4.3.1
2024-06-24 10:28:42,847 [WARN] PackLoader:240 - Cannot read IP mode file for STMicroelectronics.FP-SNS-FLIGHT1.5.0.1
2024-06-24 10:28:42,863 [WARN] PackLoader:240 - Cannot read IP mode file for STMicroelectronics.X-CUBE-BLE1.6.2.4
2024-06-24 10:28:42,871 [WARN] PackLoader:240 - Cannot read IP mode file for STMicroelectronics.FP-SNS-FLIGHT1.5.0.2
2024-06-24 10:28:42,887 [WARN] PackLoader:240 - Cannot read IP mode file for STMicroelectronics.X-CUBE-DISPLAY.3.0.0
2024-06-24 10:28:42,906 [WARN] PackLoader:240 - Cannot read IP mode file for STMicroelectronics.X-CUBE-BLE1.7.0.0
2024-06-24 10:28:42,916 [WARN] PackLoader:240 - Cannot read IP mode file for emotas.I-CUBE-CANOPEN.1.3.0
2024-06-24 10:28:42,921 [WARN] PackLoader:240 - Cannot read IP mode file for STMicroelectronics.X-CUBE-TOUCHGFX.4.22.0
2024-06-24 10:28:42,926 [WARN] PackLoader:240 - Cannot read IP mode file for STMicroelectronics.X-CUBE-TOUCHGFX.4.22.1
2024-06-24 10:28:42,942 [WARN] PackLoader:240 - Cannot read IP mode file for STMicroelectronics.X-CUBE-BLEMGR.3.1.0
2024-06-24 10:28:42,952 [WARN] PackLoader:240 - Cannot read IP mode file for STMicroelectronics.FP-SNS-SMARTAG2.1.2.0
2024-06-24 10:28:42,969 [INFO] LogOutputStream:77 - [STDOUT_REDIRECT] 1 : Invalid condition id : UX_CORESTACK_Condition cause : null
2024-06-24 10:28:42,971 [INFO] LogOutputStream:77 - [STDOUT_REDIRECT] 1 : Invalid condition id : UX_CORESTACK_Condition cause : null
2024-06-24 10:28:42,973 [INFO] LogOutputStream:77 - [STDOUT_REDIRECT] 1 : Invalid condition id : UX_CORESTACK_Condition cause : null
2024-06-24 10:28:42,977 [INFO] LogOutputStream:77 - [STDOUT_REDIRECT] 1 : Invalid condition id : UX_CORESTACK_Condition cause : null
2024-06-24 10:28:42,979 [INFO] WebApp:161 - Instantiating new browser for Auth
2024-06-24 10:28:42,979 [INFO] LogOutputStream:77 - [STDOUT_REDIRECT] 1 : Invalid condition id : UX_CORESTACK_Condition cause : null
2024-06-24 10:28:42,985 [WARN] PackLoader:240 - Cannot read IP mode file for STMicroelectronics.X-CUBE-AZRTOS-WL.2.0.0
2024-06-24 10:28:42,996 [WARN] PackLoader:240 - Cannot read IP mode file for STMicroelectronics.FP-SNS-MOTENV1.5.0.0
2024-06-24 10:28:43,007 [WARN] PackLoader:240 - Cannot read IP mode file for wolfSSL.I-CUBE-wolfMQTT.1.19.0
2024-06-24 10:28:43,023 [WARN] PackLoader:240 - Cannot read IP mode file for WES.I-CUBE-Cesium.1.3.0
2024-06-24 10:28:43,035 [WARN] PackLoader:240 - Cannot read IP mode file for STMicroelectronics.X-CUBE-BLE2.3.3.0
2024-06-24 10:28:43,059 [WARN] PackLoader:240 - Cannot read IP mode file for STMicroelectronics.X-CUBE-TOF1.3.2.0
2024-06-24 10:28:43,081 [WARN] PackLoader:240 - Cannot read IP mode file for STMicroelectronics.X-CUBE-TCPP.4.1.0
2024-06-24 10:28:43,090 [WARN] PackLoader:240 - Cannot read IP mode file for STMicroelectronics.X-CUBE-TOUCHGFX.4.21.1
2024-06-24 10:28:43,094 [WARN] PackLoader:240 - Cannot read IP mode file for STMicroelectronics.X-CUBE-TOUCHGFX.4.21.3
2024-06-24 10:28:43,099 [WARN] PackLoader:240 - Cannot read IP mode file for STMicroelectronics.X-CUBE-TOUCHGFX.4.21.4
2024-06-24 10:28:43,106 [WARN] PackLoader:240 - Cannot read IP mode file for STMicroelectronics.X-CUBE-AI.7.3.0
2024-06-24 10:28:43,116 [WARN] PackLoader:240 - Cannot read IP mode file for STMicroelectronics.X-CUBE-ALGOBUILD.1.3.0
2024-06-24 10:28:43,156 [WARN] PackLoader:240 - Cannot read IP mode file for STMicroelectronics.X-CUBE-AZRTOS-G0.1.1.0
2024-06-24 10:28:43,171 [WARN] PackLoader:240 - Cannot read IP mode file for STMicroelectronics.X-CUBE-SAFEA1.1.2.2
2024-06-24 10:28:43,185 [WARN] PackLoader:240 - Cannot read IP mode file for STMicroelectronics.X-CUBE-NFC4.3.0.0
2024-06-24 10:28:43,204 [WARN] PackLoader:240 - Cannot read IP mode file for STMicroelectronics.X-CUBE-BLEMGR.3.0.0
2024-06-24 10:28:43,222 [WARN] PackLoader:240 - Cannot read IP mode file for STMicroelectronics.X-CUBE-BLEMGR.1.3.0
2024-06-24 10:28:43,232 [WARN] PackLoader:240 - Cannot read IP mode file for STMicroelectronics.FP-ATR-SIGFOX1.3.2.0
2024-06-24 10:28:43,245 [WARN] PackLoader:240 - Cannot read IP mode file for STMicroelectronics.X-CUBE-EEPRMA1.5.1.0
2024-06-24 10:28:43,367 [WARN] PackLoader:240 - Cannot read IP mode file for STMicroelectronics.X-CUBE-MEMS1.9.5.0
2024-06-24 10:28:43,745 [WARN] PackLoader:240 - Cannot read IP mode file for SEGGER.I-CUBE-embOS.1.3.1
2024-06-24 10:28:43,834 [WARN] PackLoader:240 - Cannot read IP mode file for STMicroelectronics.X-CUBE-ALGOBUILD.1.4.0
2024-06-24 10:28:43,845 [WARN] PackLoader:240 - Cannot read IP mode file for STMicroelectronics.X-CUBE-GNSS1.6.0.0
2024-06-24 10:28:43,881 [WARN] PackLoader:240 - Cannot read IP mode file for STMicroelectronics.X-CUBE-AZRTOS-F4.1.1.0
2024-06-24 10:28:43,901 [WARN] PackLoader:240 - Cannot read IP mode file for wolfSSL.I-CUBE-wolfSSL.5.6.3
2024-06-24 10:28:43,911 [WARN] PackLoader:240 - Cannot read IP mode file for STMicroelectronics.X-CUBE-FREERTOS.1.2.0
2024-06-24 10:28:43,948 [WARN] PackLoader:240 - Cannot read IP mode file for STMicroelectronics.X-CUBE-AZRTOS-L5.2.0.0
2024-06-24 10:28:44,058 [WARN] PackLoader:240 - Cannot read IP mode file for STMicroelectronics.X-CUBE-MEMS1.9.6.0
2024-06-24 10:28:44,356 [WARN] PackLoader:240 - Cannot read IP mode file for STMicroelectronics.X-CUBE-EEPRMA1.4.2.0
2024-06-24 10:28:44,370 [WARN] PackLoader:240 - Cannot read IP mode file for STMicroelectronics.X-CUBE-NFC6.3.1.0
2024-06-24 10:28:44,384 [WARN] PackLoader:240 - Cannot read IP mode file for ITTIA_DB.I-CUBE-ITTIADB.8.8.0
2024-06-24 10:28:44,393 [WARN] PackLoader:240 - Cannot read IP mode file for emotas.I-CUBE-CANOPEN.1.1.3
2024-06-24 10:28:44,405 [WARN] PackLoader:240 - Cannot read IP mode file for STMicroelectronics.X-CUBE-BLEMGR.2.0.0
2024-06-24 10:28:44,413 [WARN] PackLoader:240 - Cannot read IP mode file for STMicroelectronics.X-CUBE-AI.9.0.0
2024-06-24 10:28:44,445 [WARN] ConditionMgr:438 - getConditionDescription Invalid condition id : UX DEVICE CLASS RTOS Condition cause : null
2024-06-24 10:28:44,446 [WARN] ConditionMgr:438 - getConditionDescription Invalid condition id : UX DEVICE CLASS RTOS Condition cause : null
2024-06-24 10:28:44,453 [WARN] PackLoader:240 - Cannot read IP mode file for STMicroelectronics.X-CUBE-AZRTOS-H7.3.1.0
2024-06-24 10:28:44,455 [WARN] ConditionMgr:1039 - genDependencies : Invalid condition id : UX DEVICE CLASS RTOS Condition cause : null
2024-06-24 10:28:44,455 [WARN] ConditionMgr:1039 - genDependencies : Invalid condition id : UX DEVICE CLASS RTOS Condition cause : null
2024-06-24 10:28:44,457 [WARN] ConditionMgr:1039 - genDependencies : Invalid condition id : UX DEVICE CLASS RTOS Condition cause : null
2024-06-24 10:28:44,458 [WARN] ConditionMgr:1039 - genDependencies : Invalid condition id : UX DEVICE CLASS RTOS Condition cause : null
2024-06-24 10:28:44,458 [WARN] ConditionMgr:1039 - genDependencies : Invalid condition id : UX DEVICE CLASS RTOS Condition cause : null
2024-06-24 10:28:44,467 [WARN] PackLoader:240 - Cannot read IP mode file for wolfSSL.I-CUBE-wolfSSL.5.5.4
2024-06-24 10:28:44,476 [WARN] PackLoader:240 - Cannot read IP mode file for STMicroelectronics.X-CUBE-NFC7.1.0.1
2024-06-24 10:28:44,484 [WARN] PackLoader:240 - Cannot read IP mode file for STMicroelectronics.X-CUBE-NFC7.1.0.0
2024-06-24 10:28:44,498 [WARN] PackLoader:240 - Cannot read IP mode file for STMicroelectronics.X-CUBE-NFC6.3.0.0
2024-06-24 10:28:44,510 [WARN] PackLoader:240 - Cannot read IP mode file for STMicroelectronics.X-CUBE-EEPRMA1.4.1.0
2024-06-24 10:28:44,519 [WARN] PackLoader:240 - Cannot read IP mode file for STMicroelectronics.X-CUBE-AI.8.1.0
2024-06-24 10:28:44,553 [WARN] ConditionMgr:438 - getConditionDescription Invalid condition id : LAN8742 Phy interface Condition cause : null
2024-06-24 10:28:44,554 [WARN] PackLoader:240 - Cannot read IP mode file for STMicroelectronics.X-CUBE-AZRTOS-L4.2.0.0
2024-06-24 10:28:44,557 [WARN] ConditionMgr:1039 - genDependencies : Invalid condition id : LAN8742 Phy interface Condition cause : null
2024-06-24 10:28:44,557 [WARN] ConditionMgr:1039 - genDependencies : Invalid condition id : LAN8742 Phy interface Condition cause : null
2024-06-24 10:28:44,558 [WARN] ConditionMgr:1039 - genDependencies : Invalid condition id : LAN8742 Phy interface Condition cause : null
2024-06-24 10:28:44,572 [WARN] PackLoader:240 - Cannot read IP mode file for STMicroelectronics.X-CUBE-SFXS2LP1.4.0.0
2024-06-24 10:28:44,612 [WARN] PackLoader:240 - Cannot read IP mode file for STMicroelectronics.X-CUBE-AZRTOS-H7.3.0.0
2024-06-24 10:28:44,625 [WARN] PackLoader:240 - Cannot read IP mode file for STMicroelectronics.X-CUBE-ISPU.1.1.0
2024-06-24 10:28:44,640 [WARN] PackLoader:240 - Cannot read IP mode file for RoweBots.I-CUBE-UNISONRTOS.5.5.0-4
2024-06-24 10:28:44,650 [WARN] PackLoader:240 - Cannot read IP mode file for STMicroelectronics.X-CUBE-AI.8.0.0
2024-06-24 10:28:44,677 [WARN] ConditionMgr:438 - getConditionDescription Invalid condition id : UX DEVICE CLASS RTOS Condition cause : null
2024-06-24 10:28:44,677 [WARN] ConditionMgr:438 - getConditionDescription Invalid condition id : UX DEVICE CLASS RTOS Condition cause : null
2024-06-24 10:28:44,683 [WARN] PackLoader:240 - Cannot read IP mode file for STMicroelectronics.X-CUBE-AZRTOS-WB.2.0.0
2024-06-24 10:28:44,685 [WARN] ConditionMgr:1039 - genDependencies : Invalid condition id : UX DEVICE CLASS RTOS Condition cause : null
2024-06-24 10:28:44,685 [WARN] ConditionMgr:1039 - genDependencies : Invalid condition id : UX DEVICE CLASS RTOS Condition cause : null
2024-06-24 10:28:44,686 [WARN] ConditionMgr:1039 - genDependencies : Invalid condition id : UX DEVICE CLASS RTOS Condition cause : null
2024-06-24 10:28:44,687 [WARN] ConditionMgr:1039 - genDependencies : Invalid condition id : UX DEVICE CLASS RTOS Condition cause : null
2024-06-24 10:28:44,687 [WARN] ConditionMgr:1039 - genDependencies : Invalid condition id : UX DEVICE CLASS RTOS Condition cause : null
2024-06-24 10:28:44,696 [WARN] PackLoader:240 - Cannot read IP mode file for STMicroelectronics.X-CUBE-FREERTOS.1.0.0
2024-06-24 10:28:44,704 [WARN] PackLoader:240 - Cannot read IP mode file for STMicroelectronics.X-CUBE-FREERTOS.1.0.1
2024-06-24 10:28:44,731 [WARN] PackLoader:240 - Cannot read IP mode file for STMicroelectronics.X-CUBE-AZRTOS-L5.1.1.0
2024-06-24 10:28:44,742 [WARN] PackLoader:240 - Cannot read IP mode file for STMicroelectronics.X-CUBE-AI.8.0.1
2024-06-24 10:28:44,760 [WARN] PackLoader:240 - Cannot read IP mode file for STMicroelectronics.X-CUBE-SUBG2.5.0.0
2024-06-24 10:28:44,802 [WARN] PackLoader:240 - Cannot read IP mode file for STMicroelectronics.X-CUBE-TOF1.3.3.1
2024-06-24 10:28:44,848 [WARN] PackLoader:240 - Cannot read IP mode file for STMicroelectronics.X-CUBE-AZRTOS-G4.2.0.0
2024-06-24 10:28:44,869 [WARN] PackLoader:240 - Cannot read IP mode file for STMicroelectronics.X-CUBE-TOF1.3.3.0
2024-06-24 10:28:44,895 [WARN] PackLoader:240 - Cannot read IP mode file for STMicroelectronics.FP-ATR-ASTRA1.1.1.1
2024-06-24 10:28:44,920 [WARN] PackLoader:240 - Cannot read IP mode file for Infineon.AIROC-Wi-Fi-Bluetooth-STM32.1.5.1
2024-06-24 10:28:44,934 [WARN] PackLoader:240 - Cannot read IP mode file for STMicroelectronics.FP-SNS-MOTENVWB1.1.3.0
2024-06-24 10:28:44,943 [INFO] WebApp:779 - Register for checkConnection events
2024-06-24 10:28:44,943 [INFO] WebApp:414 - Apply proxy settings
2024-06-24 10:28:44,944 [INFO] WebApp:499 - Chromium requires no authentication
2024-06-24 10:28:44,944 [WARN] PackLoader:240 - Cannot read IP mode file for STMicroelectronics.FP-SNS-MOTENVWB1.1.3.1
2024-06-24 10:28:44,966 [WARN] PackLoader:240 - Cannot read IP mode file for STMicroelectronics.X-CUBE-AZRTOS-G4.1.0.0
2024-06-24 10:28:44,972 [INFO] WebApp:442 - Direct internet connection detected
2024-06-24 10:28:44,998 [WARN] PackLoader:240 - Cannot read IP mode file for STMicroelectronics.X-CUBE-AZRTOS-L4.1.0.0
2024-06-24 10:28:45,012 [WARN] PackLoader:240 - Cannot read IP mode file for STMicroelectronics.X-CUBE-ISPU.2.0.0
2024-06-24 10:28:45,020 [WARN] PackLoader:240 - Cannot read IP mode file for STMicroelectronics.X-CUBE-ALS.1.0.2
2024-06-24 10:28:45,104 [WARN] PackLoader:240 - Cannot read IP mode file for STMicroelectronics.X-CUBE-MEMS1.10.0.0
2024-06-24 10:28:45,316 [WARN] PackLoader:240 - Cannot read IP mode file for STMicroelectronics.X-CUBE-FREERTOS.1.1.0
2024-06-24 10:28:45,332 [WARN] PackLoader:240 - Cannot read IP mode file for STMicroelectronics.X-CUBE-AZRTOS-WL.1.0.0
2024-06-24 10:28:45,343 [WARN] PackLoader:240 - Cannot read IP mode file for portGmbH.I-Cube-SoM-uGOAL.1.1.0
2024-06-24 10:28:45,351 [WARN] PackLoader:240 - Cannot read IP mode file for STMicroelectronics.X-CUBE-ALS.1.0.1
2024-06-24 10:28:45,367 [WARN] PackLoader:240 - Cannot read IP mode file for STMicroelectronics.X-CUBE-AZRTOS-WB.1.1.0
2024-06-24 10:28:45,394 [WARN] PackLoader:240 - Cannot read IP mode file for STMicroelectronics.X-CUBE-AZRTOS-H7RS.1.0.0
2024-06-24 10:28:45,402 [WARN] PackLoader:240 - Cannot read IP mode file for STMicroelectronics.FP-ATR-ASTRA1.2.0.0
2024-06-24 10:28:45,417 [WARN] PackLoader:240 - Cannot read IP mode file for STMicroelectronics.X-CUBE-TOF1.3.4.0
2024-06-24 10:28:45,443 [INFO] WebApp:192 - Starting web application
2024-06-24 10:28:45,443 [INFO] WebApp:544 - Web application path used C:\ST\STM32CubeIDE_1.12.0\STM32CubeIDE\plugins\com.st.stm32cube.common.mx_6.11.1.202404110753\db\plugins\mcufinder\reactClient1\index.html
2024-06-24 10:28:45,445 [WARN] PackLoader:240 - Cannot read IP mode file for STMicroelectronics.X-CUBE-TOF1.3.4.1
2024-06-24 10:28:45,493 [WARN] PackLoader:240 - Cannot read IP mode file for STMicroelectronics.X-CUBE-AZRTOS-H7.3.2.0
2024-06-24 10:28:45,498 [INFO] ThirdParty:978 - Integrity check success = true
2024-06-24 10:28:45,498 [INFO] IntegrityCheckThread:100 - exiting critical section [integrity check]
2024-06-24 10:28:45,498 [INFO] IntegrityCheckThread:103 - End integrity checks thread
2024-06-24 11:18:26,928 [ERROR] LogOutputStream:75 - [STDERR_REDIRECT] 
2024-06-24 11:18:35,834 [INFO] Activator:176 - 


2024-06-24 11:18:35,836 [INFO] Activator:177 - !SESSION log4j initialized
2024-06-24 11:18:45,719 [INFO] LogOutputStream:77 - [STDOUT_REDIRECT] 
