2024-05-13 15:45:44,691 [INFO] Activator:176 - 


2024-05-13 15:45:44,700 [INFO] Activator:177 - !SESSION log4j initialized
2024-05-13 15:45:53,370 [INFO] LogOutputStream:77 - [STDOUT_REDIRECT] 
2024-05-13 15:45:55,881 [INFO] ApplicationProperties:184 - Using Application install path: C:\ST\STM32CubeIDE_1.12.0\STM32CubeIDE\plugins\com.st.stm32cube.common.mx_6.11.0.202403141607
2024-05-13 15:45:55,915 [INFO] DbMcusXml:78 - Set database path to: C:\ST\STM32CubeIDE_1.12.0\STM32CubeIDE\plugins\com.st.stm32cube.common.mx_6.11.0.202403141607\\db\/mcu/
2024-05-13 15:45:55,916 [INFO] ApiDb:274 - Set plugin database path to: C:\ST\STM32CubeIDE_1.12.0\STM32CubeIDE\plugins\com.st.stm32cube.common.mx_6.11.0.202403141607\\db\/plugins/boardmanager/
2024-05-13 15:45:55,917 [WARN] ApiDb:259 - Overriding images path with different value:  => C:\ST\STM32CubeIDE_1.12.0\STM32CubeIDE\plugins\com.st.stm32cube.common.mx_6.11.0.202403141607\\db\/plugins/mcufinder/images/
2024-05-13 15:45:55,935 [INFO] ApiDb:250 - Set database path to: C:\Users\ADMIN\.stmcufinder\plugins\mcufinder//mcu/
2024-05-13 15:45:55,938 [INFO] DbMcusAds:125 - Set database path to: C:\Users\ADMIN\.stmcufinder\plugins\mcufinder//mcu/
2024-05-13 15:45:55,944 [INFO] CrossReferenceDbSqlite:203 - Set database path to: C:\Users\ADMIN\.stmcufinder\plugins\mcufinder//mcu/cs/
2024-05-13 15:45:56,281 [INFO] RulesReader:64 - Compatibility file has been processed (297 Rules)
2024-05-13 15:45:56,496 [INFO] DbMcusXml:78 - Set database path to: C:\ST\STM32CubeIDE_1.12.0\STM32CubeIDE\plugins\com.st.stm32cube.common.mx_6.11.0.202403141607\\db\/mcu/
2024-05-13 15:45:56,496 [INFO] ApiDb:274 - Set plugin database path to: C:\ST\STM32CubeIDE_1.12.0\STM32CubeIDE\plugins\com.st.stm32cube.common.mx_6.11.0.202403141607\\db\/plugins/boardmanager/
2024-05-13 15:45:56,496 [INFO] ApiDb:261 - Set plugin images path to: C:\ST\STM32CubeIDE_1.12.0\STM32CubeIDE\plugins\com.st.stm32cube.common.mx_6.11.0.202403141607\\db\/plugins/mcufinder/images/
2024-05-13 15:45:56,497 [WARN] DbFile:41 - Overriding database path with different value: C:\Users\ADMIN\.stmcufinder\plugins\mcufinder/ => C:\Users\ADMIN\.stmcufinder\plugins\mcufinder
2024-05-13 15:45:56,498 [INFO] ApiDb:250 - Set database path to: C:\Users\ADMIN\.stmcufinder\plugins\mcufinder//mcu/
2024-05-13 15:45:56,498 [WARN] DbFile:41 - Overriding database path with different value: C:\Users\ADMIN\.stmcufinder\plugins\mcufinder/ => C:\Users\ADMIN\.stmcufinder\plugins\mcufinder
2024-05-13 15:45:56,499 [INFO] DbMcusAds:125 - Set database path to: C:\Users\ADMIN\.stmcufinder\plugins\mcufinder//mcu/
2024-05-13 15:45:56,499 [WARN] DbFile:41 - Overriding database path with different value: C:\Users\ADMIN\.stmcufinder\plugins\mcufinder/ => C:\Users\ADMIN\.stmcufinder\plugins\mcufinder
2024-05-13 15:45:56,499 [WARN] DbFile:41 - Overriding database path with different value: C:\Users\ADMIN\.stmcufinder\plugins\mcufinder/ => C:\Users\ADMIN\.stmcufinder\plugins\mcufinder
2024-05-13 15:45:56,500 [INFO] CrossReferenceDbSqlite:203 - Set database path to: C:\Users\ADMIN\.stmcufinder\plugins\mcufinder//mcu/cs/
2024-05-13 15:45:56,671 [INFO] MainPanel:264 - HeapMemory: 268435456
2024-05-13 15:45:56,889 [INFO] DbMcusXml:78 - Set database path to: C:\ST\STM32CubeIDE_1.12.0\STM32CubeIDE\plugins\com.st.stm32cube.common.mx_6.11.0.202403141607\\db\/mcu/
2024-05-13 15:45:56,889 [INFO] ApiDb:274 - Set plugin database path to: C:\ST\STM32CubeIDE_1.12.0\STM32CubeIDE\plugins\com.st.stm32cube.common.mx_6.11.0.202403141607\\db\/plugins/boardmanager/
2024-05-13 15:45:56,890 [INFO] ApiDb:261 - Set plugin images path to: C:\ST\STM32CubeIDE_1.12.0\STM32CubeIDE\plugins\com.st.stm32cube.common.mx_6.11.0.202403141607\\db\/plugins/mcufinder/images/
2024-05-13 15:45:56,890 [WARN] DbFile:41 - Overriding database path with different value: C:\Users\ADMIN\.stmcufinder\plugins\mcufinder/ => C:\Users\ADMIN\.stmcufinder\plugins\mcufinder
2024-05-13 15:45:56,891 [INFO] ApiDb:250 - Set database path to: C:\Users\ADMIN\.stmcufinder\plugins\mcufinder//mcu/
2024-05-13 15:45:56,891 [WARN] DbFile:41 - Overriding database path with different value: C:\Users\ADMIN\.stmcufinder\plugins\mcufinder/ => C:\Users\ADMIN\.stmcufinder\plugins\mcufinder
2024-05-13 15:45:56,891 [INFO] DbMcusAds:125 - Set database path to: C:\Users\ADMIN\.stmcufinder\plugins\mcufinder//mcu/
2024-05-13 15:45:56,892 [WARN] DbFile:41 - Overriding database path with different value: C:\Users\ADMIN\.stmcufinder\plugins\mcufinder/ => C:\Users\ADMIN\.stmcufinder\plugins\mcufinder
2024-05-13 15:45:56,892 [WARN] DbFile:41 - Overriding database path with different value: C:\Users\ADMIN\.stmcufinder\plugins\mcufinder/ => C:\Users\ADMIN\.stmcufinder\plugins\mcufinder
2024-05-13 15:45:56,893 [INFO] CrossReferenceDbSqlite:203 - Set database path to: C:\Users\ADMIN\.stmcufinder\plugins\mcufinder//mcu/cs/
2024-05-13 15:45:56,933 [INFO] ApplicationProperties:184 - Using Application install path: C:\ST\STM32CubeIDE_1.12.0\STM32CubeIDE\plugins\com.st.stm32cube.common.mx_6.11.0.202403141607
2024-05-13 15:45:56,936 [INFO] PluginManage:196 - Search for loadable plugins [exclusion list=, ]
2024-05-13 15:45:56,940 [INFO] PluginManage:310 - Check plugin analytics
2024-05-13 15:45:57,252 [INFO] AnalyticsPlugin:253 - Accepted Software Licenses: 
2024-05-13 15:45:57,252 [INFO] AnalyticsPlugin:255 - Accepted CMSIS Pack Licenses: 
2024-05-13 15:45:57,253 [INFO] AnalyticsPlugin:257 - Accepted Firmware Licenses: 
2024-05-13 15:45:57,257 [INFO] PluginManage:359 - Loaded plugin analytics (category:tool,tabindex:-1)
2024-05-13 15:45:57,257 [INFO] PluginManage:310 - Check plugin cadmodel
2024-05-13 15:45:57,265 [INFO] CADModel:105 - Init CAD model plugin
2024-05-13 15:45:57,265 [INFO] PluginManage:359 - Loaded plugin cadmodel (category:power,tabindex:5)
2024-05-13 15:45:57,266 [INFO] PluginManage:310 - Check plugin clock
2024-05-13 15:45:57,280 [INFO] PluginManage:359 - Loaded plugin clock (category:base,tabindex:2)
2024-05-13 15:45:57,280 [INFO] PluginManage:310 - Check plugin ddr
2024-05-13 15:45:57,283 [INFO] PluginManage:359 - Loaded plugin ddr (category:tool,tabindex:6)
2024-05-13 15:45:57,283 [INFO] PluginManage:310 - Check plugin filemanager
2024-05-13 15:45:57,463 [INFO] PluginManage:359 - Loaded plugin filemanager (category:base,tabindex:10)
2024-05-13 15:45:57,464 [INFO] PluginManage:310 - Check plugin ipmanager
2024-05-13 15:45:57,473 [INFO] PluginManage:359 - Loaded plugin ipmanager (category:base,tabindex:5)
2024-05-13 15:45:57,473 [INFO] PluginManage:310 - Check plugin lpbam
2024-05-13 15:45:57,483 [INFO] PluginManage:359 - Loaded plugin lpbam (category:base,tabindex:0)
2024-05-13 15:45:57,484 [INFO] PluginManage:310 - Check plugin memorymap
2024-05-13 15:45:57,504 [INFO] PluginManage:359 - Loaded plugin memorymap (category:base,tabindex:4)
2024-05-13 15:45:57,505 [INFO] PluginManage:310 - Check plugin pinoutandconfiguration
2024-05-13 15:45:57,522 [INFO] PluginManage:359 - Loaded plugin pinoutandconfiguration (category:base,tabindex:1)
2024-05-13 15:45:57,522 [INFO] PluginManage:310 - Check plugin pinoutconfig
2024-05-13 15:45:57,725 [WARN] SupportedApi:132 - Cannot load RTOS API schema: s4s-elt-must-match.1: The content of 'definitions' must match (annotation?, (simpleType | complexType)?, (unique | key | keyref)*)). A problem was found starting at: attribute.
2024-05-13 15:45:57,946 [INFO] PluginManage:359 - Loaded plugin pinoutconfig (category:base,tabindex:0)
2024-05-13 15:45:57,947 [INFO] PluginManage:310 - Check plugin power
2024-05-13 15:45:57,978 [INFO] PluginManage:359 - Loaded plugin power (category:power,tabindex:4)
2024-05-13 15:45:57,978 [INFO] PluginManage:310 - Check plugin projectmanager
2024-05-13 15:45:58,019 [INFO] PluginManage:359 - Loaded plugin projectmanager (category:projectmanager,tabindex:3)
2024-05-13 15:45:58,019 [INFO] PluginManage:310 - Check plugin thirdparty
2024-05-13 15:45:58,210 [WARN] IntegrityCheckThread:84 - waiting for thirdparty lock release [integrity check]
2024-05-13 15:45:58,211 [INFO] PluginManage:359 - Loaded plugin thirdparty (category:base,tabindex:-1)
2024-05-13 15:45:58,211 [INFO] IntegrityCheckThread:86 - entering critical section [integrity check]
2024-05-13 15:45:58,211 [INFO] PluginManage:310 - Check plugin tools
2024-05-13 15:45:58,212 [INFO] ThirdPartyUpdaterWithRetryManager:70 - Updater plugin not ready yet. [1/15]
2024-05-13 15:45:58,217 [INFO] PluginManage:359 - Loaded plugin tools (category:base,tabindex:7)
2024-05-13 15:45:58,217 [INFO] PluginManage:310 - Check plugin tutovideos
2024-05-13 15:45:58,464 [INFO] PluginManage:359 - Loaded plugin tutovideos (category:base,tabindex:-1)
2024-05-13 15:45:58,464 [INFO] PluginManage:310 - Check plugin updater
2024-05-13 15:45:58,482 [INFO] PluginManage:359 - Loaded plugin updater (category:base,tabindex:12)
2024-05-13 15:45:58,482 [INFO] PluginManage:310 - Check plugin userauth
2024-05-13 15:45:58,490 [INFO] UserAuth:114 - Init User Auth plugin
2024-05-13 15:45:58,490 [INFO] PluginManage:359 - Loaded plugin userauth (category:base,tabindex:14)
2024-05-13 15:45:58,491 [INFO] PluginManage:283 - PluginManage : Loaded plugins [17]
2024-05-13 15:45:58,778 [INFO] PinOutPanel:1561 - setPackage(No Configuration,No Configuration)
2024-05-13 15:45:58,873 [INFO] CADModel:165 - CPN selected for project level
2024-05-13 15:45:58,873 [INFO] CADModel:114 - Register for checkConnection events
2024-05-13 15:45:58,898 [INFO] IPUIPlugin:80 - create IPUIPlugin
2024-05-13 15:45:58,899 [INFO] PluginManager:220 - loadIPPluginJar : add adc
2024-05-13 15:45:58,903 [INFO] IPUIPlugin:80 - create IPUIPlugin
2024-05-13 15:45:58,904 [INFO] PluginManager:220 - loadIPPluginJar : add aes
2024-05-13 15:45:58,909 [INFO] IPUIPlugin:80 - create IPUIPlugin
2024-05-13 15:45:58,909 [INFO] PluginManager:220 - loadIPPluginJar : add can
2024-05-13 15:45:58,912 [INFO] IPUIPlugin:80 - create IPUIPlugin
2024-05-13 15:45:58,912 [INFO] PluginManager:220 - loadIPPluginJar : add comp
2024-05-13 15:45:58,917 [INFO] IPUIPlugin:80 - create IPUIPlugin
2024-05-13 15:45:58,917 [INFO] PluginManager:220 - loadIPPluginJar : add cryp
2024-05-13 15:45:58,922 [INFO] IPUIPlugin:80 - create IPUIPlugin
2024-05-13 15:45:58,922 [INFO] PluginManager:220 - loadIPPluginJar : add dfsdm
2024-05-13 15:45:58,929 [INFO] IPUIPlugin:80 - create IPUIPlugin
2024-05-13 15:45:58,930 [INFO] PluginManager:220 - loadIPPluginJar : add dma
2024-05-13 15:45:58,934 [INFO] IPUIPlugin:80 - create IPUIPlugin
2024-05-13 15:45:58,934 [INFO] PluginManager:220 - loadIPPluginJar : add dma3
2024-05-13 15:45:58,939 [INFO] IPUIPlugin:80 - create IPUIPlugin
2024-05-13 15:45:58,939 [INFO] PluginManager:220 - loadIPPluginJar : add extmemmanager
2024-05-13 15:45:58,942 [INFO] IPUIPlugin:80 - create IPUIPlugin
2024-05-13 15:45:58,942 [INFO] PluginManager:220 - loadIPPluginJar : add fatfs
2024-05-13 15:45:58,948 [INFO] IPUIPlugin:80 - create IPUIPlugin
2024-05-13 15:45:58,949 [INFO] PluginManager:220 - loadIPPluginJar : add fmc
2024-05-13 15:45:58,958 [INFO] IPUIPlugin:80 - create IPUIPlugin
2024-05-13 15:45:58,958 [INFO] PluginManager:220 - loadIPPluginJar : add freertos
2024-05-13 15:45:58,961 [INFO] IPUIPlugin:80 - create IPUIPlugin
2024-05-13 15:45:58,961 [INFO] PluginManager:220 - loadIPPluginJar : add genericplugin
2024-05-13 15:45:58,965 [INFO] IPUIPlugin:80 - create IPUIPlugin
2024-05-13 15:45:58,965 [INFO] PluginManager:220 - loadIPPluginJar : add gfxmmu
2024-05-13 15:45:58,973 [INFO] IPUIPlugin:80 - create IPUIPlugin
2024-05-13 15:45:58,974 [INFO] PluginManager:220 - loadIPPluginJar : add gic
2024-05-13 15:45:58,980 [INFO] IPUIPlugin:80 - create IPUIPlugin
2024-05-13 15:45:58,980 [INFO] PluginManager:220 - loadIPPluginJar : add gpio
2024-05-13 15:45:58,985 [INFO] IPUIPlugin:80 - create IPUIPlugin
2024-05-13 15:45:58,985 [INFO] PluginManager:220 - loadIPPluginJar : add gtzc
2024-05-13 15:45:58,989 [INFO] IPUIPlugin:80 - create IPUIPlugin
2024-05-13 15:45:58,989 [INFO] PluginManager:220 - loadIPPluginJar : add hash
2024-05-13 15:45:58,994 [INFO] IPUIPlugin:80 - create IPUIPlugin
2024-05-13 15:45:58,994 [INFO] PluginManager:220 - loadIPPluginJar : add i2c
2024-05-13 15:45:58,998 [INFO] IPUIPlugin:80 - create IPUIPlugin
2024-05-13 15:45:58,999 [INFO] PluginManager:220 - loadIPPluginJar : add i2s
2024-05-13 15:45:59,003 [INFO] IPUIPlugin:80 - create IPUIPlugin
2024-05-13 15:45:59,003 [INFO] PluginManager:220 - loadIPPluginJar : add i3c
2024-05-13 15:45:59,010 [INFO] IPUIPlugin:80 - create IPUIPlugin
2024-05-13 15:45:59,010 [INFO] PluginManager:220 - loadIPPluginJar : add ipddr
2024-05-13 15:45:59,021 [INFO] IPUIPlugin:80 - create IPUIPlugin
2024-05-13 15:45:59,021 [INFO] PluginManager:220 - loadIPPluginJar : add linkedlist
2024-05-13 15:45:59,026 [INFO] IPUIPlugin:80 - create IPUIPlugin
2024-05-13 15:45:59,026 [INFO] PluginManager:220 - loadIPPluginJar : add lorawan
2024-05-13 15:45:59,029 [INFO] IPUIPlugin:80 - create IPUIPlugin
2024-05-13 15:45:59,030 [INFO] PluginManager:220 - loadIPPluginJar : add ltdc
2024-05-13 15:45:59,045 [INFO] IPUIPlugin:80 - create IPUIPlugin
2024-05-13 15:45:59,046 [INFO] PluginManager:220 - loadIPPluginJar : add mdma
2024-05-13 15:45:59,056 [INFO] IPUIPlugin:80 - create IPUIPlugin
2024-05-13 15:45:59,056 [INFO] PluginManager:220 - loadIPPluginJar : add nvic
2024-05-13 15:45:59,061 [INFO] IPUIPlugin:80 - create IPUIPlugin
2024-05-13 15:45:59,061 [INFO] PluginManager:220 - loadIPPluginJar : add opamp
2024-05-13 15:45:59,067 [INFO] IPUIPlugin:80 - create IPUIPlugin
2024-05-13 15:45:59,067 [INFO] PluginManager:220 - loadIPPluginJar : add openamp
2024-05-13 15:45:59,072 [INFO] IPUIPlugin:80 - create IPUIPlugin
2024-05-13 15:45:59,072 [INFO] PluginManager:220 - loadIPPluginJar : add pdm2pcm
2024-05-13 15:45:59,080 [INFO] IPUIPlugin:80 - create IPUIPlugin
2024-05-13 15:45:59,083 [INFO] PluginManager:220 - loadIPPluginJar : add plateformsettings
2024-05-13 15:45:59,085 [INFO] IPUIPlugin:80 - create IPUIPlugin
2024-05-13 15:45:59,086 [INFO] PluginManager:220 - loadIPPluginJar : add quadspi
2024-05-13 15:45:59,091 [INFO] IPUIPlugin:80 - create IPUIPlugin
2024-05-13 15:45:59,091 [INFO] PluginManager:220 - loadIPPluginJar : add resmgrutility
2024-05-13 15:45:59,096 [INFO] IPUIPlugin:80 - create IPUIPlugin
2024-05-13 15:45:59,096 [INFO] PluginManager:220 - loadIPPluginJar : add sai
2024-05-13 15:45:59,100 [INFO] IPUIPlugin:80 - create IPUIPlugin
2024-05-13 15:45:59,100 [INFO] PluginManager:220 - loadIPPluginJar : add spi
2024-05-13 15:45:59,106 [INFO] IPUIPlugin:80 - create IPUIPlugin
2024-05-13 15:45:59,106 [INFO] PluginManager:220 - loadIPPluginJar : add stm32_wpan
2024-05-13 15:45:59,109 [INFO] IPUIPlugin:80 - create IPUIPlugin
2024-05-13 15:45:59,110 [INFO] PluginManager:220 - loadIPPluginJar : add tim
2024-05-13 15:45:59,114 [INFO] IPUIPlugin:80 - create IPUIPlugin
2024-05-13 15:45:59,114 [INFO] PluginManager:220 - loadIPPluginJar : add touchsensing
2024-05-13 15:45:59,117 [INFO] IPUIPlugin:80 - create IPUIPlugin
2024-05-13 15:45:59,117 [INFO] PluginManager:220 - loadIPPluginJar : add tracer_emb
2024-05-13 15:45:59,119 [INFO] IPUIPlugin:80 - create IPUIPlugin
2024-05-13 15:45:59,119 [INFO] PluginManager:220 - loadIPPluginJar : add ts
2024-05-13 15:45:59,121 [INFO] IPUIPlugin:80 - create IPUIPlugin
2024-05-13 15:45:59,121 [INFO] PluginManager:220 - loadIPPluginJar : add tsc
2024-05-13 15:45:59,124 [INFO] IPUIPlugin:80 - create IPUIPlugin
2024-05-13 15:45:59,124 [INFO] PluginManager:220 - loadIPPluginJar : add ucpd
2024-05-13 15:45:59,127 [INFO] IPUIPlugin:80 - create IPUIPlugin
2024-05-13 15:45:59,127 [INFO] PluginManager:220 - loadIPPluginJar : add usart
2024-05-13 15:45:59,131 [INFO] IPUIPlugin:80 - create IPUIPlugin
2024-05-13 15:45:59,131 [INFO] PluginManager:220 - loadIPPluginJar : add usbx
2024-05-13 15:45:59,258 [INFO] CADModel:165 - CPN selected for project level
2024-05-13 15:45:59,259 [INFO] CADModel:114 - Register for checkConnection events
2024-05-13 15:45:59,259 [FATAL] Updater:308 - Updater called before beeing initialized
2024-05-13 15:45:59,259 [ERROR] CADModel:125 - Updater not yet initialized, retry later 
2024-05-13 15:45:59,460 [INFO] CADModel:165 - CPN selected for project level
2024-05-13 15:45:59,460 [INFO] CADModel:114 - Register for checkConnection events
2024-05-13 15:45:59,461 [FATAL] Updater:308 - Updater called before beeing initialized
2024-05-13 15:45:59,461 [ERROR] CADModel:125 - Updater not yet initialized, retry later 
2024-05-13 15:45:59,466 [FATAL] Updater:308 - Updater called before beeing initialized
2024-05-13 15:45:59,634 [FATAL] Updater:308 - Updater called before beeing initialized
2024-05-13 15:45:59,641 [INFO] DbMcusAds:53 - JSON generation date=Wed Nov 29 17:52:27 ICT 2023 (1701255147349)
2024-05-13 15:45:59,641 [FATAL] Updater:308 - Updater called before beeing initialized
2024-05-13 15:45:59,688 [WARN] DetailPanel:346 - Failed to get advertising image, set to default
2024-05-13 15:45:59,790 [FATAL] Updater:308 - Updater called before beeing initialized
2024-05-13 15:45:59,792 [FATAL] Updater:308 - Updater called before beeing initialized
2024-05-13 15:45:59,792 [FATAL] Updater:308 - Updater called before beeing initialized
2024-05-13 15:45:59,792 [WARN] DetailPanel:346 - Failed to get advertising image, set to default
2024-05-13 15:45:59,793 [FATAL] Updater:308 - Updater called before beeing initialized
2024-05-13 15:45:59,851 [ERROR] Updater:1120 - MainUpdater not yet initialized. External WinMGr cannot be set.
2024-05-13 15:45:59,854 [INFO] Updater:1056 - Updater Version found : 6.11.0
2024-05-13 15:45:59,881 [INFO] ApplicationProperties:184 - Using Application install path: C:\ST\STM32CubeIDE_1.12.0\STM32CubeIDE\plugins\com.st.stm32cube.common.mx_6.11.0.202403141607
2024-05-13 15:46:00,416 [INFO] MainUpdater:2873 - connection check result : 10
2024-05-13 15:46:00,417 [INFO] MainUpdater:3567 - Updater definition file requires update
2024-05-13 15:46:00,419 [INFO] MainUpdater:290 - Updater Check For Update Now.
2024-05-13 15:46:00,419 [INFO] MicroXplorer:498 - Change Database Version : DB.6.0.110
2024-05-13 15:46:00,429 [INFO] McuFinderGlobals:63 - Set McuFinder mode to 2 (CubeIDE integrated)
2024-05-13 15:46:00,440 [INFO] UserAuth:415 - Internet connection configuration mode: 1
2024-05-13 15:46:00,464 [INFO] JxBrowserEngine:152 - Initiate JxBrowser Engine with user profile folder
2024-05-13 15:46:00,577 [INFO] ServerAccessManage:473 - Download File updaters.zip
2024-05-13 15:46:00,771 [INFO] FileExtend:240 - Unzip File : updaters.zip
2024-05-13 15:46:00,772 [INFO] FileExtend:255 - Standard Zip Deflate
2024-05-13 15:46:01,215 [WARN] MainUpdater:1194 - Updater busy. Cannot search thirdparties
2024-05-13 15:46:01,215 [INFO] ThirdPartyUpdaterWithRetryManager:96 - Updater plugin is busy. [1/15]
2024-05-13 15:46:01,681 [INFO] ServerAccessManage:473 - Download File PacksControlFlags.xml
2024-05-13 15:46:01,816 [INFO] ServerAccessManage:473 - Download File cubemx.pidx
2024-05-13 15:46:02,075 [INFO] WebApp:161 - Instantiating new browser for Auth
2024-05-13 15:46:03,249 [INFO] ServerAccessManage:473 - Download File STMicroelectronics.X-CUBE-ALGOBUILD.pdsc
2024-05-13 15:46:03,592 [INFO] WebApp:779 - Register for checkConnection events
2024-05-13 15:46:03,593 [INFO] WebApp:414 - Apply proxy settings
2024-05-13 15:46:03,593 [INFO] WebApp:499 - Chromium requires no authentication
2024-05-13 15:46:03,606 [INFO] WebApp:442 - Direct internet connection detected
2024-05-13 15:46:03,914 [INFO] WebApp:192 - Starting web application
2024-05-13 15:46:03,914 [INFO] WebApp:544 - Web application path used C:\ST\STM32CubeIDE_1.12.0\STM32CubeIDE\plugins\com.st.stm32cube.common.mx_6.11.0.202403141607\db\plugins\mcufinder\reactClient1\index.html
2024-05-13 15:46:04,218 [WARN] MainUpdater:1194 - Updater busy. Cannot search thirdparties
2024-05-13 15:46:04,218 [INFO] ThirdPartyUpdaterWithRetryManager:96 - Updater plugin is busy. [2/15]
2024-05-13 15:46:04,573 [WARN] PackLoader:240 - Cannot read IP mode file for STMicroelectronics.X-CUBE-ALGOBUILD.1.4.0
2024-05-13 15:46:04,578 [INFO] PopulateThirdPartyThread:66 - Ending populate Thread
2024-05-13 15:46:04,581 [INFO] ThirdParty:1030 - CMSIS Pack Vendor :STMicroelectronics X-CUBE-ALGOBUILD 1.4.0
2024-05-13 15:46:04,581 [INFO] LoadServerUpdatesThread:375 - End of LoadServerUpdate Thread
2024-05-13 15:46:04,725 [INFO] CheckServerUpdateThread:120 - End of CheckServer Thread
2024-05-13 15:46:07,582 [WARN] PackLoader:240 - Cannot read IP mode file for STMicroelectronics.FP-SNS-MOTENVWB1.1.4.0
2024-05-13 15:46:07,597 [WARN] PackLoader:240 - Cannot read IP mode file for STMicroelectronics.X-CUBE-SMBUS.2.1.0
2024-05-13 15:46:07,605 [WARN] PackLoader:240 - Cannot read IP mode file for STMicroelectronics.X-CUBE-TOUCHGFX.4.23.0
2024-05-13 15:46:07,611 [WARN] PackLoader:240 - Cannot read IP mode file for STMicroelectronics.X-CUBE-TOUCHGFX.4.23.2
2024-05-13 15:46:07,660 [WARN] PackLoader:240 - Cannot read IP mode file for STMicroelectronics.X-CUBE-AZRTOS-F7.1.1.0
2024-05-13 15:46:07,678 [ERROR] RealEvaluatedCondition:428 - Found unsupported composite condition: CLASS='Data Exchange' GROUP='STM32_MetaDataManager'
2024-05-13 15:46:07,679 [ERROR] RealEvaluatedCondition:428 - Found unsupported composite condition: GROUP='STM32_MetaDataManager' CLASS='Data Exchange'
2024-05-13 15:46:07,685 [WARN] PackLoader:240 - Cannot read IP mode file for STMicroelectronics.FP-SNS-MOTENV1.4.3.0
2024-05-13 15:46:07,700 [WARN] PackLoader:240 - Cannot read IP mode file for STMicroelectronics.FP-SNS-MOTENV1.4.3.2
2024-05-13 15:46:07,713 [WARN] PackLoader:240 - Cannot read IP mode file for STMicroelectronics.FP-SNS-FLIGHT1.5.0.0
2024-05-13 15:46:07,721 [ERROR] RealEvaluatedCondition:428 - Found unsupported composite condition: CLASS='Data Exchange' GROUP='STM32_MetaDataManager'
2024-05-13 15:46:07,721 [ERROR] RealEvaluatedCondition:428 - Found unsupported composite condition: GROUP='STM32_MetaDataManager' CLASS='Data Exchange'
2024-05-13 15:46:07,724 [WARN] PackLoader:240 - Cannot read IP mode file for STMicroelectronics.FP-SNS-MOTENV1.4.3.1
2024-05-13 15:46:07,736 [WARN] PackLoader:240 - Cannot read IP mode file for STMicroelectronics.FP-SNS-FLIGHT1.5.0.1
2024-05-13 15:46:07,751 [WARN] PackLoader:240 - Cannot read IP mode file for STMicroelectronics.X-CUBE-BLE1.6.2.4
2024-05-13 15:46:07,759 [WARN] PackLoader:240 - Cannot read IP mode file for STMicroelectronics.FP-SNS-FLIGHT1.5.0.2
2024-05-13 15:46:07,772 [WARN] PackLoader:240 - Cannot read IP mode file for STMicroelectronics.X-CUBE-DISPLAY.3.0.0
2024-05-13 15:46:07,863 [WARN] PackLoader:240 - Cannot read IP mode file for STMicroelectronics.X-CUBE-BLE1.7.0.0
2024-05-13 15:46:07,953 [WARN] PackLoader:240 - Cannot read IP mode file for emotas.I-CUBE-CANOPEN.1.3.0
2024-05-13 15:46:08,032 [WARN] PackLoader:240 - Cannot read IP mode file for STMicroelectronics.X-CUBE-TOUCHGFX.4.22.0
2024-05-13 15:46:08,037 [WARN] PackLoader:240 - Cannot read IP mode file for STMicroelectronics.X-CUBE-TOUCHGFX.4.22.1
2024-05-13 15:46:08,392 [WARN] PackLoader:240 - Cannot read IP mode file for STMicroelectronics.X-CUBE-BLEMGR.3.1.0
2024-05-13 15:46:08,642 [WARN] PackLoader:240 - Cannot read IP mode file for STMicroelectronics.FP-SNS-SMARTAG2.1.2.0
2024-05-13 15:46:08,737 [INFO] LogOutputStream:77 - [STDOUT_REDIRECT] 1 : Invalid condition id : UX_CORESTACK_Condition cause : null
2024-05-13 15:46:08,816 [INFO] LogOutputStream:77 - [STDOUT_REDIRECT] 1 : Invalid condition id : UX_CORESTACK_Condition cause : null
2024-05-13 15:46:08,819 [INFO] LogOutputStream:77 - [STDOUT_REDIRECT] 1 : Invalid condition id : UX_CORESTACK_Condition cause : null
2024-05-13 15:46:08,821 [INFO] LogOutputStream:77 - [STDOUT_REDIRECT] 1 : Invalid condition id : UX_CORESTACK_Condition cause : null
2024-05-13 15:46:08,899 [INFO] LogOutputStream:77 - [STDOUT_REDIRECT] 1 : Invalid condition id : UX_CORESTACK_Condition cause : null
2024-05-13 15:46:08,987 [WARN] PackLoader:240 - Cannot read IP mode file for STMicroelectronics.X-CUBE-AZRTOS-WL.2.0.0
2024-05-13 15:46:09,075 [WARN] PackLoader:240 - Cannot read IP mode file for STMicroelectronics.FP-SNS-MOTENV1.5.0.0
2024-05-13 15:46:09,276 [WARN] PackLoader:240 - Cannot read IP mode file for WES.I-CUBE-Cesium.1.3.0
2024-05-13 15:46:09,287 [WARN] PackLoader:240 - Cannot read IP mode file for STMicroelectronics.X-CUBE-BLE2.3.3.0
2024-05-13 15:46:09,309 [WARN] PackLoader:240 - Cannot read IP mode file for STMicroelectronics.X-CUBE-TOF1.3.2.0
2024-05-13 15:46:09,339 [WARN] PackLoader:240 - Cannot read IP mode file for STMicroelectronics.X-CUBE-TCPP.4.1.0
2024-05-13 15:46:09,347 [WARN] PackLoader:240 - Cannot read IP mode file for STMicroelectronics.X-CUBE-TOUCHGFX.4.21.1
2024-05-13 15:46:09,353 [WARN] PackLoader:240 - Cannot read IP mode file for STMicroelectronics.X-CUBE-TOUCHGFX.4.21.3
2024-05-13 15:46:09,359 [WARN] PackLoader:240 - Cannot read IP mode file for STMicroelectronics.X-CUBE-TOUCHGFX.4.21.4
2024-05-13 15:46:09,367 [WARN] PackLoader:240 - Cannot read IP mode file for STMicroelectronics.X-CUBE-AI.7.3.0
2024-05-13 15:46:09,379 [WARN] PackLoader:240 - Cannot read IP mode file for STMicroelectronics.X-CUBE-ALGOBUILD.1.3.0
2024-05-13 15:46:09,416 [WARN] PackLoader:240 - Cannot read IP mode file for STMicroelectronics.X-CUBE-AZRTOS-G0.1.1.0
2024-05-13 15:46:09,434 [WARN] PackLoader:240 - Cannot read IP mode file for STMicroelectronics.X-CUBE-SAFEA1.1.2.2
2024-05-13 15:46:09,452 [WARN] PackLoader:240 - Cannot read IP mode file for STMicroelectronics.X-CUBE-NFC4.3.0.0
2024-05-13 15:46:09,478 [WARN] PackLoader:240 - Cannot read IP mode file for STMicroelectronics.X-CUBE-BLEMGR.3.0.0
2024-05-13 15:46:09,499 [WARN] PackLoader:240 - Cannot read IP mode file for STMicroelectronics.X-CUBE-BLEMGR.1.3.0
2024-05-13 15:46:09,509 [WARN] PackLoader:240 - Cannot read IP mode file for STMicroelectronics.FP-ATR-SIGFOX1.3.2.0
2024-05-13 15:46:09,521 [WARN] PackLoader:240 - Cannot read IP mode file for STMicroelectronics.X-CUBE-EEPRMA1.5.1.0
2024-05-13 15:46:09,615 [WARN] PackLoader:240 - Cannot read IP mode file for STMicroelectronics.X-CUBE-MEMS1.9.5.0
2024-05-13 15:46:09,964 [WARN] PackLoader:240 - Cannot read IP mode file for SEGGER.I-CUBE-embOS.1.3.1
2024-05-13 15:46:10,070 [WARN] PackLoader:240 - Cannot read IP mode file for STMicroelectronics.X-CUBE-ALGOBUILD.1.4.0
2024-05-13 15:46:10,080 [WARN] PackLoader:240 - Cannot read IP mode file for STMicroelectronics.X-CUBE-GNSS1.6.0.0
2024-05-13 15:46:10,106 [WARN] PackLoader:240 - Cannot read IP mode file for STMicroelectronics.X-CUBE-AZRTOS-F4.1.1.0
2024-05-13 15:46:10,117 [WARN] PackLoader:240 - Cannot read IP mode file for wolfSSL.I-CUBE-wolfSSL.5.6.3
2024-05-13 15:46:10,126 [WARN] PackLoader:240 - Cannot read IP mode file for STMicroelectronics.X-CUBE-FREERTOS.1.2.0
2024-05-13 15:46:10,153 [WARN] PackLoader:240 - Cannot read IP mode file for STMicroelectronics.X-CUBE-AZRTOS-L5.2.0.0
2024-05-13 15:46:10,228 [WARN] PackLoader:240 - Cannot read IP mode file for STMicroelectronics.X-CUBE-MEMS1.9.6.0
2024-05-13 15:46:10,503 [WARN] PackLoader:240 - Cannot read IP mode file for STMicroelectronics.X-CUBE-EEPRMA1.4.2.0
2024-05-13 15:46:10,516 [WARN] PackLoader:240 - Cannot read IP mode file for STMicroelectronics.X-CUBE-NFC6.3.1.0
2024-05-13 15:46:10,528 [WARN] PackLoader:240 - Cannot read IP mode file for ITTIA_DB.I-CUBE-ITTIADB.8.8.0
2024-05-13 15:46:10,537 [WARN] PackLoader:240 - Cannot read IP mode file for emotas.I-CUBE-CANOPEN.1.1.3
2024-05-13 15:46:10,549 [WARN] PackLoader:240 - Cannot read IP mode file for STMicroelectronics.X-CUBE-BLEMGR.2.0.0
2024-05-13 15:46:10,556 [WARN] PackLoader:240 - Cannot read IP mode file for STMicroelectronics.X-CUBE-AI.9.0.0
2024-05-13 15:46:10,586 [WARN] ConditionMgr:438 - getConditionDescription Invalid condition id : UX DEVICE CLASS RTOS Condition cause : null
2024-05-13 15:46:10,587 [WARN] ConditionMgr:438 - getConditionDescription Invalid condition id : UX DEVICE CLASS RTOS Condition cause : null
2024-05-13 15:46:10,591 [WARN] PackLoader:240 - Cannot read IP mode file for STMicroelectronics.X-CUBE-AZRTOS-H7.3.1.0
2024-05-13 15:46:10,592 [WARN] ConditionMgr:1039 - genDependencies : Invalid condition id : UX DEVICE CLASS RTOS Condition cause : null
2024-05-13 15:46:10,593 [WARN] ConditionMgr:1039 - genDependencies : Invalid condition id : UX DEVICE CLASS RTOS Condition cause : null
2024-05-13 15:46:10,594 [WARN] ConditionMgr:1039 - genDependencies : Invalid condition id : UX DEVICE CLASS RTOS Condition cause : null
2024-05-13 15:46:10,595 [WARN] ConditionMgr:1039 - genDependencies : Invalid condition id : UX DEVICE CLASS RTOS Condition cause : null
2024-05-13 15:46:10,595 [WARN] ConditionMgr:1039 - genDependencies : Invalid condition id : UX DEVICE CLASS RTOS Condition cause : null
2024-05-13 15:46:10,602 [WARN] PackLoader:240 - Cannot read IP mode file for wolfSSL.I-CUBE-wolfSSL.5.5.4
2024-05-13 15:46:10,609 [WARN] PackLoader:240 - Cannot read IP mode file for STMicroelectronics.X-CUBE-NFC7.1.0.1
2024-05-13 15:46:10,618 [WARN] PackLoader:240 - Cannot read IP mode file for STMicroelectronics.X-CUBE-NFC7.1.0.0
2024-05-13 15:46:10,628 [WARN] PackLoader:240 - Cannot read IP mode file for STMicroelectronics.X-CUBE-NFC6.3.0.0
2024-05-13 15:46:10,639 [WARN] PackLoader:240 - Cannot read IP mode file for STMicroelectronics.X-CUBE-EEPRMA1.4.1.0
2024-05-13 15:46:10,647 [WARN] PackLoader:240 - Cannot read IP mode file for STMicroelectronics.X-CUBE-AI.8.1.0
2024-05-13 15:46:10,681 [WARN] ConditionMgr:438 - getConditionDescription Invalid condition id : LAN8742 Phy interface Condition cause : null
2024-05-13 15:46:10,682 [WARN] PackLoader:240 - Cannot read IP mode file for STMicroelectronics.X-CUBE-AZRTOS-L4.2.0.0
2024-05-13 15:46:10,684 [WARN] ConditionMgr:1039 - genDependencies : Invalid condition id : LAN8742 Phy interface Condition cause : null
2024-05-13 15:46:10,685 [WARN] ConditionMgr:1039 - genDependencies : Invalid condition id : LAN8742 Phy interface Condition cause : null
2024-05-13 15:46:10,686 [WARN] ConditionMgr:1039 - genDependencies : Invalid condition id : LAN8742 Phy interface Condition cause : null
2024-05-13 15:46:10,699 [WARN] PackLoader:240 - Cannot read IP mode file for STMicroelectronics.X-CUBE-SFXS2LP1.4.0.0
2024-05-13 15:46:10,730 [WARN] PackLoader:240 - Cannot read IP mode file for STMicroelectronics.X-CUBE-AZRTOS-H7.3.0.0
2024-05-13 15:46:10,740 [WARN] PackLoader:240 - Cannot read IP mode file for STMicroelectronics.X-CUBE-ISPU.1.1.0
2024-05-13 15:46:10,752 [WARN] PackLoader:240 - Cannot read IP mode file for RoweBots.I-CUBE-UNISONRTOS.5.5.0-4
2024-05-13 15:46:10,758 [WARN] PackLoader:240 - Cannot read IP mode file for STMicroelectronics.X-CUBE-AI.8.0.0
2024-05-13 15:46:10,780 [WARN] ConditionMgr:438 - getConditionDescription Invalid condition id : UX DEVICE CLASS RTOS Condition cause : null
2024-05-13 15:46:10,780 [WARN] ConditionMgr:438 - getConditionDescription Invalid condition id : UX DEVICE CLASS RTOS Condition cause : null
2024-05-13 15:46:10,786 [WARN] PackLoader:240 - Cannot read IP mode file for STMicroelectronics.X-CUBE-AZRTOS-WB.2.0.0
2024-05-13 15:46:10,787 [WARN] ConditionMgr:1039 - genDependencies : Invalid condition id : UX DEVICE CLASS RTOS Condition cause : null
2024-05-13 15:46:10,787 [WARN] ConditionMgr:1039 - genDependencies : Invalid condition id : UX DEVICE CLASS RTOS Condition cause : null
2024-05-13 15:46:10,797 [WARN] ConditionMgr:1039 - genDependencies : Invalid condition id : UX DEVICE CLASS RTOS Condition cause : null
2024-05-13 15:46:10,798 [WARN] ConditionMgr:1039 - genDependencies : Invalid condition id : UX DEVICE CLASS RTOS Condition cause : null
2024-05-13 15:46:10,798 [WARN] ConditionMgr:1039 - genDependencies : Invalid condition id : UX DEVICE CLASS RTOS Condition cause : null
2024-05-13 15:46:10,807 [WARN] PackLoader:240 - Cannot read IP mode file for STMicroelectronics.X-CUBE-FREERTOS.1.0.0
2024-05-13 15:46:10,814 [WARN] PackLoader:240 - Cannot read IP mode file for STMicroelectronics.X-CUBE-FREERTOS.1.0.1
2024-05-13 15:46:10,836 [WARN] PackLoader:240 - Cannot read IP mode file for STMicroelectronics.X-CUBE-AZRTOS-L5.1.1.0
2024-05-13 15:46:10,845 [WARN] PackLoader:240 - Cannot read IP mode file for STMicroelectronics.X-CUBE-AI.8.0.1
2024-05-13 15:46:10,862 [WARN] PackLoader:240 - Cannot read IP mode file for STMicroelectronics.X-CUBE-SUBG2.5.0.0
2024-05-13 15:46:10,895 [WARN] PackLoader:240 - Cannot read IP mode file for STMicroelectronics.X-CUBE-TOF1.3.3.1
2024-05-13 15:46:10,927 [WARN] PackLoader:240 - Cannot read IP mode file for STMicroelectronics.X-CUBE-AZRTOS-G4.2.0.0
2024-05-13 15:46:10,944 [WARN] PackLoader:240 - Cannot read IP mode file for STMicroelectronics.X-CUBE-TOF1.3.3.0
2024-05-13 15:46:10,962 [WARN] PackLoader:240 - Cannot read IP mode file for STMicroelectronics.FP-ATR-ASTRA1.1.1.1
2024-05-13 15:46:10,982 [WARN] PackLoader:240 - Cannot read IP mode file for Infineon.AIROC-Wi-Fi-Bluetooth-STM32.1.5.1
2024-05-13 15:46:10,991 [WARN] PackLoader:240 - Cannot read IP mode file for STMicroelectronics.FP-SNS-MOTENVWB1.1.3.0
2024-05-13 15:46:10,998 [WARN] PackLoader:240 - Cannot read IP mode file for STMicroelectronics.FP-SNS-MOTENVWB1.1.3.1
2024-05-13 15:46:11,018 [WARN] PackLoader:240 - Cannot read IP mode file for STMicroelectronics.X-CUBE-AZRTOS-G4.1.0.0
2024-05-13 15:46:11,044 [WARN] PackLoader:240 - Cannot read IP mode file for STMicroelectronics.X-CUBE-AZRTOS-L4.1.0.0
2024-05-13 15:46:11,052 [WARN] PackLoader:240 - Cannot read IP mode file for STMicroelectronics.X-CUBE-ISPU.2.0.0
2024-05-13 15:46:11,108 [WARN] PackLoader:240 - Cannot read IP mode file for STMicroelectronics.X-CUBE-MEMS1.10.0.0
2024-05-13 15:46:11,280 [WARN] PackLoader:240 - Cannot read IP mode file for STMicroelectronics.X-CUBE-FREERTOS.1.1.0
2024-05-13 15:46:11,293 [WARN] PackLoader:240 - Cannot read IP mode file for STMicroelectronics.X-CUBE-AZRTOS-WL.1.0.0
2024-05-13 15:46:11,304 [WARN] PackLoader:240 - Cannot read IP mode file for portGmbH.I-Cube-SoM-uGOAL.1.1.0
2024-05-13 15:46:11,311 [WARN] PackLoader:240 - Cannot read IP mode file for STMicroelectronics.X-CUBE-ALS.1.0.1
2024-05-13 15:46:11,330 [WARN] PackLoader:240 - Cannot read IP mode file for STMicroelectronics.X-CUBE-AZRTOS-WB.1.1.0
2024-05-13 15:46:11,361 [WARN] PackLoader:240 - Cannot read IP mode file for STMicroelectronics.X-CUBE-AZRTOS-H7RS.1.0.0
2024-05-13 15:46:11,371 [WARN] PackLoader:240 - Cannot read IP mode file for STMicroelectronics.FP-ATR-ASTRA1.2.0.0
2024-05-13 15:46:11,387 [WARN] PackLoader:240 - Cannot read IP mode file for STMicroelectronics.X-CUBE-TOF1.3.4.0
2024-05-13 15:46:11,413 [WARN] PackLoader:240 - Cannot read IP mode file for STMicroelectronics.X-CUBE-TOF1.3.4.1
2024-05-13 15:46:11,450 [WARN] PackLoader:240 - Cannot read IP mode file for STMicroelectronics.X-CUBE-AZRTOS-H7.3.2.0
2024-05-13 15:46:11,454 [INFO] ThirdParty:978 - Integrity check success = true
2024-05-13 15:46:11,454 [INFO] IntegrityCheckThread:100 - exiting critical section [integrity check]
2024-05-13 15:46:11,455 [INFO] IntegrityCheckThread:103 - End integrity checks thread
