2024-06-12 00:12:50,794 [ERROR] LogOutputStream:75 - [STDERR_REDIRECT] 
2024-06-12 15:03:29,012 [INFO] Activator:176 - 


2024-06-12 15:03:29,015 [INFO] Activator:177 - !SESSION log4j initialized
2024-06-12 15:03:38,739 [INFO] LogOutputStream:77 - [STDOUT_REDIRECT] 
2024-06-12 15:04:56,332 [INFO] ApplicationProperties:184 - Using Application install path: C:\ST\STM32CubeIDE_1.12.0\STM32CubeIDE\plugins\com.st.stm32cube.common.mx_6.11.0.202403141607
2024-06-12 15:04:56,356 [INFO] DbMcusXml:78 - Set database path to: C:\ST\STM32CubeIDE_1.12.0\STM32CubeIDE\plugins\com.st.stm32cube.common.mx_6.11.0.202403141607\\db\/mcu/
2024-06-12 15:04:56,357 [INFO] ApiDb:274 - Set plugin database path to: C:\ST\STM32CubeIDE_1.12.0\STM32CubeIDE\plugins\com.st.stm32cube.common.mx_6.11.0.202403141607\\db\/plugins/boardmanager/
2024-06-12 15:04:56,357 [WARN] ApiDb:259 - Overriding images path with different value:  => C:\ST\STM32CubeIDE_1.12.0\STM32CubeIDE\plugins\com.st.stm32cube.common.mx_6.11.0.202403141607\\db\/plugins/mcufinder/images/
2024-06-12 15:04:56,370 [INFO] ApiDb:250 - Set database path to: C:\Users\ADMIN\.stmcufinder\plugins\mcufinder//mcu/
2024-06-12 15:04:56,371 [INFO] DbMcusAds:125 - Set database path to: C:\Users\ADMIN\.stmcufinder\plugins\mcufinder//mcu/
2024-06-12 15:04:56,471 [INFO] CrossReferenceDbSqlite:203 - Set database path to: C:\Users\ADMIN\.stmcufinder\plugins\mcufinder//mcu/cs/
2024-06-12 15:04:56,672 [INFO] RulesReader:64 - Compatibility file has been processed (297 Rules)
2024-06-12 15:04:56,815 [INFO] DbMcusXml:78 - Set database path to: C:\ST\STM32CubeIDE_1.12.0\STM32CubeIDE\plugins\com.st.stm32cube.common.mx_6.11.0.202403141607\\db\/mcu/
2024-06-12 15:04:56,815 [INFO] ApiDb:274 - Set plugin database path to: C:\ST\STM32CubeIDE_1.12.0\STM32CubeIDE\plugins\com.st.stm32cube.common.mx_6.11.0.202403141607\\db\/plugins/boardmanager/
2024-06-12 15:04:56,816 [INFO] ApiDb:261 - Set plugin images path to: C:\ST\STM32CubeIDE_1.12.0\STM32CubeIDE\plugins\com.st.stm32cube.common.mx_6.11.0.202403141607\\db\/plugins/mcufinder/images/
2024-06-12 15:04:56,816 [WARN] DbFile:41 - Overriding database path with different value: C:\Users\ADMIN\.stmcufinder\plugins\mcufinder/ => C:\Users\ADMIN\.stmcufinder\plugins\mcufinder
2024-06-12 15:04:56,816 [INFO] ApiDb:250 - Set database path to: C:\Users\ADMIN\.stmcufinder\plugins\mcufinder//mcu/
2024-06-12 15:04:56,816 [WARN] DbFile:41 - Overriding database path with different value: C:\Users\ADMIN\.stmcufinder\plugins\mcufinder/ => C:\Users\ADMIN\.stmcufinder\plugins\mcufinder
2024-06-12 15:04:56,816 [INFO] DbMcusAds:125 - Set database path to: C:\Users\ADMIN\.stmcufinder\plugins\mcufinder//mcu/
2024-06-12 15:04:56,816 [WARN] DbFile:41 - Overriding database path with different value: C:\Users\ADMIN\.stmcufinder\plugins\mcufinder/ => C:\Users\ADMIN\.stmcufinder\plugins\mcufinder
2024-06-12 15:04:56,817 [WARN] DbFile:41 - Overriding database path with different value: C:\Users\ADMIN\.stmcufinder\plugins\mcufinder/ => C:\Users\ADMIN\.stmcufinder\plugins\mcufinder
2024-06-12 15:04:56,817 [INFO] CrossReferenceDbSqlite:203 - Set database path to: C:\Users\ADMIN\.stmcufinder\plugins\mcufinder//mcu/cs/
2024-06-12 15:04:56,924 [INFO] MainPanel:264 - HeapMemory: 300941312
2024-06-12 15:04:57,040 [INFO] DbMcusXml:78 - Set database path to: C:\ST\STM32CubeIDE_1.12.0\STM32CubeIDE\plugins\com.st.stm32cube.common.mx_6.11.0.202403141607\\db\/mcu/
2024-06-12 15:04:57,041 [INFO] ApiDb:274 - Set plugin database path to: C:\ST\STM32CubeIDE_1.12.0\STM32CubeIDE\plugins\com.st.stm32cube.common.mx_6.11.0.202403141607\\db\/plugins/boardmanager/
2024-06-12 15:04:57,041 [INFO] ApiDb:261 - Set plugin images path to: C:\ST\STM32CubeIDE_1.12.0\STM32CubeIDE\plugins\com.st.stm32cube.common.mx_6.11.0.202403141607\\db\/plugins/mcufinder/images/
2024-06-12 15:04:57,041 [WARN] DbFile:41 - Overriding database path with different value: C:\Users\ADMIN\.stmcufinder\plugins\mcufinder/ => C:\Users\ADMIN\.stmcufinder\plugins\mcufinder
2024-06-12 15:04:57,041 [INFO] ApiDb:250 - Set database path to: C:\Users\ADMIN\.stmcufinder\plugins\mcufinder//mcu/
2024-06-12 15:04:57,042 [WARN] DbFile:41 - Overriding database path with different value: C:\Users\ADMIN\.stmcufinder\plugins\mcufinder/ => C:\Users\ADMIN\.stmcufinder\plugins\mcufinder
2024-06-12 15:04:57,042 [INFO] DbMcusAds:125 - Set database path to: C:\Users\ADMIN\.stmcufinder\plugins\mcufinder//mcu/
2024-06-12 15:04:57,042 [WARN] DbFile:41 - Overriding database path with different value: C:\Users\ADMIN\.stmcufinder\plugins\mcufinder/ => C:\Users\ADMIN\.stmcufinder\plugins\mcufinder
2024-06-12 15:04:57,042 [WARN] DbFile:41 - Overriding database path with different value: C:\Users\ADMIN\.stmcufinder\plugins\mcufinder/ => C:\Users\ADMIN\.stmcufinder\plugins\mcufinder
2024-06-12 15:04:57,042 [INFO] CrossReferenceDbSqlite:203 - Set database path to: C:\Users\ADMIN\.stmcufinder\plugins\mcufinder//mcu/cs/
2024-06-12 15:04:57,066 [INFO] ApplicationProperties:184 - Using Application install path: C:\ST\STM32CubeIDE_1.12.0\STM32CubeIDE\plugins\com.st.stm32cube.common.mx_6.11.0.202403141607
2024-06-12 15:04:57,067 [INFO] PluginManage:196 - Search for loadable plugins [exclusion list=, ]
2024-06-12 15:04:57,069 [INFO] PluginManage:310 - Check plugin analytics
2024-06-12 15:05:06,816 [INFO] AnalyticsPlugin:253 - Accepted Software Licenses: 
2024-06-12 15:05:06,817 [INFO] AnalyticsPlugin:255 - Accepted CMSIS Pack Licenses: 
2024-06-12 15:05:06,817 [INFO] AnalyticsPlugin:257 - Accepted Firmware Licenses: 
2024-06-12 15:05:06,821 [INFO] PluginManage:359 - Loaded plugin analytics (category:tool,tabindex:-1)
2024-06-12 15:05:06,821 [INFO] PluginManage:310 - Check plugin cadmodel
2024-06-12 15:05:06,828 [INFO] CADModel:105 - Init CAD model plugin
2024-06-12 15:05:06,829 [INFO] PluginManage:359 - Loaded plugin cadmodel (category:power,tabindex:5)
2024-06-12 15:05:06,829 [INFO] PluginManage:310 - Check plugin clock
2024-06-12 15:05:06,845 [INFO] PluginManage:359 - Loaded plugin clock (category:base,tabindex:2)
2024-06-12 15:05:06,845 [INFO] PluginManage:310 - Check plugin ddr
2024-06-12 15:05:06,849 [INFO] PluginManage:359 - Loaded plugin ddr (category:tool,tabindex:6)
2024-06-12 15:05:06,849 [INFO] PluginManage:310 - Check plugin filemanager
2024-06-12 15:05:07,034 [INFO] PluginManage:359 - Loaded plugin filemanager (category:base,tabindex:10)
2024-06-12 15:05:07,035 [INFO] PluginManage:310 - Check plugin ipmanager
2024-06-12 15:05:07,044 [INFO] PluginManage:359 - Loaded plugin ipmanager (category:base,tabindex:5)
2024-06-12 15:05:07,044 [INFO] PluginManage:310 - Check plugin lpbam
2024-06-12 15:05:07,057 [INFO] PluginManage:359 - Loaded plugin lpbam (category:base,tabindex:0)
2024-06-12 15:05:07,057 [INFO] PluginManage:310 - Check plugin memorymap
2024-06-12 15:05:07,079 [INFO] PluginManage:359 - Loaded plugin memorymap (category:base,tabindex:4)
2024-06-12 15:05:07,079 [INFO] PluginManage:310 - Check plugin pinoutandconfiguration
2024-06-12 15:05:07,090 [INFO] PluginManage:359 - Loaded plugin pinoutandconfiguration (category:base,tabindex:1)
2024-06-12 15:05:07,090 [INFO] PluginManage:310 - Check plugin pinoutconfig
2024-06-12 15:05:07,218 [WARN] SupportedApi:132 - Cannot load RTOS API schema: s4s-elt-must-match.1: The content of 'definitions' must match (annotation?, (simpleType | complexType)?, (unique | key | keyref)*)). A problem was found starting at: attribute.
2024-06-12 15:05:07,430 [INFO] PluginManage:359 - Loaded plugin pinoutconfig (category:base,tabindex:0)
2024-06-12 15:05:07,430 [INFO] PluginManage:310 - Check plugin power
2024-06-12 15:05:07,449 [INFO] PluginManage:359 - Loaded plugin power (category:power,tabindex:4)
2024-06-12 15:05:07,449 [INFO] PluginManage:310 - Check plugin projectmanager
2024-06-12 15:05:07,479 [INFO] PluginManage:359 - Loaded plugin projectmanager (category:projectmanager,tabindex:3)
2024-06-12 15:05:07,479 [INFO] PluginManage:310 - Check plugin thirdparty
2024-06-12 15:05:07,667 [INFO] PluginManage:359 - Loaded plugin thirdparty (category:base,tabindex:-1)
2024-06-12 15:05:07,667 [WARN] IntegrityCheckThread:84 - waiting for thirdparty lock release [integrity check]
2024-06-12 15:05:07,668 [INFO] PluginManage:310 - Check plugin tools
2024-06-12 15:05:07,668 [INFO] IntegrityCheckThread:86 - entering critical section [integrity check]
2024-06-12 15:05:07,669 [INFO] ThirdPartyUpdaterWithRetryManager:70 - Updater plugin not ready yet. [1/15]
2024-06-12 15:05:07,672 [INFO] PluginManage:359 - Loaded plugin tools (category:base,tabindex:7)
2024-06-12 15:05:07,672 [INFO] PluginManage:310 - Check plugin tutovideos
2024-06-12 15:05:07,886 [INFO] PluginManage:359 - Loaded plugin tutovideos (category:base,tabindex:-1)
2024-06-12 15:05:07,886 [INFO] PluginManage:310 - Check plugin updater
2024-06-12 15:05:07,901 [INFO] PluginManage:359 - Loaded plugin updater (category:base,tabindex:12)
2024-06-12 15:05:07,901 [INFO] PluginManage:310 - Check plugin userauth
2024-06-12 15:05:07,909 [INFO] UserAuth:114 - Init User Auth plugin
2024-06-12 15:05:07,909 [INFO] PluginManage:359 - Loaded plugin userauth (category:base,tabindex:14)
2024-06-12 15:05:07,910 [INFO] PluginManage:283 - PluginManage : Loaded plugins [17]
2024-06-12 15:05:08,172 [INFO] PinOutPanel:1561 - setPackage(No Configuration,No Configuration)
2024-06-12 15:05:08,262 [INFO] CADModel:165 - CPN selected for project level
2024-06-12 15:05:08,262 [INFO] CADModel:114 - Register for checkConnection events
2024-06-12 15:05:08,284 [INFO] IPUIPlugin:80 - create IPUIPlugin
2024-06-12 15:05:08,284 [INFO] PluginManager:220 - loadIPPluginJar : add adc
2024-06-12 15:05:08,288 [INFO] IPUIPlugin:80 - create IPUIPlugin
2024-06-12 15:05:08,288 [INFO] PluginManager:220 - loadIPPluginJar : add aes
2024-06-12 15:05:08,292 [INFO] IPUIPlugin:80 - create IPUIPlugin
2024-06-12 15:05:08,292 [INFO] PluginManager:220 - loadIPPluginJar : add can
2024-06-12 15:05:08,294 [INFO] IPUIPlugin:80 - create IPUIPlugin
2024-06-12 15:05:08,294 [INFO] PluginManager:220 - loadIPPluginJar : add comp
2024-06-12 15:05:08,298 [INFO] IPUIPlugin:80 - create IPUIPlugin
2024-06-12 15:05:08,298 [INFO] PluginManager:220 - loadIPPluginJar : add cryp
2024-06-12 15:05:08,301 [INFO] IPUIPlugin:80 - create IPUIPlugin
2024-06-12 15:05:08,301 [INFO] PluginManager:220 - loadIPPluginJar : add dfsdm
2024-06-12 15:05:08,308 [INFO] IPUIPlugin:80 - create IPUIPlugin
2024-06-12 15:05:08,309 [INFO] PluginManager:220 - loadIPPluginJar : add dma
2024-06-12 15:05:08,312 [INFO] IPUIPlugin:80 - create IPUIPlugin
2024-06-12 15:05:08,313 [INFO] PluginManager:220 - loadIPPluginJar : add dma3
2024-06-12 15:05:08,316 [INFO] IPUIPlugin:80 - create IPUIPlugin
2024-06-12 15:05:08,316 [INFO] PluginManager:220 - loadIPPluginJar : add extmemmanager
2024-06-12 15:05:08,318 [INFO] IPUIPlugin:80 - create IPUIPlugin
2024-06-12 15:05:08,319 [INFO] PluginManager:220 - loadIPPluginJar : add fatfs
2024-06-12 15:05:08,324 [INFO] IPUIPlugin:80 - create IPUIPlugin
2024-06-12 15:05:08,324 [INFO] PluginManager:220 - loadIPPluginJar : add fmc
2024-06-12 15:05:08,331 [INFO] IPUIPlugin:80 - create IPUIPlugin
2024-06-12 15:05:08,331 [INFO] PluginManager:220 - loadIPPluginJar : add freertos
2024-06-12 15:05:08,334 [INFO] IPUIPlugin:80 - create IPUIPlugin
2024-06-12 15:05:08,334 [INFO] PluginManager:220 - loadIPPluginJar : add genericplugin
2024-06-12 15:05:08,337 [INFO] IPUIPlugin:80 - create IPUIPlugin
2024-06-12 15:05:08,338 [INFO] PluginManager:220 - loadIPPluginJar : add gfxmmu
2024-06-12 15:05:08,344 [INFO] IPUIPlugin:80 - create IPUIPlugin
2024-06-12 15:05:08,344 [INFO] PluginManager:220 - loadIPPluginJar : add gic
2024-06-12 15:05:08,350 [INFO] IPUIPlugin:80 - create IPUIPlugin
2024-06-12 15:05:08,350 [INFO] PluginManager:220 - loadIPPluginJar : add gpio
2024-06-12 15:05:08,354 [INFO] IPUIPlugin:80 - create IPUIPlugin
2024-06-12 15:05:08,354 [INFO] PluginManager:220 - loadIPPluginJar : add gtzc
2024-06-12 15:05:08,357 [INFO] IPUIPlugin:80 - create IPUIPlugin
2024-06-12 15:05:08,357 [INFO] PluginManager:220 - loadIPPluginJar : add hash
2024-06-12 15:05:08,360 [INFO] IPUIPlugin:80 - create IPUIPlugin
2024-06-12 15:05:08,361 [INFO] PluginManager:220 - loadIPPluginJar : add i2c
2024-06-12 15:05:08,364 [INFO] IPUIPlugin:80 - create IPUIPlugin
2024-06-12 15:05:08,364 [INFO] PluginManager:220 - loadIPPluginJar : add i2s
2024-06-12 15:05:08,368 [INFO] IPUIPlugin:80 - create IPUIPlugin
2024-06-12 15:05:08,368 [INFO] PluginManager:220 - loadIPPluginJar : add i3c
2024-06-12 15:05:08,372 [INFO] IPUIPlugin:80 - create IPUIPlugin
2024-06-12 15:05:08,372 [INFO] PluginManager:220 - loadIPPluginJar : add ipddr
2024-06-12 15:05:08,382 [INFO] IPUIPlugin:80 - create IPUIPlugin
2024-06-12 15:05:08,383 [INFO] PluginManager:220 - loadIPPluginJar : add linkedlist
2024-06-12 15:05:08,386 [INFO] IPUIPlugin:80 - create IPUIPlugin
2024-06-12 15:05:08,386 [INFO] PluginManager:220 - loadIPPluginJar : add lorawan
2024-06-12 15:05:08,388 [INFO] IPUIPlugin:80 - create IPUIPlugin
2024-06-12 15:05:08,388 [INFO] PluginManager:220 - loadIPPluginJar : add ltdc
2024-06-12 15:05:08,395 [INFO] IPUIPlugin:80 - create IPUIPlugin
2024-06-12 15:05:08,396 [INFO] PluginManager:220 - loadIPPluginJar : add mdma
2024-06-12 15:05:08,401 [INFO] IPUIPlugin:80 - create IPUIPlugin
2024-06-12 15:05:08,401 [INFO] PluginManager:220 - loadIPPluginJar : add nvic
2024-06-12 15:05:08,405 [INFO] IPUIPlugin:80 - create IPUIPlugin
2024-06-12 15:05:08,405 [INFO] PluginManager:220 - loadIPPluginJar : add opamp
2024-06-12 15:05:08,410 [INFO] IPUIPlugin:80 - create IPUIPlugin
2024-06-12 15:05:08,410 [INFO] PluginManager:220 - loadIPPluginJar : add openamp
2024-06-12 15:05:08,415 [INFO] IPUIPlugin:80 - create IPUIPlugin
2024-06-12 15:05:08,415 [INFO] PluginManager:220 - loadIPPluginJar : add pdm2pcm
2024-06-12 15:05:08,422 [INFO] IPUIPlugin:80 - create IPUIPlugin
2024-06-12 15:05:08,425 [INFO] PluginManager:220 - loadIPPluginJar : add plateformsettings
2024-06-12 15:05:08,427 [INFO] IPUIPlugin:80 - create IPUIPlugin
2024-06-12 15:05:08,427 [INFO] PluginManager:220 - loadIPPluginJar : add quadspi
2024-06-12 15:05:08,433 [INFO] IPUIPlugin:80 - create IPUIPlugin
2024-06-12 15:05:08,433 [INFO] PluginManager:220 - loadIPPluginJar : add resmgrutility
2024-06-12 15:05:08,437 [INFO] IPUIPlugin:80 - create IPUIPlugin
2024-06-12 15:05:08,437 [INFO] PluginManager:220 - loadIPPluginJar : add sai
2024-06-12 15:05:08,446 [INFO] IPUIPlugin:80 - create IPUIPlugin
2024-06-12 15:05:08,446 [INFO] PluginManager:220 - loadIPPluginJar : add spi
2024-06-12 15:05:08,453 [INFO] IPUIPlugin:80 - create IPUIPlugin
2024-06-12 15:05:08,453 [INFO] PluginManager:220 - loadIPPluginJar : add stm32_wpan
2024-06-12 15:05:08,456 [INFO] IPUIPlugin:80 - create IPUIPlugin
2024-06-12 15:05:08,456 [INFO] PluginManager:220 - loadIPPluginJar : add tim
2024-06-12 15:05:08,460 [INFO] IPUIPlugin:80 - create IPUIPlugin
2024-06-12 15:05:08,460 [INFO] PluginManager:220 - loadIPPluginJar : add touchsensing
2024-06-12 15:05:08,462 [INFO] IPUIPlugin:80 - create IPUIPlugin
2024-06-12 15:05:08,462 [INFO] PluginManager:220 - loadIPPluginJar : add tracer_emb
2024-06-12 15:05:08,465 [INFO] IPUIPlugin:80 - create IPUIPlugin
2024-06-12 15:05:08,465 [INFO] PluginManager:220 - loadIPPluginJar : add ts
2024-06-12 15:05:08,467 [INFO] IPUIPlugin:80 - create IPUIPlugin
2024-06-12 15:05:08,467 [INFO] PluginManager:220 - loadIPPluginJar : add tsc
2024-06-12 15:05:08,470 [INFO] IPUIPlugin:80 - create IPUIPlugin
2024-06-12 15:05:08,470 [INFO] PluginManager:220 - loadIPPluginJar : add ucpd
2024-06-12 15:05:08,474 [INFO] IPUIPlugin:80 - create IPUIPlugin
2024-06-12 15:05:08,474 [INFO] PluginManager:220 - loadIPPluginJar : add usart
2024-06-12 15:05:08,478 [INFO] IPUIPlugin:80 - create IPUIPlugin
2024-06-12 15:05:08,478 [INFO] PluginManager:220 - loadIPPluginJar : add usbx
2024-06-12 15:05:08,599 [INFO] CADModel:165 - CPN selected for project level
2024-06-12 15:05:08,599 [INFO] CADModel:114 - Register for checkConnection events
2024-06-12 15:05:08,599 [FATAL] Updater:308 - Updater called before beeing initialized
2024-06-12 15:05:08,599 [ERROR] CADModel:125 - Updater not yet initialized, retry later 
2024-06-12 15:05:08,768 [INFO] CADModel:165 - CPN selected for project level
2024-06-12 15:05:08,768 [INFO] CADModel:114 - Register for checkConnection events
2024-06-12 15:05:08,768 [FATAL] Updater:308 - Updater called before beeing initialized
2024-06-12 15:05:08,769 [ERROR] CADModel:125 - Updater not yet initialized, retry later 
2024-06-12 15:05:08,773 [FATAL] Updater:308 - Updater called before beeing initialized
2024-06-12 15:05:08,900 [FATAL] Updater:308 - Updater called before beeing initialized
2024-06-12 15:05:08,908 [INFO] DbMcusAds:53 - JSON generation date=Thu May 16 16:22:00 ICT 2024 (1715851320852)
2024-06-12 15:05:08,908 [FATAL] Updater:308 - Updater called before beeing initialized
2024-06-12 15:05:08,960 [WARN] DetailPanel:346 - Failed to get advertising image, set to default
2024-06-12 15:05:09,071 [FATAL] Updater:308 - Updater called before beeing initialized
2024-06-12 15:05:09,075 [FATAL] Updater:308 - Updater called before beeing initialized
2024-06-12 15:05:09,075 [FATAL] Updater:308 - Updater called before beeing initialized
2024-06-12 15:05:09,075 [WARN] DetailPanel:346 - Failed to get advertising image, set to default
2024-06-12 15:05:09,076 [FATAL] Updater:308 - Updater called before beeing initialized
2024-06-12 15:05:09,133 [ERROR] Updater:1120 - MainUpdater not yet initialized. External WinMGr cannot be set.
2024-06-12 15:05:09,136 [INFO] Updater:1056 - Updater Version found : 6.11.0
2024-06-12 15:05:09,188 [INFO] ApplicationProperties:184 - Using Application install path: C:\ST\STM32CubeIDE_1.12.0\STM32CubeIDE\plugins\com.st.stm32cube.common.mx_6.11.0.202403141607
2024-06-12 15:05:09,692 [INFO] MainUpdater:2873 - connection check result : 10
2024-06-12 15:05:09,693 [INFO] MainUpdater:3567 - Updater definition file requires update
2024-06-12 15:05:09,694 [INFO] MainUpdater:290 - Updater Check For Update Now.
2024-06-12 15:05:09,694 [INFO] MicroXplorer:498 - Change Database Version : DB.6.0.110
2024-06-12 15:05:09,700 [INFO] McuFinderGlobals:63 - Set McuFinder mode to 2 (CubeIDE integrated)
2024-06-12 15:05:09,707 [INFO] UserAuth:415 - Internet connection configuration mode: 1
2024-06-12 15:05:09,722 [INFO] JxBrowserEngine:152 - Initiate JxBrowser Engine with user profile folder
2024-06-12 15:05:10,641 [INFO] ServerAccessManage:473 - Download File updaters.zip
2024-06-12 15:05:10,670 [WARN] MainUpdater:1194 - Updater busy. Cannot search thirdparties
2024-06-12 15:05:10,670 [INFO] ThirdPartyUpdaterWithRetryManager:96 - Updater plugin is busy. [1/15]
2024-06-12 15:05:10,791 [INFO] FileExtend:240 - Unzip File : updaters.zip
2024-06-12 15:05:10,791 [INFO] FileExtend:255 - Standard Zip Deflate
2024-06-12 15:05:11,106 [INFO] WebApp:161 - Instantiating new browser for Auth
2024-06-12 15:05:11,503 [INFO] ServerAccessManage:473 - Download File PacksControlFlags.xml
2024-06-12 15:05:11,649 [INFO] ServerAccessManage:473 - Download File cubemx.pidx
2024-06-12 15:05:11,979 [INFO] LoadServerUpdatesThread:375 - End of LoadServerUpdate Thread
2024-06-12 15:05:12,204 [INFO] CheckServerUpdateThread:120 - End of CheckServer Thread
2024-06-12 15:05:12,966 [INFO] WebApp:779 - Register for checkConnection events
2024-06-12 15:05:12,967 [INFO] WebApp:414 - Apply proxy settings
2024-06-12 15:05:12,967 [INFO] WebApp:499 - Chromium requires no authentication
2024-06-12 15:05:12,996 [INFO] WebApp:442 - Direct internet connection detected
2024-06-12 15:05:13,268 [INFO] WebApp:192 - Starting web application
2024-06-12 15:05:13,268 [INFO] WebApp:544 - Web application path used C:\ST\STM32CubeIDE_1.12.0\STM32CubeIDE\plugins\com.st.stm32cube.common.mx_6.11.0.202403141607\db\plugins\mcufinder\reactClient1\index.html
2024-06-12 15:05:13,995 [WARN] PackLoader:240 - Cannot read IP mode file for STMicroelectronics.FP-SNS-MOTENVWB1.1.4.0
2024-06-12 15:05:14,012 [WARN] PackLoader:240 - Cannot read IP mode file for STMicroelectronics.X-CUBE-SMBUS.2.1.0
2024-06-12 15:05:14,019 [WARN] PackLoader:240 - Cannot read IP mode file for STMicroelectronics.X-CUBE-TOUCHGFX.4.23.0
2024-06-12 15:05:14,023 [WARN] PackLoader:240 - Cannot read IP mode file for STMicroelectronics.X-CUBE-TOUCHGFX.4.23.2
2024-06-12 15:05:14,074 [WARN] PackLoader:240 - Cannot read IP mode file for STMicroelectronics.X-CUBE-AZRTOS-F7.1.1.0
2024-06-12 15:05:14,089 [ERROR] RealEvaluatedCondition:428 - Found unsupported composite condition: CLASS='Data Exchange' GROUP='STM32_MetaDataManager'
2024-06-12 15:05:14,090 [ERROR] RealEvaluatedCondition:428 - Found unsupported composite condition: GROUP='STM32_MetaDataManager' CLASS='Data Exchange'
2024-06-12 15:05:14,091 [WARN] PackLoader:240 - Cannot read IP mode file for STMicroelectronics.FP-SNS-MOTENV1.4.3.0
2024-06-12 15:05:14,104 [WARN] PackLoader:240 - Cannot read IP mode file for STMicroelectronics.FP-SNS-MOTENV1.4.3.2
2024-06-12 15:05:14,114 [WARN] PackLoader:240 - Cannot read IP mode file for STMicroelectronics.FP-SNS-FLIGHT1.5.0.0
2024-06-12 15:05:14,122 [ERROR] RealEvaluatedCondition:428 - Found unsupported composite condition: GROUP='STM32_MetaDataManager' CLASS='Data Exchange'
2024-06-12 15:05:14,122 [ERROR] RealEvaluatedCondition:428 - Found unsupported composite condition: CLASS='Data Exchange' GROUP='STM32_MetaDataManager'
2024-06-12 15:05:14,125 [WARN] PackLoader:240 - Cannot read IP mode file for STMicroelectronics.FP-SNS-MOTENV1.4.3.1
2024-06-12 15:05:14,135 [WARN] PackLoader:240 - Cannot read IP mode file for STMicroelectronics.FP-SNS-FLIGHT1.5.0.1
2024-06-12 15:05:14,148 [WARN] PackLoader:240 - Cannot read IP mode file for STMicroelectronics.X-CUBE-BLE1.6.2.4
2024-06-12 15:05:14,156 [WARN] PackLoader:240 - Cannot read IP mode file for STMicroelectronics.FP-SNS-FLIGHT1.5.0.2
2024-06-12 15:05:14,170 [WARN] PackLoader:240 - Cannot read IP mode file for STMicroelectronics.X-CUBE-DISPLAY.3.0.0
2024-06-12 15:05:14,189 [WARN] PackLoader:240 - Cannot read IP mode file for STMicroelectronics.X-CUBE-BLE1.7.0.0
2024-06-12 15:05:14,198 [WARN] PackLoader:240 - Cannot read IP mode file for emotas.I-CUBE-CANOPEN.1.3.0
2024-06-12 15:05:14,205 [WARN] PackLoader:240 - Cannot read IP mode file for STMicroelectronics.X-CUBE-TOUCHGFX.4.22.0
2024-06-12 15:05:14,209 [WARN] PackLoader:240 - Cannot read IP mode file for STMicroelectronics.X-CUBE-TOUCHGFX.4.22.1
2024-06-12 15:05:14,225 [WARN] PackLoader:240 - Cannot read IP mode file for STMicroelectronics.X-CUBE-BLEMGR.3.1.0
2024-06-12 15:05:14,238 [WARN] PackLoader:240 - Cannot read IP mode file for STMicroelectronics.FP-SNS-SMARTAG2.1.2.0
2024-06-12 15:05:14,254 [INFO] LogOutputStream:77 - [STDOUT_REDIRECT] 1 : Invalid condition id : UX_CORESTACK_Condition cause : null
2024-06-12 15:05:14,255 [INFO] LogOutputStream:77 - [STDOUT_REDIRECT] 1 : Invalid condition id : UX_CORESTACK_Condition cause : null
2024-06-12 15:05:14,257 [INFO] LogOutputStream:77 - [STDOUT_REDIRECT] 1 : Invalid condition id : UX_CORESTACK_Condition cause : null
2024-06-12 15:05:14,259 [INFO] LogOutputStream:77 - [STDOUT_REDIRECT] 1 : Invalid condition id : UX_CORESTACK_Condition cause : null
2024-06-12 15:05:14,261 [INFO] LogOutputStream:77 - [STDOUT_REDIRECT] 1 : Invalid condition id : UX_CORESTACK_Condition cause : null
2024-06-12 15:05:14,266 [WARN] PackLoader:240 - Cannot read IP mode file for STMicroelectronics.X-CUBE-AZRTOS-WL.2.0.0
2024-06-12 15:05:14,274 [WARN] PackLoader:240 - Cannot read IP mode file for STMicroelectronics.FP-SNS-MOTENV1.5.0.0
2024-06-12 15:05:14,283 [WARN] PackLoader:240 - Cannot read IP mode file for wolfSSL.I-CUBE-wolfMQTT.1.19.0
2024-06-12 15:05:14,295 [WARN] PackLoader:240 - Cannot read IP mode file for WES.I-CUBE-Cesium.1.3.0
2024-06-12 15:05:14,303 [WARN] PackLoader:240 - Cannot read IP mode file for STMicroelectronics.X-CUBE-BLE2.3.3.0
2024-06-12 15:05:14,316 [WARN] PackLoader:240 - Cannot read IP mode file for STMicroelectronics.X-CUBE-TOF1.3.2.0
2024-06-12 15:05:14,332 [WARN] PackLoader:240 - Cannot read IP mode file for STMicroelectronics.X-CUBE-TCPP.4.1.0
2024-06-12 15:05:14,339 [WARN] PackLoader:240 - Cannot read IP mode file for STMicroelectronics.X-CUBE-TOUCHGFX.4.21.1
2024-06-12 15:05:14,343 [WARN] PackLoader:240 - Cannot read IP mode file for STMicroelectronics.X-CUBE-TOUCHGFX.4.21.3
2024-06-12 15:05:14,346 [WARN] PackLoader:240 - Cannot read IP mode file for STMicroelectronics.X-CUBE-TOUCHGFX.4.21.4
2024-06-12 15:05:14,352 [WARN] PackLoader:240 - Cannot read IP mode file for STMicroelectronics.X-CUBE-AI.7.3.0
2024-06-12 15:05:14,362 [WARN] PackLoader:240 - Cannot read IP mode file for STMicroelectronics.X-CUBE-ALGOBUILD.1.3.0
2024-06-12 15:05:14,387 [WARN] PackLoader:240 - Cannot read IP mode file for STMicroelectronics.X-CUBE-AZRTOS-G0.1.1.0
2024-06-12 15:05:14,398 [WARN] PackLoader:240 - Cannot read IP mode file for STMicroelectronics.X-CUBE-SAFEA1.1.2.2
2024-06-12 15:05:14,407 [WARN] PackLoader:240 - Cannot read IP mode file for STMicroelectronics.X-CUBE-NFC4.3.0.0
2024-06-12 15:05:14,421 [WARN] PackLoader:240 - Cannot read IP mode file for STMicroelectronics.X-CUBE-BLEMGR.3.0.0
2024-06-12 15:05:14,437 [WARN] PackLoader:240 - Cannot read IP mode file for STMicroelectronics.X-CUBE-BLEMGR.1.3.0
2024-06-12 15:05:14,444 [WARN] PackLoader:240 - Cannot read IP mode file for STMicroelectronics.FP-ATR-SIGFOX1.3.2.0
2024-06-12 15:05:14,464 [WARN] PackLoader:240 - Cannot read IP mode file for STMicroelectronics.X-CUBE-EEPRMA1.5.1.0
2024-06-12 15:05:14,531 [WARN] PackLoader:240 - Cannot read IP mode file for STMicroelectronics.X-CUBE-MEMS1.9.5.0
2024-06-12 15:05:14,826 [WARN] PackLoader:240 - Cannot read IP mode file for SEGGER.I-CUBE-embOS.1.3.1
2024-06-12 15:05:14,884 [WARN] PackLoader:240 - Cannot read IP mode file for STMicroelectronics.X-CUBE-ALGOBUILD.1.4.0
2024-06-12 15:05:14,893 [WARN] PackLoader:240 - Cannot read IP mode file for STMicroelectronics.X-CUBE-GNSS1.6.0.0
2024-06-12 15:05:14,911 [WARN] PackLoader:240 - Cannot read IP mode file for STMicroelectronics.X-CUBE-AZRTOS-F4.1.1.0
2024-06-12 15:05:14,920 [WARN] PackLoader:240 - Cannot read IP mode file for wolfSSL.I-CUBE-wolfSSL.5.6.3
2024-06-12 15:05:14,928 [WARN] PackLoader:240 - Cannot read IP mode file for STMicroelectronics.X-CUBE-FREERTOS.1.2.0
2024-06-12 15:05:14,951 [WARN] PackLoader:240 - Cannot read IP mode file for STMicroelectronics.X-CUBE-AZRTOS-L5.2.0.0
2024-06-12 15:05:15,035 [WARN] PackLoader:240 - Cannot read IP mode file for STMicroelectronics.X-CUBE-MEMS1.9.6.0
2024-06-12 15:05:15,245 [WARN] PackLoader:240 - Cannot read IP mode file for STMicroelectronics.X-CUBE-EEPRMA1.4.2.0
2024-06-12 15:05:15,259 [WARN] PackLoader:240 - Cannot read IP mode file for STMicroelectronics.X-CUBE-NFC6.3.1.0
2024-06-12 15:05:15,269 [WARN] PackLoader:240 - Cannot read IP mode file for ITTIA_DB.I-CUBE-ITTIADB.8.8.0
2024-06-12 15:05:15,279 [WARN] PackLoader:240 - Cannot read IP mode file for emotas.I-CUBE-CANOPEN.1.1.3
2024-06-12 15:05:15,291 [WARN] PackLoader:240 - Cannot read IP mode file for STMicroelectronics.X-CUBE-BLEMGR.2.0.0
2024-06-12 15:05:15,299 [WARN] PackLoader:240 - Cannot read IP mode file for STMicroelectronics.X-CUBE-AI.9.0.0
2024-06-12 15:05:15,324 [WARN] ConditionMgr:438 - getConditionDescription Invalid condition id : UX DEVICE CLASS RTOS Condition cause : null
2024-06-12 15:05:15,325 [WARN] ConditionMgr:438 - getConditionDescription Invalid condition id : UX DEVICE CLASS RTOS Condition cause : null
2024-06-12 15:05:15,329 [WARN] PackLoader:240 - Cannot read IP mode file for STMicroelectronics.X-CUBE-AZRTOS-H7.3.1.0
2024-06-12 15:05:15,331 [WARN] ConditionMgr:1039 - genDependencies : Invalid condition id : UX DEVICE CLASS RTOS Condition cause : null
2024-06-12 15:05:15,331 [WARN] ConditionMgr:1039 - genDependencies : Invalid condition id : UX DEVICE CLASS RTOS Condition cause : null
2024-06-12 15:05:15,332 [WARN] ConditionMgr:1039 - genDependencies : Invalid condition id : UX DEVICE CLASS RTOS Condition cause : null
2024-06-12 15:05:15,334 [WARN] ConditionMgr:1039 - genDependencies : Invalid condition id : UX DEVICE CLASS RTOS Condition cause : null
2024-06-12 15:05:15,334 [WARN] ConditionMgr:1039 - genDependencies : Invalid condition id : UX DEVICE CLASS RTOS Condition cause : null
2024-06-12 15:05:15,341 [WARN] PackLoader:240 - Cannot read IP mode file for wolfSSL.I-CUBE-wolfSSL.5.5.4
2024-06-12 15:05:15,348 [WARN] PackLoader:240 - Cannot read IP mode file for STMicroelectronics.X-CUBE-NFC7.1.0.1
2024-06-12 15:05:15,356 [WARN] PackLoader:240 - Cannot read IP mode file for STMicroelectronics.X-CUBE-NFC7.1.0.0
2024-06-12 15:05:15,366 [WARN] PackLoader:240 - Cannot read IP mode file for STMicroelectronics.X-CUBE-NFC6.3.0.0
2024-06-12 15:05:15,377 [WARN] PackLoader:240 - Cannot read IP mode file for STMicroelectronics.X-CUBE-EEPRMA1.4.1.0
2024-06-12 15:05:15,384 [WARN] PackLoader:240 - Cannot read IP mode file for STMicroelectronics.X-CUBE-AI.8.1.0
2024-06-12 15:05:15,411 [WARN] ConditionMgr:438 - getConditionDescription Invalid condition id : LAN8742 Phy interface Condition cause : null
2024-06-12 15:05:15,412 [WARN] PackLoader:240 - Cannot read IP mode file for STMicroelectronics.X-CUBE-AZRTOS-L4.2.0.0
2024-06-12 15:05:15,413 [WARN] ConditionMgr:1039 - genDependencies : Invalid condition id : LAN8742 Phy interface Condition cause : null
2024-06-12 15:05:15,413 [WARN] ConditionMgr:1039 - genDependencies : Invalid condition id : LAN8742 Phy interface Condition cause : null
2024-06-12 15:05:15,414 [WARN] ConditionMgr:1039 - genDependencies : Invalid condition id : LAN8742 Phy interface Condition cause : null
2024-06-12 15:05:15,423 [WARN] PackLoader:240 - Cannot read IP mode file for STMicroelectronics.X-CUBE-SFXS2LP1.4.0.0
2024-06-12 15:05:15,449 [WARN] PackLoader:240 - Cannot read IP mode file for STMicroelectronics.X-CUBE-AZRTOS-H7.3.0.0
2024-06-12 15:05:15,459 [WARN] PackLoader:240 - Cannot read IP mode file for STMicroelectronics.X-CUBE-ISPU.1.1.0
2024-06-12 15:05:15,467 [WARN] PackLoader:240 - Cannot read IP mode file for RoweBots.I-CUBE-UNISONRTOS.5.5.0-4
2024-06-12 15:05:15,473 [WARN] PackLoader:240 - Cannot read IP mode file for STMicroelectronics.X-CUBE-AI.8.0.0
2024-06-12 15:05:15,504 [WARN] ConditionMgr:438 - getConditionDescription Invalid condition id : UX DEVICE CLASS RTOS Condition cause : null
2024-06-12 15:05:15,504 [WARN] ConditionMgr:438 - getConditionDescription Invalid condition id : UX DEVICE CLASS RTOS Condition cause : null
2024-06-12 15:05:15,507 [WARN] PackLoader:240 - Cannot read IP mode file for STMicroelectronics.X-CUBE-AZRTOS-WB.2.0.0
2024-06-12 15:05:15,508 [WARN] ConditionMgr:1039 - genDependencies : Invalid condition id : UX DEVICE CLASS RTOS Condition cause : null
2024-06-12 15:05:15,508 [WARN] ConditionMgr:1039 - genDependencies : Invalid condition id : UX DEVICE CLASS RTOS Condition cause : null
2024-06-12 15:05:15,509 [WARN] ConditionMgr:1039 - genDependencies : Invalid condition id : UX DEVICE CLASS RTOS Condition cause : null
2024-06-12 15:05:15,510 [WARN] ConditionMgr:1039 - genDependencies : Invalid condition id : UX DEVICE CLASS RTOS Condition cause : null
2024-06-12 15:05:15,510 [WARN] ConditionMgr:1039 - genDependencies : Invalid condition id : UX DEVICE CLASS RTOS Condition cause : null
2024-06-12 15:05:15,517 [WARN] PackLoader:240 - Cannot read IP mode file for STMicroelectronics.X-CUBE-FREERTOS.1.0.0
2024-06-12 15:05:15,525 [WARN] PackLoader:240 - Cannot read IP mode file for STMicroelectronics.X-CUBE-FREERTOS.1.0.1
2024-06-12 15:05:15,546 [WARN] PackLoader:240 - Cannot read IP mode file for STMicroelectronics.X-CUBE-AZRTOS-L5.1.1.0
2024-06-12 15:05:15,557 [WARN] PackLoader:240 - Cannot read IP mode file for STMicroelectronics.X-CUBE-AI.8.0.1
2024-06-12 15:05:15,572 [WARN] PackLoader:240 - Cannot read IP mode file for STMicroelectronics.X-CUBE-SUBG2.5.0.0
2024-06-12 15:05:15,590 [WARN] PackLoader:240 - Cannot read IP mode file for STMicroelectronics.X-CUBE-TOF1.3.3.1
2024-06-12 15:05:15,629 [WARN] PackLoader:240 - Cannot read IP mode file for STMicroelectronics.X-CUBE-AZRTOS-G4.2.0.0
2024-06-12 15:05:15,646 [WARN] PackLoader:240 - Cannot read IP mode file for STMicroelectronics.X-CUBE-TOF1.3.3.0
2024-06-12 15:05:15,668 [WARN] PackLoader:240 - Cannot read IP mode file for STMicroelectronics.FP-ATR-ASTRA1.1.1.1
2024-06-12 15:05:15,686 [WARN] PackLoader:240 - Cannot read IP mode file for Infineon.AIROC-Wi-Fi-Bluetooth-STM32.1.5.1
2024-06-12 15:05:15,696 [WARN] PackLoader:240 - Cannot read IP mode file for STMicroelectronics.FP-SNS-MOTENVWB1.1.3.0
2024-06-12 15:05:15,703 [WARN] PackLoader:240 - Cannot read IP mode file for STMicroelectronics.FP-SNS-MOTENVWB1.1.3.1
2024-06-12 15:05:15,722 [WARN] PackLoader:240 - Cannot read IP mode file for STMicroelectronics.X-CUBE-AZRTOS-G4.1.0.0
2024-06-12 15:05:15,743 [WARN] PackLoader:240 - Cannot read IP mode file for STMicroelectronics.X-CUBE-AZRTOS-L4.1.0.0
2024-06-12 15:05:15,752 [WARN] PackLoader:240 - Cannot read IP mode file for STMicroelectronics.X-CUBE-ISPU.2.0.0
2024-06-12 15:05:15,759 [WARN] PackLoader:240 - Cannot read IP mode file for STMicroelectronics.X-CUBE-ALS.1.0.2
2024-06-12 15:05:15,823 [WARN] PackLoader:240 - Cannot read IP mode file for STMicroelectronics.X-CUBE-MEMS1.10.0.0
2024-06-12 15:05:16,007 [WARN] PackLoader:240 - Cannot read IP mode file for STMicroelectronics.X-CUBE-FREERTOS.1.1.0
2024-06-12 15:05:16,022 [WARN] PackLoader:240 - Cannot read IP mode file for STMicroelectronics.X-CUBE-AZRTOS-WL.1.0.0
2024-06-12 15:05:16,041 [WARN] PackLoader:240 - Cannot read IP mode file for portGmbH.I-Cube-SoM-uGOAL.1.1.0
2024-06-12 15:05:16,048 [WARN] PackLoader:240 - Cannot read IP mode file for STMicroelectronics.X-CUBE-ALS.1.0.1
2024-06-12 15:05:16,069 [WARN] PackLoader:240 - Cannot read IP mode file for STMicroelectronics.X-CUBE-AZRTOS-WB.1.1.0
2024-06-12 15:05:16,099 [WARN] PackLoader:240 - Cannot read IP mode file for STMicroelectronics.X-CUBE-AZRTOS-H7RS.1.0.0
2024-06-12 15:05:16,108 [WARN] PackLoader:240 - Cannot read IP mode file for STMicroelectronics.FP-ATR-ASTRA1.2.0.0
2024-06-12 15:05:16,124 [WARN] PackLoader:240 - Cannot read IP mode file for STMicroelectronics.X-CUBE-TOF1.3.4.0
2024-06-12 15:05:16,155 [WARN] PackLoader:240 - Cannot read IP mode file for STMicroelectronics.X-CUBE-TOF1.3.4.1
2024-06-12 15:05:16,191 [WARN] PackLoader:240 - Cannot read IP mode file for STMicroelectronics.X-CUBE-AZRTOS-H7.3.2.0
2024-06-12 15:05:16,196 [INFO] ThirdParty:978 - Integrity check success = true
2024-06-12 15:05:16,196 [INFO] IntegrityCheckThread:100 - exiting critical section [integrity check]
2024-06-12 15:05:16,196 [INFO] IntegrityCheckThread:103 - End integrity checks thread
2024-06-12 16:15:32,922 [ERROR] LogOutputStream:75 - [STDERR_REDIRECT] 
2024-06-12 17:36:40,993 [INFO] Activator:176 - 


2024-06-12 17:36:40,997 [INFO] Activator:177 - !SESSION log4j initialized
2024-06-12 17:36:49,924 [INFO] LogOutputStream:77 - [STDOUT_REDIRECT] 
2024-06-12 17:36:53,750 [INFO] ApplicationProperties:184 - Using Application install path: C:\ST\STM32CubeIDE_1.12.0\STM32CubeIDE\plugins\com.st.stm32cube.common.mx_6.11.0.202403141607
2024-06-12 17:36:53,791 [INFO] DbMcusXml:78 - Set database path to: C:\ST\STM32CubeIDE_1.12.0\STM32CubeIDE\plugins\com.st.stm32cube.common.mx_6.11.0.202403141607\\db\/mcu/
2024-06-12 17:36:53,792 [INFO] ApiDb:274 - Set plugin database path to: C:\ST\STM32CubeIDE_1.12.0\STM32CubeIDE\plugins\com.st.stm32cube.common.mx_6.11.0.202403141607\\db\/plugins/boardmanager/
2024-06-12 17:36:53,793 [WARN] ApiDb:259 - Overriding images path with different value:  => C:\ST\STM32CubeIDE_1.12.0\STM32CubeIDE\plugins\com.st.stm32cube.common.mx_6.11.0.202403141607\\db\/plugins/mcufinder/images/
2024-06-12 17:36:53,807 [INFO] ApiDb:250 - Set database path to: C:\Users\ADMIN\.stmcufinder\plugins\mcufinder//mcu/
2024-06-12 17:36:53,810 [INFO] DbMcusAds:125 - Set database path to: C:\Users\ADMIN\.stmcufinder\plugins\mcufinder//mcu/
2024-06-12 17:36:53,815 [INFO] CrossReferenceDbSqlite:203 - Set database path to: C:\Users\ADMIN\.stmcufinder\plugins\mcufinder//mcu/cs/
2024-06-12 17:36:54,092 [INFO] RulesReader:64 - Compatibility file has been processed (297 Rules)
2024-06-12 17:36:54,269 [INFO] DbMcusXml:78 - Set database path to: C:\ST\STM32CubeIDE_1.12.0\STM32CubeIDE\plugins\com.st.stm32cube.common.mx_6.11.0.202403141607\\db\/mcu/
2024-06-12 17:36:54,269 [INFO] ApiDb:274 - Set plugin database path to: C:\ST\STM32CubeIDE_1.12.0\STM32CubeIDE\plugins\com.st.stm32cube.common.mx_6.11.0.202403141607\\db\/plugins/boardmanager/
2024-06-12 17:36:54,270 [INFO] ApiDb:261 - Set plugin images path to: C:\ST\STM32CubeIDE_1.12.0\STM32CubeIDE\plugins\com.st.stm32cube.common.mx_6.11.0.202403141607\\db\/plugins/mcufinder/images/
2024-06-12 17:36:54,271 [WARN] DbFile:41 - Overriding database path with different value: C:\Users\ADMIN\.stmcufinder\plugins\mcufinder/ => C:\Users\ADMIN\.stmcufinder\plugins\mcufinder
2024-06-12 17:36:54,271 [INFO] ApiDb:250 - Set database path to: C:\Users\ADMIN\.stmcufinder\plugins\mcufinder//mcu/
2024-06-12 17:36:54,271 [WARN] DbFile:41 - Overriding database path with different value: C:\Users\ADMIN\.stmcufinder\plugins\mcufinder/ => C:\Users\ADMIN\.stmcufinder\plugins\mcufinder
2024-06-12 17:36:54,272 [INFO] DbMcusAds:125 - Set database path to: C:\Users\ADMIN\.stmcufinder\plugins\mcufinder//mcu/
2024-06-12 17:36:54,272 [WARN] DbFile:41 - Overriding database path with different value: C:\Users\ADMIN\.stmcufinder\plugins\mcufinder/ => C:\Users\ADMIN\.stmcufinder\plugins\mcufinder
2024-06-12 17:36:54,272 [WARN] DbFile:41 - Overriding database path with different value: C:\Users\ADMIN\.stmcufinder\plugins\mcufinder/ => C:\Users\ADMIN\.stmcufinder\plugins\mcufinder
2024-06-12 17:36:54,272 [INFO] CrossReferenceDbSqlite:203 - Set database path to: C:\Users\ADMIN\.stmcufinder\plugins\mcufinder//mcu/cs/
2024-06-12 17:36:54,440 [INFO] MainPanel:264 - HeapMemory: 268435456
2024-06-12 17:36:54,652 [INFO] DbMcusXml:78 - Set database path to: C:\ST\STM32CubeIDE_1.12.0\STM32CubeIDE\plugins\com.st.stm32cube.common.mx_6.11.0.202403141607\\db\/mcu/
2024-06-12 17:36:54,653 [INFO] ApiDb:274 - Set plugin database path to: C:\ST\STM32CubeIDE_1.12.0\STM32CubeIDE\plugins\com.st.stm32cube.common.mx_6.11.0.202403141607\\db\/plugins/boardmanager/
2024-06-12 17:36:54,653 [INFO] ApiDb:261 - Set plugin images path to: C:\ST\STM32CubeIDE_1.12.0\STM32CubeIDE\plugins\com.st.stm32cube.common.mx_6.11.0.202403141607\\db\/plugins/mcufinder/images/
2024-06-12 17:36:54,654 [WARN] DbFile:41 - Overriding database path with different value: C:\Users\ADMIN\.stmcufinder\plugins\mcufinder/ => C:\Users\ADMIN\.stmcufinder\plugins\mcufinder
2024-06-12 17:36:54,654 [INFO] ApiDb:250 - Set database path to: C:\Users\ADMIN\.stmcufinder\plugins\mcufinder//mcu/
2024-06-12 17:36:54,654 [WARN] DbFile:41 - Overriding database path with different value: C:\Users\ADMIN\.stmcufinder\plugins\mcufinder/ => C:\Users\ADMIN\.stmcufinder\plugins\mcufinder
2024-06-12 17:36:54,655 [INFO] DbMcusAds:125 - Set database path to: C:\Users\ADMIN\.stmcufinder\plugins\mcufinder//mcu/
2024-06-12 17:36:54,655 [WARN] DbFile:41 - Overriding database path with different value: C:\Users\ADMIN\.stmcufinder\plugins\mcufinder/ => C:\Users\ADMIN\.stmcufinder\plugins\mcufinder
2024-06-12 17:36:54,655 [WARN] DbFile:41 - Overriding database path with different value: C:\Users\ADMIN\.stmcufinder\plugins\mcufinder/ => C:\Users\ADMIN\.stmcufinder\plugins\mcufinder
2024-06-12 17:36:54,656 [INFO] CrossReferenceDbSqlite:203 - Set database path to: C:\Users\ADMIN\.stmcufinder\plugins\mcufinder//mcu/cs/
2024-06-12 17:36:54,691 [INFO] ApplicationProperties:184 - Using Application install path: C:\ST\STM32CubeIDE_1.12.0\STM32CubeIDE\plugins\com.st.stm32cube.common.mx_6.11.0.202403141607
2024-06-12 17:36:54,694 [INFO] PluginManage:196 - Search for loadable plugins [exclusion list=, ]
2024-06-12 17:36:54,697 [INFO] PluginManage:310 - Check plugin analytics
2024-06-12 17:36:55,101 [INFO] AnalyticsPlugin:253 - Accepted Software Licenses: 
2024-06-12 17:36:55,102 [INFO] AnalyticsPlugin:255 - Accepted CMSIS Pack Licenses: 
2024-06-12 17:36:55,103 [INFO] AnalyticsPlugin:257 - Accepted Firmware Licenses: 
2024-06-12 17:36:55,109 [INFO] PluginManage:359 - Loaded plugin analytics (category:tool,tabindex:-1)
2024-06-12 17:36:55,109 [INFO] PluginManage:310 - Check plugin cadmodel
2024-06-12 17:36:55,116 [INFO] CADModel:105 - Init CAD model plugin
2024-06-12 17:36:55,117 [INFO] PluginManage:359 - Loaded plugin cadmodel (category:power,tabindex:5)
2024-06-12 17:36:55,117 [INFO] PluginManage:310 - Check plugin clock
2024-06-12 17:36:55,135 [INFO] PluginManage:359 - Loaded plugin clock (category:base,tabindex:2)
2024-06-12 17:36:55,136 [INFO] PluginManage:310 - Check plugin ddr
2024-06-12 17:36:55,139 [INFO] PluginManage:359 - Loaded plugin ddr (category:tool,tabindex:6)
2024-06-12 17:36:55,140 [INFO] PluginManage:310 - Check plugin filemanager
2024-06-12 17:36:55,434 [INFO] PluginManage:359 - Loaded plugin filemanager (category:base,tabindex:10)
2024-06-12 17:36:55,435 [INFO] PluginManage:310 - Check plugin ipmanager
2024-06-12 17:36:55,449 [INFO] PluginManage:359 - Loaded plugin ipmanager (category:base,tabindex:5)
2024-06-12 17:36:55,450 [INFO] PluginManage:310 - Check plugin lpbam
2024-06-12 17:36:55,470 [INFO] PluginManage:359 - Loaded plugin lpbam (category:base,tabindex:0)
2024-06-12 17:36:55,470 [INFO] PluginManage:310 - Check plugin memorymap
2024-06-12 17:36:55,495 [INFO] PluginManage:359 - Loaded plugin memorymap (category:base,tabindex:4)
2024-06-12 17:36:55,495 [INFO] PluginManage:310 - Check plugin pinoutandconfiguration
2024-06-12 17:36:55,509 [INFO] PluginManage:359 - Loaded plugin pinoutandconfiguration (category:base,tabindex:1)
2024-06-12 17:36:55,509 [INFO] PluginManage:310 - Check plugin pinoutconfig
2024-06-12 17:36:55,683 [WARN] SupportedApi:132 - Cannot load RTOS API schema: s4s-elt-must-match.1: The content of 'definitions' must match (annotation?, (simpleType | complexType)?, (unique | key | keyref)*)). A problem was found starting at: attribute.
2024-06-12 17:36:55,974 [INFO] PluginManage:359 - Loaded plugin pinoutconfig (category:base,tabindex:0)
2024-06-12 17:36:55,975 [INFO] PluginManage:310 - Check plugin power
2024-06-12 17:36:55,988 [INFO] PluginManage:359 - Loaded plugin power (category:power,tabindex:4)
2024-06-12 17:36:55,989 [INFO] PluginManage:310 - Check plugin projectmanager
2024-06-12 17:36:56,012 [INFO] PluginManage:359 - Loaded plugin projectmanager (category:projectmanager,tabindex:3)
2024-06-12 17:36:56,012 [INFO] PluginManage:310 - Check plugin thirdparty
2024-06-12 17:36:56,184 [WARN] IntegrityCheckThread:84 - waiting for thirdparty lock release [integrity check]
2024-06-12 17:36:56,184 [INFO] IntegrityCheckThread:86 - entering critical section [integrity check]
2024-06-12 17:36:56,184 [INFO] PluginManage:359 - Loaded plugin thirdparty (category:base,tabindex:-1)
2024-06-12 17:36:56,185 [INFO] PluginManage:310 - Check plugin tools
2024-06-12 17:36:56,185 [INFO] ThirdPartyUpdaterWithRetryManager:70 - Updater plugin not ready yet. [1/15]
2024-06-12 17:36:56,189 [INFO] PluginManage:359 - Loaded plugin tools (category:base,tabindex:7)
2024-06-12 17:36:56,189 [INFO] PluginManage:310 - Check plugin tutovideos
2024-06-12 17:36:56,428 [INFO] PluginManage:359 - Loaded plugin tutovideos (category:base,tabindex:-1)
2024-06-12 17:36:56,428 [INFO] PluginManage:310 - Check plugin updater
2024-06-12 17:36:56,444 [INFO] PluginManage:359 - Loaded plugin updater (category:base,tabindex:12)
2024-06-12 17:36:56,444 [INFO] PluginManage:310 - Check plugin userauth
2024-06-12 17:36:56,450 [INFO] UserAuth:114 - Init User Auth plugin
2024-06-12 17:36:56,451 [INFO] PluginManage:359 - Loaded plugin userauth (category:base,tabindex:14)
2024-06-12 17:36:56,451 [INFO] PluginManage:283 - PluginManage : Loaded plugins [17]
2024-06-12 17:36:56,755 [INFO] PinOutPanel:1561 - setPackage(No Configuration,No Configuration)
2024-06-12 17:36:56,905 [INFO] CADModel:165 - CPN selected for project level
2024-06-12 17:36:56,906 [INFO] CADModel:114 - Register for checkConnection events
2024-06-12 17:36:56,945 [INFO] IPUIPlugin:80 - create IPUIPlugin
2024-06-12 17:36:56,945 [INFO] PluginManager:220 - loadIPPluginJar : add adc
2024-06-12 17:36:56,952 [INFO] IPUIPlugin:80 - create IPUIPlugin
2024-06-12 17:36:56,952 [INFO] PluginManager:220 - loadIPPluginJar : add aes
2024-06-12 17:36:56,960 [INFO] IPUIPlugin:80 - create IPUIPlugin
2024-06-12 17:36:56,960 [INFO] PluginManager:220 - loadIPPluginJar : add can
2024-06-12 17:36:56,963 [INFO] IPUIPlugin:80 - create IPUIPlugin
2024-06-12 17:36:56,964 [INFO] PluginManager:220 - loadIPPluginJar : add comp
2024-06-12 17:36:56,969 [INFO] IPUIPlugin:80 - create IPUIPlugin
2024-06-12 17:36:56,969 [INFO] PluginManager:220 - loadIPPluginJar : add cryp
2024-06-12 17:36:56,974 [INFO] IPUIPlugin:80 - create IPUIPlugin
2024-06-12 17:36:56,975 [INFO] PluginManager:220 - loadIPPluginJar : add dfsdm
2024-06-12 17:36:56,985 [INFO] IPUIPlugin:80 - create IPUIPlugin
2024-06-12 17:36:56,987 [INFO] PluginManager:220 - loadIPPluginJar : add dma
2024-06-12 17:36:56,991 [INFO] IPUIPlugin:80 - create IPUIPlugin
2024-06-12 17:36:56,992 [INFO] PluginManager:220 - loadIPPluginJar : add dma3
2024-06-12 17:36:56,996 [INFO] IPUIPlugin:80 - create IPUIPlugin
2024-06-12 17:36:56,996 [INFO] PluginManager:220 - loadIPPluginJar : add extmemmanager
2024-06-12 17:36:56,998 [INFO] IPUIPlugin:80 - create IPUIPlugin
2024-06-12 17:36:56,999 [INFO] PluginManager:220 - loadIPPluginJar : add fatfs
2024-06-12 17:36:57,007 [INFO] IPUIPlugin:80 - create IPUIPlugin
2024-06-12 17:36:57,007 [INFO] PluginManager:220 - loadIPPluginJar : add fmc
2024-06-12 17:36:57,030 [INFO] IPUIPlugin:80 - create IPUIPlugin
2024-06-12 17:36:57,030 [INFO] PluginManager:220 - loadIPPluginJar : add freertos
2024-06-12 17:36:57,034 [INFO] IPUIPlugin:80 - create IPUIPlugin
2024-06-12 17:36:57,034 [INFO] PluginManager:220 - loadIPPluginJar : add genericplugin
2024-06-12 17:36:57,038 [INFO] IPUIPlugin:80 - create IPUIPlugin
2024-06-12 17:36:57,038 [INFO] PluginManager:220 - loadIPPluginJar : add gfxmmu
2024-06-12 17:36:57,048 [INFO] IPUIPlugin:80 - create IPUIPlugin
2024-06-12 17:36:57,049 [INFO] PluginManager:220 - loadIPPluginJar : add gic
2024-06-12 17:36:57,055 [INFO] IPUIPlugin:80 - create IPUIPlugin
2024-06-12 17:36:57,056 [INFO] PluginManager:220 - loadIPPluginJar : add gpio
2024-06-12 17:36:57,059 [INFO] IPUIPlugin:80 - create IPUIPlugin
2024-06-12 17:36:57,059 [INFO] PluginManager:220 - loadIPPluginJar : add gtzc
2024-06-12 17:36:57,063 [INFO] IPUIPlugin:80 - create IPUIPlugin
2024-06-12 17:36:57,063 [INFO] PluginManager:220 - loadIPPluginJar : add hash
2024-06-12 17:36:57,067 [INFO] IPUIPlugin:80 - create IPUIPlugin
2024-06-12 17:36:57,067 [INFO] PluginManager:220 - loadIPPluginJar : add i2c
2024-06-12 17:36:57,070 [INFO] IPUIPlugin:80 - create IPUIPlugin
2024-06-12 17:36:57,071 [INFO] PluginManager:220 - loadIPPluginJar : add i2s
2024-06-12 17:36:57,074 [INFO] IPUIPlugin:80 - create IPUIPlugin
2024-06-12 17:36:57,074 [INFO] PluginManager:220 - loadIPPluginJar : add i3c
2024-06-12 17:36:57,079 [INFO] IPUIPlugin:80 - create IPUIPlugin
2024-06-12 17:36:57,079 [INFO] PluginManager:220 - loadIPPluginJar : add ipddr
2024-06-12 17:36:57,090 [INFO] IPUIPlugin:80 - create IPUIPlugin
2024-06-12 17:36:57,090 [INFO] PluginManager:220 - loadIPPluginJar : add linkedlist
2024-06-12 17:36:57,095 [INFO] IPUIPlugin:80 - create IPUIPlugin
2024-06-12 17:36:57,095 [INFO] PluginManager:220 - loadIPPluginJar : add lorawan
2024-06-12 17:36:57,097 [INFO] IPUIPlugin:80 - create IPUIPlugin
2024-06-12 17:36:57,097 [INFO] PluginManager:220 - loadIPPluginJar : add ltdc
2024-06-12 17:36:57,109 [INFO] IPUIPlugin:80 - create IPUIPlugin
2024-06-12 17:36:57,109 [INFO] PluginManager:220 - loadIPPluginJar : add mdma
2024-06-12 17:36:57,115 [INFO] IPUIPlugin:80 - create IPUIPlugin
2024-06-12 17:36:57,116 [INFO] PluginManager:220 - loadIPPluginJar : add nvic
2024-06-12 17:36:57,122 [INFO] IPUIPlugin:80 - create IPUIPlugin
2024-06-12 17:36:57,122 [INFO] PluginManager:220 - loadIPPluginJar : add opamp
2024-06-12 17:36:57,128 [INFO] IPUIPlugin:80 - create IPUIPlugin
2024-06-12 17:36:57,129 [INFO] PluginManager:220 - loadIPPluginJar : add openamp
2024-06-12 17:36:57,134 [INFO] IPUIPlugin:80 - create IPUIPlugin
2024-06-12 17:36:57,135 [INFO] PluginManager:220 - loadIPPluginJar : add pdm2pcm
2024-06-12 17:36:57,147 [INFO] IPUIPlugin:80 - create IPUIPlugin
2024-06-12 17:36:57,155 [INFO] PluginManager:220 - loadIPPluginJar : add plateformsettings
2024-06-12 17:36:57,158 [INFO] IPUIPlugin:80 - create IPUIPlugin
2024-06-12 17:36:57,159 [INFO] PluginManager:220 - loadIPPluginJar : add quadspi
2024-06-12 17:36:57,166 [INFO] IPUIPlugin:80 - create IPUIPlugin
2024-06-12 17:36:57,166 [INFO] PluginManager:220 - loadIPPluginJar : add resmgrutility
2024-06-12 17:36:57,172 [INFO] IPUIPlugin:80 - create IPUIPlugin
2024-06-12 17:36:57,173 [INFO] PluginManager:220 - loadIPPluginJar : add sai
2024-06-12 17:36:57,178 [INFO] IPUIPlugin:80 - create IPUIPlugin
2024-06-12 17:36:57,178 [INFO] PluginManager:220 - loadIPPluginJar : add spi
2024-06-12 17:36:57,189 [INFO] IPUIPlugin:80 - create IPUIPlugin
2024-06-12 17:36:57,189 [INFO] PluginManager:220 - loadIPPluginJar : add stm32_wpan
2024-06-12 17:36:57,193 [INFO] IPUIPlugin:80 - create IPUIPlugin
2024-06-12 17:36:57,193 [INFO] PluginManager:220 - loadIPPluginJar : add tim
2024-06-12 17:36:57,200 [INFO] IPUIPlugin:80 - create IPUIPlugin
2024-06-12 17:36:57,200 [INFO] PluginManager:220 - loadIPPluginJar : add touchsensing
2024-06-12 17:36:57,204 [INFO] IPUIPlugin:80 - create IPUIPlugin
2024-06-12 17:36:57,204 [INFO] PluginManager:220 - loadIPPluginJar : add tracer_emb
2024-06-12 17:36:57,207 [INFO] IPUIPlugin:80 - create IPUIPlugin
2024-06-12 17:36:57,208 [INFO] PluginManager:220 - loadIPPluginJar : add ts
2024-06-12 17:36:57,211 [INFO] IPUIPlugin:80 - create IPUIPlugin
2024-06-12 17:36:57,211 [INFO] PluginManager:220 - loadIPPluginJar : add tsc
2024-06-12 17:36:57,215 [INFO] IPUIPlugin:80 - create IPUIPlugin
2024-06-12 17:36:57,215 [INFO] PluginManager:220 - loadIPPluginJar : add ucpd
2024-06-12 17:36:57,222 [INFO] IPUIPlugin:80 - create IPUIPlugin
2024-06-12 17:36:57,222 [INFO] PluginManager:220 - loadIPPluginJar : add usart
2024-06-12 17:36:57,229 [INFO] IPUIPlugin:80 - create IPUIPlugin
2024-06-12 17:36:57,229 [INFO] PluginManager:220 - loadIPPluginJar : add usbx
2024-06-12 17:36:57,402 [INFO] CADModel:165 - CPN selected for project level
2024-06-12 17:36:57,403 [INFO] CADModel:114 - Register for checkConnection events
2024-06-12 17:36:57,403 [FATAL] Updater:308 - Updater called before beeing initialized
2024-06-12 17:36:57,404 [ERROR] CADModel:125 - Updater not yet initialized, retry later 
2024-06-12 17:36:57,710 [INFO] CADModel:165 - CPN selected for project level
2024-06-12 17:36:57,710 [INFO] CADModel:114 - Register for checkConnection events
2024-06-12 17:36:57,710 [FATAL] Updater:308 - Updater called before beeing initialized
2024-06-12 17:36:57,710 [ERROR] CADModel:125 - Updater not yet initialized, retry later 
2024-06-12 17:36:57,717 [FATAL] Updater:308 - Updater called before beeing initialized
2024-06-12 17:36:57,906 [FATAL] Updater:308 - Updater called before beeing initialized
2024-06-12 17:36:57,914 [INFO] DbMcusAds:53 - JSON generation date=Thu May 16 16:22:00 ICT 2024 (1715851320852)
2024-06-12 17:36:57,914 [FATAL] Updater:308 - Updater called before beeing initialized
2024-06-12 17:36:57,981 [WARN] DetailPanel:346 - Failed to get advertising image, set to default
2024-06-12 17:36:58,168 [FATAL] Updater:308 - Updater called before beeing initialized
2024-06-12 17:36:58,172 [FATAL] Updater:308 - Updater called before beeing initialized
2024-06-12 17:36:58,172 [FATAL] Updater:308 - Updater called before beeing initialized
2024-06-12 17:36:58,172 [WARN] DetailPanel:346 - Failed to get advertising image, set to default
2024-06-12 17:36:58,174 [FATAL] Updater:308 - Updater called before beeing initialized
2024-06-12 17:36:58,253 [ERROR] Updater:1120 - MainUpdater not yet initialized. External WinMGr cannot be set.
2024-06-12 17:36:58,256 [INFO] Updater:1056 - Updater Version found : 6.11.0
2024-06-12 17:36:58,287 [INFO] ApplicationProperties:184 - Using Application install path: C:\ST\STM32CubeIDE_1.12.0\STM32CubeIDE\plugins\com.st.stm32cube.common.mx_6.11.0.202403141607
2024-06-12 17:36:58,896 [INFO] MainUpdater:2873 - connection check result : 10
2024-06-12 17:36:58,898 [INFO] MainUpdater:290 - Updater Check For Update Now.
2024-06-12 17:36:58,898 [INFO] MicroXplorer:498 - Change Database Version : DB.6.0.110
2024-06-12 17:36:58,914 [INFO] McuFinderGlobals:63 - Set McuFinder mode to 2 (CubeIDE integrated)
2024-06-12 17:36:58,946 [INFO] UserAuth:415 - Internet connection configuration mode: 1
2024-06-12 17:36:58,985 [INFO] JxBrowserEngine:152 - Initiate JxBrowser Engine with user profile folder
2024-06-12 17:36:59,182 [INFO] CheckServerUpdateThread:120 - End of CheckServer Thread
2024-06-12 17:36:59,532 [WARN] PackLoader:240 - Cannot read IP mode file for STMicroelectronics.FP-SNS-MOTENVWB1.1.4.0
2024-06-12 17:36:59,552 [WARN] PackLoader:240 - Cannot read IP mode file for STMicroelectronics.X-CUBE-SMBUS.2.1.0
2024-06-12 17:36:59,561 [WARN] PackLoader:240 - Cannot read IP mode file for STMicroelectronics.X-CUBE-TOUCHGFX.4.23.0
2024-06-12 17:36:59,567 [WARN] PackLoader:240 - Cannot read IP mode file for STMicroelectronics.X-CUBE-TOUCHGFX.4.23.2
2024-06-12 17:36:59,631 [WARN] PackLoader:240 - Cannot read IP mode file for STMicroelectronics.X-CUBE-AZRTOS-F7.1.1.0
2024-06-12 17:36:59,648 [ERROR] RealEvaluatedCondition:428 - Found unsupported composite condition: CLASS='Data Exchange' GROUP='STM32_MetaDataManager'
2024-06-12 17:36:59,649 [ERROR] RealEvaluatedCondition:428 - Found unsupported composite condition: GROUP='STM32_MetaDataManager' CLASS='Data Exchange'
2024-06-12 17:36:59,651 [WARN] PackLoader:240 - Cannot read IP mode file for STMicroelectronics.FP-SNS-MOTENV1.4.3.0
2024-06-12 17:36:59,665 [WARN] PackLoader:240 - Cannot read IP mode file for STMicroelectronics.FP-SNS-MOTENV1.4.3.2
2024-06-12 17:36:59,677 [WARN] PackLoader:240 - Cannot read IP mode file for STMicroelectronics.FP-SNS-FLIGHT1.5.0.0
2024-06-12 17:36:59,686 [ERROR] RealEvaluatedCondition:428 - Found unsupported composite condition: CLASS='Data Exchange' GROUP='STM32_MetaDataManager'
2024-06-12 17:36:59,686 [ERROR] RealEvaluatedCondition:428 - Found unsupported composite condition: GROUP='STM32_MetaDataManager' CLASS='Data Exchange'
2024-06-12 17:36:59,690 [WARN] PackLoader:240 - Cannot read IP mode file for STMicroelectronics.FP-SNS-MOTENV1.4.3.1
2024-06-12 17:36:59,702 [WARN] PackLoader:240 - Cannot read IP mode file for STMicroelectronics.FP-SNS-FLIGHT1.5.0.1
2024-06-12 17:36:59,717 [WARN] PackLoader:240 - Cannot read IP mode file for STMicroelectronics.X-CUBE-BLE1.6.2.4
2024-06-12 17:36:59,725 [WARN] PackLoader:240 - Cannot read IP mode file for STMicroelectronics.FP-SNS-FLIGHT1.5.0.2
2024-06-12 17:36:59,740 [WARN] PackLoader:240 - Cannot read IP mode file for STMicroelectronics.X-CUBE-DISPLAY.3.0.0
2024-06-12 17:36:59,756 [WARN] PackLoader:240 - Cannot read IP mode file for STMicroelectronics.X-CUBE-BLE1.7.0.0
2024-06-12 17:36:59,767 [WARN] PackLoader:240 - Cannot read IP mode file for emotas.I-CUBE-CANOPEN.1.3.0
2024-06-12 17:36:59,773 [WARN] PackLoader:240 - Cannot read IP mode file for STMicroelectronics.X-CUBE-TOUCHGFX.4.22.0
2024-06-12 17:36:59,778 [WARN] PackLoader:240 - Cannot read IP mode file for STMicroelectronics.X-CUBE-TOUCHGFX.4.22.1
2024-06-12 17:36:59,800 [WARN] PackLoader:240 - Cannot read IP mode file for STMicroelectronics.X-CUBE-BLEMGR.3.1.0
2024-06-12 17:36:59,814 [WARN] PackLoader:240 - Cannot read IP mode file for STMicroelectronics.FP-SNS-SMARTAG2.1.2.0
2024-06-12 17:36:59,834 [INFO] LogOutputStream:77 - [STDOUT_REDIRECT] 1 : Invalid condition id : UX_CORESTACK_Condition cause : null
2024-06-12 17:36:59,836 [INFO] LogOutputStream:77 - [STDOUT_REDIRECT] 1 : Invalid condition id : UX_CORESTACK_Condition cause : null
2024-06-12 17:36:59,838 [INFO] LogOutputStream:77 - [STDOUT_REDIRECT] 1 : Invalid condition id : UX_CORESTACK_Condition cause : null
2024-06-12 17:36:59,841 [INFO] LogOutputStream:77 - [STDOUT_REDIRECT] 1 : Invalid condition id : UX_CORESTACK_Condition cause : null
2024-06-12 17:36:59,843 [INFO] LogOutputStream:77 - [STDOUT_REDIRECT] 1 : Invalid condition id : UX_CORESTACK_Condition cause : null
2024-06-12 17:36:59,852 [WARN] PackLoader:240 - Cannot read IP mode file for STMicroelectronics.X-CUBE-AZRTOS-WL.2.0.0
2024-06-12 17:36:59,860 [WARN] PackLoader:240 - Cannot read IP mode file for STMicroelectronics.FP-SNS-MOTENV1.5.0.0
2024-06-12 17:36:59,870 [WARN] PackLoader:240 - Cannot read IP mode file for wolfSSL.I-CUBE-wolfMQTT.1.19.0
2024-06-12 17:36:59,885 [WARN] PackLoader:240 - Cannot read IP mode file for WES.I-CUBE-Cesium.1.3.0
2024-06-12 17:36:59,894 [WARN] PackLoader:240 - Cannot read IP mode file for STMicroelectronics.X-CUBE-BLE2.3.3.0
2024-06-12 17:36:59,938 [WARN] PackLoader:240 - Cannot read IP mode file for STMicroelectronics.X-CUBE-TOF1.3.2.0
2024-06-12 17:36:59,960 [WARN] PackLoader:240 - Cannot read IP mode file for STMicroelectronics.X-CUBE-TCPP.4.1.0
2024-06-12 17:36:59,967 [WARN] PackLoader:240 - Cannot read IP mode file for STMicroelectronics.X-CUBE-TOUCHGFX.4.21.1
2024-06-12 17:36:59,972 [WARN] PackLoader:240 - Cannot read IP mode file for STMicroelectronics.X-CUBE-TOUCHGFX.4.21.3
2024-06-12 17:36:59,977 [WARN] PackLoader:240 - Cannot read IP mode file for STMicroelectronics.X-CUBE-TOUCHGFX.4.21.4
2024-06-12 17:36:59,993 [WARN] PackLoader:240 - Cannot read IP mode file for STMicroelectronics.X-CUBE-AI.7.3.0
2024-06-12 17:37:00,005 [WARN] PackLoader:240 - Cannot read IP mode file for STMicroelectronics.X-CUBE-ALGOBUILD.1.3.0
2024-06-12 17:37:00,047 [WARN] PackLoader:240 - Cannot read IP mode file for STMicroelectronics.X-CUBE-AZRTOS-G0.1.1.0
2024-06-12 17:37:00,061 [WARN] PackLoader:240 - Cannot read IP mode file for STMicroelectronics.X-CUBE-SAFEA1.1.2.2
2024-06-12 17:37:00,072 [WARN] PackLoader:240 - Cannot read IP mode file for STMicroelectronics.X-CUBE-NFC4.3.0.0
2024-06-12 17:37:00,088 [WARN] PackLoader:240 - Cannot read IP mode file for STMicroelectronics.X-CUBE-BLEMGR.3.0.0
2024-06-12 17:37:00,104 [WARN] PackLoader:240 - Cannot read IP mode file for STMicroelectronics.X-CUBE-BLEMGR.1.3.0
2024-06-12 17:37:00,256 [WARN] PackLoader:240 - Cannot read IP mode file for STMicroelectronics.FP-ATR-SIGFOX1.3.2.0
2024-06-12 17:37:00,274 [WARN] PackLoader:240 - Cannot read IP mode file for STMicroelectronics.X-CUBE-EEPRMA1.5.1.0
2024-06-12 17:37:00,383 [WARN] PackLoader:240 - Cannot read IP mode file for STMicroelectronics.X-CUBE-MEMS1.9.5.0
2024-06-12 17:37:00,747 [WARN] PackLoader:240 - Cannot read IP mode file for SEGGER.I-CUBE-embOS.1.3.1
2024-06-12 17:37:00,851 [WARN] PackLoader:240 - Cannot read IP mode file for STMicroelectronics.X-CUBE-ALGOBUILD.1.4.0
2024-06-12 17:37:00,854 [INFO] WebApp:161 - Instantiating new browser for Auth
2024-06-12 17:37:00,862 [WARN] PackLoader:240 - Cannot read IP mode file for STMicroelectronics.X-CUBE-GNSS1.6.0.0
2024-06-12 17:37:00,891 [WARN] PackLoader:240 - Cannot read IP mode file for STMicroelectronics.X-CUBE-AZRTOS-F4.1.1.0
2024-06-12 17:37:00,903 [WARN] PackLoader:240 - Cannot read IP mode file for wolfSSL.I-CUBE-wolfSSL.5.6.3
2024-06-12 17:37:00,912 [WARN] PackLoader:240 - Cannot read IP mode file for STMicroelectronics.X-CUBE-FREERTOS.1.2.0
2024-06-12 17:37:00,946 [WARN] PackLoader:240 - Cannot read IP mode file for STMicroelectronics.X-CUBE-AZRTOS-L5.2.0.0
2024-06-12 17:37:01,026 [WARN] PackLoader:240 - Cannot read IP mode file for STMicroelectronics.X-CUBE-MEMS1.9.6.0
2024-06-12 17:37:01,402 [WARN] PackLoader:240 - Cannot read IP mode file for STMicroelectronics.X-CUBE-EEPRMA1.4.2.0
2024-06-12 17:37:01,416 [WARN] PackLoader:240 - Cannot read IP mode file for STMicroelectronics.X-CUBE-NFC6.3.1.0
2024-06-12 17:37:01,429 [WARN] PackLoader:240 - Cannot read IP mode file for ITTIA_DB.I-CUBE-ITTIADB.8.8.0
2024-06-12 17:37:01,439 [WARN] PackLoader:240 - Cannot read IP mode file for emotas.I-CUBE-CANOPEN.1.1.3
2024-06-12 17:37:01,450 [WARN] PackLoader:240 - Cannot read IP mode file for STMicroelectronics.X-CUBE-BLEMGR.2.0.0
2024-06-12 17:37:01,460 [WARN] PackLoader:240 - Cannot read IP mode file for STMicroelectronics.X-CUBE-AI.9.0.0
2024-06-12 17:37:01,492 [WARN] ConditionMgr:438 - getConditionDescription Invalid condition id : UX DEVICE CLASS RTOS Condition cause : null
2024-06-12 17:37:01,492 [WARN] ConditionMgr:438 - getConditionDescription Invalid condition id : UX DEVICE CLASS RTOS Condition cause : null
2024-06-12 17:37:01,500 [WARN] PackLoader:240 - Cannot read IP mode file for STMicroelectronics.X-CUBE-AZRTOS-H7.3.1.0
2024-06-12 17:37:01,501 [WARN] ConditionMgr:1039 - genDependencies : Invalid condition id : UX DEVICE CLASS RTOS Condition cause : null
2024-06-12 17:37:01,502 [WARN] ConditionMgr:1039 - genDependencies : Invalid condition id : UX DEVICE CLASS RTOS Condition cause : null
2024-06-12 17:37:01,503 [WARN] ConditionMgr:1039 - genDependencies : Invalid condition id : UX DEVICE CLASS RTOS Condition cause : null
2024-06-12 17:37:01,504 [WARN] ConditionMgr:1039 - genDependencies : Invalid condition id : UX DEVICE CLASS RTOS Condition cause : null
2024-06-12 17:37:01,505 [WARN] ConditionMgr:1039 - genDependencies : Invalid condition id : UX DEVICE CLASS RTOS Condition cause : null
2024-06-12 17:37:01,513 [WARN] PackLoader:240 - Cannot read IP mode file for wolfSSL.I-CUBE-wolfSSL.5.5.4
2024-06-12 17:37:01,527 [WARN] PackLoader:240 - Cannot read IP mode file for STMicroelectronics.X-CUBE-NFC7.1.0.1
2024-06-12 17:37:01,541 [WARN] PackLoader:240 - Cannot read IP mode file for STMicroelectronics.X-CUBE-NFC7.1.0.0
2024-06-12 17:37:01,553 [WARN] PackLoader:240 - Cannot read IP mode file for STMicroelectronics.X-CUBE-NFC6.3.0.0
2024-06-12 17:37:01,565 [WARN] PackLoader:240 - Cannot read IP mode file for STMicroelectronics.X-CUBE-EEPRMA1.4.1.0
2024-06-12 17:37:01,575 [WARN] PackLoader:240 - Cannot read IP mode file for STMicroelectronics.X-CUBE-AI.8.1.0
2024-06-12 17:37:01,607 [WARN] ConditionMgr:438 - getConditionDescription Invalid condition id : LAN8742 Phy interface Condition cause : null
2024-06-12 17:37:01,608 [WARN] PackLoader:240 - Cannot read IP mode file for STMicroelectronics.X-CUBE-AZRTOS-L4.2.0.0
2024-06-12 17:37:01,610 [WARN] ConditionMgr:1039 - genDependencies : Invalid condition id : LAN8742 Phy interface Condition cause : null
2024-06-12 17:37:01,611 [WARN] ConditionMgr:1039 - genDependencies : Invalid condition id : LAN8742 Phy interface Condition cause : null
2024-06-12 17:37:01,612 [WARN] ConditionMgr:1039 - genDependencies : Invalid condition id : LAN8742 Phy interface Condition cause : null
2024-06-12 17:37:01,625 [WARN] PackLoader:240 - Cannot read IP mode file for STMicroelectronics.X-CUBE-SFXS2LP1.4.0.0
2024-06-12 17:37:01,661 [WARN] PackLoader:240 - Cannot read IP mode file for STMicroelectronics.X-CUBE-AZRTOS-H7.3.0.0
2024-06-12 17:37:01,674 [WARN] PackLoader:240 - Cannot read IP mode file for STMicroelectronics.X-CUBE-ISPU.1.1.0
2024-06-12 17:37:01,687 [WARN] PackLoader:240 - Cannot read IP mode file for RoweBots.I-CUBE-UNISONRTOS.5.5.0-4
2024-06-12 17:37:01,695 [WARN] PackLoader:240 - Cannot read IP mode file for STMicroelectronics.X-CUBE-AI.8.0.0
2024-06-12 17:37:01,718 [WARN] ConditionMgr:438 - getConditionDescription Invalid condition id : UX DEVICE CLASS RTOS Condition cause : null
2024-06-12 17:37:01,719 [WARN] ConditionMgr:438 - getConditionDescription Invalid condition id : UX DEVICE CLASS RTOS Condition cause : null
2024-06-12 17:37:01,724 [WARN] PackLoader:240 - Cannot read IP mode file for STMicroelectronics.X-CUBE-AZRTOS-WB.2.0.0
2024-06-12 17:37:01,726 [WARN] ConditionMgr:1039 - genDependencies : Invalid condition id : UX DEVICE CLASS RTOS Condition cause : null
2024-06-12 17:37:01,726 [WARN] ConditionMgr:1039 - genDependencies : Invalid condition id : UX DEVICE CLASS RTOS Condition cause : null
2024-06-12 17:37:01,728 [WARN] ConditionMgr:1039 - genDependencies : Invalid condition id : UX DEVICE CLASS RTOS Condition cause : null
2024-06-12 17:37:01,728 [WARN] ConditionMgr:1039 - genDependencies : Invalid condition id : UX DEVICE CLASS RTOS Condition cause : null
2024-06-12 17:37:01,728 [WARN] ConditionMgr:1039 - genDependencies : Invalid condition id : UX DEVICE CLASS RTOS Condition cause : null
2024-06-12 17:37:01,737 [WARN] PackLoader:240 - Cannot read IP mode file for STMicroelectronics.X-CUBE-FREERTOS.1.0.0
2024-06-12 17:37:01,745 [WARN] PackLoader:240 - Cannot read IP mode file for STMicroelectronics.X-CUBE-FREERTOS.1.0.1
2024-06-12 17:37:01,773 [WARN] PackLoader:240 - Cannot read IP mode file for STMicroelectronics.X-CUBE-AZRTOS-L5.1.1.0
2024-06-12 17:37:01,783 [WARN] PackLoader:240 - Cannot read IP mode file for STMicroelectronics.X-CUBE-AI.8.0.1
2024-06-12 17:37:01,801 [WARN] PackLoader:240 - Cannot read IP mode file for STMicroelectronics.X-CUBE-SUBG2.5.0.0
2024-06-12 17:37:01,828 [WARN] PackLoader:240 - Cannot read IP mode file for STMicroelectronics.X-CUBE-TOF1.3.3.1
2024-06-12 17:37:01,869 [WARN] PackLoader:240 - Cannot read IP mode file for STMicroelectronics.X-CUBE-AZRTOS-G4.2.0.0
2024-06-12 17:37:01,889 [WARN] PackLoader:240 - Cannot read IP mode file for STMicroelectronics.X-CUBE-TOF1.3.3.0
2024-06-12 17:37:01,911 [WARN] PackLoader:240 - Cannot read IP mode file for STMicroelectronics.FP-ATR-ASTRA1.1.1.1
2024-06-12 17:37:01,933 [WARN] PackLoader:240 - Cannot read IP mode file for Infineon.AIROC-Wi-Fi-Bluetooth-STM32.1.5.1
2024-06-12 17:37:01,945 [WARN] PackLoader:240 - Cannot read IP mode file for STMicroelectronics.FP-SNS-MOTENVWB1.1.3.0
2024-06-12 17:37:01,952 [WARN] PackLoader:240 - Cannot read IP mode file for STMicroelectronics.FP-SNS-MOTENVWB1.1.3.1
2024-06-12 17:37:01,974 [WARN] PackLoader:240 - Cannot read IP mode file for STMicroelectronics.X-CUBE-AZRTOS-G4.1.0.0
2024-06-12 17:37:02,006 [WARN] PackLoader:240 - Cannot read IP mode file for STMicroelectronics.X-CUBE-AZRTOS-L4.1.0.0
2024-06-12 17:37:02,018 [WARN] PackLoader:240 - Cannot read IP mode file for STMicroelectronics.X-CUBE-ISPU.2.0.0
2024-06-12 17:37:02,027 [WARN] PackLoader:240 - Cannot read IP mode file for STMicroelectronics.X-CUBE-ALS.1.0.2
2024-06-12 17:37:02,102 [WARN] PackLoader:240 - Cannot read IP mode file for STMicroelectronics.X-CUBE-MEMS1.10.0.0
2024-06-12 17:37:02,332 [WARN] PackLoader:240 - Cannot read IP mode file for STMicroelectronics.X-CUBE-FREERTOS.1.1.0
2024-06-12 17:37:02,356 [WARN] PackLoader:240 - Cannot read IP mode file for STMicroelectronics.X-CUBE-AZRTOS-WL.1.0.0
2024-06-12 17:37:02,372 [WARN] PackLoader:240 - Cannot read IP mode file for portGmbH.I-Cube-SoM-uGOAL.1.1.0
2024-06-12 17:37:02,379 [WARN] PackLoader:240 - Cannot read IP mode file for STMicroelectronics.X-CUBE-ALS.1.0.1
2024-06-12 17:37:02,397 [WARN] PackLoader:240 - Cannot read IP mode file for STMicroelectronics.X-CUBE-AZRTOS-WB.1.1.0
2024-06-12 17:37:02,427 [WARN] PackLoader:240 - Cannot read IP mode file for STMicroelectronics.X-CUBE-AZRTOS-H7RS.1.0.0
2024-06-12 17:37:02,437 [WARN] PackLoader:240 - Cannot read IP mode file for STMicroelectronics.FP-ATR-ASTRA1.2.0.0
2024-06-12 17:37:02,453 [WARN] PackLoader:240 - Cannot read IP mode file for STMicroelectronics.X-CUBE-TOF1.3.4.0
2024-06-12 17:37:02,489 [WARN] PackLoader:240 - Cannot read IP mode file for STMicroelectronics.X-CUBE-TOF1.3.4.1
2024-06-12 17:37:02,531 [WARN] PackLoader:240 - Cannot read IP mode file for STMicroelectronics.X-CUBE-AZRTOS-H7.3.2.0
2024-06-12 17:37:02,538 [INFO] ThirdParty:978 - Integrity check success = true
2024-06-12 17:37:02,538 [INFO] IntegrityCheckThread:100 - exiting critical section [integrity check]
2024-06-12 17:37:02,538 [INFO] IntegrityCheckThread:103 - End integrity checks thread
2024-06-12 17:37:02,667 [INFO] WebApp:779 - Register for checkConnection events
2024-06-12 17:37:02,667 [INFO] WebApp:414 - Apply proxy settings
2024-06-12 17:37:02,668 [INFO] WebApp:499 - Chromium requires no authentication
2024-06-12 17:37:02,691 [INFO] WebApp:442 - Direct internet connection detected
2024-06-12 17:37:03,272 [INFO] WebApp:192 - Starting web application
2024-06-12 17:37:03,272 [INFO] WebApp:544 - Web application path used C:\ST\STM32CubeIDE_1.12.0\STM32CubeIDE\plugins\com.st.stm32cube.common.mx_6.11.0.202403141607\db\plugins\mcufinder\reactClient1\index.html
2024-06-12 20:42:22,905 [ERROR] LogOutputStream:75 - [STDERR_REDIRECT] 
