2024-05-25 18:41:24,550 [INFO] LogOutputStream:77 - [STDOUT_REDIRECT] 
2024-05-25 18:41:28,883 [INFO] ProjectBuilder:5002 - Time for Generating toolchain IDE Files: 5915mS.
2024-05-25 18:41:28,886 [INFO] ProjectBuilder:3034 - Time for Copy CMSIS : 1mS.
2024-05-25 18:41:28,893 [INFO] ProjectBuilder:3034 - Time for Copy CMSIS : 1mS.
2024-05-25 18:41:30,935 [INFO] McuFinderGlobals:76 - Set McuFinderConnectedMode to true
2024-05-25 18:41:30,949 [INFO] ApiDb:448 - Save user favorites file C:\Users\ADMIN/.stm32cubeide/favorites.mcus.txt: 0 item(s)
2024-05-25 18:41:30,949 [INFO] ApiDb:452 - User favorites MCUs=[]
2024-05-25 18:41:41,644 [INFO] Gpio:277 - dependency for GPIO [RCC]
2024-05-25 18:41:47,538 [INFO] Gpio:277 - dependency for GPIO [RCC]
2024-05-25 18:42:00,305 [INFO] UtilMem:75 - End SaveConfig() Used Memory: 916612392 Bytes (1073741824)
2024-05-25 18:42:00,435 [INFO] UtilMem:75 - End SaveConfig() Used Memory: 936585136 Bytes (1073741824)
2024-05-25 18:42:02,429 [INFO] UtilMem:75 - End SaveConfig() Used Memory: 723862768 Bytes (1073741824)
2024-05-25 18:42:03,257 [INFO] BlockDiagram:2759 - set Specific Code input for plugin: NVIC
2024-05-25 18:42:03,257 [INFO] BlockDiagram:2759 - set Specific Code input for plugin: SYS
2024-05-25 18:42:03,259 [INFO] BlockDiagram:2759 - set Specific Code input for plugin: GPIO
2024-05-25 18:42:03,259 [INFO] BlockDiagram:2759 - set Specific Code input for plugin: RCC
2024-05-25 18:42:03,261 [INFO] CodeGenerator:807 - code generatio: config db path: C:\ST\STM32CubeIDE_1.12.0\STM32CubeIDE\plugins\com.st.stm32cube.common.mx_6.11.0.202403141607\\db\
2024-05-25 18:42:03,414 [INFO] CodeEngine:255 - oldGeneratedFile, C:\Users\ADMIN\Desktop\DATN\Mecabot_Firmware\examples\control_board_remote_drive_test\MXTmpFiles\license.tmp_save
2024-05-25 18:42:03,615 [INFO] CodeEngine:279 - Generated code: C:\Users\ADMIN\Desktop\DATN\Mecabot_Firmware\examples\control_board_remote_drive_test\MXTmpFiles\license.tmp
2024-05-25 18:42:03,708 [INFO] CodeEngine:255 - oldGeneratedFile, C:\Users\ADMIN\Desktop\DATN\Mecabot_Firmware\examples\control_board_remote_drive_test\MXTmpFiles\gpio.tmp_save
2024-05-25 18:42:03,985 [INFO] CodeEngine:279 - Generated code: C:\Users\ADMIN\Desktop\DATN\Mecabot_Firmware\examples\control_board_remote_drive_test\MXTmpFiles\gpio.tmp
2024-05-25 18:42:04,040 [INFO] CodeEngine:255 - oldGeneratedFile, C:\Users\ADMIN\Desktop\DATN\Mecabot_Firmware\examples\control_board_remote_drive_test\Core\Src\stm32f1xx_it.c_save
2024-05-25 18:42:04,250 [INFO] CodeEngine:279 - Generated code: C:\Users\ADMIN\Desktop\DATN\Mecabot_Firmware\examples\control_board_remote_drive_test\Core\Src\stm32f1xx_it.c
2024-05-25 18:42:04,267 [INFO] CodeEngine:255 - oldGeneratedFile, C:\Users\ADMIN\Desktop\DATN\Mecabot_Firmware\examples\control_board_remote_drive_test\Core\Inc\stm32f1xx_it.h_save
2024-05-25 18:42:04,401 [INFO] CodeEngine:279 - Generated code: C:\Users\ADMIN\Desktop\DATN\Mecabot_Firmware\examples\control_board_remote_drive_test\Core\Inc\stm32f1xx_it.h
2024-05-25 18:42:04,433 [INFO] CodeEngine:255 - oldGeneratedFile, C:\Users\ADMIN\Desktop\DATN\Mecabot_Firmware\examples\control_board_remote_drive_test\Core\Src\stm32f1xx_hal_msp.c_save
2024-05-25 18:42:04,617 [INFO] CodeEngine:279 - Generated code: C:\Users\ADMIN\Desktop\DATN\Mecabot_Firmware\examples\control_board_remote_drive_test\Core\Src\stm32f1xx_hal_msp.c
2024-05-25 18:42:04,624 [INFO] CodeEngine:255 - oldGeneratedFile, C:\Users\ADMIN\Desktop\DATN\Mecabot_Firmware\examples\control_board_remote_drive_test\MXTmpFiles\system.tmp_save
2024-05-25 18:42:04,716 [INFO] CodeEngine:279 - Generated code: C:\Users\ADMIN\Desktop\DATN\Mecabot_Firmware\examples\control_board_remote_drive_test\MXTmpFiles\system.tmp
2024-05-25 18:42:04,734 [INFO] CodeEngine:311 - oldGeneratedFile, C:\Users\ADMIN\Desktop\DATN\Mecabot_Firmware\examples\control_board_remote_drive_test\Core\Inc\stm32f1xx_hal_conf.h_save
2024-05-25 18:42:04,864 [INFO] CodeEngine:335 - Generated code: C:\Users\ADMIN\Desktop\DATN\Mecabot_Firmware\examples\control_board_remote_drive_test\Core\Inc\stm32f1xx_hal_conf.h
2024-05-25 18:42:04,915 [INFO] CodeEngine:255 - oldGeneratedFile, C:\Users\ADMIN\Desktop\DATN\Mecabot_Firmware\examples\control_board_remote_drive_test\Core\Inc\main.h_save
2024-05-25 18:42:05,033 [INFO] CodeEngine:279 - Generated code: C:\Users\ADMIN\Desktop\DATN\Mecabot_Firmware\examples\control_board_remote_drive_test\Core\Inc\main.h
2024-05-25 18:42:05,043 [INFO] CodeEngine:255 - oldGeneratedFile, C:\Users\ADMIN\Desktop\DATN\Mecabot_Firmware\examples\control_board_remote_drive_test\Core\Src\main.c_save
2024-05-25 18:42:05,182 [INFO] CodeEngine:279 - Generated code: C:\Users\ADMIN\Desktop\DATN\Mecabot_Firmware\examples\control_board_remote_drive_test\Core\Src\main.c
2024-05-25 18:42:05,622 [INFO] ProjectBuilder:3163 - Time for Copy HAL[1] : 214mS.
2024-05-25 18:42:05,628 [INFO] ProjectBuilder:4736 - Project Generator version: 4.3.0-B58
2024-05-25 18:42:05,743 [INFO] ConfigFileManager:1503 - The Die is : DIE414
2024-05-25 18:42:09,563 [INFO] ProjectBuilder:5002 - Time for Generating toolchain IDE Files: 3936mS.
2024-05-25 18:42:09,566 [INFO] ProjectBuilder:3034 - Time for Copy CMSIS : 2mS.
2024-05-25 18:42:09,579 [INFO] ProjectBuilder:3034 - Time for Copy CMSIS : 0mS.
2024-05-25 18:43:02,871 [INFO] Gpio:277 - dependency for GPIO [RCC]
2024-05-25 18:43:31,193 [INFO] NvicIntPanel:101 - NVIC parent = com.st.microxplorer.plugins.ip.nvic.MultiNvicIntPanel[,0,0,450x104,layout=javax.swing.BoxLayout,alignmentX=0.0,alignmentY=0.0,border=,flags=9,maximumSize=,minimumSize=,preferredSize=]
2024-05-25 18:43:57,730 [INFO] NvicIntPanel:101 - NVIC parent = com.st.microxplorer.plugins.ip.nvic.MultiNvicIntPanel[,0,0,0x0,invalid,layout=javax.swing.BoxLayout,alignmentX=0.0,alignmentY=0.0,border=,flags=9,maximumSize=,minimumSize=,preferredSize=]
2024-05-25 18:44:51,843 [INFO] NvicIntPanel:101 - NVIC parent = com.st.microxplorer.plugins.ip.nvic.MultiNvicIntPanel[,0,0,0x0,invalid,layout=javax.swing.BoxLayout,alignmentX=0.0,alignmentY=0.0,border=,flags=9,maximumSize=,minimumSize=,preferredSize=]
2024-05-25 18:44:54,333 [INFO] NvicIntPanel:101 - NVIC parent = com.st.microxplorer.plugins.ip.nvic.MultiNvicIntPanel[,0,0,0x0,invalid,layout=javax.swing.BoxLayout,alignmentX=0.0,alignmentY=0.0,border=,flags=9,maximumSize=,minimumSize=,preferredSize=]
2024-05-25 18:44:57,006 [INFO] NvicIntPanel:101 - NVIC parent = com.st.microxplorer.plugins.ip.nvic.MultiNvicIntPanel[,0,0,0x0,invalid,layout=javax.swing.BoxLayout,alignmentX=0.0,alignmentY=0.0,border=,flags=9,maximumSize=,minimumSize=,preferredSize=]
2024-05-25 18:45:17,668 [INFO] NvicIntPanel:101 - NVIC parent = com.st.microxplorer.plugins.ip.nvic.MultiNvicIntPanel[,0,0,0x0,invalid,layout=javax.swing.BoxLayout,alignmentX=0.0,alignmentY=0.0,border=,flags=9,maximumSize=,minimumSize=,preferredSize=]
2024-05-25 18:45:17,856 [INFO] NvicIntPanel:101 - NVIC parent = com.st.microxplorer.plugins.ip.nvic.MultiNvicIntPanel[,0,0,0x0,invalid,layout=javax.swing.BoxLayout,alignmentX=0.0,alignmentY=0.0,border=,flags=9,maximumSize=,minimumSize=,preferredSize=]
2024-05-25 18:45:52,131 [INFO] NvicIntPanel:101 - NVIC parent = com.st.microxplorer.plugins.ip.nvic.MultiNvicIntPanel[,0,0,0x0,invalid,layout=javax.swing.BoxLayout,alignmentX=0.0,alignmentY=0.0,border=,flags=9,maximumSize=,minimumSize=,preferredSize=]
2024-05-25 18:45:55,181 [INFO] NvicIntPanel:101 - NVIC parent = com.st.microxplorer.plugins.ip.nvic.MultiNvicIntPanel[,0,0,0x0,invalid,layout=javax.swing.BoxLayout,alignmentX=0.0,alignmentY=0.0,border=,flags=9,maximumSize=,minimumSize=,preferredSize=]
2024-05-25 18:45:58,135 [INFO] NvicIntPanel:101 - NVIC parent = com.st.microxplorer.plugins.ip.nvic.MultiNvicIntPanel[,0,0,0x0,invalid,layout=javax.swing.BoxLayout,alignmentX=0.0,alignmentY=0.0,border=,flags=9,maximumSize=,minimumSize=,preferredSize=]
2024-05-25 18:46:07,120 [INFO] Gpio:277 - dependency for GPIO [RCC, TIM1, TIM8, USART1]
2024-05-25 18:46:11,206 [INFO] Gpio:277 - dependency for GPIO [RCC, TIM1, TIM8, USART1]
2024-05-25 18:46:11,979 [INFO] DmaTabbedPanel:205 - Cannot restore the selected Tab for DMA
2024-05-25 18:46:14,093 [INFO] Gpio:277 - dependency for GPIO [RCC, TIM1, TIM8, USART1]
2024-05-25 18:46:34,385 [INFO] UtilMem:75 - End SaveConfig() Used Memory: 808697312 Bytes (1073741824)
2024-05-25 18:46:34,508 [INFO] UtilMem:75 - End SaveConfig() Used Memory: 827773784 Bytes (1073741824)
2024-05-25 18:46:35,858 [INFO] UtilMem:75 - End SaveConfig() Used Memory: 935575008 Bytes (1073741824)
2024-05-25 18:46:36,375 [INFO] BlockDiagram:2759 - set Specific Code input for plugin: NVIC
2024-05-25 18:46:36,375 [INFO] BlockDiagram:2759 - set Specific Code input for plugin: USART
2024-05-25 18:46:36,375 [INFO] BlockDiagram:2759 - set Specific Code input for plugin: DMA
2024-05-25 18:46:36,375 [INFO] BlockDiagram:2759 - set Specific Code input for plugin: TIM1_8F1
2024-05-25 18:46:36,376 [INFO] BlockDiagram:2759 - set Specific Code input for plugin: TIM1_8F1
2024-05-25 18:46:36,376 [INFO] BlockDiagram:2759 - set Specific Code input for plugin: SYS
2024-05-25 18:46:36,376 [INFO] BlockDiagram:2759 - set Specific Code input for plugin: GPIO
2024-05-25 18:46:36,377 [INFO] BlockDiagram:2759 - set Specific Code input for plugin: RCC
2024-05-25 18:46:36,378 [INFO] CodeGenerator:807 - code generatio: config db path: C:\ST\STM32CubeIDE_1.12.0\STM32CubeIDE\plugins\com.st.stm32cube.common.mx_6.11.0.202403141607\\db\
2024-05-25 18:46:36,521 [INFO] CodeEngine:255 - oldGeneratedFile, C:\Users\ADMIN\Desktop\DATN\Mecabot_Firmware\examples\control_board_remote_drive_test\MXTmpFiles\license.tmp_save
2024-05-25 18:46:36,631 [INFO] CodeEngine:279 - Generated code: C:\Users\ADMIN\Desktop\DATN\Mecabot_Firmware\examples\control_board_remote_drive_test\MXTmpFiles\license.tmp
2024-05-25 18:46:36,688 [INFO] CodeEngine:255 - oldGeneratedFile, C:\Users\ADMIN\Desktop\DATN\Mecabot_Firmware\examples\control_board_remote_drive_test\MXTmpFiles\gpio.tmp_save
2024-05-25 18:46:36,811 [INFO] CodeEngine:279 - Generated code: C:\Users\ADMIN\Desktop\DATN\Mecabot_Firmware\examples\control_board_remote_drive_test\MXTmpFiles\gpio.tmp
2024-05-25 18:46:37,299 [INFO] CodeEngine:255 - oldGeneratedFile, C:\Users\ADMIN\Desktop\DATN\Mecabot_Firmware\examples\control_board_remote_drive_test\MXTmpFiles\dma.tmp_save
2024-05-25 18:46:37,493 [INFO] CodeEngine:279 - Generated code: C:\Users\ADMIN\Desktop\DATN\Mecabot_Firmware\examples\control_board_remote_drive_test\MXTmpFiles\dma.tmp
2024-05-25 18:46:37,503 [INFO] CodeEngine:255 - oldGeneratedFile, C:\Users\ADMIN\Desktop\DATN\Mecabot_Firmware\examples\control_board_remote_drive_test\MXTmpFiles\dma_GV.tmp_save
2024-05-25 18:46:37,637 [INFO] CodeEngine:279 - Generated code: C:\Users\ADMIN\Desktop\DATN\Mecabot_Firmware\examples\control_board_remote_drive_test\MXTmpFiles\dma_GV.tmp
2024-05-25 18:46:37,670 [INFO] CodeEngine:255 - oldGeneratedFile, C:\Users\ADMIN\Desktop\DATN\Mecabot_Firmware\examples\control_board_remote_drive_test\Core\Src\stm32f1xx_it.c_save
2024-05-25 18:46:37,849 [INFO] CodeEngine:279 - Generated code: C:\Users\ADMIN\Desktop\DATN\Mecabot_Firmware\examples\control_board_remote_drive_test\Core\Src\stm32f1xx_it.c
2024-05-25 18:46:37,865 [INFO] CodeEngine:255 - oldGeneratedFile, C:\Users\ADMIN\Desktop\DATN\Mecabot_Firmware\examples\control_board_remote_drive_test\Core\Inc\stm32f1xx_it.h_save
2024-05-25 18:46:38,016 [INFO] CodeEngine:279 - Generated code: C:\Users\ADMIN\Desktop\DATN\Mecabot_Firmware\examples\control_board_remote_drive_test\Core\Inc\stm32f1xx_it.h
2024-05-25 18:46:38,052 [INFO] CodeEngine:255 - oldGeneratedFile, C:\Users\ADMIN\Desktop\DATN\Mecabot_Firmware\examples\control_board_remote_drive_test\Core\Src\stm32f1xx_hal_msp.c_save
2024-05-25 18:46:38,301 [INFO] CodeEngine:279 - Generated code: C:\Users\ADMIN\Desktop\DATN\Mecabot_Firmware\examples\control_board_remote_drive_test\Core\Src\stm32f1xx_hal_msp.c
2024-05-25 18:46:38,313 [INFO] CodeEngine:255 - oldGeneratedFile, C:\Users\ADMIN\Desktop\DATN\Mecabot_Firmware\examples\control_board_remote_drive_test\MXTmpFiles\system.tmp_save
2024-05-25 18:46:38,437 [INFO] CodeEngine:279 - Generated code: C:\Users\ADMIN\Desktop\DATN\Mecabot_Firmware\examples\control_board_remote_drive_test\MXTmpFiles\system.tmp
2024-05-25 18:46:38,462 [INFO] CodeEngine:311 - oldGeneratedFile, C:\Users\ADMIN\Desktop\DATN\Mecabot_Firmware\examples\control_board_remote_drive_test\Core\Inc\stm32f1xx_hal_conf.h_save
2024-05-25 18:46:38,562 [INFO] CodeEngine:335 - Generated code: C:\Users\ADMIN\Desktop\DATN\Mecabot_Firmware\examples\control_board_remote_drive_test\Core\Inc\stm32f1xx_hal_conf.h
2024-05-25 18:46:38,600 [WARN] IPConfigManager:3513 - IP not found : TIM
2024-05-25 18:46:38,601 [WARN] CodeGenerator:3951 - IP not found : null
2024-05-25 18:46:38,615 [INFO] CodeEngine:255 - oldGeneratedFile, C:\Users\ADMIN\Desktop\DATN\Mecabot_Firmware\examples\control_board_remote_drive_test\Core\Inc\main.h_save
2024-05-25 18:46:38,737 [INFO] CodeEngine:279 - Generated code: C:\Users\ADMIN\Desktop\DATN\Mecabot_Firmware\examples\control_board_remote_drive_test\Core\Inc\main.h
2024-05-25 18:46:38,751 [INFO] CodeEngine:255 - oldGeneratedFile, C:\Users\ADMIN\Desktop\DATN\Mecabot_Firmware\examples\control_board_remote_drive_test\Core\Src\main.c_save
2024-05-25 18:46:38,915 [INFO] CodeEngine:279 - Generated code: C:\Users\ADMIN\Desktop\DATN\Mecabot_Firmware\examples\control_board_remote_drive_test\Core\Src\main.c
2024-05-25 18:46:39,529 [INFO] ProjectBuilder:3163 - Time for Copy HAL[1] : 273mS.
2024-05-25 18:46:39,535 [INFO] ProjectBuilder:4736 - Project Generator version: 4.3.0-B58
2024-05-25 18:46:39,699 [INFO] ConfigFileManager:1503 - The Die is : DIE414
2024-05-25 18:46:41,363 [INFO] ProjectBuilder:5002 - Time for Generating toolchain IDE Files: 1827mS.
2024-05-25 18:46:41,365 [INFO] ProjectBuilder:3034 - Time for Copy CMSIS : 2mS.
2024-05-25 18:46:41,371 [INFO] ProjectBuilder:3034 - Time for Copy CMSIS : 0mS.
2024-05-25 18:47:35,369 [INFO] MainUpdater:2873 - connection check result : 10
2024-05-25 18:47:35,369 [INFO] MainUpdater:2873 - connection check result : 10
2024-05-25 18:47:35,397 [INFO] MicroXplorer:468 - Change Database Path : 
2024-05-25 18:47:35,397 [INFO] MicroXplorer:498 - Change Database Version : DB.6.0.110
2024-05-25 18:47:35,426 [ERROR] ProjectManagerView:394 - 
java.lang.NullPointerException: Cannot invoke "javax.swing.JTextField.getText()" because the return value of "java.util.List.get(int)" is null
	at com.st.microxplorer.plugins.projectmanager.gui.ProjectChoiceTab$10.caretUpdate(ProjectChoiceTab.java:2504) ~[filemanager.jar:?]
	at javax.swing.text.JTextComponent.fireCaretUpdate(JTextComponent.java:412) ~[?:?]
	at javax.swing.text.JTextComponent$MutableCaretEvent.fire(JTextComponent.java:4491) ~[?:?]
	at javax.swing.text.JTextComponent$MutableCaretEvent.stateChanged(JTextComponent.java:4513) ~[?:?]
	at javax.swing.text.DefaultCaret.fireStateChanged(DefaultCaret.java:842) ~[?:?]
	at javax.swing.text.DefaultCaret.changeCaretPosition(DefaultCaret.java:1313) ~[?:?]
	at javax.swing.text.DefaultCaret.handleSetDot(DefaultCaret.java:1212) ~[?:?]
	at javax.swing.text.DefaultCaret.setDot(DefaultCaret.java:1193) ~[?:?]
	at javax.swing.text.DefaultCaret$Handler.insertUpdate(DefaultCaret.java:1789) ~[?:?]
	at javax.swing.text.AbstractDocument.fireInsertUpdate(AbstractDocument.java:226) ~[?:?]
	at javax.swing.text.AbstractDocument.handleInsertString(AbstractDocument.java:780) ~[?:?]
	at javax.swing.text.AbstractDocument.insertString(AbstractDocument.java:739) ~[?:?]
	at javax.swing.text.PlainDocument.insertString(PlainDocument.java:131) ~[?:?]
	at javax.swing.text.AbstractDocument.replace(AbstractDocument.java:698) ~[?:?]
	at javax.swing.text.JTextComponent.setText(JTextComponent.java:1729) ~[?:?]
	at com.st.microxplorer.plugins.projectmanager.gui.ProjectChoiceTab.createHeapStackFields(ProjectChoiceTab.java:944) ~[filemanager.jar:?]
	at com.st.microxplorer.plugins.projectmanager.gui.ProjectChoiceTab.buildLinkSettingsPanel(ProjectChoiceTab.java:3475) ~[filemanager.jar:?]
	at com.st.microxplorer.plugins.projectmanager.gui.ProjectChoiceTab.defineWindowsFields(ProjectChoiceTab.java:1816) ~[filemanager.jar:?]
	at com.st.microxplorer.plugins.projectmanager.gui.ProjectChoiceTab.updateSettings(ProjectChoiceTab.java:544) ~[filemanager.jar:?]
	at com.st.microxplorer.plugins.projectmanager.gui.ProjectSettingsPanel.UpdateDialog(ProjectSettingsPanel.java:245) ~[filemanager.jar:?]
	at com.st.microxplorer.plugins.projectmanager.ProjectManagerView.propertyChange(ProjectManagerView.java:391) ~[filemanager.jar:?]
	at java.beans.PropertyChangeSupport.fire(PropertyChangeSupport.java:343) ~[?:?]
	at java.beans.PropertyChangeSupport.firePropertyChange(PropertyChangeSupport.java:335) ~[?:?]
	at java.beans.PropertyChangeSupport.firePropertyChange(PropertyChangeSupport.java:268) ~[?:?]
	at com.st.microxplorer.util.MXPropertyChangeSupport.firePropertyChange(MXPropertyChangeSupport.java:54) ~[STM32CubeMX.jar:?]
	at com.st.microxplorer.mxsystem.MxSystem.closeConfig(MxSystem.java:900) ~[STM32CubeMX.jar:?]
	at com.st.microxplorer.maingui.MainPanel.closeConfig(MainPanel.java:776) ~[STM32CubeMX.jar:?]
	at com.st.microxplorer.plugins.filemanager.engine.OpenFileManager.loadConfigurationFile(OpenFileManager.java:245) ~[filemanager.jar:?]
	at com.st.microxplorer.plugins.filemanager.engine.MainFileManager.userLoadConfig(MainFileManager.java:315) ~[filemanager.jar:?]
	at com.st.microxplorer.plugins.filemanager.engine.MainFileManager.userLoadConfig(MainFileManager.java:293) ~[filemanager.jar:?]
	at com.st.microxplorer.plugins.filemanager.FileManagerView.getSpecificTask(FileManagerView.java:247) ~[filemanager.jar:?]
	at com.st.stm32cube.common.mx.editor.CubeMxEditor.getMxTabbedPaneInstance(CubeMxEditor.java:1198) ~[com.st.stm32cube.common.mx_6.11.0.202403141607/:?]
	at com.st.stm32cube.common.mx.editor.CubeMxEditor$12$1.createSwingComponent(CubeMxEditor.java:1068) ~[com.st.stm32cube.common.mx_6.11.0.202403141607/:?]
	at com.st.stm32cube.common.mx.oss.core.awtswtbridge.EmbeddedSwingComposite.doComponentCreation(EmbeddedSwingComposite.java:492) ~[com.st.stm32cube.common.mx.oss_6.11.0.202403141607/:?]
	at com.st.stm32cube.common.mx.oss.core.awtswtbridge.EmbeddedSwingComposite$4.run(EmbeddedSwingComposite.java:291) ~[com.st.stm32cube.common.mx.oss_6.11.0.202403141607/:?]
	at com.st.stm32cube.common.mx.oss.core.awtswtbridge.AwtEnvironment$2.run(AwtEnvironment.java:166) ~[com.st.stm32cube.common.mx.oss_6.11.0.202403141607/:?]
	at java.awt.event.InvocationEvent.dispatch(InvocationEvent.java:318) ~[?:?]
	at java.awt.EventQueue.dispatchEventImpl(EventQueue.java:773) ~[?:?]
	at java.awt.EventQueue$4.run(EventQueue.java:720) ~[?:?]
	at java.awt.EventQueue$4.run(EventQueue.java:714) ~[?:?]
	at java.security.AccessController.doPrivileged(AccessController.java:399) ~[?:?]
	at java.security.ProtectionDomain$JavaSecurityAccessImpl.doIntersectionPrivilege(ProtectionDomain.java:86) ~[?:?]
	at java.awt.EventQueue.dispatchEvent(EventQueue.java:742) ~[?:?]
	at java.awt.EventDispatchThread.pumpOneEventForFilters(EventDispatchThread.java:203) ~[?:?]
	at java.awt.EventDispatchThread.pumpEventsForFilter(EventDispatchThread.java:124) ~[?:?]
	at java.awt.EventDispatchThread.pumpEventsForHierarchy(EventDispatchThread.java:113) ~[?:?]
	at java.awt.EventDispatchThread.pumpEvents(EventDispatchThread.java:109) ~[?:?]
	at java.awt.EventDispatchThread.pumpEvents(EventDispatchThread.java:101) ~[?:?]
	at java.awt.EventDispatchThread.run(EventDispatchThread.java:90) ~[?:?]
2024-05-25 18:47:35,439 [WARN] ThirdParty:871 - waiting for thirdparty lock release [close project]
2024-05-25 18:47:35,439 [INFO] ThirdParty:873 - entering critical section [close project]
2024-05-25 18:47:35,439 [INFO] ThirdParty:883 - exiting critical section [close project]
2024-05-25 18:47:35,441 [INFO] PinOutPanel:1561 - setPackage(No Configuration,No Configuration)
2024-05-25 18:47:35,446 [INFO] UtilMem:75 - Begin LoadConfig() Used Memory: 713497696 Bytes (1073741824)
2024-05-25 18:47:35,447 [INFO] MicroXplorer:468 - Change Database Path : 
2024-05-25 18:47:35,448 [INFO] MicroXplorer:498 - Change Database Version : DB.6.0.110
2024-05-25 18:47:35,448 [INFO] OpenFileManager:312 - Change cursor
2024-05-25 18:47:35,469 [INFO] RulesReader:64 - Compatibility file has been processed (297 Rules)
2024-05-25 18:47:35,472 [INFO] Mcu:2021 - Initializing MCU STM32F103R(C-D-E)Tx STM32F103RCTx STM32F103RCT6
2024-05-25 18:47:37,578 [INFO] Context:663 - Trying to add GPIOservice into a context  which must be forbidden
2024-05-25 18:47:38,326 [INFO] RtosManager:555 - Registered RTOS mode: class=CMSIS, group=RTOS, mode=CMSIS_V1, owner=FREERTOS
2024-05-25 18:47:38,326 [INFO] RtosManager:555 - Registered RTOS mode: class=CMSIS, group=RTOS2, mode=CMSIS_V2, owner=FREERTOS
2024-05-25 18:47:38,326 [INFO] RtosManager:555 - Registered RTOS mode: class=RTOS, group=Core, mode=CMSIS_V1, owner=FREERTOS
2024-05-25 18:47:38,326 [INFO] RtosManager:555 - Registered RTOS mode: class=RTOS, group=Core, mode=CMSIS_V2, owner=FREERTOS
2024-05-25 18:47:38,327 [WARN] ModelIntegratedComponent:184 - Missing modes for component STMicroelectronics:FreeRTOS:0.0.1:STMicroelectronics:RTOS:FreeRTOS:Core:::10.2.0:
2024-05-25 18:47:38,335 [WARN] ModelIntegratedComponent:63 - No mode defined for component null
2024-05-25 18:47:38,335 [WARN] ModelIntegratedComponent:63 - No mode defined for component null
2024-05-25 18:47:38,335 [WARN] ModelIntegratedComponent:63 - No mode defined for component null
2024-05-25 18:47:38,335 [WARN] ModelIntegratedComponent:63 - No mode defined for component null
2024-05-25 18:47:38,336 [WARN] ModelIntegratedComponent:63 - No mode defined for component null
2024-05-25 18:47:38,336 [WARN] ModelIntegratedComponent:63 - No mode defined for component null
2024-05-25 18:47:38,336 [WARN] ModelIntegratedComponent:63 - No mode defined for component null
2024-05-25 18:47:38,336 [WARN] ModelIntegratedComponent:63 - No mode defined for component null
2024-05-25 18:47:38,336 [WARN] ModelIntegratedComponent:63 - No mode defined for component null
2024-05-25 18:47:38,336 [WARN] ModelIntegratedComponent:63 - No mode defined for component null
2024-05-25 18:47:38,336 [WARN] ModelIntegratedComponent:63 - No mode defined for component null
2024-05-25 18:47:38,337 [WARN] ModelIntegratedComponent:63 - No mode defined for component null
2024-05-25 18:47:38,337 [WARN] ModelIntegratedComponent:63 - No mode defined for component null
2024-05-25 18:47:38,337 [WARN] ModelIntegratedComponent:63 - No mode defined for component null
2024-05-25 18:47:38,337 [WARN] ModelIntegratedComponent:63 - No mode defined for component null
2024-05-25 18:47:38,337 [WARN] ModelIntegratedComponent:63 - No mode defined for component null
2024-05-25 18:47:38,337 [WARN] ModelIntegratedComponent:63 - No mode defined for component null
2024-05-25 18:47:38,337 [WARN] ModelIntegratedComponent:63 - No mode defined for component null
2024-05-25 18:47:38,337 [WARN] ModelIntegratedComponent:63 - No mode defined for component null
2024-05-25 18:47:38,337 [WARN] ModelIntegratedComponent:63 - No mode defined for component null
2024-05-25 18:47:38,337 [WARN] ModelIntegratedComponent:63 - No mode defined for component null
2024-05-25 18:47:38,337 [WARN] ModelIntegratedComponent:63 - No mode defined for component null
2024-05-25 18:47:38,337 [WARN] ModelIntegratedComponent:63 - No mode defined for component null
2024-05-25 18:47:38,337 [WARN] ModelIntegratedComponent:63 - No mode defined for component null
2024-05-25 18:47:38,337 [WARN] ModelIntegratedComponent:63 - No mode defined for component null
2024-05-25 18:47:38,337 [WARN] ModelIntegratedComponent:63 - No mode defined for component null
2024-05-25 18:47:38,338 [WARN] ModelIntegratedComponent:63 - No mode defined for component null
2024-05-25 18:47:38,338 [WARN] ModelIntegratedComponent:63 - No mode defined for component null
2024-05-25 18:47:38,338 [WARN] ModelIntegratedComponent:63 - No mode defined for component null
2024-05-25 18:47:38,338 [WARN] ModelIntegratedComponent:63 - No mode defined for component null
2024-05-25 18:47:38,338 [WARN] ModelIntegratedComponent:63 - No mode defined for component null
2024-05-25 18:47:38,338 [WARN] ModelIntegratedComponent:63 - No mode defined for component null
2024-05-25 18:47:38,338 [WARN] ModelIntegratedComponent:63 - No mode defined for component null
2024-05-25 18:47:38,338 [WARN] ModelIntegratedComponent:63 - No mode defined for component null
2024-05-25 18:47:38,801 [INFO] ThirdPartyModel:298 - Start build external matchings
2024-05-25 18:47:42,624 [INFO] ThirdPartyModel:316 - End build external matchings
2024-05-25 18:47:42,668 [INFO] ImportTextPane:194 - (OptionalMessage_ERROR) IP (DMA) : Parameter (Instance) has Id (USART1_TX) currently not set
2024-05-25 18:47:42,668 [INFO] ImportTextPane:194 - (OptionalMessage_ERROR) IP (DMA) : Parameter (Direction) has Id (USART1_TX) currently not set
2024-05-25 18:47:42,670 [INFO] ImportTextPane:194 - (OptionalMessage_ERROR) IP (DMA) : Parameter (PeriphInc) has Id (USART1_TX) currently not set
2024-05-25 18:47:42,670 [INFO] ImportTextPane:194 - (OptionalMessage_ERROR) IP (DMA) : Parameter (MemInc) has Id (USART1_TX) currently not set
2024-05-25 18:47:42,670 [INFO] ImportTextPane:194 - (OptionalMessage_ERROR) IP (DMA) : Parameter (PeriphDataAlignment) has Id (USART1_TX) currently not set
2024-05-25 18:47:42,670 [INFO] ImportTextPane:194 - (OptionalMessage_ERROR) IP (DMA) : Parameter (MemDataAlignment) has Id (USART1_TX) currently not set
2024-05-25 18:47:42,670 [INFO] ImportTextPane:194 - (OptionalMessage_ERROR) IP (DMA) : Parameter (Mode) has Id (USART1_TX) currently not set
2024-05-25 18:47:42,670 [INFO] ImportTextPane:194 - (OptionalMessage_ERROR) IP (DMA) : Parameter (Priority) has Id (USART1_TX) currently not set
2024-05-25 18:47:42,670 [INFO] ImportTextPane:194 - (OptionalMessage_ERROR) IP (DMA) : Parameter (Instance) has Id (USART1_RX) currently not set
2024-05-25 18:47:42,670 [INFO] ImportTextPane:194 - (OptionalMessage_ERROR) IP (DMA) : Parameter (Direction) has Id (USART1_RX) currently not set
2024-05-25 18:47:42,670 [INFO] ImportTextPane:194 - (OptionalMessage_ERROR) IP (DMA) : Parameter (PeriphInc) has Id (USART1_RX) currently not set
2024-05-25 18:47:42,671 [INFO] ImportTextPane:194 - (OptionalMessage_ERROR) IP (DMA) : Parameter (MemInc) has Id (USART1_RX) currently not set
2024-05-25 18:47:42,671 [INFO] ImportTextPane:194 - (OptionalMessage_ERROR) IP (DMA) : Parameter (PeriphDataAlignment) has Id (USART1_RX) currently not set
2024-05-25 18:47:42,671 [INFO] ImportTextPane:194 - (OptionalMessage_ERROR) IP (DMA) : Parameter (MemDataAlignment) has Id (USART1_RX) currently not set
2024-05-25 18:47:42,671 [INFO] ImportTextPane:194 - (OptionalMessage_ERROR) IP (DMA) : Parameter (Mode) has Id (USART1_RX) currently not set
2024-05-25 18:47:42,671 [INFO] ImportTextPane:194 - (OptionalMessage_ERROR) IP (DMA) : Parameter (Priority) has Id (USART1_RX) currently not set
2024-05-25 18:47:42,672 [WARN] IP:2120 - I2C_Coeff_DF not found: check if there is a RefParameter without a condition.
2024-05-25 18:47:42,672 [WARN] IP:2120 - Analog_Filter not found: check if there is a RefParameter without a condition.
2024-05-25 18:47:42,673 [INFO] ImportTextPane:194 - (OptionalMessage_ERROR) IP (RCC) : Parameter (ADCFreqValue) has invalid value (18000000)
2024-05-25 18:47:42,673 [INFO] ImportTextPane:194 - (OptionalMessage_ERROR) IP (RCC) : Invalid parameter (FamilyName)
2024-05-25 18:47:42,673 [INFO] ImportTextPane:194 - (OptionalMessage_ERROR) IP (RCC) : Parameter (USBFreq_Value) has invalid value (36000000)
2024-05-25 18:47:43,130 [INFO] UtilMem:75 - End LoadConfig() Used Memory: 741061496 Bytes (1073741824)
2024-05-25 18:47:43,165 [WARN] ThirdParty:833 - waiting for thirdparty lock release [change project]
2024-05-25 18:47:43,165 [INFO] ThirdParty:835 - entering critical section [change project]
2024-05-25 18:47:43,165 [INFO] ThirdParty:1030 - CMSIS Pack Vendor :STMicroelectronics USBPD 4.1
2024-05-25 18:47:43,165 [INFO] ThirdParty:1030 - CMSIS Pack Vendor :STMicroelectronics X-CUBE-GNSS1 6.0.0
2024-05-25 18:47:43,165 [INFO] ThirdParty:1030 - CMSIS Pack Vendor :STMicroelectronics USB_HOST 2.0.0
2024-05-25 18:47:43,165 [INFO] ThirdParty:1030 - CMSIS Pack Vendor :STMicroelectronics FP-SNS-MOTENVWB1 1.4.0
2024-05-25 18:47:43,165 [INFO] ThirdParty:1030 - CMSIS Pack Vendor :STMicroelectronics X-CUBE-AZRTOS-F4 1.1.0
2024-05-25 18:47:43,165 [INFO] ThirdParty:1030 - CMSIS Pack Vendor :STMicroelectronics LIBJPEG 8.0.0
2024-05-25 18:47:43,165 [INFO] ThirdParty:1030 - CMSIS Pack Vendor :wolfSSL I-CUBE-wolfSSL 5.6.3
2024-05-25 18:47:43,165 [INFO] ThirdParty:1030 - CMSIS Pack Vendor :STMicroelectronics X-CUBE-SMBUS 2.1.0
2024-05-25 18:47:43,165 [INFO] ThirdParty:1030 - CMSIS Pack Vendor :STMicroelectronics X-CUBE-FREERTOS 1.2.0
2024-05-25 18:47:43,165 [INFO] ThirdParty:1030 - CMSIS Pack Vendor :STMicroelectronics X-CUBE-TOUCHGFX 4.23.0
2024-05-25 18:47:43,165 [INFO] ThirdParty:1030 - CMSIS Pack Vendor :STMicroelectronics X-CUBE-TOUCHGFX 4.23.2
2024-05-25 18:47:43,165 [INFO] ThirdParty:1030 - CMSIS Pack Vendor :STMicroelectronics X-CUBE-AZRTOS-F7 1.1.0
2024-05-25 18:47:43,165 [INFO] ThirdParty:1030 - CMSIS Pack Vendor :STMicroelectronics X-CUBE-AZRTOS-L5 2.0.0
2024-05-25 18:47:43,165 [INFO] ThirdParty:1030 - CMSIS Pack Vendor :STMicroelectronics USB_DEVICE 2.0.0
2024-05-25 18:47:43,165 [INFO] ThirdParty:1030 - CMSIS Pack Vendor :STMicroelectronics X-CUBE-MEMS1 9.6.0
2024-05-25 18:47:43,165 [INFO] ThirdParty:1030 - CMSIS Pack Vendor :STMicroelectronics X-CUBE-EEPRMA1 4.2.0
2024-05-25 18:47:43,165 [INFO] ThirdParty:1030 - CMSIS Pack Vendor :STMicroelectronics X-CUBE-NFC6 3.1.0
2024-05-25 18:47:43,165 [INFO] ThirdParty:1030 - CMSIS Pack Vendor :ITTIA_DB I-CUBE-ITTIADB 8.8.0
2024-05-25 18:47:43,165 [INFO] ThirdParty:1030 - CMSIS Pack Vendor :STMicroelectronics FP-SNS-MOTENV1 4.3.0
2024-05-25 18:47:43,165 [INFO] ThirdParty:1030 - CMSIS Pack Vendor :STMicroelectronics FP-SNS-MOTENV1 4.3.2
2024-05-25 18:47:43,165 [INFO] ThirdParty:1030 - CMSIS Pack Vendor :STMicroelectronics FP-SNS-FLIGHT1 5.0.0
2024-05-25 18:47:43,165 [INFO] ThirdParty:1030 - CMSIS Pack Vendor :STMicroelectronics FP-SNS-MOTENV1 4.3.1
2024-05-25 18:47:43,165 [INFO] ThirdParty:1030 - CMSIS Pack Vendor :STMicroelectronics FP-SNS-FLIGHT1 5.0.1
2024-05-25 18:47:43,165 [INFO] ThirdParty:1030 - CMSIS Pack Vendor :STMicroelectronics X-CUBE-BLE1 6.2.4
2024-05-25 18:47:43,165 [INFO] ThirdParty:1030 - CMSIS Pack Vendor :STMicroelectronics FreeRTOS 0.0.1
2024-05-25 18:47:43,165 [INFO] ThirdParty:1030 - CMSIS Pack Vendor :emotas I-CUBE-CANOPEN 1.1.3
2024-05-25 18:47:43,165 [INFO] ThirdParty:1030 - CMSIS Pack Vendor :STMicroelectronics X-CUBE-BLEMGR 2.0.0
2024-05-25 18:47:43,165 [INFO] ThirdParty:1030 - CMSIS Pack Vendor :STMicroelectronics FP-SNS-FLIGHT1 5.0.2
2024-05-25 18:47:43,165 [INFO] ThirdParty:1030 - CMSIS Pack Vendor :STMicroelectronics X-CUBE-AI 9.0.0
2024-05-25 18:47:43,165 [INFO] ThirdParty:1030 - CMSIS Pack Vendor :STMicroelectronics X-CUBE-AZRTOS-H7 3.1.0
2024-05-25 18:47:43,165 [INFO] ThirdParty:1030 - CMSIS Pack Vendor :STMicroelectronics PDM2PCM 3.3.0
2024-05-25 18:47:43,165 [INFO] ThirdParty:1030 - CMSIS Pack Vendor :STMicroelectronics X-CUBE-DISPLAY 3.0.0
2024-05-25 18:47:43,165 [INFO] ThirdParty:1030 - CMSIS Pack Vendor :STMicroelectronics X-CUBE-BLE1 7.0.0
2024-05-25 18:47:43,170 [INFO] ThirdParty:1030 - CMSIS Pack Vendor :wolfSSL I-CUBE-wolfSSL 5.5.4
2024-05-25 18:47:43,170 [INFO] ThirdParty:1030 - CMSIS Pack Vendor :STMicroelectronics HAL Drivers 0.0.0
2024-05-25 18:47:43,170 [INFO] ThirdParty:1030 - CMSIS Pack Vendor :emotas I-CUBE-CANOPEN 1.3.0
2024-05-25 18:47:43,170 [INFO] ThirdParty:1030 - CMSIS Pack Vendor :STMicroelectronics X-CUBE-TOUCHGFX 4.22.0
2024-05-25 18:47:43,170 [INFO] ThirdParty:1030 - CMSIS Pack Vendor :STMicroelectronics X-CUBE-NFC7 1.0.1
2024-05-25 18:47:43,170 [INFO] ThirdParty:1030 - CMSIS Pack Vendor :STMicroelectronics MBEDTLS 2.14.1
2024-05-25 18:47:43,170 [INFO] ThirdParty:1030 - CMSIS Pack Vendor :STMicroelectronics X-CUBE-NFC7 1.0.0
2024-05-25 18:47:43,170 [INFO] ThirdParty:1030 - CMSIS Pack Vendor :STMicroelectronics X-CUBE-TOUCHGFX 4.22.1
2024-05-25 18:47:43,170 [INFO] ThirdParty:1030 - CMSIS Pack Vendor :STMicroelectronics X-CUBE-NFC6 3.0.0
2024-05-25 18:47:43,170 [INFO] ThirdParty:1030 - CMSIS Pack Vendor :STMicroelectronics X-CUBE-EEPRMA1 4.1.0
2024-05-25 18:47:43,170 [INFO] ThirdParty:1030 - CMSIS Pack Vendor :STMicroelectronics X-CUBE-BLEMGR 3.1.0
2024-05-25 18:47:43,170 [INFO] ThirdParty:1030 - CMSIS Pack Vendor :STMicroelectronics FP-SNS-SMARTAG2 1.2.0
2024-05-25 18:47:43,170 [INFO] ThirdParty:1030 - CMSIS Pack Vendor :STMicroelectronics X-CUBE-AZRTOS-WL 2.0.0
2024-05-25 18:47:43,170 [INFO] ThirdParty:1030 - CMSIS Pack Vendor :STMicroelectronics FP-SNS-MOTENV1 5.0.0
2024-05-25 18:47:43,170 [INFO] ThirdParty:1030 - CMSIS Pack Vendor :STMicroelectronics USB_DEVICE 1.0.0
2024-05-25 18:47:43,170 [INFO] ThirdParty:1030 - CMSIS Pack Vendor :STMicroelectronics X-CUBE-AI 8.1.0
2024-05-25 18:47:43,170 [INFO] ThirdParty:1030 - CMSIS Pack Vendor :STMicroelectronics X-CUBE-AZRTOS-L4 2.0.0
2024-05-25 18:47:43,170 [INFO] ThirdParty:1030 - CMSIS Pack Vendor :STMicroelectronics ThreadX 0.0.2
2024-05-25 18:47:43,170 [INFO] ThirdParty:1030 - CMSIS Pack Vendor :WES I-CUBE-Cesium 1.3.0
2024-05-25 18:47:43,170 [INFO] ThirdParty:1030 - CMSIS Pack Vendor :STMicroelectronics lwIP 2.1.2
2024-05-25 18:47:43,170 [INFO] ThirdParty:1030 - CMSIS Pack Vendor :STMicroelectronics X-CUBE-SFXS2LP1 4.0.0
2024-05-25 18:47:43,170 [INFO] ThirdParty:1030 - CMSIS Pack Vendor :STMicroelectronics X-CUBE-BLE2 3.3.0
2024-05-25 18:47:43,170 [INFO] ThirdParty:1030 - CMSIS Pack Vendor :STMicroelectronics X-CUBE-TOF1 3.2.0
2024-05-25 18:47:43,170 [INFO] ThirdParty:1030 - CMSIS Pack Vendor :STMicroelectronics PDM2PCM 3.2.0
2024-05-25 18:47:43,170 [INFO] ThirdParty:1030 - CMSIS Pack Vendor :STMicroelectronics X-CUBE-AZRTOS-H7 3.0.0
2024-05-25 18:47:43,170 [INFO] ThirdParty:1030 - CMSIS Pack Vendor :STMicroelectronics X-CUBE-ISPU 1.1.0
2024-05-25 18:47:43,170 [INFO] ThirdParty:1030 - CMSIS Pack Vendor :RoweBots I-CUBE-UNISONRTOS 5.5.0-4
2024-05-25 18:47:43,170 [INFO] ThirdParty:1030 - CMSIS Pack Vendor :STMicroelectronics USB_DEVICE 3.0.0
2024-05-25 18:47:43,170 [INFO] ThirdParty:1030 - CMSIS Pack Vendor :STMicroelectronics X-CUBE-TCPP 4.1.0
2024-05-25 18:47:43,170 [INFO] ThirdParty:1030 - CMSIS Pack Vendor :STMicroelectronics X-CUBE-AI 8.0.0
2024-05-25 18:47:43,170 [INFO] ThirdParty:1030 - CMSIS Pack Vendor :STMicroelectronics X-CUBE-AZRTOS-WB 2.0.0
2024-05-25 18:47:43,170 [INFO] ThirdParty:1030 - CMSIS Pack Vendor :STMicroelectronics X-CUBE-FREERTOS 1.0.0
2024-05-25 18:47:43,170 [INFO] ThirdParty:1030 - CMSIS Pack Vendor :STMicroelectronics X-CUBE-FREERTOS 1.0.1
2024-05-25 18:47:43,170 [INFO] ThirdParty:1030 - CMSIS Pack Vendor :STMicroelectronics X-CUBE-TOUCHGFX 4.21.1
2024-05-25 18:47:43,170 [INFO] ThirdParty:1030 - CMSIS Pack Vendor :STMicroelectronics X-CUBE-TOUCHGFX 4.21.3
2024-05-25 18:47:43,170 [INFO] ThirdParty:1030 - CMSIS Pack Vendor :STMicroelectronics X-CUBE-TOUCHGFX 4.21.4
2024-05-25 18:47:43,170 [INFO] ThirdParty:1030 - CMSIS Pack Vendor :STMicroelectronics X-CUBE-AI 7.3.0
2024-05-25 18:47:43,170 [INFO] ThirdParty:1030 - CMSIS Pack Vendor :STMicroelectronics X-CUBE-ALGOBUILD 1.3.0
2024-05-25 18:47:43,170 [INFO] ThirdParty:1030 - CMSIS Pack Vendor :STMicroelectronics X-CUBE-AZRTOS-L5 1.1.0
2024-05-25 18:47:43,170 [INFO] ThirdParty:1030 - CMSIS Pack Vendor :STMicroelectronics X-CUBE-AZRTOS-G0 1.1.0
2024-05-25 18:47:43,170 [INFO] ThirdParty:1030 - CMSIS Pack Vendor :STMicroelectronics X-CUBE-AI 8.0.1
2024-05-25 18:47:43,170 [INFO] ThirdParty:1030 - CMSIS Pack Vendor :STMicroelectronics X-CUBE-SAFEA1 1.2.2
2024-05-25 18:47:43,170 [INFO] ThirdParty:1030 - CMSIS Pack Vendor :STMicroelectronics X-CUBE-NFC4 3.0.0
2024-05-25 18:47:43,170 [INFO] ThirdParty:1030 - CMSIS Pack Vendor :STMicroelectronics X-CUBE-SUBG2 5.0.0
2024-05-25 18:47:43,170 [INFO] ThirdParty:1030 - CMSIS Pack Vendor :STMicroelectronics STM32_WPAN 1.0.0
2024-05-25 18:47:43,170 [INFO] ThirdParty:1030 - CMSIS Pack Vendor :STMicroelectronics lwIP 2.0.3
2024-05-25 18:47:43,170 [INFO] ThirdParty:1030 - CMSIS Pack Vendor :STMicroelectronics USB_HOST 1.0.0
2024-05-25 18:47:43,170 [INFO] ThirdParty:1030 - CMSIS Pack Vendor :STMicroelectronics X-CUBE-TOF1 3.3.1
2024-05-25 18:47:43,170 [INFO] ThirdParty:1030 - CMSIS Pack Vendor :STMicroelectronics X-CUBE-AZRTOS-G4 2.0.0
2024-05-25 18:47:43,170 [INFO] ThirdParty:1030 - CMSIS Pack Vendor :STMicroelectronics PDM2PCM 3.1.0
2024-05-25 18:47:43,170 [INFO] ThirdParty:1030 - CMSIS Pack Vendor :STMicroelectronics X-CUBE-TOF1 3.3.0
2024-05-25 18:47:43,170 [INFO] ThirdParty:1030 - CMSIS Pack Vendor :STMicroelectronics FP-ATR-ASTRA1 1.1.1
2024-05-25 18:47:43,170 [INFO] ThirdParty:1030 - CMSIS Pack Vendor :Infineon AIROC-Wi-Fi-Bluetooth-STM32 1.5.1
2024-05-25 18:47:43,170 [INFO] ThirdParty:1030 - CMSIS Pack Vendor :STMicroelectronics X-CUBE-BLEMGR 3.0.0
2024-05-25 18:47:43,170 [INFO] ThirdParty:1030 - CMSIS Pack Vendor :STMicroelectronics X-CUBE-BLEMGR 1.3.0
2024-05-25 18:47:43,170 [INFO] ThirdParty:1030 - CMSIS Pack Vendor :STMicroelectronics FP-SNS-MOTENVWB1 1.3.0
2024-05-25 18:47:43,170 [INFO] ThirdParty:1030 - CMSIS Pack Vendor :STMicroelectronics FP-SNS-MOTENVWB1 1.3.1
2024-05-25 18:47:43,170 [INFO] ThirdParty:1030 - CMSIS Pack Vendor :STMicroelectronics FP-ATR-SIGFOX1 3.2.0
2024-05-25 18:47:43,170 [INFO] ThirdParty:1030 - CMSIS Pack Vendor :STMicroelectronics X-CUBE-AZRTOS-G4 1.0.0
2024-05-25 18:47:43,170 [INFO] ThirdParty:1030 - CMSIS Pack Vendor :STMicroelectronics X-CUBE-AZRTOS-L4 1.0.0
2024-05-25 18:47:43,170 [INFO] ThirdParty:1030 - CMSIS Pack Vendor :STMicroelectronics X-CUBE-ISPU 2.0.0
2024-05-25 18:47:43,170 [INFO] ThirdParty:1030 - CMSIS Pack Vendor :STMicroelectronics X-CUBE-EEPRMA1 5.1.0
2024-05-25 18:47:43,170 [INFO] ThirdParty:1030 - CMSIS Pack Vendor :STMicroelectronics MBEDTLS 2.16.2
2024-05-25 18:47:43,170 [INFO] ThirdParty:1030 - CMSIS Pack Vendor :STMicroelectronics X-CUBE-MEMS1 10.0.0
2024-05-25 18:47:43,170 [INFO] ThirdParty:1030 - CMSIS Pack Vendor :STMicroelectronics X-CUBE-FREERTOS 1.1.0
2024-05-25 18:47:43,170 [INFO] ThirdParty:1030 - CMSIS Pack Vendor :STMicroelectronics X-CUBE-AZRTOS-WL 1.0.0
2024-05-25 18:47:43,170 [INFO] ThirdParty:1030 - CMSIS Pack Vendor :portGmbH I-Cube-SoM-uGOAL 1.1.0
2024-05-25 18:47:43,170 [INFO] ThirdParty:1030 - CMSIS Pack Vendor :STMicroelectronics X-CUBE-ALS 1.0.1
2024-05-25 18:47:43,170 [INFO] ThirdParty:1030 - CMSIS Pack Vendor :STMicroelectronics X-CUBE-MEMS1 9.5.0
2024-05-25 18:47:43,170 [INFO] ThirdParty:1030 - CMSIS Pack Vendor :STMicroelectronics ThreadX 1.0.0
2024-05-25 18:47:43,170 [INFO] ThirdParty:1030 - CMSIS Pack Vendor :STMicroelectronics X-CUBE-AZRTOS-WB 1.1.0
2024-05-25 18:47:43,170 [INFO] ThirdParty:1030 - CMSIS Pack Vendor :SEGGER I-CUBE-embOS 1.3.1
2024-05-25 18:47:43,170 [INFO] ThirdParty:1030 - CMSIS Pack Vendor :STMicroelectronics X-CUBE-ALGOBUILD 1.4.0
2024-05-25 18:47:43,170 [INFO] ThirdParty:1030 - CMSIS Pack Vendor :STMicroelectronics X-CUBE-AZRTOS-H7RS 1.0.0
2024-05-25 18:47:43,170 [INFO] ThirdParty:1030 - CMSIS Pack Vendor :STMicroelectronics FP-ATR-ASTRA1 2.0.0
2024-05-25 18:47:43,170 [INFO] ThirdParty:1030 - CMSIS Pack Vendor :STMicroelectronics X-CUBE-TOF1 3.4.0
2024-05-25 18:47:43,170 [INFO] ThirdParty:1030 - CMSIS Pack Vendor :STMicroelectronics X-CUBE-TOF1 3.4.1
2024-05-25 18:47:43,170 [INFO] ThirdParty:1030 - CMSIS Pack Vendor :STMicroelectronics X-CUBE-AZRTOS-H7 3.2.0
2024-05-25 18:47:43,170 [INFO] ThirdParty:841 - exiting critical section [change project]
2024-05-25 18:47:43,500 [INFO] PinOutPanel:1561 - setPackage(No Configuration,No Configuration)
2024-05-25 18:47:43,510 [INFO] PinOutPanel:1561 - setPackage(STM32F103RCTx,LQFP64)
2024-05-25 18:47:43,830 [INFO] UtilMem:75 - Before build in PCC Used Memory: 845148040 Bytes (1073741824)
2024-05-25 18:47:44,203 [INFO] UtilMem:75 - After build in PCC Used Memory: 888665992 Bytes (1073741824)
2024-05-25 18:47:44,234 [INFO] IPUIPlugin:80 - create IPUIPlugin
2024-05-25 18:47:44,234 [INFO] IPUIPlugin:80 - create IPUIPlugin
2024-05-25 18:47:44,235 [INFO] IPUIPlugin:80 - create IPUIPlugin
2024-05-25 18:47:44,235 [INFO] IPUIPlugin:80 - create IPUIPlugin
2024-05-25 18:47:44,236 [INFO] IPUIPlugin:80 - create IPUIPlugin
2024-05-25 18:47:44,236 [INFO] IPUIPlugin:80 - create IPUIPlugin
2024-05-25 18:47:44,236 [INFO] IPUIPlugin:80 - create IPUIPlugin
2024-05-25 18:47:44,237 [INFO] IPUIPlugin:80 - create IPUIPlugin
2024-05-25 18:47:44,237 [INFO] IPUIPlugin:80 - create IPUIPlugin
2024-05-25 18:47:44,238 [INFO] IPUIPlugin:80 - create IPUIPlugin
2024-05-25 18:47:44,238 [INFO] IPUIPlugin:80 - create IPUIPlugin
2024-05-25 18:47:44,238 [INFO] IPUIPlugin:80 - create IPUIPlugin
2024-05-25 18:47:44,238 [INFO] IPUIPlugin:80 - create IPUIPlugin
2024-05-25 18:47:44,240 [INFO] IPUIPlugin:80 - create IPUIPlugin
2024-05-25 18:47:44,240 [INFO] IPUIPlugin:80 - create IPUIPlugin
2024-05-25 18:47:44,240 [INFO] IPUIPlugin:80 - create IPUIPlugin
2024-05-25 18:47:44,241 [INFO] IPUIPlugin:80 - create IPUIPlugin
2024-05-25 18:47:44,242 [INFO] IPUIPlugin:80 - create IPUIPlugin
2024-05-25 18:47:44,242 [INFO] IPUIPlugin:80 - create IPUIPlugin
2024-05-25 18:47:44,243 [INFO] IPUIPlugin:80 - create IPUIPlugin
2024-05-25 18:47:44,244 [INFO] IPUIPlugin:80 - create IPUIPlugin
2024-05-25 18:47:44,244 [INFO] IPUIPlugin:80 - create IPUIPlugin
2024-05-25 18:47:44,246 [INFO] IPUIPlugin:80 - create IPUIPlugin
2024-05-25 18:47:44,247 [INFO] IPUIPlugin:80 - create IPUIPlugin
2024-05-25 18:47:44,248 [INFO] IPUIPlugin:80 - create IPUIPlugin
2024-05-25 18:47:44,248 [INFO] IPUIPlugin:80 - create IPUIPlugin
2024-05-25 18:47:44,249 [INFO] IPUIPlugin:80 - create IPUIPlugin
2024-05-25 18:47:44,249 [INFO] IPUIPlugin:80 - create IPUIPlugin
2024-05-25 18:47:44,249 [INFO] IPUIPlugin:80 - create IPUIPlugin
2024-05-25 18:47:44,249 [INFO] IPUIPlugin:80 - create IPUIPlugin
2024-05-25 18:47:44,250 [INFO] IPUIPlugin:80 - create IPUIPlugin
2024-05-25 18:47:44,250 [INFO] IPUIPlugin:80 - create IPUIPlugin
2024-05-25 18:47:44,250 [INFO] IPUIPlugin:80 - create IPUIPlugin
2024-05-25 18:47:44,251 [INFO] IPUIPlugin:80 - create IPUIPlugin
2024-05-25 18:47:44,252 [INFO] IPUIPlugin:80 - create IPUIPlugin
2024-05-25 18:47:44,252 [INFO] IPUIPlugin:80 - create IPUIPlugin
2024-05-25 18:47:44,253 [INFO] IPUIPlugin:80 - create IPUIPlugin
2024-05-25 18:47:44,253 [INFO] IPUIPlugin:80 - create IPUIPlugin
2024-05-25 18:47:44,253 [INFO] IPUIPlugin:80 - create IPUIPlugin
2024-05-25 18:47:44,257 [WARN] IP:2120 - I2C_Coeff_DF not found: check if there is a RefParameter without a condition.
2024-05-25 18:47:44,257 [WARN] IP:2120 - Analog_Filter not found: check if there is a RefParameter without a condition.
2024-05-25 18:47:44,362 [INFO] CADModel:165 - CPN selected for project levelSTM32F103RCT6
2024-05-25 18:47:44,363 [INFO] CADModel:114 - Register for checkConnection events
2024-05-25 18:47:44,405 [INFO] OpenFileManager:343 - Restore cursor
2024-05-25 18:47:44,411 [INFO] ApiDb:581 - Connected to CubeFinder SQLite database (C:\Users\ADMIN\.stmcufinder\plugins\mcufinder\mcu\cube-finder-db.db)
2024-05-25 18:47:44,771 [WARN] IP:2120 - I2C_Coeff_DF not found: check if there is a RefParameter without a condition.
2024-05-25 18:47:44,771 [WARN] IP:2120 - Analog_Filter not found: check if there is a RefParameter without a condition.
2024-05-25 18:47:44,772 [WARN] IP:2120 - I2C_Coeff_DF not found: check if there is a RefParameter without a condition.
2024-05-25 18:47:44,772 [WARN] IP:2120 - Analog_Filter not found: check if there is a RefParameter without a condition.
2024-05-25 18:51:04,776 [INFO] MainUpdater:2873 - connection check result : 10
2024-05-25 18:51:04,776 [INFO] MainUpdater:2873 - connection check result : 10
2024-05-25 18:51:04,796 [INFO] MicroXplorer:468 - Change Database Path : 
2024-05-25 18:51:04,796 [INFO] MicroXplorer:498 - Change Database Version : DB.6.0.110
2024-05-25 18:51:04,814 [ERROR] ProjectManagerView:394 - 
java.lang.NullPointerException: Cannot invoke "javax.swing.JTextField.getText()" because the return value of "java.util.List.get(int)" is null
	at com.st.microxplorer.plugins.projectmanager.gui.ProjectChoiceTab$10.caretUpdate(ProjectChoiceTab.java:2504) ~[filemanager.jar:?]
	at javax.swing.text.JTextComponent.fireCaretUpdate(JTextComponent.java:412) ~[?:?]
	at javax.swing.text.JTextComponent$MutableCaretEvent.fire(JTextComponent.java:4491) ~[?:?]
	at javax.swing.text.JTextComponent$MutableCaretEvent.stateChanged(JTextComponent.java:4513) ~[?:?]
	at javax.swing.text.DefaultCaret.fireStateChanged(DefaultCaret.java:842) ~[?:?]
	at javax.swing.text.DefaultCaret.changeCaretPosition(DefaultCaret.java:1313) ~[?:?]
	at javax.swing.text.DefaultCaret.handleSetDot(DefaultCaret.java:1212) ~[?:?]
	at javax.swing.text.DefaultCaret.setDot(DefaultCaret.java:1193) ~[?:?]
	at javax.swing.text.DefaultCaret$Handler.insertUpdate(DefaultCaret.java:1789) ~[?:?]
	at javax.swing.text.AbstractDocument.fireInsertUpdate(AbstractDocument.java:226) ~[?:?]
	at javax.swing.text.AbstractDocument.handleInsertString(AbstractDocument.java:780) ~[?:?]
	at javax.swing.text.AbstractDocument.insertString(AbstractDocument.java:739) ~[?:?]
	at javax.swing.text.PlainDocument.insertString(PlainDocument.java:131) ~[?:?]
	at javax.swing.text.AbstractDocument.replace(AbstractDocument.java:698) ~[?:?]
	at javax.swing.text.JTextComponent.setText(JTextComponent.java:1729) ~[?:?]
	at com.st.microxplorer.plugins.projectmanager.gui.ProjectChoiceTab.createHeapStackFields(ProjectChoiceTab.java:944) ~[filemanager.jar:?]
	at com.st.microxplorer.plugins.projectmanager.gui.ProjectChoiceTab.buildLinkSettingsPanel(ProjectChoiceTab.java:3475) ~[filemanager.jar:?]
	at com.st.microxplorer.plugins.projectmanager.gui.ProjectChoiceTab.defineWindowsFields(ProjectChoiceTab.java:1816) ~[filemanager.jar:?]
	at com.st.microxplorer.plugins.projectmanager.gui.ProjectChoiceTab.updateSettings(ProjectChoiceTab.java:544) ~[filemanager.jar:?]
	at com.st.microxplorer.plugins.projectmanager.gui.ProjectSettingsPanel.UpdateDialog(ProjectSettingsPanel.java:245) ~[filemanager.jar:?]
	at com.st.microxplorer.plugins.projectmanager.ProjectManagerView.propertyChange(ProjectManagerView.java:391) ~[filemanager.jar:?]
	at java.beans.PropertyChangeSupport.fire(PropertyChangeSupport.java:343) ~[?:?]
	at java.beans.PropertyChangeSupport.firePropertyChange(PropertyChangeSupport.java:335) ~[?:?]
	at java.beans.PropertyChangeSupport.firePropertyChange(PropertyChangeSupport.java:268) ~[?:?]
	at com.st.microxplorer.util.MXPropertyChangeSupport.firePropertyChange(MXPropertyChangeSupport.java:54) ~[STM32CubeMX.jar:?]
	at com.st.microxplorer.mxsystem.MxSystem.closeConfig(MxSystem.java:900) ~[STM32CubeMX.jar:?]
	at com.st.microxplorer.maingui.MainPanel.closeConfig(MainPanel.java:776) ~[STM32CubeMX.jar:?]
	at com.st.microxplorer.plugins.filemanager.engine.OpenFileManager.loadConfigurationFile(OpenFileManager.java:245) ~[filemanager.jar:?]
	at com.st.microxplorer.plugins.filemanager.engine.MainFileManager.userLoadConfig(MainFileManager.java:315) ~[filemanager.jar:?]
	at com.st.microxplorer.plugins.filemanager.engine.MainFileManager.userLoadConfig(MainFileManager.java:293) ~[filemanager.jar:?]
	at com.st.microxplorer.plugins.filemanager.FileManagerView.getSpecificTask(FileManagerView.java:247) ~[filemanager.jar:?]
	at com.st.stm32cube.common.mx.editor.CubeMxEditor.getMxTabbedPaneInstance(CubeMxEditor.java:1198) ~[com.st.stm32cube.common.mx_6.11.0.202403141607/:?]
	at com.st.stm32cube.common.mx.editor.CubeMxEditor$12$1.createSwingComponent(CubeMxEditor.java:1068) ~[com.st.stm32cube.common.mx_6.11.0.202403141607/:?]
	at com.st.stm32cube.common.mx.oss.core.awtswtbridge.EmbeddedSwingComposite.doComponentCreation(EmbeddedSwingComposite.java:492) ~[com.st.stm32cube.common.mx.oss_6.11.0.202403141607/:?]
	at com.st.stm32cube.common.mx.oss.core.awtswtbridge.EmbeddedSwingComposite$4.run(EmbeddedSwingComposite.java:291) ~[com.st.stm32cube.common.mx.oss_6.11.0.202403141607/:?]
	at com.st.stm32cube.common.mx.oss.core.awtswtbridge.AwtEnvironment$2.run(AwtEnvironment.java:166) ~[com.st.stm32cube.common.mx.oss_6.11.0.202403141607/:?]
	at java.awt.event.InvocationEvent.dispatch(InvocationEvent.java:318) ~[?:?]
	at java.awt.EventQueue.dispatchEventImpl(EventQueue.java:773) ~[?:?]
	at java.awt.EventQueue$4.run(EventQueue.java:720) ~[?:?]
	at java.awt.EventQueue$4.run(EventQueue.java:714) ~[?:?]
	at java.security.AccessController.doPrivileged(AccessController.java:399) ~[?:?]
	at java.security.ProtectionDomain$JavaSecurityAccessImpl.doIntersectionPrivilege(ProtectionDomain.java:86) ~[?:?]
	at java.awt.EventQueue.dispatchEvent(EventQueue.java:742) ~[?:?]
	at java.awt.EventDispatchThread.pumpOneEventForFilters(EventDispatchThread.java:203) ~[?:?]
	at java.awt.EventDispatchThread.pumpEventsForFilter(EventDispatchThread.java:124) ~[?:?]
	at java.awt.EventDispatchThread.pumpEventsForHierarchy(EventDispatchThread.java:113) ~[?:?]
	at java.awt.EventDispatchThread.pumpEvents(EventDispatchThread.java:109) ~[?:?]
	at java.awt.EventDispatchThread.pumpEvents(EventDispatchThread.java:101) ~[?:?]
	at java.awt.EventDispatchThread.run(EventDispatchThread.java:90) ~[?:?]
2024-05-25 18:51:04,816 [WARN] ThirdParty:871 - waiting for thirdparty lock release [close project]
2024-05-25 18:51:04,816 [INFO] ThirdParty:873 - entering critical section [close project]
2024-05-25 18:51:04,817 [INFO] ThirdParty:883 - exiting critical section [close project]
2024-05-25 18:51:04,818 [INFO] PinOutPanel:1561 - setPackage(No Configuration,No Configuration)
2024-05-25 18:51:04,820 [INFO] UtilMem:75 - Begin LoadConfig() Used Memory: 825756064 Bytes (1073741824)
2024-05-25 18:51:04,821 [INFO] MicroXplorer:468 - Change Database Path : 
2024-05-25 18:51:04,821 [INFO] MicroXplorer:498 - Change Database Version : DB.6.0.110
2024-05-25 18:51:04,821 [INFO] OpenFileManager:312 - Change cursor
2024-05-25 18:51:04,830 [INFO] Mcu:2021 - Initializing MCU STM32F103R(C-D-E)Tx STM32F103RCTx STM32F103RCT6
2024-05-25 18:51:06,183 [INFO] Context:663 - Trying to add GPIOservice into a context  which must be forbidden
2024-05-25 18:51:06,656 [INFO] RtosManager:555 - Registered RTOS mode: class=CMSIS, group=RTOS, mode=CMSIS_V1, owner=FREERTOS
2024-05-25 18:51:06,657 [INFO] RtosManager:555 - Registered RTOS mode: class=CMSIS, group=RTOS2, mode=CMSIS_V2, owner=FREERTOS
2024-05-25 18:51:06,657 [INFO] RtosManager:555 - Registered RTOS mode: class=RTOS, group=Core, mode=CMSIS_V1, owner=FREERTOS
2024-05-25 18:51:06,657 [INFO] RtosManager:555 - Registered RTOS mode: class=RTOS, group=Core, mode=CMSIS_V2, owner=FREERTOS
2024-05-25 18:51:06,657 [WARN] ModelIntegratedComponent:184 - Missing modes for component STMicroelectronics:FreeRTOS:0.0.1:STMicroelectronics:RTOS:FreeRTOS:Core:::10.2.0:
2024-05-25 18:51:06,662 [WARN] ModelIntegratedComponent:63 - No mode defined for component null
2024-05-25 18:51:06,662 [WARN] ModelIntegratedComponent:63 - No mode defined for component null
2024-05-25 18:51:06,662 [WARN] ModelIntegratedComponent:63 - No mode defined for component null
2024-05-25 18:51:06,662 [WARN] ModelIntegratedComponent:63 - No mode defined for component null
2024-05-25 18:51:06,662 [WARN] ModelIntegratedComponent:63 - No mode defined for component null
2024-05-25 18:51:06,662 [WARN] ModelIntegratedComponent:63 - No mode defined for component null
2024-05-25 18:51:06,662 [WARN] ModelIntegratedComponent:63 - No mode defined for component null
2024-05-25 18:51:06,662 [WARN] ModelIntegratedComponent:63 - No mode defined for component null
2024-05-25 18:51:06,662 [WARN] ModelIntegratedComponent:63 - No mode defined for component null
2024-05-25 18:51:06,662 [WARN] ModelIntegratedComponent:63 - No mode defined for component null
2024-05-25 18:51:06,662 [WARN] ModelIntegratedComponent:63 - No mode defined for component null
2024-05-25 18:51:06,662 [WARN] ModelIntegratedComponent:63 - No mode defined for component null
2024-05-25 18:51:06,662 [WARN] ModelIntegratedComponent:63 - No mode defined for component null
2024-05-25 18:51:06,662 [WARN] ModelIntegratedComponent:63 - No mode defined for component null
2024-05-25 18:51:06,662 [WARN] ModelIntegratedComponent:63 - No mode defined for component null
2024-05-25 18:51:06,662 [WARN] ModelIntegratedComponent:63 - No mode defined for component null
2024-05-25 18:51:06,662 [WARN] ModelIntegratedComponent:63 - No mode defined for component null
2024-05-25 18:51:06,663 [WARN] ModelIntegratedComponent:63 - No mode defined for component null
2024-05-25 18:51:06,663 [WARN] ModelIntegratedComponent:63 - No mode defined for component null
2024-05-25 18:51:06,663 [WARN] ModelIntegratedComponent:63 - No mode defined for component null
2024-05-25 18:51:06,663 [WARN] ModelIntegratedComponent:63 - No mode defined for component null
2024-05-25 18:51:06,663 [WARN] ModelIntegratedComponent:63 - No mode defined for component null
2024-05-25 18:51:06,663 [WARN] ModelIntegratedComponent:63 - No mode defined for component null
2024-05-25 18:51:06,663 [WARN] ModelIntegratedComponent:63 - No mode defined for component null
2024-05-25 18:51:06,663 [WARN] ModelIntegratedComponent:63 - No mode defined for component null
2024-05-25 18:51:06,663 [WARN] ModelIntegratedComponent:63 - No mode defined for component null
2024-05-25 18:51:06,663 [WARN] ModelIntegratedComponent:63 - No mode defined for component null
2024-05-25 18:51:06,663 [WARN] ModelIntegratedComponent:63 - No mode defined for component null
2024-05-25 18:51:06,663 [WARN] ModelIntegratedComponent:63 - No mode defined for component null
2024-05-25 18:51:06,663 [WARN] ModelIntegratedComponent:63 - No mode defined for component null
2024-05-25 18:51:06,663 [WARN] ModelIntegratedComponent:63 - No mode defined for component null
2024-05-25 18:51:06,663 [WARN] ModelIntegratedComponent:63 - No mode defined for component null
2024-05-25 18:51:06,664 [WARN] ModelIntegratedComponent:63 - No mode defined for component null
2024-05-25 18:51:06,664 [WARN] ModelIntegratedComponent:63 - No mode defined for component null
2024-05-25 18:51:06,983 [INFO] ThirdPartyModel:298 - Start build external matchings
2024-05-25 18:51:10,648 [INFO] ThirdPartyModel:316 - End build external matchings
2024-05-25 18:51:10,703 [INFO] ImportTextPane:194 - (OptionalMessage_ERROR) IP (DMA) : Parameter (Instance) has Id (USART1_RX) currently not set
2024-05-25 18:51:10,703 [INFO] ImportTextPane:194 - (OptionalMessage_ERROR) IP (DMA) : Parameter (Direction) has Id (USART1_RX) currently not set
2024-05-25 18:51:10,703 [INFO] ImportTextPane:194 - (OptionalMessage_ERROR) IP (DMA) : Parameter (PeriphInc) has Id (USART1_RX) currently not set
2024-05-25 18:51:10,703 [INFO] ImportTextPane:194 - (OptionalMessage_ERROR) IP (DMA) : Parameter (MemInc) has Id (USART1_RX) currently not set
2024-05-25 18:51:10,703 [INFO] ImportTextPane:194 - (OptionalMessage_ERROR) IP (DMA) : Parameter (PeriphDataAlignment) has Id (USART1_RX) currently not set
2024-05-25 18:51:10,704 [INFO] ImportTextPane:194 - (OptionalMessage_ERROR) IP (DMA) : Parameter (MemDataAlignment) has Id (USART1_RX) currently not set
2024-05-25 18:51:10,704 [INFO] ImportTextPane:194 - (OptionalMessage_ERROR) IP (DMA) : Parameter (Mode) has Id (USART1_RX) currently not set
2024-05-25 18:51:10,704 [INFO] ImportTextPane:194 - (OptionalMessage_ERROR) IP (DMA) : Parameter (Priority) has Id (USART1_RX) currently not set
2024-05-25 18:51:10,704 [INFO] ImportTextPane:194 - (OptionalMessage_ERROR) IP (DMA) : Parameter (Instance) has Id (USART1_TX) currently not set
2024-05-25 18:51:10,704 [INFO] ImportTextPane:194 - (OptionalMessage_ERROR) IP (DMA) : Parameter (Direction) has Id (USART1_TX) currently not set
2024-05-25 18:51:10,704 [INFO] ImportTextPane:194 - (OptionalMessage_ERROR) IP (DMA) : Parameter (PeriphInc) has Id (USART1_TX) currently not set
2024-05-25 18:51:10,704 [INFO] ImportTextPane:194 - (OptionalMessage_ERROR) IP (DMA) : Parameter (MemInc) has Id (USART1_TX) currently not set
2024-05-25 18:51:10,704 [INFO] ImportTextPane:194 - (OptionalMessage_ERROR) IP (DMA) : Parameter (PeriphDataAlignment) has Id (USART1_TX) currently not set
2024-05-25 18:51:10,704 [INFO] ImportTextPane:194 - (OptionalMessage_ERROR) IP (DMA) : Parameter (MemDataAlignment) has Id (USART1_TX) currently not set
2024-05-25 18:51:10,704 [INFO] ImportTextPane:194 - (OptionalMessage_ERROR) IP (DMA) : Parameter (Mode) has Id (USART1_TX) currently not set
2024-05-25 18:51:10,704 [INFO] ImportTextPane:194 - (OptionalMessage_ERROR) IP (DMA) : Parameter (Priority) has Id (USART1_TX) currently not set
2024-05-25 18:51:10,705 [INFO] ImportTextPane:194 - (OptionalMessage_ERROR) IP (RCC) : Invalid parameter (FamilyName)
2024-05-25 18:51:11,179 [INFO] UtilMem:75 - End LoadConfig() Used Memory: 897270400 Bytes (1073741824)
2024-05-25 18:51:11,266 [WARN] ThirdParty:833 - waiting for thirdparty lock release [change project]
2024-05-25 18:51:11,266 [INFO] ThirdParty:835 - entering critical section [change project]
2024-05-25 18:51:11,267 [INFO] ThirdParty:1030 - CMSIS Pack Vendor :STMicroelectronics USBPD 4.1
2024-05-25 18:51:11,267 [INFO] ThirdParty:1030 - CMSIS Pack Vendor :STMicroelectronics X-CUBE-GNSS1 6.0.0
2024-05-25 18:51:11,267 [INFO] ThirdParty:1030 - CMSIS Pack Vendor :STMicroelectronics USB_HOST 2.0.0
2024-05-25 18:51:11,267 [INFO] ThirdParty:1030 - CMSIS Pack Vendor :STMicroelectronics FP-SNS-MOTENVWB1 1.4.0
2024-05-25 18:51:11,267 [INFO] ThirdParty:1030 - CMSIS Pack Vendor :STMicroelectronics X-CUBE-AZRTOS-F4 1.1.0
2024-05-25 18:51:11,267 [INFO] ThirdParty:1030 - CMSIS Pack Vendor :STMicroelectronics LIBJPEG 8.0.0
2024-05-25 18:51:11,267 [INFO] ThirdParty:1030 - CMSIS Pack Vendor :wolfSSL I-CUBE-wolfSSL 5.6.3
2024-05-25 18:51:11,267 [INFO] ThirdParty:1030 - CMSIS Pack Vendor :STMicroelectronics X-CUBE-SMBUS 2.1.0
2024-05-25 18:51:11,267 [INFO] ThirdParty:1030 - CMSIS Pack Vendor :STMicroelectronics X-CUBE-FREERTOS 1.2.0
2024-05-25 18:51:11,267 [INFO] ThirdParty:1030 - CMSIS Pack Vendor :STMicroelectronics X-CUBE-TOUCHGFX 4.23.0
2024-05-25 18:51:11,267 [INFO] ThirdParty:1030 - CMSIS Pack Vendor :STMicroelectronics X-CUBE-TOUCHGFX 4.23.2
2024-05-25 18:51:11,268 [INFO] ThirdParty:1030 - CMSIS Pack Vendor :STMicroelectronics X-CUBE-AZRTOS-F7 1.1.0
2024-05-25 18:51:11,268 [INFO] ThirdParty:1030 - CMSIS Pack Vendor :STMicroelectronics X-CUBE-AZRTOS-L5 2.0.0
2024-05-25 18:51:11,268 [INFO] ThirdParty:1030 - CMSIS Pack Vendor :STMicroelectronics USB_DEVICE 2.0.0
2024-05-25 18:51:11,268 [INFO] ThirdParty:1030 - CMSIS Pack Vendor :STMicroelectronics X-CUBE-MEMS1 9.6.0
2024-05-25 18:51:11,268 [INFO] ThirdParty:1030 - CMSIS Pack Vendor :STMicroelectronics X-CUBE-EEPRMA1 4.2.0
2024-05-25 18:51:11,268 [INFO] ThirdParty:1030 - CMSIS Pack Vendor :STMicroelectronics X-CUBE-NFC6 3.1.0
2024-05-25 18:51:11,268 [INFO] ThirdParty:1030 - CMSIS Pack Vendor :ITTIA_DB I-CUBE-ITTIADB 8.8.0
2024-05-25 18:51:11,268 [INFO] ThirdParty:1030 - CMSIS Pack Vendor :STMicroelectronics FP-SNS-MOTENV1 4.3.0
2024-05-25 18:51:11,268 [INFO] ThirdParty:1030 - CMSIS Pack Vendor :STMicroelectronics FP-SNS-MOTENV1 4.3.2
2024-05-25 18:51:11,268 [INFO] ThirdParty:1030 - CMSIS Pack Vendor :STMicroelectronics FP-SNS-FLIGHT1 5.0.0
2024-05-25 18:51:11,268 [INFO] ThirdParty:1030 - CMSIS Pack Vendor :STMicroelectronics FP-SNS-MOTENV1 4.3.1
2024-05-25 18:51:11,268 [INFO] ThirdParty:1030 - CMSIS Pack Vendor :STMicroelectronics FP-SNS-FLIGHT1 5.0.1
2024-05-25 18:51:11,269 [INFO] ThirdParty:1030 - CMSIS Pack Vendor :STMicroelectronics X-CUBE-BLE1 6.2.4
2024-05-25 18:51:11,269 [INFO] ThirdParty:1030 - CMSIS Pack Vendor :STMicroelectronics FreeRTOS 0.0.1
2024-05-25 18:51:11,269 [INFO] ThirdParty:1030 - CMSIS Pack Vendor :emotas I-CUBE-CANOPEN 1.1.3
2024-05-25 18:51:11,269 [INFO] ThirdParty:1030 - CMSIS Pack Vendor :STMicroelectronics X-CUBE-BLEMGR 2.0.0
2024-05-25 18:51:11,269 [INFO] ThirdParty:1030 - CMSIS Pack Vendor :STMicroelectronics FP-SNS-FLIGHT1 5.0.2
2024-05-25 18:51:11,269 [INFO] ThirdParty:1030 - CMSIS Pack Vendor :STMicroelectronics X-CUBE-AI 9.0.0
2024-05-25 18:51:11,269 [INFO] ThirdParty:1030 - CMSIS Pack Vendor :STMicroelectronics X-CUBE-AZRTOS-H7 3.1.0
2024-05-25 18:51:11,269 [INFO] ThirdParty:1030 - CMSIS Pack Vendor :STMicroelectronics PDM2PCM 3.3.0
2024-05-25 18:51:11,269 [INFO] ThirdParty:1030 - CMSIS Pack Vendor :STMicroelectronics X-CUBE-DISPLAY 3.0.0
2024-05-25 18:51:11,269 [INFO] ThirdParty:1030 - CMSIS Pack Vendor :STMicroelectronics X-CUBE-BLE1 7.0.0
2024-05-25 18:51:11,269 [INFO] ThirdParty:1030 - CMSIS Pack Vendor :wolfSSL I-CUBE-wolfSSL 5.5.4
2024-05-25 18:51:11,269 [INFO] ThirdParty:1030 - CMSIS Pack Vendor :STMicroelectronics HAL Drivers 0.0.0
2024-05-25 18:51:11,269 [INFO] ThirdParty:1030 - CMSIS Pack Vendor :emotas I-CUBE-CANOPEN 1.3.0
2024-05-25 18:51:11,269 [INFO] ThirdParty:1030 - CMSIS Pack Vendor :STMicroelectronics X-CUBE-TOUCHGFX 4.22.0
2024-05-25 18:51:11,270 [INFO] ThirdParty:1030 - CMSIS Pack Vendor :STMicroelectronics X-CUBE-NFC7 1.0.1
2024-05-25 18:51:11,270 [INFO] ThirdParty:1030 - CMSIS Pack Vendor :STMicroelectronics MBEDTLS 2.14.1
2024-05-25 18:51:11,270 [INFO] ThirdParty:1030 - CMSIS Pack Vendor :STMicroelectronics X-CUBE-NFC7 1.0.0
2024-05-25 18:51:11,270 [INFO] ThirdParty:1030 - CMSIS Pack Vendor :STMicroelectronics X-CUBE-TOUCHGFX 4.22.1
2024-05-25 18:51:11,270 [INFO] ThirdParty:1030 - CMSIS Pack Vendor :STMicroelectronics X-CUBE-NFC6 3.0.0
2024-05-25 18:51:11,270 [INFO] ThirdParty:1030 - CMSIS Pack Vendor :STMicroelectronics X-CUBE-EEPRMA1 4.1.0
2024-05-25 18:51:11,270 [INFO] ThirdParty:1030 - CMSIS Pack Vendor :STMicroelectronics X-CUBE-BLEMGR 3.1.0
2024-05-25 18:51:11,270 [INFO] ThirdParty:1030 - CMSIS Pack Vendor :STMicroelectronics FP-SNS-SMARTAG2 1.2.0
2024-05-25 18:51:11,270 [INFO] ThirdParty:1030 - CMSIS Pack Vendor :STMicroelectronics X-CUBE-AZRTOS-WL 2.0.0
2024-05-25 18:51:11,270 [INFO] ThirdParty:1030 - CMSIS Pack Vendor :STMicroelectronics FP-SNS-MOTENV1 5.0.0
2024-05-25 18:51:11,270 [INFO] ThirdParty:1030 - CMSIS Pack Vendor :STMicroelectronics USB_DEVICE 1.0.0
2024-05-25 18:51:11,271 [INFO] ThirdParty:1030 - CMSIS Pack Vendor :STMicroelectronics X-CUBE-AI 8.1.0
2024-05-25 18:51:11,271 [INFO] ThirdParty:1030 - CMSIS Pack Vendor :STMicroelectronics X-CUBE-AZRTOS-L4 2.0.0
2024-05-25 18:51:11,271 [INFO] ThirdParty:1030 - CMSIS Pack Vendor :STMicroelectronics ThreadX 0.0.2
2024-05-25 18:51:11,271 [INFO] ThirdParty:1030 - CMSIS Pack Vendor :WES I-CUBE-Cesium 1.3.0
2024-05-25 18:51:11,271 [INFO] ThirdParty:1030 - CMSIS Pack Vendor :STMicroelectronics lwIP 2.1.2
2024-05-25 18:51:11,271 [INFO] ThirdParty:1030 - CMSIS Pack Vendor :STMicroelectronics X-CUBE-SFXS2LP1 4.0.0
2024-05-25 18:51:11,271 [INFO] ThirdParty:1030 - CMSIS Pack Vendor :STMicroelectronics X-CUBE-BLE2 3.3.0
2024-05-25 18:51:11,271 [INFO] ThirdParty:1030 - CMSIS Pack Vendor :STMicroelectronics X-CUBE-TOF1 3.2.0
2024-05-25 18:51:11,271 [INFO] ThirdParty:1030 - CMSIS Pack Vendor :STMicroelectronics PDM2PCM 3.2.0
2024-05-25 18:51:11,271 [INFO] ThirdParty:1030 - CMSIS Pack Vendor :STMicroelectronics X-CUBE-AZRTOS-H7 3.0.0
2024-05-25 18:51:11,271 [INFO] ThirdParty:1030 - CMSIS Pack Vendor :STMicroelectronics X-CUBE-ISPU 1.1.0
2024-05-25 18:51:11,271 [INFO] ThirdParty:1030 - CMSIS Pack Vendor :RoweBots I-CUBE-UNISONRTOS 5.5.0-4
2024-05-25 18:51:11,271 [INFO] ThirdParty:1030 - CMSIS Pack Vendor :STMicroelectronics USB_DEVICE 3.0.0
2024-05-25 18:51:11,271 [INFO] ThirdParty:1030 - CMSIS Pack Vendor :STMicroelectronics X-CUBE-TCPP 4.1.0
2024-05-25 18:51:11,271 [INFO] ThirdParty:1030 - CMSIS Pack Vendor :STMicroelectronics X-CUBE-AI 8.0.0
2024-05-25 18:51:11,272 [INFO] ThirdParty:1030 - CMSIS Pack Vendor :STMicroelectronics X-CUBE-AZRTOS-WB 2.0.0
2024-05-25 18:51:11,272 [INFO] ThirdParty:1030 - CMSIS Pack Vendor :STMicroelectronics X-CUBE-FREERTOS 1.0.0
2024-05-25 18:51:11,272 [INFO] ThirdParty:1030 - CMSIS Pack Vendor :STMicroelectronics X-CUBE-FREERTOS 1.0.1
2024-05-25 18:51:11,272 [INFO] ThirdParty:1030 - CMSIS Pack Vendor :STMicroelectronics X-CUBE-TOUCHGFX 4.21.1
2024-05-25 18:51:11,272 [INFO] ThirdParty:1030 - CMSIS Pack Vendor :STMicroelectronics X-CUBE-TOUCHGFX 4.21.3
2024-05-25 18:51:11,272 [INFO] ThirdParty:1030 - CMSIS Pack Vendor :STMicroelectronics X-CUBE-TOUCHGFX 4.21.4
2024-05-25 18:51:11,272 [INFO] ThirdParty:1030 - CMSIS Pack Vendor :STMicroelectronics X-CUBE-AI 7.3.0
2024-05-25 18:51:11,272 [INFO] ThirdParty:1030 - CMSIS Pack Vendor :STMicroelectronics X-CUBE-ALGOBUILD 1.3.0
2024-05-25 18:51:11,272 [INFO] ThirdParty:1030 - CMSIS Pack Vendor :STMicroelectronics X-CUBE-AZRTOS-L5 1.1.0
2024-05-25 18:51:11,272 [INFO] ThirdParty:1030 - CMSIS Pack Vendor :STMicroelectronics X-CUBE-AZRTOS-G0 1.1.0
2024-05-25 18:51:11,273 [INFO] ThirdParty:1030 - CMSIS Pack Vendor :STMicroelectronics X-CUBE-AI 8.0.1
2024-05-25 18:51:11,273 [INFO] ThirdParty:1030 - CMSIS Pack Vendor :STMicroelectronics X-CUBE-SAFEA1 1.2.2
2024-05-25 18:51:11,273 [INFO] ThirdParty:1030 - CMSIS Pack Vendor :STMicroelectronics X-CUBE-NFC4 3.0.0
2024-05-25 18:51:11,273 [INFO] ThirdParty:1030 - CMSIS Pack Vendor :STMicroelectronics X-CUBE-SUBG2 5.0.0
2024-05-25 18:51:11,273 [INFO] ThirdParty:1030 - CMSIS Pack Vendor :STMicroelectronics STM32_WPAN 1.0.0
2024-05-25 18:51:11,273 [INFO] ThirdParty:1030 - CMSIS Pack Vendor :STMicroelectronics lwIP 2.0.3
2024-05-25 18:51:11,273 [INFO] ThirdParty:1030 - CMSIS Pack Vendor :STMicroelectronics USB_HOST 1.0.0
2024-05-25 18:51:11,273 [INFO] ThirdParty:1030 - CMSIS Pack Vendor :STMicroelectronics X-CUBE-TOF1 3.3.1
2024-05-25 18:51:11,273 [INFO] ThirdParty:1030 - CMSIS Pack Vendor :STMicroelectronics X-CUBE-AZRTOS-G4 2.0.0
2024-05-25 18:51:11,273 [INFO] ThirdParty:1030 - CMSIS Pack Vendor :STMicroelectronics PDM2PCM 3.1.0
2024-05-25 18:51:11,274 [INFO] ThirdParty:1030 - CMSIS Pack Vendor :STMicroelectronics X-CUBE-TOF1 3.3.0
2024-05-25 18:51:11,274 [INFO] ThirdParty:1030 - CMSIS Pack Vendor :STMicroelectronics FP-ATR-ASTRA1 1.1.1
2024-05-25 18:51:11,274 [INFO] ThirdParty:1030 - CMSIS Pack Vendor :Infineon AIROC-Wi-Fi-Bluetooth-STM32 1.5.1
2024-05-25 18:51:11,274 [INFO] ThirdParty:1030 - CMSIS Pack Vendor :STMicroelectronics X-CUBE-BLEMGR 3.0.0
2024-05-25 18:51:11,274 [INFO] ThirdParty:1030 - CMSIS Pack Vendor :STMicroelectronics X-CUBE-BLEMGR 1.3.0
2024-05-25 18:51:11,274 [INFO] ThirdParty:1030 - CMSIS Pack Vendor :STMicroelectronics FP-SNS-MOTENVWB1 1.3.0
2024-05-25 18:51:11,274 [INFO] ThirdParty:1030 - CMSIS Pack Vendor :STMicroelectronics FP-SNS-MOTENVWB1 1.3.1
2024-05-25 18:51:11,274 [INFO] ThirdParty:1030 - CMSIS Pack Vendor :STMicroelectronics FP-ATR-SIGFOX1 3.2.0
2024-05-25 18:51:11,274 [INFO] ThirdParty:1030 - CMSIS Pack Vendor :STMicroelectronics X-CUBE-AZRTOS-G4 1.0.0
2024-05-25 18:51:11,274 [INFO] ThirdParty:1030 - CMSIS Pack Vendor :STMicroelectronics X-CUBE-AZRTOS-L4 1.0.0
2024-05-25 18:51:11,275 [INFO] ThirdParty:1030 - CMSIS Pack Vendor :STMicroelectronics X-CUBE-ISPU 2.0.0
2024-05-25 18:51:11,275 [INFO] ThirdParty:1030 - CMSIS Pack Vendor :STMicroelectronics X-CUBE-EEPRMA1 5.1.0
2024-05-25 18:51:11,275 [INFO] ThirdParty:1030 - CMSIS Pack Vendor :STMicroelectronics MBEDTLS 2.16.2
2024-05-25 18:51:11,275 [INFO] ThirdParty:1030 - CMSIS Pack Vendor :STMicroelectronics X-CUBE-MEMS1 10.0.0
2024-05-25 18:51:11,275 [INFO] ThirdParty:1030 - CMSIS Pack Vendor :STMicroelectronics X-CUBE-FREERTOS 1.1.0
2024-05-25 18:51:11,275 [INFO] ThirdParty:1030 - CMSIS Pack Vendor :STMicroelectronics X-CUBE-AZRTOS-WL 1.0.0
2024-05-25 18:51:11,275 [INFO] ThirdParty:1030 - CMSIS Pack Vendor :portGmbH I-Cube-SoM-uGOAL 1.1.0
2024-05-25 18:51:11,275 [INFO] ThirdParty:1030 - CMSIS Pack Vendor :STMicroelectronics X-CUBE-ALS 1.0.1
2024-05-25 18:51:11,275 [INFO] ThirdParty:1030 - CMSIS Pack Vendor :STMicroelectronics X-CUBE-MEMS1 9.5.0
2024-05-25 18:51:11,275 [INFO] ThirdParty:1030 - CMSIS Pack Vendor :STMicroelectronics ThreadX 1.0.0
2024-05-25 18:51:11,275 [INFO] ThirdParty:1030 - CMSIS Pack Vendor :STMicroelectronics X-CUBE-AZRTOS-WB 1.1.0
2024-05-25 18:51:11,275 [INFO] ThirdParty:1030 - CMSIS Pack Vendor :SEGGER I-CUBE-embOS 1.3.1
2024-05-25 18:51:11,275 [INFO] ThirdParty:1030 - CMSIS Pack Vendor :STMicroelectronics X-CUBE-ALGOBUILD 1.4.0
2024-05-25 18:51:11,276 [INFO] ThirdParty:1030 - CMSIS Pack Vendor :STMicroelectronics X-CUBE-AZRTOS-H7RS 1.0.0
2024-05-25 18:51:11,276 [INFO] ThirdParty:1030 - CMSIS Pack Vendor :STMicroelectronics FP-ATR-ASTRA1 2.0.0
2024-05-25 18:51:11,276 [INFO] ThirdParty:1030 - CMSIS Pack Vendor :STMicroelectronics X-CUBE-TOF1 3.4.0
2024-05-25 18:51:11,276 [INFO] ThirdParty:1030 - CMSIS Pack Vendor :STMicroelectronics X-CUBE-TOF1 3.4.1
2024-05-25 18:51:11,276 [INFO] ThirdParty:1030 - CMSIS Pack Vendor :STMicroelectronics X-CUBE-AZRTOS-H7 3.2.0
2024-05-25 18:51:11,276 [INFO] ThirdParty:841 - exiting critical section [change project]
2024-05-25 18:51:11,595 [INFO] PinOutPanel:1561 - setPackage(No Configuration,No Configuration)
2024-05-25 18:51:11,595 [INFO] PinOutPanel:1561 - setPackage(STM32F103RCTx,LQFP64)
2024-05-25 18:51:11,904 [INFO] UtilMem:75 - Before build in PCC Used Memory: 773555664 Bytes (1073741824)
2024-05-25 18:51:12,215 [INFO] UtilMem:75 - After build in PCC Used Memory: 816547280 Bytes (1073741824)
2024-05-25 18:51:12,249 [INFO] IPUIPlugin:80 - create IPUIPlugin
2024-05-25 18:51:12,249 [INFO] IPUIPlugin:80 - create IPUIPlugin
2024-05-25 18:51:12,249 [INFO] IPUIPlugin:80 - create IPUIPlugin
2024-05-25 18:51:12,249 [INFO] IPUIPlugin:80 - create IPUIPlugin
2024-05-25 18:51:12,250 [INFO] IPUIPlugin:80 - create IPUIPlugin
2024-05-25 18:51:12,250 [INFO] IPUIPlugin:80 - create IPUIPlugin
2024-05-25 18:51:12,251 [INFO] IPUIPlugin:80 - create IPUIPlugin
2024-05-25 18:51:12,251 [INFO] IPUIPlugin:80 - create IPUIPlugin
2024-05-25 18:51:12,251 [INFO] IPUIPlugin:80 - create IPUIPlugin
2024-05-25 18:51:12,252 [INFO] IPUIPlugin:80 - create IPUIPlugin
2024-05-25 18:51:12,252 [INFO] IPUIPlugin:80 - create IPUIPlugin
2024-05-25 18:51:12,252 [INFO] IPUIPlugin:80 - create IPUIPlugin
2024-05-25 18:51:12,252 [INFO] IPUIPlugin:80 - create IPUIPlugin
2024-05-25 18:51:12,252 [INFO] IPUIPlugin:80 - create IPUIPlugin
2024-05-25 18:51:12,253 [INFO] IPUIPlugin:80 - create IPUIPlugin
2024-05-25 18:51:12,253 [INFO] IPUIPlugin:80 - create IPUIPlugin
2024-05-25 18:51:12,253 [INFO] IPUIPlugin:80 - create IPUIPlugin
2024-05-25 18:51:12,253 [INFO] IPUIPlugin:80 - create IPUIPlugin
2024-05-25 18:51:12,254 [INFO] IPUIPlugin:80 - create IPUIPlugin
2024-05-25 18:51:12,255 [INFO] IPUIPlugin:80 - create IPUIPlugin
2024-05-25 18:51:12,255 [INFO] IPUIPlugin:80 - create IPUIPlugin
2024-05-25 18:51:12,255 [INFO] IPUIPlugin:80 - create IPUIPlugin
2024-05-25 18:51:12,255 [INFO] IPUIPlugin:80 - create IPUIPlugin
2024-05-25 18:51:12,256 [INFO] IPUIPlugin:80 - create IPUIPlugin
2024-05-25 18:51:12,256 [INFO] IPUIPlugin:80 - create IPUIPlugin
2024-05-25 18:51:12,257 [INFO] IPUIPlugin:80 - create IPUIPlugin
2024-05-25 18:51:12,257 [INFO] IPUIPlugin:80 - create IPUIPlugin
2024-05-25 18:51:12,258 [INFO] IPUIPlugin:80 - create IPUIPlugin
2024-05-25 18:51:12,258 [INFO] IPUIPlugin:80 - create IPUIPlugin
2024-05-25 18:51:12,259 [INFO] IPUIPlugin:80 - create IPUIPlugin
2024-05-25 18:51:12,260 [INFO] IPUIPlugin:80 - create IPUIPlugin
2024-05-25 18:51:12,261 [INFO] IPUIPlugin:80 - create IPUIPlugin
2024-05-25 18:51:12,261 [INFO] IPUIPlugin:80 - create IPUIPlugin
2024-05-25 18:51:12,262 [INFO] IPUIPlugin:80 - create IPUIPlugin
2024-05-25 18:51:12,262 [INFO] IPUIPlugin:80 - create IPUIPlugin
2024-05-25 18:51:12,263 [INFO] IPUIPlugin:80 - create IPUIPlugin
2024-05-25 18:51:12,263 [INFO] IPUIPlugin:80 - create IPUIPlugin
2024-05-25 18:51:12,264 [INFO] IPUIPlugin:80 - create IPUIPlugin
2024-05-25 18:51:12,264 [INFO] IPUIPlugin:80 - create IPUIPlugin
2024-05-25 18:51:12,364 [INFO] CADModel:165 - CPN selected for project levelSTM32F103RCT6
2024-05-25 18:51:12,364 [INFO] CADModel:114 - Register for checkConnection events
2024-05-25 18:51:12,442 [INFO] OpenFileManager:343 - Restore cursor
2024-05-25 18:52:03,525 [INFO] Gpio:277 - dependency for GPIO [RCC, SYS, TIM1, TIM8, USART1]
2024-05-25 18:54:57,501 [WARN] IP:2120 - I2C_Coeff_DF not found: check if there is a RefParameter without a condition.
2024-05-25 18:54:57,501 [WARN] IP:2120 - Analog_Filter not found: check if there is a RefParameter without a condition.
2024-05-25 18:54:57,520 [WARN] IP:2120 - I2C_Coeff_DF not found: check if there is a RefParameter without a condition.
2024-05-25 18:54:57,520 [WARN] IP:2120 - Analog_Filter not found: check if there is a RefParameter without a condition.
2024-05-25 18:54:57,521 [WARN] IP:2120 - I2C_Coeff_DF not found: check if there is a RefParameter without a condition.
2024-05-25 18:54:57,521 [WARN] IP:2120 - Analog_Filter not found: check if there is a RefParameter without a condition.
2024-05-25 18:54:57,603 [WARN] IP:2120 - I2C_Coeff_DF not found: check if there is a RefParameter without a condition.
2024-05-25 18:54:57,604 [WARN] IP:2120 - Analog_Filter not found: check if there is a RefParameter without a condition.
2024-05-25 18:54:57,608 [WARN] IP:2120 - I2C_Coeff_DF not found: check if there is a RefParameter without a condition.
2024-05-25 18:54:57,608 [WARN] IP:2120 - Analog_Filter not found: check if there is a RefParameter without a condition.
2024-05-25 18:54:59,198 [WARN] IP:2120 - I2C_Coeff_DF not found: check if there is a RefParameter without a condition.
2024-05-25 18:54:59,198 [WARN] IP:2120 - Analog_Filter not found: check if there is a RefParameter without a condition.
2024-05-25 18:54:59,199 [WARN] IP:2120 - I2C_Coeff_DF not found: check if there is a RefParameter without a condition.
2024-05-25 18:54:59,199 [WARN] IP:2120 - Analog_Filter not found: check if there is a RefParameter without a condition.
2024-05-25 18:54:59,269 [WARN] IP:2120 - I2C_Coeff_DF not found: check if there is a RefParameter without a condition.
2024-05-25 18:54:59,269 [WARN] IP:2120 - Analog_Filter not found: check if there is a RefParameter without a condition.
2024-05-25 18:54:59,278 [WARN] IP:2120 - I2C_Coeff_DF not found: check if there is a RefParameter without a condition.
2024-05-25 18:54:59,278 [WARN] IP:2120 - Analog_Filter not found: check if there is a RefParameter without a condition.
2024-05-25 18:55:18,597 [INFO] NvicIntPanel:101 - NVIC parent = com.st.microxplorer.plugins.ip.nvic.MultiNvicIntPanel[,0,0,450x100,layout=javax.swing.BoxLayout,alignmentX=0.0,alignmentY=0.0,border=,flags=9,maximumSize=,minimumSize=,preferredSize=]
2024-05-25 18:55:30,112 [WARN] IP:2120 - I2C_Coeff_DF not found: check if there is a RefParameter without a condition.
2024-05-25 18:55:30,112 [WARN] IP:2120 - Analog_Filter not found: check if there is a RefParameter without a condition.
2024-05-25 18:55:30,112 [WARN] IP:2120 - I2C_Coeff_DF not found: check if there is a RefParameter without a condition.
2024-05-25 18:55:30,112 [WARN] IP:2120 - Analog_Filter not found: check if there is a RefParameter without a condition.
2024-05-25 18:55:31,833 [INFO] UtilMem:75 - End SaveConfig() Used Memory: 796517864 Bytes (1073741824)
2024-05-25 18:55:31,934 [INFO] UtilMem:75 - End SaveConfig() Used Memory: 820112872 Bytes (1073741824)
2024-05-25 18:55:32,962 [INFO] UtilMem:75 - End SaveConfig() Used Memory: 898229736 Bytes (1073741824)
2024-05-25 18:55:33,217 [INFO] BlockDiagram:2759 - set Specific Code input for plugin: NVIC
2024-05-25 18:55:33,217 [INFO] BlockDiagram:2759 - set Specific Code input for plugin: USART
2024-05-25 18:55:33,217 [INFO] BlockDiagram:2759 - set Specific Code input for plugin: DMA
2024-05-25 18:55:33,217 [INFO] BlockDiagram:2759 - set Specific Code input for plugin: TIM1_8F1
2024-05-25 18:55:33,217 [INFO] BlockDiagram:2759 - set Specific Code input for plugin: TIM1_8F1
2024-05-25 18:55:33,217 [INFO] BlockDiagram:2759 - set Specific Code input for plugin: SYS
2024-05-25 18:55:33,217 [INFO] BlockDiagram:2759 - set Specific Code input for plugin: GPIO
2024-05-25 18:55:33,217 [INFO] BlockDiagram:2759 - set Specific Code input for plugin: RCC
2024-05-25 18:55:33,217 [INFO] BlockDiagram:2759 - set Specific Code input for plugin: I2C
2024-05-25 18:55:33,217 [INFO] CodeGenerator:807 - code generatio: config db path: C:\ST\STM32CubeIDE_1.12.0\STM32CubeIDE\plugins\com.st.stm32cube.common.mx_6.11.0.202403141607\\db\
2024-05-25 18:55:33,221 [WARN] IP:2120 - I2C_Coeff_DF not found: check if there is a RefParameter without a condition.
2024-05-25 18:55:33,221 [WARN] IP:2120 - Analog_Filter not found: check if there is a RefParameter without a condition.
2024-05-25 18:55:33,267 [INFO] Argument:325 - Argument : hdmavalue: null
2024-05-25 18:55:33,267 [INFO] Argument:327 - 	 sub Args: 
2024-05-25 18:55:33,267 [INFO] Argument:325 - Argument : Instancevalue: DMA1_Channel5
2024-05-25 18:55:33,267 [INFO] Argument:335 - Argument : Instancevalue: DMA1_Channel5
2024-05-25 18:55:33,267 [INFO] Argument:325 - Argument : Initvalue: null
2024-05-25 18:55:33,267 [INFO] Argument:327 - 	 sub Args: 
2024-05-25 18:55:33,267 [INFO] Argument:325 - Argument : Directionvalue: DMA_PERIPH_TO_MEMORY
2024-05-25 18:55:33,267 [INFO] Argument:335 - Argument : Directionvalue: DMA_PERIPH_TO_MEMORY
2024-05-25 18:55:33,267 [INFO] Argument:325 - Argument : PeriphIncvalue: DMA_PINC_DISABLE
2024-05-25 18:55:33,267 [INFO] Argument:335 - Argument : PeriphIncvalue: DMA_PINC_DISABLE
2024-05-25 18:55:33,267 [INFO] Argument:325 - Argument : MemIncvalue: DMA_MINC_ENABLE
2024-05-25 18:55:33,267 [INFO] Argument:335 - Argument : MemIncvalue: DMA_MINC_ENABLE
2024-05-25 18:55:33,267 [INFO] Argument:325 - Argument : PeriphDataAlignmentvalue: DMA_PDATAALIGN_BYTE
2024-05-25 18:55:33,269 [INFO] Argument:335 - Argument : PeriphDataAlignmentvalue: DMA_PDATAALIGN_BYTE
2024-05-25 18:55:33,269 [INFO] Argument:325 - Argument : MemDataAlignmentvalue: DMA_MDATAALIGN_BYTE
2024-05-25 18:55:33,269 [INFO] Argument:335 - Argument : MemDataAlignmentvalue: DMA_MDATAALIGN_BYTE
2024-05-25 18:55:33,269 [INFO] Argument:325 - Argument : Modevalue: DMA_NORMAL
2024-05-25 18:55:33,269 [INFO] Argument:335 - Argument : Modevalue: DMA_NORMAL
2024-05-25 18:55:33,269 [INFO] Argument:325 - Argument : Priorityvalue: DMA_PRIORITY_LOW
2024-05-25 18:55:33,269 [INFO] Argument:335 - Argument : Priorityvalue: DMA_PRIORITY_LOW
2024-05-25 18:55:33,269 [INFO] Argument:325 - Argument : Lockvalue: null
2024-05-25 18:55:33,269 [INFO] Argument:335 - Argument : Lockvalue: null
2024-05-25 18:55:33,269 [INFO] Argument:325 - Argument : Statevalue: null
2024-05-25 18:55:33,269 [INFO] Argument:335 - Argument : Statevalue: null
2024-05-25 18:55:33,269 [INFO] Argument:325 - Argument : Parentvalue: null
2024-05-25 18:55:33,269 [INFO] Argument:335 - Argument : Parentvalue: null
2024-05-25 18:55:33,269 [INFO] Argument:325 - Argument : XferCpltCallbackvalue: null
2024-05-25 18:55:33,269 [INFO] Argument:335 - Argument : XferCpltCallbackvalue: null
2024-05-25 18:55:33,269 [INFO] Argument:325 - Argument : XferHalfCpltCallbackvalue: null
2024-05-25 18:55:33,269 [INFO] Argument:335 - Argument : XferHalfCpltCallbackvalue: null
2024-05-25 18:55:33,269 [INFO] Argument:325 - Argument : XferErrorCallbackvalue: null
2024-05-25 18:55:33,269 [INFO] Argument:335 - Argument : XferErrorCallbackvalue: null
2024-05-25 18:55:33,269 [INFO] Argument:325 - Argument : ErrorCodevalue: null
2024-05-25 18:55:33,269 [INFO] Argument:335 - Argument : ErrorCodevalue: null
2024-05-25 18:55:33,269 [INFO] Argument:325 - Argument : hdmavalue: null
2024-05-25 18:55:33,269 [INFO] Argument:327 - 	 sub Args: 
2024-05-25 18:55:33,269 [INFO] Argument:325 - Argument : Instancevalue: DMA1_Channel4
2024-05-25 18:55:33,269 [INFO] Argument:335 - Argument : Instancevalue: DMA1_Channel4
2024-05-25 18:55:33,269 [INFO] Argument:325 - Argument : Initvalue: null
2024-05-25 18:55:33,269 [INFO] Argument:327 - 	 sub Args: 
2024-05-25 18:55:33,269 [INFO] Argument:325 - Argument : Directionvalue: DMA_MEMORY_TO_PERIPH
2024-05-25 18:55:33,269 [INFO] Argument:335 - Argument : Directionvalue: DMA_MEMORY_TO_PERIPH
2024-05-25 18:55:33,269 [INFO] Argument:325 - Argument : PeriphIncvalue: DMA_PINC_DISABLE
2024-05-25 18:55:33,269 [INFO] Argument:335 - Argument : PeriphIncvalue: DMA_PINC_DISABLE
2024-05-25 18:55:33,269 [INFO] Argument:325 - Argument : MemIncvalue: DMA_MINC_ENABLE
2024-05-25 18:55:33,269 [INFO] Argument:335 - Argument : MemIncvalue: DMA_MINC_ENABLE
2024-05-25 18:55:33,269 [INFO] Argument:325 - Argument : PeriphDataAlignmentvalue: DMA_PDATAALIGN_BYTE
2024-05-25 18:55:33,269 [INFO] Argument:335 - Argument : PeriphDataAlignmentvalue: DMA_PDATAALIGN_BYTE
2024-05-25 18:55:33,269 [INFO] Argument:325 - Argument : MemDataAlignmentvalue: DMA_MDATAALIGN_BYTE
2024-05-25 18:55:33,269 [INFO] Argument:335 - Argument : MemDataAlignmentvalue: DMA_MDATAALIGN_BYTE
2024-05-25 18:55:33,269 [INFO] Argument:325 - Argument : Modevalue: DMA_NORMAL
2024-05-25 18:55:33,269 [INFO] Argument:335 - Argument : Modevalue: DMA_NORMAL
2024-05-25 18:55:33,269 [INFO] Argument:325 - Argument : Priorityvalue: DMA_PRIORITY_LOW
2024-05-25 18:55:33,269 [INFO] Argument:335 - Argument : Priorityvalue: DMA_PRIORITY_LOW
2024-05-25 18:55:33,269 [INFO] Argument:325 - Argument : Lockvalue: null
2024-05-25 18:55:33,269 [INFO] Argument:335 - Argument : Lockvalue: null
2024-05-25 18:55:33,269 [INFO] Argument:325 - Argument : Statevalue: null
2024-05-25 18:55:33,269 [INFO] Argument:335 - Argument : Statevalue: null
2024-05-25 18:55:33,269 [INFO] Argument:325 - Argument : Parentvalue: null
2024-05-25 18:55:33,269 [INFO] Argument:335 - Argument : Parentvalue: null
2024-05-25 18:55:33,269 [INFO] Argument:325 - Argument : XferCpltCallbackvalue: null
2024-05-25 18:55:33,269 [INFO] Argument:335 - Argument : XferCpltCallbackvalue: null
2024-05-25 18:55:33,269 [INFO] Argument:325 - Argument : XferHalfCpltCallbackvalue: null
2024-05-25 18:55:33,269 [INFO] Argument:335 - Argument : XferHalfCpltCallbackvalue: null
2024-05-25 18:55:33,269 [INFO] Argument:325 - Argument : XferErrorCallbackvalue: null
2024-05-25 18:55:33,273 [INFO] Argument:335 - Argument : XferErrorCallbackvalue: null
2024-05-25 18:55:33,273 [INFO] Argument:325 - Argument : ErrorCodevalue: null
2024-05-25 18:55:33,273 [INFO] Argument:335 - Argument : ErrorCodevalue: null
2024-05-25 18:55:33,447 [INFO] CodeEngine:255 - oldGeneratedFile, C:\Users\ADMIN\Desktop\DATN\Mecabot_Firmware\examples\control_board_remote_drive_test\MXTmpFiles\license.tmp_save
2024-05-25 18:55:33,793 [INFO] CodeEngine:279 - Generated code: C:\Users\ADMIN\Desktop\DATN\Mecabot_Firmware\examples\control_board_remote_drive_test\MXTmpFiles\license.tmp
2024-05-25 18:55:33,887 [INFO] CodeEngine:255 - oldGeneratedFile, C:\Users\ADMIN\Desktop\DATN\Mecabot_Firmware\examples\control_board_remote_drive_test\MXTmpFiles\gpio.tmp_save
2024-05-25 18:55:34,073 [INFO] CodeEngine:279 - Generated code: C:\Users\ADMIN\Desktop\DATN\Mecabot_Firmware\examples\control_board_remote_drive_test\MXTmpFiles\gpio.tmp
2024-05-25 18:55:34,746 [INFO] CodeEngine:255 - oldGeneratedFile, C:\Users\ADMIN\Desktop\DATN\Mecabot_Firmware\examples\control_board_remote_drive_test\MXTmpFiles\dma.tmp_save
2024-05-25 18:55:34,942 [INFO] CodeEngine:279 - Generated code: C:\Users\ADMIN\Desktop\DATN\Mecabot_Firmware\examples\control_board_remote_drive_test\MXTmpFiles\dma.tmp
2024-05-25 18:55:34,951 [INFO] CodeEngine:255 - oldGeneratedFile, C:\Users\ADMIN\Desktop\DATN\Mecabot_Firmware\examples\control_board_remote_drive_test\MXTmpFiles\dma_GV.tmp_save
2024-05-25 18:55:35,086 [INFO] CodeEngine:279 - Generated code: C:\Users\ADMIN\Desktop\DATN\Mecabot_Firmware\examples\control_board_remote_drive_test\MXTmpFiles\dma_GV.tmp
2024-05-25 18:55:35,126 [INFO] CodeEngine:255 - oldGeneratedFile, C:\Users\ADMIN\Desktop\DATN\Mecabot_Firmware\examples\control_board_remote_drive_test\Core\Src\stm32f1xx_it.c_save
2024-05-25 18:55:35,470 [INFO] CodeEngine:279 - Generated code: C:\Users\ADMIN\Desktop\DATN\Mecabot_Firmware\examples\control_board_remote_drive_test\Core\Src\stm32f1xx_it.c
2024-05-25 18:55:35,487 [INFO] CodeEngine:255 - oldGeneratedFile, C:\Users\ADMIN\Desktop\DATN\Mecabot_Firmware\examples\control_board_remote_drive_test\Core\Inc\stm32f1xx_it.h_save
2024-05-25 18:55:35,636 [INFO] CodeEngine:279 - Generated code: C:\Users\ADMIN\Desktop\DATN\Mecabot_Firmware\examples\control_board_remote_drive_test\Core\Inc\stm32f1xx_it.h
2024-05-25 18:55:35,673 [INFO] CodeEngine:255 - oldGeneratedFile, C:\Users\ADMIN\Desktop\DATN\Mecabot_Firmware\examples\control_board_remote_drive_test\Core\Src\stm32f1xx_hal_msp.c_save
2024-05-25 18:55:35,953 [INFO] CodeEngine:279 - Generated code: C:\Users\ADMIN\Desktop\DATN\Mecabot_Firmware\examples\control_board_remote_drive_test\Core\Src\stm32f1xx_hal_msp.c
2024-05-25 18:55:35,963 [INFO] CodeEngine:255 - oldGeneratedFile, C:\Users\ADMIN\Desktop\DATN\Mecabot_Firmware\examples\control_board_remote_drive_test\MXTmpFiles\system.tmp_save
2024-05-25 18:55:36,068 [INFO] CodeEngine:279 - Generated code: C:\Users\ADMIN\Desktop\DATN\Mecabot_Firmware\examples\control_board_remote_drive_test\MXTmpFiles\system.tmp
2024-05-25 18:55:36,094 [INFO] CodeEngine:311 - oldGeneratedFile, C:\Users\ADMIN\Desktop\DATN\Mecabot_Firmware\examples\control_board_remote_drive_test\Core\Inc\stm32f1xx_hal_conf.h_save
2024-05-25 18:55:36,227 [INFO] CodeEngine:335 - Generated code: C:\Users\ADMIN\Desktop\DATN\Mecabot_Firmware\examples\control_board_remote_drive_test\Core\Inc\stm32f1xx_hal_conf.h
2024-05-25 18:55:36,247 [WARN] IPConfigManager:3513 - IP not found : TIM
2024-05-25 18:55:36,247 [WARN] CodeGenerator:3951 - IP not found : null
2024-05-25 18:55:36,268 [INFO] CodeEngine:255 - oldGeneratedFile, C:\Users\ADMIN\Desktop\DATN\Mecabot_Firmware\examples\control_board_remote_drive_test\Core\Inc\main.h_save
2024-05-25 18:55:36,441 [INFO] CodeEngine:279 - Generated code: C:\Users\ADMIN\Desktop\DATN\Mecabot_Firmware\examples\control_board_remote_drive_test\Core\Inc\main.h
2024-05-25 18:55:36,453 [INFO] CodeEngine:255 - oldGeneratedFile, C:\Users\ADMIN\Desktop\DATN\Mecabot_Firmware\examples\control_board_remote_drive_test\Core\Src\main.c_save
2024-05-25 18:55:36,727 [INFO] CodeEngine:279 - Generated code: C:\Users\ADMIN\Desktop\DATN\Mecabot_Firmware\examples\control_board_remote_drive_test\Core\Src\main.c
2024-05-25 18:55:37,355 [INFO] ProjectBuilder:3163 - Time for Copy HAL[1] : 238mS.
2024-05-25 18:55:37,362 [INFO] ProjectBuilder:4736 - Project Generator version: 4.3.0-B58
2024-05-25 18:55:37,550 [INFO] ConfigFileManager:1503 - The Die is : DIE414
2024-05-25 18:55:37,553 [INFO] ApiDbMcu:508 - Load IP Config File for FATFS
2024-05-25 18:55:37,562 [INFO] ApiDbMcu:508 - Load IP Config File for FREERTOS
2024-05-25 18:55:37,570 [INFO] ApiDbMcu:508 - Load IP Config File for USB_DEVICE
2024-05-25 18:55:39,125 [INFO] ProjectBuilder:5002 - Time for Generating toolchain IDE Files: 1763mS.
2024-05-25 18:55:39,126 [INFO] ProjectBuilder:3034 - Time for Copy CMSIS : 1mS.
2024-05-25 18:55:39,132 [INFO] ProjectBuilder:3034 - Time for Copy CMSIS : 0mS.
