2024-06-07 14:04:32,535 [INFO] Activator:176 - 


2024-06-07 14:04:32,544 [INFO] Activator:177 - !SESSION log4j initialized
2024-06-07 14:04:41,787 [INFO] LogOutputStream:77 - [STDOUT_REDIRECT] 
2024-06-07 14:04:45,078 [INFO] ApplicationProperties:184 - Using Application install path: C:\ST\STM32CubeIDE_1.12.0\STM32CubeIDE\plugins\com.st.stm32cube.common.mx_6.11.0.202403141607
2024-06-07 14:04:45,106 [INFO] DbMcusXml:78 - Set database path to: C:\ST\STM32CubeIDE_1.12.0\STM32CubeIDE\plugins\com.st.stm32cube.common.mx_6.11.0.202403141607\\db\/mcu/
2024-06-07 14:04:45,107 [INFO] ApiDb:274 - Set plugin database path to: C:\ST\STM32CubeIDE_1.12.0\STM32CubeIDE\plugins\com.st.stm32cube.common.mx_6.11.0.202403141607\\db\/plugins/boardmanager/
2024-06-07 14:04:45,108 [WARN] ApiDb:259 - Overriding images path with different value:  => C:\ST\STM32CubeIDE_1.12.0\STM32CubeIDE\plugins\com.st.stm32cube.common.mx_6.11.0.202403141607\\db\/plugins/mcufinder/images/
2024-06-07 14:04:45,119 [INFO] ApiDb:250 - Set database path to: C:\Users\ADMIN\.stmcufinder\plugins\mcufinder//mcu/
2024-06-07 14:04:45,121 [INFO] DbMcusAds:125 - Set database path to: C:\Users\ADMIN\.stmcufinder\plugins\mcufinder//mcu/
2024-06-07 14:04:45,123 [INFO] CrossReferenceDbSqlite:203 - Set database path to: C:\Users\ADMIN\.stmcufinder\plugins\mcufinder//mcu/cs/
2024-06-07 14:04:45,286 [INFO] RulesReader:64 - Compatibility file has been processed (297 Rules)
2024-06-07 14:04:45,427 [INFO] DbMcusXml:78 - Set database path to: C:\ST\STM32CubeIDE_1.12.0\STM32CubeIDE\plugins\com.st.stm32cube.common.mx_6.11.0.202403141607\\db\/mcu/
2024-06-07 14:04:45,427 [INFO] ApiDb:274 - Set plugin database path to: C:\ST\STM32CubeIDE_1.12.0\STM32CubeIDE\plugins\com.st.stm32cube.common.mx_6.11.0.202403141607\\db\/plugins/boardmanager/
2024-06-07 14:04:45,427 [INFO] ApiDb:261 - Set plugin images path to: C:\ST\STM32CubeIDE_1.12.0\STM32CubeIDE\plugins\com.st.stm32cube.common.mx_6.11.0.202403141607\\db\/plugins/mcufinder/images/
2024-06-07 14:04:45,428 [WARN] DbFile:41 - Overriding database path with different value: C:\Users\ADMIN\.stmcufinder\plugins\mcufinder/ => C:\Users\ADMIN\.stmcufinder\plugins\mcufinder
2024-06-07 14:04:45,428 [INFO] ApiDb:250 - Set database path to: C:\Users\ADMIN\.stmcufinder\plugins\mcufinder//mcu/
2024-06-07 14:04:45,429 [WARN] DbFile:41 - Overriding database path with different value: C:\Users\ADMIN\.stmcufinder\plugins\mcufinder/ => C:\Users\ADMIN\.stmcufinder\plugins\mcufinder
2024-06-07 14:04:45,429 [INFO] DbMcusAds:125 - Set database path to: C:\Users\ADMIN\.stmcufinder\plugins\mcufinder//mcu/
2024-06-07 14:04:45,429 [WARN] DbFile:41 - Overriding database path with different value: C:\Users\ADMIN\.stmcufinder\plugins\mcufinder/ => C:\Users\ADMIN\.stmcufinder\plugins\mcufinder
2024-06-07 14:04:45,429 [WARN] DbFile:41 - Overriding database path with different value: C:\Users\ADMIN\.stmcufinder\plugins\mcufinder/ => C:\Users\ADMIN\.stmcufinder\plugins\mcufinder
2024-06-07 14:04:45,429 [INFO] CrossReferenceDbSqlite:203 - Set database path to: C:\Users\ADMIN\.stmcufinder\plugins\mcufinder//mcu/cs/
2024-06-07 14:04:45,588 [INFO] MainPanel:264 - HeapMemory: 268435456
2024-06-07 14:04:45,717 [INFO] DbMcusXml:78 - Set database path to: C:\ST\STM32CubeIDE_1.12.0\STM32CubeIDE\plugins\com.st.stm32cube.common.mx_6.11.0.202403141607\\db\/mcu/
2024-06-07 14:04:45,717 [INFO] ApiDb:274 - Set plugin database path to: C:\ST\STM32CubeIDE_1.12.0\STM32CubeIDE\plugins\com.st.stm32cube.common.mx_6.11.0.202403141607\\db\/plugins/boardmanager/
2024-06-07 14:04:45,717 [INFO] ApiDb:261 - Set plugin images path to: C:\ST\STM32CubeIDE_1.12.0\STM32CubeIDE\plugins\com.st.stm32cube.common.mx_6.11.0.202403141607\\db\/plugins/mcufinder/images/
2024-06-07 14:04:45,718 [WARN] DbFile:41 - Overriding database path with different value: C:\Users\ADMIN\.stmcufinder\plugins\mcufinder/ => C:\Users\ADMIN\.stmcufinder\plugins\mcufinder
2024-06-07 14:04:45,718 [INFO] ApiDb:250 - Set database path to: C:\Users\ADMIN\.stmcufinder\plugins\mcufinder//mcu/
2024-06-07 14:04:45,718 [WARN] DbFile:41 - Overriding database path with different value: C:\Users\ADMIN\.stmcufinder\plugins\mcufinder/ => C:\Users\ADMIN\.stmcufinder\plugins\mcufinder
2024-06-07 14:04:45,718 [INFO] DbMcusAds:125 - Set database path to: C:\Users\ADMIN\.stmcufinder\plugins\mcufinder//mcu/
2024-06-07 14:04:45,718 [WARN] DbFile:41 - Overriding database path with different value: C:\Users\ADMIN\.stmcufinder\plugins\mcufinder/ => C:\Users\ADMIN\.stmcufinder\plugins\mcufinder
2024-06-07 14:04:45,719 [WARN] DbFile:41 - Overriding database path with different value: C:\Users\ADMIN\.stmcufinder\plugins\mcufinder/ => C:\Users\ADMIN\.stmcufinder\plugins\mcufinder
2024-06-07 14:04:45,719 [INFO] CrossReferenceDbSqlite:203 - Set database path to: C:\Users\ADMIN\.stmcufinder\plugins\mcufinder//mcu/cs/
2024-06-07 14:04:45,742 [INFO] ApplicationProperties:184 - Using Application install path: C:\ST\STM32CubeIDE_1.12.0\STM32CubeIDE\plugins\com.st.stm32cube.common.mx_6.11.0.202403141607
2024-06-07 14:04:45,744 [INFO] PluginManage:196 - Search for loadable plugins [exclusion list=, ]
2024-06-07 14:04:45,746 [INFO] PluginManage:310 - Check plugin analytics
2024-06-07 14:04:46,014 [INFO] AnalyticsPlugin:253 - Accepted Software Licenses: 
2024-06-07 14:04:46,014 [INFO] AnalyticsPlugin:255 - Accepted CMSIS Pack Licenses: 
2024-06-07 14:04:46,015 [INFO] AnalyticsPlugin:257 - Accepted Firmware Licenses: 
2024-06-07 14:04:46,019 [INFO] PluginManage:359 - Loaded plugin analytics (category:tool,tabindex:-1)
2024-06-07 14:04:46,019 [INFO] PluginManage:310 - Check plugin cadmodel
2024-06-07 14:04:46,027 [INFO] CADModel:105 - Init CAD model plugin
2024-06-07 14:04:46,028 [INFO] PluginManage:359 - Loaded plugin cadmodel (category:power,tabindex:5)
2024-06-07 14:04:46,028 [INFO] PluginManage:310 - Check plugin clock
2024-06-07 14:04:46,052 [INFO] PluginManage:359 - Loaded plugin clock (category:base,tabindex:2)
2024-06-07 14:04:46,052 [INFO] PluginManage:310 - Check plugin ddr
2024-06-07 14:04:46,056 [INFO] PluginManage:359 - Loaded plugin ddr (category:tool,tabindex:6)
2024-06-07 14:04:46,057 [INFO] PluginManage:310 - Check plugin filemanager
2024-06-07 14:04:46,261 [INFO] PluginManage:359 - Loaded plugin filemanager (category:base,tabindex:10)
2024-06-07 14:04:46,261 [INFO] PluginManage:310 - Check plugin ipmanager
2024-06-07 14:04:46,271 [INFO] PluginManage:359 - Loaded plugin ipmanager (category:base,tabindex:5)
2024-06-07 14:04:46,271 [INFO] PluginManage:310 - Check plugin lpbam
2024-06-07 14:04:46,281 [INFO] PluginManage:359 - Loaded plugin lpbam (category:base,tabindex:0)
2024-06-07 14:04:46,281 [INFO] PluginManage:310 - Check plugin memorymap
2024-06-07 14:04:46,300 [INFO] PluginManage:359 - Loaded plugin memorymap (category:base,tabindex:4)
2024-06-07 14:04:46,300 [INFO] PluginManage:310 - Check plugin pinoutandconfiguration
2024-06-07 14:04:46,310 [INFO] PluginManage:359 - Loaded plugin pinoutandconfiguration (category:base,tabindex:1)
2024-06-07 14:04:46,310 [INFO] PluginManage:310 - Check plugin pinoutconfig
2024-06-07 14:04:46,448 [WARN] SupportedApi:132 - Cannot load RTOS API schema: s4s-elt-must-match.1: The content of 'definitions' must match (annotation?, (simpleType | complexType)?, (unique | key | keyref)*)). A problem was found starting at: attribute.
2024-06-07 14:04:46,688 [INFO] PluginManage:359 - Loaded plugin pinoutconfig (category:base,tabindex:0)
2024-06-07 14:04:46,688 [INFO] PluginManage:310 - Check plugin power
2024-06-07 14:04:46,706 [INFO] PluginManage:359 - Loaded plugin power (category:power,tabindex:4)
2024-06-07 14:04:46,706 [INFO] PluginManage:310 - Check plugin projectmanager
2024-06-07 14:04:46,735 [INFO] PluginManage:359 - Loaded plugin projectmanager (category:projectmanager,tabindex:3)
2024-06-07 14:04:46,735 [INFO] PluginManage:310 - Check plugin thirdparty
2024-06-07 14:04:46,945 [INFO] PluginManage:359 - Loaded plugin thirdparty (category:base,tabindex:-1)
2024-06-07 14:04:46,945 [WARN] IntegrityCheckThread:84 - waiting for thirdparty lock release [integrity check]
2024-06-07 14:04:46,946 [INFO] IntegrityCheckThread:86 - entering critical section [integrity check]
2024-06-07 14:04:46,946 [INFO] PluginManage:310 - Check plugin tools
2024-06-07 14:04:46,946 [INFO] ThirdPartyUpdaterWithRetryManager:70 - Updater plugin not ready yet. [1/15]
2024-06-07 14:04:46,950 [INFO] PluginManage:359 - Loaded plugin tools (category:base,tabindex:7)
2024-06-07 14:04:46,950 [INFO] PluginManage:310 - Check plugin tutovideos
2024-06-07 14:04:47,214 [INFO] PluginManage:359 - Loaded plugin tutovideos (category:base,tabindex:-1)
2024-06-07 14:04:47,214 [INFO] PluginManage:310 - Check plugin updater
2024-06-07 14:04:47,231 [INFO] PluginManage:359 - Loaded plugin updater (category:base,tabindex:12)
2024-06-07 14:04:47,231 [INFO] PluginManage:310 - Check plugin userauth
2024-06-07 14:04:47,238 [INFO] UserAuth:114 - Init User Auth plugin
2024-06-07 14:04:47,239 [INFO] PluginManage:359 - Loaded plugin userauth (category:base,tabindex:14)
2024-06-07 14:04:47,240 [INFO] PluginManage:283 - PluginManage : Loaded plugins [17]
2024-06-07 14:04:47,521 [INFO] PinOutPanel:1561 - setPackage(No Configuration,No Configuration)
2024-06-07 14:04:47,631 [INFO] CADModel:165 - CPN selected for project level
2024-06-07 14:04:47,631 [INFO] CADModel:114 - Register for checkConnection events
2024-06-07 14:04:47,656 [INFO] IPUIPlugin:80 - create IPUIPlugin
2024-06-07 14:04:47,657 [INFO] PluginManager:220 - loadIPPluginJar : add adc
2024-06-07 14:04:47,661 [INFO] IPUIPlugin:80 - create IPUIPlugin
2024-06-07 14:04:47,661 [INFO] PluginManager:220 - loadIPPluginJar : add aes
2024-06-07 14:04:47,664 [INFO] IPUIPlugin:80 - create IPUIPlugin
2024-06-07 14:04:47,665 [INFO] PluginManager:220 - loadIPPluginJar : add can
2024-06-07 14:04:47,667 [INFO] IPUIPlugin:80 - create IPUIPlugin
2024-06-07 14:04:47,667 [INFO] PluginManager:220 - loadIPPluginJar : add comp
2024-06-07 14:04:47,671 [INFO] IPUIPlugin:80 - create IPUIPlugin
2024-06-07 14:04:47,671 [INFO] PluginManager:220 - loadIPPluginJar : add cryp
2024-06-07 14:04:47,674 [INFO] IPUIPlugin:80 - create IPUIPlugin
2024-06-07 14:04:47,674 [INFO] PluginManager:220 - loadIPPluginJar : add dfsdm
2024-06-07 14:04:47,683 [INFO] IPUIPlugin:80 - create IPUIPlugin
2024-06-07 14:04:47,683 [INFO] PluginManager:220 - loadIPPluginJar : add dma
2024-06-07 14:04:47,687 [INFO] IPUIPlugin:80 - create IPUIPlugin
2024-06-07 14:04:47,687 [INFO] PluginManager:220 - loadIPPluginJar : add dma3
2024-06-07 14:04:47,692 [INFO] IPUIPlugin:80 - create IPUIPlugin
2024-06-07 14:04:47,692 [INFO] PluginManager:220 - loadIPPluginJar : add extmemmanager
2024-06-07 14:04:47,694 [INFO] IPUIPlugin:80 - create IPUIPlugin
2024-06-07 14:04:47,695 [INFO] PluginManager:220 - loadIPPluginJar : add fatfs
2024-06-07 14:04:47,700 [INFO] IPUIPlugin:80 - create IPUIPlugin
2024-06-07 14:04:47,700 [INFO] PluginManager:220 - loadIPPluginJar : add fmc
2024-06-07 14:04:47,707 [INFO] IPUIPlugin:80 - create IPUIPlugin
2024-06-07 14:04:47,707 [INFO] PluginManager:220 - loadIPPluginJar : add freertos
2024-06-07 14:04:47,709 [INFO] IPUIPlugin:80 - create IPUIPlugin
2024-06-07 14:04:47,710 [INFO] PluginManager:220 - loadIPPluginJar : add genericplugin
2024-06-07 14:04:47,714 [INFO] IPUIPlugin:80 - create IPUIPlugin
2024-06-07 14:04:47,714 [INFO] PluginManager:220 - loadIPPluginJar : add gfxmmu
2024-06-07 14:04:47,720 [INFO] IPUIPlugin:80 - create IPUIPlugin
2024-06-07 14:04:47,721 [INFO] PluginManager:220 - loadIPPluginJar : add gic
2024-06-07 14:04:47,726 [INFO] IPUIPlugin:80 - create IPUIPlugin
2024-06-07 14:04:47,726 [INFO] PluginManager:220 - loadIPPluginJar : add gpio
2024-06-07 14:04:47,731 [INFO] IPUIPlugin:80 - create IPUIPlugin
2024-06-07 14:04:47,731 [INFO] PluginManager:220 - loadIPPluginJar : add gtzc
2024-06-07 14:04:47,734 [INFO] IPUIPlugin:80 - create IPUIPlugin
2024-06-07 14:04:47,734 [INFO] PluginManager:220 - loadIPPluginJar : add hash
2024-06-07 14:04:47,738 [INFO] IPUIPlugin:80 - create IPUIPlugin
2024-06-07 14:04:47,738 [INFO] PluginManager:220 - loadIPPluginJar : add i2c
2024-06-07 14:04:47,741 [INFO] IPUIPlugin:80 - create IPUIPlugin
2024-06-07 14:04:47,741 [INFO] PluginManager:220 - loadIPPluginJar : add i2s
2024-06-07 14:04:47,746 [INFO] IPUIPlugin:80 - create IPUIPlugin
2024-06-07 14:04:47,746 [INFO] PluginManager:220 - loadIPPluginJar : add i3c
2024-06-07 14:04:47,749 [INFO] IPUIPlugin:80 - create IPUIPlugin
2024-06-07 14:04:47,750 [INFO] PluginManager:220 - loadIPPluginJar : add ipddr
2024-06-07 14:04:47,759 [INFO] IPUIPlugin:80 - create IPUIPlugin
2024-06-07 14:04:47,759 [INFO] PluginManager:220 - loadIPPluginJar : add linkedlist
2024-06-07 14:04:47,763 [INFO] IPUIPlugin:80 - create IPUIPlugin
2024-06-07 14:04:47,763 [INFO] PluginManager:220 - loadIPPluginJar : add lorawan
2024-06-07 14:04:47,765 [INFO] IPUIPlugin:80 - create IPUIPlugin
2024-06-07 14:04:47,765 [INFO] PluginManager:220 - loadIPPluginJar : add ltdc
2024-06-07 14:04:47,776 [INFO] IPUIPlugin:80 - create IPUIPlugin
2024-06-07 14:04:47,776 [INFO] PluginManager:220 - loadIPPluginJar : add mdma
2024-06-07 14:04:47,782 [INFO] IPUIPlugin:80 - create IPUIPlugin
2024-06-07 14:04:47,783 [INFO] PluginManager:220 - loadIPPluginJar : add nvic
2024-06-07 14:04:47,787 [INFO] IPUIPlugin:80 - create IPUIPlugin
2024-06-07 14:04:47,787 [INFO] PluginManager:220 - loadIPPluginJar : add opamp
2024-06-07 14:04:47,792 [INFO] IPUIPlugin:80 - create IPUIPlugin
2024-06-07 14:04:47,792 [INFO] PluginManager:220 - loadIPPluginJar : add openamp
2024-06-07 14:04:47,798 [INFO] IPUIPlugin:80 - create IPUIPlugin
2024-06-07 14:04:47,798 [INFO] PluginManager:220 - loadIPPluginJar : add pdm2pcm
2024-06-07 14:04:47,807 [INFO] IPUIPlugin:80 - create IPUIPlugin
2024-06-07 14:04:47,810 [INFO] PluginManager:220 - loadIPPluginJar : add plateformsettings
2024-06-07 14:04:47,812 [INFO] IPUIPlugin:80 - create IPUIPlugin
2024-06-07 14:04:47,812 [INFO] PluginManager:220 - loadIPPluginJar : add quadspi
2024-06-07 14:04:47,817 [INFO] IPUIPlugin:80 - create IPUIPlugin
2024-06-07 14:04:47,817 [INFO] PluginManager:220 - loadIPPluginJar : add resmgrutility
2024-06-07 14:04:47,821 [INFO] IPUIPlugin:80 - create IPUIPlugin
2024-06-07 14:04:47,821 [INFO] PluginManager:220 - loadIPPluginJar : add sai
2024-06-07 14:04:47,824 [INFO] IPUIPlugin:80 - create IPUIPlugin
2024-06-07 14:04:47,825 [INFO] PluginManager:220 - loadIPPluginJar : add spi
2024-06-07 14:04:47,831 [INFO] IPUIPlugin:80 - create IPUIPlugin
2024-06-07 14:04:47,831 [INFO] PluginManager:220 - loadIPPluginJar : add stm32_wpan
2024-06-07 14:04:47,834 [INFO] IPUIPlugin:80 - create IPUIPlugin
2024-06-07 14:04:47,834 [INFO] PluginManager:220 - loadIPPluginJar : add tim
2024-06-07 14:04:47,838 [INFO] IPUIPlugin:80 - create IPUIPlugin
2024-06-07 14:04:47,839 [INFO] PluginManager:220 - loadIPPluginJar : add touchsensing
2024-06-07 14:04:47,842 [INFO] IPUIPlugin:80 - create IPUIPlugin
2024-06-07 14:04:47,842 [INFO] PluginManager:220 - loadIPPluginJar : add tracer_emb
2024-06-07 14:04:47,844 [INFO] IPUIPlugin:80 - create IPUIPlugin
2024-06-07 14:04:47,844 [INFO] PluginManager:220 - loadIPPluginJar : add ts
2024-06-07 14:04:47,847 [INFO] IPUIPlugin:80 - create IPUIPlugin
2024-06-07 14:04:47,847 [INFO] PluginManager:220 - loadIPPluginJar : add tsc
2024-06-07 14:04:47,850 [INFO] IPUIPlugin:80 - create IPUIPlugin
2024-06-07 14:04:47,850 [INFO] PluginManager:220 - loadIPPluginJar : add ucpd
2024-06-07 14:04:47,855 [INFO] IPUIPlugin:80 - create IPUIPlugin
2024-06-07 14:04:47,855 [INFO] PluginManager:220 - loadIPPluginJar : add usart
2024-06-07 14:04:47,859 [INFO] IPUIPlugin:80 - create IPUIPlugin
2024-06-07 14:04:47,860 [INFO] PluginManager:220 - loadIPPluginJar : add usbx
2024-06-07 14:04:48,007 [INFO] CADModel:165 - CPN selected for project level
2024-06-07 14:04:48,008 [INFO] CADModel:114 - Register for checkConnection events
2024-06-07 14:04:48,008 [FATAL] Updater:308 - Updater called before beeing initialized
2024-06-07 14:04:48,008 [ERROR] CADModel:125 - Updater not yet initialized, retry later 
2024-06-07 14:04:48,198 [INFO] CADModel:165 - CPN selected for project level
2024-06-07 14:04:48,198 [INFO] CADModel:114 - Register for checkConnection events
2024-06-07 14:04:48,198 [FATAL] Updater:308 - Updater called before beeing initialized
2024-06-07 14:04:48,198 [ERROR] CADModel:125 - Updater not yet initialized, retry later 
2024-06-07 14:04:48,203 [FATAL] Updater:308 - Updater called before beeing initialized
2024-06-07 14:04:48,333 [FATAL] Updater:308 - Updater called before beeing initialized
2024-06-07 14:04:48,338 [INFO] DbMcusAds:53 - JSON generation date=Thu May 16 16:22:00 ICT 2024 (1715851320852)
2024-06-07 14:04:48,339 [FATAL] Updater:308 - Updater called before beeing initialized
2024-06-07 14:04:48,385 [WARN] DetailPanel:346 - Failed to get advertising image, set to default
2024-06-07 14:04:48,494 [FATAL] Updater:308 - Updater called before beeing initialized
2024-06-07 14:04:48,497 [FATAL] Updater:308 - Updater called before beeing initialized
2024-06-07 14:04:48,497 [FATAL] Updater:308 - Updater called before beeing initialized
2024-06-07 14:04:48,497 [WARN] DetailPanel:346 - Failed to get advertising image, set to default
2024-06-07 14:04:48,498 [FATAL] Updater:308 - Updater called before beeing initialized
2024-06-07 14:04:48,558 [ERROR] Updater:1120 - MainUpdater not yet initialized. External WinMGr cannot be set.
2024-06-07 14:04:48,561 [INFO] Updater:1056 - Updater Version found : 6.11.0
2024-06-07 14:04:48,592 [INFO] ApplicationProperties:184 - Using Application install path: C:\ST\STM32CubeIDE_1.12.0\STM32CubeIDE\plugins\com.st.stm32cube.common.mx_6.11.0.202403141607
2024-06-07 14:04:49,143 [INFO] MainUpdater:2873 - connection check result : 10
2024-06-07 14:04:49,144 [INFO] MainUpdater:290 - Updater Check For Update Now.
2024-06-07 14:04:49,144 [INFO] MicroXplorer:498 - Change Database Version : DB.6.0.110
2024-06-07 14:04:49,153 [INFO] McuFinderGlobals:63 - Set McuFinder mode to 2 (CubeIDE integrated)
2024-06-07 14:04:49,164 [INFO] UserAuth:415 - Internet connection configuration mode: 1
2024-06-07 14:04:49,192 [INFO] JxBrowserEngine:152 - Initiate JxBrowser Engine with user profile folder
2024-06-07 14:04:49,382 [INFO] CheckServerUpdateThread:120 - End of CheckServer Thread
2024-06-07 14:04:50,555 [WARN] PackLoader:240 - Cannot read IP mode file for STMicroelectronics.FP-SNS-MOTENVWB1.1.4.0
2024-06-07 14:04:50,583 [WARN] PackLoader:240 - Cannot read IP mode file for STMicroelectronics.X-CUBE-SMBUS.2.1.0
2024-06-07 14:04:50,601 [WARN] PackLoader:240 - Cannot read IP mode file for STMicroelectronics.X-CUBE-TOUCHGFX.4.23.0
2024-06-07 14:04:50,617 [WARN] PackLoader:240 - Cannot read IP mode file for STMicroelectronics.X-CUBE-TOUCHGFX.4.23.2
2024-06-07 14:04:50,682 [INFO] WebApp:161 - Instantiating new browser for Auth
2024-06-07 14:04:50,689 [WARN] PackLoader:240 - Cannot read IP mode file for STMicroelectronics.X-CUBE-AZRTOS-F7.1.1.0
2024-06-07 14:04:50,707 [ERROR] RealEvaluatedCondition:428 - Found unsupported composite condition: CLASS='Data Exchange' GROUP='STM32_MetaDataManager'
2024-06-07 14:04:50,708 [ERROR] RealEvaluatedCondition:428 - Found unsupported composite condition: GROUP='STM32_MetaDataManager' CLASS='Data Exchange'
2024-06-07 14:04:50,717 [WARN] PackLoader:240 - Cannot read IP mode file for STMicroelectronics.FP-SNS-MOTENV1.4.3.0
2024-06-07 14:04:50,733 [WARN] PackLoader:240 - Cannot read IP mode file for STMicroelectronics.FP-SNS-MOTENV1.4.3.2
2024-06-07 14:04:50,743 [WARN] PackLoader:240 - Cannot read IP mode file for STMicroelectronics.FP-SNS-FLIGHT1.5.0.0
2024-06-07 14:04:50,757 [ERROR] RealEvaluatedCondition:428 - Found unsupported composite condition: CLASS='Data Exchange' GROUP='STM32_MetaDataManager'
2024-06-07 14:04:50,758 [ERROR] RealEvaluatedCondition:428 - Found unsupported composite condition: CLASS='Data Exchange' GROUP='STM32_MetaDataManager'
2024-06-07 14:04:50,761 [WARN] PackLoader:240 - Cannot read IP mode file for STMicroelectronics.FP-SNS-MOTENV1.4.3.1
2024-06-07 14:04:50,777 [WARN] PackLoader:240 - Cannot read IP mode file for STMicroelectronics.FP-SNS-FLIGHT1.5.0.1
2024-06-07 14:04:50,793 [WARN] PackLoader:240 - Cannot read IP mode file for STMicroelectronics.X-CUBE-BLE1.6.2.4
2024-06-07 14:04:50,801 [WARN] PackLoader:240 - Cannot read IP mode file for STMicroelectronics.FP-SNS-FLIGHT1.5.0.2
2024-06-07 14:04:50,813 [WARN] PackLoader:240 - Cannot read IP mode file for STMicroelectronics.X-CUBE-DISPLAY.3.0.0
2024-06-07 14:04:50,833 [WARN] PackLoader:240 - Cannot read IP mode file for STMicroelectronics.X-CUBE-BLE1.7.0.0
2024-06-07 14:04:50,859 [WARN] PackLoader:240 - Cannot read IP mode file for emotas.I-CUBE-CANOPEN.1.3.0
2024-06-07 14:04:50,879 [WARN] PackLoader:240 - Cannot read IP mode file for STMicroelectronics.X-CUBE-TOUCHGFX.4.22.0
2024-06-07 14:04:50,895 [WARN] PackLoader:240 - Cannot read IP mode file for STMicroelectronics.X-CUBE-TOUCHGFX.4.22.1
2024-06-07 14:04:50,922 [WARN] PackLoader:240 - Cannot read IP mode file for STMicroelectronics.X-CUBE-BLEMGR.3.1.0
2024-06-07 14:04:50,943 [WARN] PackLoader:240 - Cannot read IP mode file for STMicroelectronics.FP-SNS-SMARTAG2.1.2.0
2024-06-07 14:04:50,970 [INFO] LogOutputStream:77 - [STDOUT_REDIRECT] 1 : Invalid condition id : UX_CORESTACK_Condition cause : null
2024-06-07 14:04:50,971 [INFO] LogOutputStream:77 - [STDOUT_REDIRECT] 1 : Invalid condition id : UX_CORESTACK_Condition cause : null
2024-06-07 14:04:50,973 [INFO] LogOutputStream:77 - [STDOUT_REDIRECT] 1 : Invalid condition id : UX_CORESTACK_Condition cause : null
2024-06-07 14:04:50,976 [INFO] LogOutputStream:77 - [STDOUT_REDIRECT] 1 : Invalid condition id : UX_CORESTACK_Condition cause : null
2024-06-07 14:04:50,980 [INFO] LogOutputStream:77 - [STDOUT_REDIRECT] 1 : Invalid condition id : UX_CORESTACK_Condition cause : null
2024-06-07 14:04:50,990 [WARN] PackLoader:240 - Cannot read IP mode file for STMicroelectronics.X-CUBE-AZRTOS-WL.2.0.0
2024-06-07 14:04:51,002 [WARN] PackLoader:240 - Cannot read IP mode file for STMicroelectronics.FP-SNS-MOTENV1.5.0.0
2024-06-07 14:04:51,014 [WARN] PackLoader:240 - Cannot read IP mode file for wolfSSL.I-CUBE-wolfMQTT.1.19.0
2024-06-07 14:04:51,050 [WARN] PackLoader:240 - Cannot read IP mode file for WES.I-CUBE-Cesium.1.3.0
2024-06-07 14:04:51,075 [WARN] PackLoader:240 - Cannot read IP mode file for STMicroelectronics.X-CUBE-BLE2.3.3.0
2024-06-07 14:04:51,099 [WARN] PackLoader:240 - Cannot read IP mode file for STMicroelectronics.X-CUBE-TOF1.3.2.0
2024-06-07 14:04:51,147 [WARN] PackLoader:240 - Cannot read IP mode file for STMicroelectronics.X-CUBE-TCPP.4.1.0
2024-06-07 14:04:51,196 [WARN] PackLoader:240 - Cannot read IP mode file for STMicroelectronics.X-CUBE-TOUCHGFX.4.21.1
2024-06-07 14:04:51,202 [WARN] PackLoader:240 - Cannot read IP mode file for STMicroelectronics.X-CUBE-TOUCHGFX.4.21.3
2024-06-07 14:04:51,210 [WARN] PackLoader:240 - Cannot read IP mode file for STMicroelectronics.X-CUBE-TOUCHGFX.4.21.4
2024-06-07 14:04:51,217 [WARN] PackLoader:240 - Cannot read IP mode file for STMicroelectronics.X-CUBE-AI.7.3.0
2024-06-07 14:04:51,242 [WARN] PackLoader:240 - Cannot read IP mode file for STMicroelectronics.X-CUBE-ALGOBUILD.1.3.0
2024-06-07 14:04:51,315 [WARN] PackLoader:240 - Cannot read IP mode file for STMicroelectronics.X-CUBE-AZRTOS-G0.1.1.0
2024-06-07 14:04:51,336 [WARN] PackLoader:240 - Cannot read IP mode file for STMicroelectronics.X-CUBE-SAFEA1.1.2.2
2024-06-07 14:04:51,384 [WARN] PackLoader:240 - Cannot read IP mode file for STMicroelectronics.X-CUBE-NFC4.3.0.0
2024-06-07 14:04:51,418 [WARN] PackLoader:240 - Cannot read IP mode file for STMicroelectronics.X-CUBE-BLEMGR.3.0.0
2024-06-07 14:04:51,450 [WARN] PackLoader:240 - Cannot read IP mode file for STMicroelectronics.X-CUBE-BLEMGR.1.3.0
2024-06-07 14:04:51,481 [WARN] PackLoader:240 - Cannot read IP mode file for STMicroelectronics.FP-ATR-SIGFOX1.3.2.0
2024-06-07 14:04:51,495 [WARN] PackLoader:240 - Cannot read IP mode file for STMicroelectronics.X-CUBE-EEPRMA1.5.1.0
2024-06-07 14:04:51,658 [WARN] PackLoader:240 - Cannot read IP mode file for STMicroelectronics.X-CUBE-MEMS1.9.5.0
2024-06-07 14:04:52,169 [WARN] PackLoader:240 - Cannot read IP mode file for SEGGER.I-CUBE-embOS.1.3.1
2024-06-07 14:04:52,246 [WARN] PackLoader:240 - Cannot read IP mode file for STMicroelectronics.X-CUBE-ALGOBUILD.1.4.0
2024-06-07 14:04:52,256 [WARN] PackLoader:240 - Cannot read IP mode file for STMicroelectronics.X-CUBE-GNSS1.6.0.0
2024-06-07 14:04:52,278 [WARN] PackLoader:240 - Cannot read IP mode file for STMicroelectronics.X-CUBE-AZRTOS-F4.1.1.0
2024-06-07 14:04:52,311 [WARN] PackLoader:240 - Cannot read IP mode file for wolfSSL.I-CUBE-wolfSSL.5.6.3
2024-06-07 14:04:52,321 [WARN] PackLoader:240 - Cannot read IP mode file for STMicroelectronics.X-CUBE-FREERTOS.1.2.0
2024-06-07 14:04:52,352 [WARN] PackLoader:240 - Cannot read IP mode file for STMicroelectronics.X-CUBE-AZRTOS-L5.2.0.0
2024-06-07 14:04:52,428 [WARN] PackLoader:240 - Cannot read IP mode file for STMicroelectronics.X-CUBE-MEMS1.9.6.0
2024-06-07 14:04:52,632 [INFO] WebApp:779 - Register for checkConnection events
2024-06-07 14:04:52,632 [INFO] WebApp:414 - Apply proxy settings
2024-06-07 14:04:52,633 [INFO] WebApp:499 - Chromium requires no authentication
2024-06-07 14:04:52,652 [INFO] WebApp:442 - Direct internet connection detected
2024-06-07 14:04:52,742 [WARN] PackLoader:240 - Cannot read IP mode file for STMicroelectronics.X-CUBE-EEPRMA1.4.2.0
2024-06-07 14:04:52,759 [WARN] PackLoader:240 - Cannot read IP mode file for STMicroelectronics.X-CUBE-NFC6.3.1.0
2024-06-07 14:04:52,771 [WARN] PackLoader:240 - Cannot read IP mode file for ITTIA_DB.I-CUBE-ITTIADB.8.8.0
2024-06-07 14:04:52,785 [WARN] PackLoader:240 - Cannot read IP mode file for emotas.I-CUBE-CANOPEN.1.1.3
2024-06-07 14:04:52,804 [WARN] PackLoader:240 - Cannot read IP mode file for STMicroelectronics.X-CUBE-BLEMGR.2.0.0
2024-06-07 14:04:52,819 [WARN] PackLoader:240 - Cannot read IP mode file for STMicroelectronics.X-CUBE-AI.9.0.0
2024-06-07 14:04:52,852 [WARN] ConditionMgr:438 - getConditionDescription Invalid condition id : UX DEVICE CLASS RTOS Condition cause : null
2024-06-07 14:04:52,852 [WARN] ConditionMgr:438 - getConditionDescription Invalid condition id : UX DEVICE CLASS RTOS Condition cause : null
2024-06-07 14:04:52,858 [WARN] PackLoader:240 - Cannot read IP mode file for STMicroelectronics.X-CUBE-AZRTOS-H7.3.1.0
2024-06-07 14:04:52,860 [WARN] ConditionMgr:1039 - genDependencies : Invalid condition id : UX DEVICE CLASS RTOS Condition cause : null
2024-06-07 14:04:52,861 [WARN] ConditionMgr:1039 - genDependencies : Invalid condition id : UX DEVICE CLASS RTOS Condition cause : null
2024-06-07 14:04:52,861 [WARN] ConditionMgr:1039 - genDependencies : Invalid condition id : UX DEVICE CLASS RTOS Condition cause : null
2024-06-07 14:04:52,862 [WARN] ConditionMgr:1039 - genDependencies : Invalid condition id : UX DEVICE CLASS RTOS Condition cause : null
2024-06-07 14:04:52,862 [WARN] ConditionMgr:1039 - genDependencies : Invalid condition id : UX DEVICE CLASS RTOS Condition cause : null
2024-06-07 14:04:52,873 [WARN] PackLoader:240 - Cannot read IP mode file for wolfSSL.I-CUBE-wolfSSL.5.5.4
2024-06-07 14:04:52,896 [WARN] PackLoader:240 - Cannot read IP mode file for STMicroelectronics.X-CUBE-NFC7.1.0.1
2024-06-07 14:04:52,913 [WARN] PackLoader:240 - Cannot read IP mode file for STMicroelectronics.X-CUBE-NFC7.1.0.0
2024-06-07 14:04:52,973 [WARN] PackLoader:240 - Cannot read IP mode file for STMicroelectronics.X-CUBE-NFC6.3.0.0
2024-06-07 14:04:52,989 [WARN] PackLoader:240 - Cannot read IP mode file for STMicroelectronics.X-CUBE-EEPRMA1.4.1.0
2024-06-07 14:04:53,000 [WARN] PackLoader:240 - Cannot read IP mode file for STMicroelectronics.X-CUBE-AI.8.1.0
2024-06-07 14:04:53,047 [WARN] ConditionMgr:438 - getConditionDescription Invalid condition id : LAN8742 Phy interface Condition cause : null
2024-06-07 14:04:53,049 [WARN] PackLoader:240 - Cannot read IP mode file for STMicroelectronics.X-CUBE-AZRTOS-L4.2.0.0
2024-06-07 14:04:53,051 [WARN] ConditionMgr:1039 - genDependencies : Invalid condition id : LAN8742 Phy interface Condition cause : null
2024-06-07 14:04:53,052 [WARN] ConditionMgr:1039 - genDependencies : Invalid condition id : LAN8742 Phy interface Condition cause : null
2024-06-07 14:04:53,053 [WARN] ConditionMgr:1039 - genDependencies : Invalid condition id : LAN8742 Phy interface Condition cause : null
2024-06-07 14:04:53,073 [WARN] PackLoader:240 - Cannot read IP mode file for STMicroelectronics.X-CUBE-SFXS2LP1.4.0.0
2024-06-07 14:04:53,110 [WARN] PackLoader:240 - Cannot read IP mode file for STMicroelectronics.X-CUBE-AZRTOS-H7.3.0.0
2024-06-07 14:04:53,123 [WARN] PackLoader:240 - Cannot read IP mode file for STMicroelectronics.X-CUBE-ISPU.1.1.0
2024-06-07 14:04:53,177 [WARN] PackLoader:240 - Cannot read IP mode file for RoweBots.I-CUBE-UNISONRTOS.5.5.0-4
2024-06-07 14:04:53,186 [WARN] PackLoader:240 - Cannot read IP mode file for STMicroelectronics.X-CUBE-AI.8.0.0
2024-06-07 14:04:53,214 [WARN] ConditionMgr:438 - getConditionDescription Invalid condition id : UX DEVICE CLASS RTOS Condition cause : null
2024-06-07 14:04:53,215 [WARN] ConditionMgr:438 - getConditionDescription Invalid condition id : UX DEVICE CLASS RTOS Condition cause : null
2024-06-07 14:04:53,217 [WARN] PackLoader:240 - Cannot read IP mode file for STMicroelectronics.X-CUBE-AZRTOS-WB.2.0.0
2024-06-07 14:04:53,218 [WARN] ConditionMgr:1039 - genDependencies : Invalid condition id : UX DEVICE CLASS RTOS Condition cause : null
2024-06-07 14:04:53,218 [WARN] ConditionMgr:1039 - genDependencies : Invalid condition id : UX DEVICE CLASS RTOS Condition cause : null
2024-06-07 14:04:53,219 [WARN] ConditionMgr:1039 - genDependencies : Invalid condition id : UX DEVICE CLASS RTOS Condition cause : null
2024-06-07 14:04:53,220 [WARN] ConditionMgr:1039 - genDependencies : Invalid condition id : UX DEVICE CLASS RTOS Condition cause : null
2024-06-07 14:04:53,220 [WARN] ConditionMgr:1039 - genDependencies : Invalid condition id : UX DEVICE CLASS RTOS Condition cause : null
2024-06-07 14:04:53,228 [WARN] PackLoader:240 - Cannot read IP mode file for STMicroelectronics.X-CUBE-FREERTOS.1.0.0
2024-06-07 14:04:53,240 [WARN] PackLoader:240 - Cannot read IP mode file for STMicroelectronics.X-CUBE-FREERTOS.1.0.1
2024-06-07 14:04:53,267 [WARN] PackLoader:240 - Cannot read IP mode file for STMicroelectronics.X-CUBE-AZRTOS-L5.1.1.0
2024-06-07 14:04:53,279 [WARN] PackLoader:240 - Cannot read IP mode file for STMicroelectronics.X-CUBE-AI.8.0.1
2024-06-07 14:04:53,298 [WARN] PackLoader:240 - Cannot read IP mode file for STMicroelectronics.X-CUBE-SUBG2.5.0.0
2024-06-07 14:04:53,326 [WARN] PackLoader:240 - Cannot read IP mode file for STMicroelectronics.X-CUBE-TOF1.3.3.1
2024-06-07 14:04:53,369 [WARN] PackLoader:240 - Cannot read IP mode file for STMicroelectronics.X-CUBE-AZRTOS-G4.2.0.0
2024-06-07 14:04:53,400 [WARN] PackLoader:240 - Cannot read IP mode file for STMicroelectronics.X-CUBE-TOF1.3.3.0
2024-06-07 14:04:53,416 [WARN] PackLoader:240 - Cannot read IP mode file for STMicroelectronics.FP-ATR-ASTRA1.1.1.1
2024-06-07 14:04:53,437 [INFO] WebApp:192 - Starting web application
2024-06-07 14:04:53,438 [INFO] WebApp:544 - Web application path used C:\ST\STM32CubeIDE_1.12.0\STM32CubeIDE\plugins\com.st.stm32cube.common.mx_6.11.0.202403141607\db\plugins\mcufinder\reactClient1\index.html
2024-06-07 14:04:53,440 [WARN] PackLoader:240 - Cannot read IP mode file for Infineon.AIROC-Wi-Fi-Bluetooth-STM32.1.5.1
2024-06-07 14:04:53,450 [WARN] PackLoader:240 - Cannot read IP mode file for STMicroelectronics.FP-SNS-MOTENVWB1.1.3.0
2024-06-07 14:04:53,461 [WARN] PackLoader:240 - Cannot read IP mode file for STMicroelectronics.FP-SNS-MOTENVWB1.1.3.1
2024-06-07 14:04:53,490 [WARN] PackLoader:240 - Cannot read IP mode file for STMicroelectronics.X-CUBE-AZRTOS-G4.1.0.0
2024-06-07 14:04:53,534 [WARN] PackLoader:240 - Cannot read IP mode file for STMicroelectronics.X-CUBE-AZRTOS-L4.1.0.0
2024-06-07 14:04:53,549 [WARN] PackLoader:240 - Cannot read IP mode file for STMicroelectronics.X-CUBE-ISPU.2.0.0
2024-06-07 14:04:53,562 [WARN] PackLoader:240 - Cannot read IP mode file for STMicroelectronics.X-CUBE-ALS.1.0.2
2024-06-07 14:04:53,637 [WARN] PackLoader:240 - Cannot read IP mode file for STMicroelectronics.X-CUBE-MEMS1.10.0.0
2024-06-07 14:04:53,837 [WARN] PackLoader:240 - Cannot read IP mode file for STMicroelectronics.X-CUBE-FREERTOS.1.1.0
2024-06-07 14:04:53,868 [WARN] PackLoader:240 - Cannot read IP mode file for STMicroelectronics.X-CUBE-AZRTOS-WL.1.0.0
2024-06-07 14:04:53,882 [WARN] PackLoader:240 - Cannot read IP mode file for portGmbH.I-Cube-SoM-uGOAL.1.1.0
2024-06-07 14:04:53,893 [WARN] PackLoader:240 - Cannot read IP mode file for STMicroelectronics.X-CUBE-ALS.1.0.1
2024-06-07 14:04:53,924 [WARN] PackLoader:240 - Cannot read IP mode file for STMicroelectronics.X-CUBE-AZRTOS-WB.1.1.0
2024-06-07 14:04:53,971 [WARN] PackLoader:240 - Cannot read IP mode file for STMicroelectronics.X-CUBE-AZRTOS-H7RS.1.0.0
2024-06-07 14:04:53,985 [WARN] PackLoader:240 - Cannot read IP mode file for STMicroelectronics.FP-ATR-ASTRA1.2.0.0
2024-06-07 14:04:54,024 [WARN] PackLoader:240 - Cannot read IP mode file for STMicroelectronics.X-CUBE-TOF1.3.4.0
2024-06-07 14:04:54,067 [WARN] PackLoader:240 - Cannot read IP mode file for STMicroelectronics.X-CUBE-TOF1.3.4.1
2024-06-07 14:04:54,144 [WARN] PackLoader:240 - Cannot read IP mode file for STMicroelectronics.X-CUBE-AZRTOS-H7.3.2.0
2024-06-07 14:04:54,152 [INFO] ThirdParty:978 - Integrity check success = true
2024-06-07 14:04:54,152 [INFO] IntegrityCheckThread:100 - exiting critical section [integrity check]
2024-06-07 14:04:54,152 [INFO] IntegrityCheckThread:103 - End integrity checks thread
2024-06-07 18:20:58,166 [ERROR] LogOutputStream:75 - [STDERR_REDIRECT] 
