2024-06-11 00:24:24,317 [ERROR] LogOutputStream:75 - [STDERR_REDIRECT] 
2024-06-11 13:37:37,639 [INFO] Activator:176 - 


2024-06-11 13:37:37,642 [INFO] Activator:177 - !SESSION log4j initialized
2024-06-11 13:37:46,146 [INFO] LogOutputStream:77 - [STDOUT_REDIRECT] 
2024-06-11 13:37:58,533 [INFO] ApplicationProperties:184 - Using Application install path: C:\ST\STM32CubeIDE_1.12.0\STM32CubeIDE\plugins\com.st.stm32cube.common.mx_6.11.0.202403141607
2024-06-11 13:37:58,561 [INFO] DbMcusXml:78 - Set database path to: C:\ST\STM32CubeIDE_1.12.0\STM32CubeIDE\plugins\com.st.stm32cube.common.mx_6.11.0.202403141607\\db\/mcu/
2024-06-11 13:37:58,562 [INFO] ApiDb:274 - Set plugin database path to: C:\ST\STM32CubeIDE_1.12.0\STM32CubeIDE\plugins\com.st.stm32cube.common.mx_6.11.0.202403141607\\db\/plugins/boardmanager/
2024-06-11 13:37:58,562 [WARN] ApiDb:259 - Overriding images path with different value:  => C:\ST\STM32CubeIDE_1.12.0\STM32CubeIDE\plugins\com.st.stm32cube.common.mx_6.11.0.202403141607\\db\/plugins/mcufinder/images/
2024-06-11 13:37:58,575 [INFO] ApiDb:250 - Set database path to: C:\Users\ADMIN\.stmcufinder\plugins\mcufinder//mcu/
2024-06-11 13:37:58,577 [INFO] DbMcusAds:125 - Set database path to: C:\Users\ADMIN\.stmcufinder\plugins\mcufinder//mcu/
2024-06-11 13:37:58,592 [INFO] CrossReferenceDbSqlite:203 - Set database path to: C:\Users\ADMIN\.stmcufinder\plugins\mcufinder//mcu/cs/
2024-06-11 13:37:58,741 [INFO] RulesReader:64 - Compatibility file has been processed (297 Rules)
2024-06-11 13:37:58,859 [INFO] DbMcusXml:78 - Set database path to: C:\ST\STM32CubeIDE_1.12.0\STM32CubeIDE\plugins\com.st.stm32cube.common.mx_6.11.0.202403141607\\db\/mcu/
2024-06-11 13:37:58,860 [INFO] ApiDb:274 - Set plugin database path to: C:\ST\STM32CubeIDE_1.12.0\STM32CubeIDE\plugins\com.st.stm32cube.common.mx_6.11.0.202403141607\\db\/plugins/boardmanager/
2024-06-11 13:37:58,860 [INFO] ApiDb:261 - Set plugin images path to: C:\ST\STM32CubeIDE_1.12.0\STM32CubeIDE\plugins\com.st.stm32cube.common.mx_6.11.0.202403141607\\db\/plugins/mcufinder/images/
2024-06-11 13:37:58,860 [WARN] DbFile:41 - Overriding database path with different value: C:\Users\ADMIN\.stmcufinder\plugins\mcufinder/ => C:\Users\ADMIN\.stmcufinder\plugins\mcufinder
2024-06-11 13:37:58,860 [INFO] ApiDb:250 - Set database path to: C:\Users\ADMIN\.stmcufinder\plugins\mcufinder//mcu/
2024-06-11 13:37:58,860 [WARN] DbFile:41 - Overriding database path with different value: C:\Users\ADMIN\.stmcufinder\plugins\mcufinder/ => C:\Users\ADMIN\.stmcufinder\plugins\mcufinder
2024-06-11 13:37:58,860 [INFO] DbMcusAds:125 - Set database path to: C:\Users\ADMIN\.stmcufinder\plugins\mcufinder//mcu/
2024-06-11 13:37:58,861 [WARN] DbFile:41 - Overriding database path with different value: C:\Users\ADMIN\.stmcufinder\plugins\mcufinder/ => C:\Users\ADMIN\.stmcufinder\plugins\mcufinder
2024-06-11 13:37:58,861 [WARN] DbFile:41 - Overriding database path with different value: C:\Users\ADMIN\.stmcufinder\plugins\mcufinder/ => C:\Users\ADMIN\.stmcufinder\plugins\mcufinder
2024-06-11 13:37:58,861 [INFO] CrossReferenceDbSqlite:203 - Set database path to: C:\Users\ADMIN\.stmcufinder\plugins\mcufinder//mcu/cs/
2024-06-11 13:37:58,972 [INFO] MainPanel:264 - HeapMemory: 268435456
2024-06-11 13:37:59,091 [INFO] DbMcusXml:78 - Set database path to: C:\ST\STM32CubeIDE_1.12.0\STM32CubeIDE\plugins\com.st.stm32cube.common.mx_6.11.0.202403141607\\db\/mcu/
2024-06-11 13:37:59,091 [INFO] ApiDb:274 - Set plugin database path to: C:\ST\STM32CubeIDE_1.12.0\STM32CubeIDE\plugins\com.st.stm32cube.common.mx_6.11.0.202403141607\\db\/plugins/boardmanager/
2024-06-11 13:37:59,091 [INFO] ApiDb:261 - Set plugin images path to: C:\ST\STM32CubeIDE_1.12.0\STM32CubeIDE\plugins\com.st.stm32cube.common.mx_6.11.0.202403141607\\db\/plugins/mcufinder/images/
2024-06-11 13:37:59,092 [WARN] DbFile:41 - Overriding database path with different value: C:\Users\ADMIN\.stmcufinder\plugins\mcufinder/ => C:\Users\ADMIN\.stmcufinder\plugins\mcufinder
2024-06-11 13:37:59,092 [INFO] ApiDb:250 - Set database path to: C:\Users\ADMIN\.stmcufinder\plugins\mcufinder//mcu/
2024-06-11 13:37:59,092 [WARN] DbFile:41 - Overriding database path with different value: C:\Users\ADMIN\.stmcufinder\plugins\mcufinder/ => C:\Users\ADMIN\.stmcufinder\plugins\mcufinder
2024-06-11 13:37:59,093 [INFO] DbMcusAds:125 - Set database path to: C:\Users\ADMIN\.stmcufinder\plugins\mcufinder//mcu/
2024-06-11 13:37:59,093 [WARN] DbFile:41 - Overriding database path with different value: C:\Users\ADMIN\.stmcufinder\plugins\mcufinder/ => C:\Users\ADMIN\.stmcufinder\plugins\mcufinder
2024-06-11 13:37:59,093 [WARN] DbFile:41 - Overriding database path with different value: C:\Users\ADMIN\.stmcufinder\plugins\mcufinder/ => C:\Users\ADMIN\.stmcufinder\plugins\mcufinder
2024-06-11 13:37:59,093 [INFO] CrossReferenceDbSqlite:203 - Set database path to: C:\Users\ADMIN\.stmcufinder\plugins\mcufinder//mcu/cs/
2024-06-11 13:37:59,116 [INFO] ApplicationProperties:184 - Using Application install path: C:\ST\STM32CubeIDE_1.12.0\STM32CubeIDE\plugins\com.st.stm32cube.common.mx_6.11.0.202403141607
2024-06-11 13:37:59,118 [INFO] PluginManage:196 - Search for loadable plugins [exclusion list=, ]
2024-06-11 13:37:59,120 [INFO] PluginManage:310 - Check plugin analytics
2024-06-11 13:38:08,856 [INFO] AnalyticsPlugin:253 - Accepted Software Licenses: 
2024-06-11 13:38:08,856 [INFO] AnalyticsPlugin:255 - Accepted CMSIS Pack Licenses: 
2024-06-11 13:38:08,857 [INFO] AnalyticsPlugin:257 - Accepted Firmware Licenses: 
2024-06-11 13:38:08,862 [INFO] PluginManage:359 - Loaded plugin analytics (category:tool,tabindex:-1)
2024-06-11 13:38:08,862 [INFO] PluginManage:310 - Check plugin cadmodel
2024-06-11 13:38:08,870 [INFO] CADModel:105 - Init CAD model plugin
2024-06-11 13:38:08,871 [INFO] PluginManage:359 - Loaded plugin cadmodel (category:power,tabindex:5)
2024-06-11 13:38:08,871 [INFO] PluginManage:310 - Check plugin clock
2024-06-11 13:38:08,887 [INFO] PluginManage:359 - Loaded plugin clock (category:base,tabindex:2)
2024-06-11 13:38:08,888 [INFO] PluginManage:310 - Check plugin ddr
2024-06-11 13:38:08,891 [INFO] PluginManage:359 - Loaded plugin ddr (category:tool,tabindex:6)
2024-06-11 13:38:08,892 [INFO] PluginManage:310 - Check plugin filemanager
2024-06-11 13:38:09,098 [INFO] PluginManage:359 - Loaded plugin filemanager (category:base,tabindex:10)
2024-06-11 13:38:09,098 [INFO] PluginManage:310 - Check plugin ipmanager
2024-06-11 13:38:09,107 [INFO] PluginManage:359 - Loaded plugin ipmanager (category:base,tabindex:5)
2024-06-11 13:38:09,108 [INFO] PluginManage:310 - Check plugin lpbam
2024-06-11 13:38:09,120 [INFO] PluginManage:359 - Loaded plugin lpbam (category:base,tabindex:0)
2024-06-11 13:38:09,121 [INFO] PluginManage:310 - Check plugin memorymap
2024-06-11 13:38:09,146 [INFO] PluginManage:359 - Loaded plugin memorymap (category:base,tabindex:4)
2024-06-11 13:38:09,147 [INFO] PluginManage:310 - Check plugin pinoutandconfiguration
2024-06-11 13:38:09,160 [INFO] PluginManage:359 - Loaded plugin pinoutandconfiguration (category:base,tabindex:1)
2024-06-11 13:38:09,161 [INFO] PluginManage:310 - Check plugin pinoutconfig
2024-06-11 13:38:09,281 [WARN] SupportedApi:132 - Cannot load RTOS API schema: s4s-elt-must-match.1: The content of 'definitions' must match (annotation?, (simpleType | complexType)?, (unique | key | keyref)*)). A problem was found starting at: attribute.
2024-06-11 13:38:09,480 [INFO] PluginManage:359 - Loaded plugin pinoutconfig (category:base,tabindex:0)
2024-06-11 13:38:09,480 [INFO] PluginManage:310 - Check plugin power
2024-06-11 13:38:09,498 [INFO] PluginManage:359 - Loaded plugin power (category:power,tabindex:4)
2024-06-11 13:38:09,498 [INFO] PluginManage:310 - Check plugin projectmanager
2024-06-11 13:38:09,526 [INFO] PluginManage:359 - Loaded plugin projectmanager (category:projectmanager,tabindex:3)
2024-06-11 13:38:09,526 [INFO] PluginManage:310 - Check plugin thirdparty
2024-06-11 13:38:09,748 [INFO] PluginManage:359 - Loaded plugin thirdparty (category:base,tabindex:-1)
2024-06-11 13:38:09,748 [WARN] IntegrityCheckThread:84 - waiting for thirdparty lock release [integrity check]
2024-06-11 13:38:09,749 [INFO] PluginManage:310 - Check plugin tools
2024-06-11 13:38:09,749 [INFO] IntegrityCheckThread:86 - entering critical section [integrity check]
2024-06-11 13:38:09,750 [INFO] ThirdPartyUpdaterWithRetryManager:70 - Updater plugin not ready yet. [1/15]
2024-06-11 13:38:09,754 [INFO] PluginManage:359 - Loaded plugin tools (category:base,tabindex:7)
2024-06-11 13:38:09,754 [INFO] PluginManage:310 - Check plugin tutovideos
2024-06-11 13:38:09,997 [INFO] PluginManage:359 - Loaded plugin tutovideos (category:base,tabindex:-1)
2024-06-11 13:38:09,997 [INFO] PluginManage:310 - Check plugin updater
2024-06-11 13:38:10,015 [INFO] PluginManage:359 - Loaded plugin updater (category:base,tabindex:12)
2024-06-11 13:38:10,015 [INFO] PluginManage:310 - Check plugin userauth
2024-06-11 13:38:10,023 [INFO] UserAuth:114 - Init User Auth plugin
2024-06-11 13:38:10,024 [INFO] PluginManage:359 - Loaded plugin userauth (category:base,tabindex:14)
2024-06-11 13:38:10,024 [INFO] PluginManage:283 - PluginManage : Loaded plugins [17]
2024-06-11 13:38:10,329 [INFO] PinOutPanel:1561 - setPackage(No Configuration,No Configuration)
2024-06-11 13:38:10,439 [INFO] CADModel:165 - CPN selected for project level
2024-06-11 13:38:10,439 [INFO] CADModel:114 - Register for checkConnection events
2024-06-11 13:38:10,461 [INFO] IPUIPlugin:80 - create IPUIPlugin
2024-06-11 13:38:10,461 [INFO] PluginManager:220 - loadIPPluginJar : add adc
2024-06-11 13:38:10,465 [INFO] IPUIPlugin:80 - create IPUIPlugin
2024-06-11 13:38:10,465 [INFO] PluginManager:220 - loadIPPluginJar : add aes
2024-06-11 13:38:10,469 [INFO] IPUIPlugin:80 - create IPUIPlugin
2024-06-11 13:38:10,469 [INFO] PluginManager:220 - loadIPPluginJar : add can
2024-06-11 13:38:10,471 [INFO] IPUIPlugin:80 - create IPUIPlugin
2024-06-11 13:38:10,471 [INFO] PluginManager:220 - loadIPPluginJar : add comp
2024-06-11 13:38:10,475 [INFO] IPUIPlugin:80 - create IPUIPlugin
2024-06-11 13:38:10,475 [INFO] PluginManager:220 - loadIPPluginJar : add cryp
2024-06-11 13:38:10,478 [INFO] IPUIPlugin:80 - create IPUIPlugin
2024-06-11 13:38:10,478 [INFO] PluginManager:220 - loadIPPluginJar : add dfsdm
2024-06-11 13:38:10,486 [INFO] IPUIPlugin:80 - create IPUIPlugin
2024-06-11 13:38:10,487 [INFO] PluginManager:220 - loadIPPluginJar : add dma
2024-06-11 13:38:10,489 [INFO] IPUIPlugin:80 - create IPUIPlugin
2024-06-11 13:38:10,490 [INFO] PluginManager:220 - loadIPPluginJar : add dma3
2024-06-11 13:38:10,493 [INFO] IPUIPlugin:80 - create IPUIPlugin
2024-06-11 13:38:10,493 [INFO] PluginManager:220 - loadIPPluginJar : add extmemmanager
2024-06-11 13:38:10,495 [INFO] IPUIPlugin:80 - create IPUIPlugin
2024-06-11 13:38:10,495 [INFO] PluginManager:220 - loadIPPluginJar : add fatfs
2024-06-11 13:38:10,502 [INFO] IPUIPlugin:80 - create IPUIPlugin
2024-06-11 13:38:10,502 [INFO] PluginManager:220 - loadIPPluginJar : add fmc
2024-06-11 13:38:10,509 [INFO] IPUIPlugin:80 - create IPUIPlugin
2024-06-11 13:38:10,509 [INFO] PluginManager:220 - loadIPPluginJar : add freertos
2024-06-11 13:38:10,511 [INFO] IPUIPlugin:80 - create IPUIPlugin
2024-06-11 13:38:10,511 [INFO] PluginManager:220 - loadIPPluginJar : add genericplugin
2024-06-11 13:38:10,515 [INFO] IPUIPlugin:80 - create IPUIPlugin
2024-06-11 13:38:10,515 [INFO] PluginManager:220 - loadIPPluginJar : add gfxmmu
2024-06-11 13:38:10,523 [INFO] IPUIPlugin:80 - create IPUIPlugin
2024-06-11 13:38:10,523 [INFO] PluginManager:220 - loadIPPluginJar : add gic
2024-06-11 13:38:10,530 [INFO] IPUIPlugin:80 - create IPUIPlugin
2024-06-11 13:38:10,530 [INFO] PluginManager:220 - loadIPPluginJar : add gpio
2024-06-11 13:38:10,535 [INFO] IPUIPlugin:80 - create IPUIPlugin
2024-06-11 13:38:10,535 [INFO] PluginManager:220 - loadIPPluginJar : add gtzc
2024-06-11 13:38:10,539 [INFO] IPUIPlugin:80 - create IPUIPlugin
2024-06-11 13:38:10,539 [INFO] PluginManager:220 - loadIPPluginJar : add hash
2024-06-11 13:38:10,543 [INFO] IPUIPlugin:80 - create IPUIPlugin
2024-06-11 13:38:10,543 [INFO] PluginManager:220 - loadIPPluginJar : add i2c
2024-06-11 13:38:10,547 [INFO] IPUIPlugin:80 - create IPUIPlugin
2024-06-11 13:38:10,547 [INFO] PluginManager:220 - loadIPPluginJar : add i2s
2024-06-11 13:38:10,551 [INFO] IPUIPlugin:80 - create IPUIPlugin
2024-06-11 13:38:10,552 [INFO] PluginManager:220 - loadIPPluginJar : add i3c
2024-06-11 13:38:10,556 [INFO] IPUIPlugin:80 - create IPUIPlugin
2024-06-11 13:38:10,556 [INFO] PluginManager:220 - loadIPPluginJar : add ipddr
2024-06-11 13:38:10,568 [INFO] IPUIPlugin:80 - create IPUIPlugin
2024-06-11 13:38:10,568 [INFO] PluginManager:220 - loadIPPluginJar : add linkedlist
2024-06-11 13:38:10,572 [INFO] IPUIPlugin:80 - create IPUIPlugin
2024-06-11 13:38:10,572 [INFO] PluginManager:220 - loadIPPluginJar : add lorawan
2024-06-11 13:38:10,574 [INFO] IPUIPlugin:80 - create IPUIPlugin
2024-06-11 13:38:10,574 [INFO] PluginManager:220 - loadIPPluginJar : add ltdc
2024-06-11 13:38:10,583 [INFO] IPUIPlugin:80 - create IPUIPlugin
2024-06-11 13:38:10,583 [INFO] PluginManager:220 - loadIPPluginJar : add mdma
2024-06-11 13:38:10,589 [INFO] IPUIPlugin:80 - create IPUIPlugin
2024-06-11 13:38:10,589 [INFO] PluginManager:220 - loadIPPluginJar : add nvic
2024-06-11 13:38:10,592 [INFO] IPUIPlugin:80 - create IPUIPlugin
2024-06-11 13:38:10,592 [INFO] PluginManager:220 - loadIPPluginJar : add opamp
2024-06-11 13:38:10,597 [INFO] IPUIPlugin:80 - create IPUIPlugin
2024-06-11 13:38:10,597 [INFO] PluginManager:220 - loadIPPluginJar : add openamp
2024-06-11 13:38:10,601 [INFO] IPUIPlugin:80 - create IPUIPlugin
2024-06-11 13:38:10,601 [INFO] PluginManager:220 - loadIPPluginJar : add pdm2pcm
2024-06-11 13:38:10,609 [INFO] IPUIPlugin:80 - create IPUIPlugin
2024-06-11 13:38:10,612 [INFO] PluginManager:220 - loadIPPluginJar : add plateformsettings
2024-06-11 13:38:10,614 [INFO] IPUIPlugin:80 - create IPUIPlugin
2024-06-11 13:38:10,614 [INFO] PluginManager:220 - loadIPPluginJar : add quadspi
2024-06-11 13:38:10,619 [INFO] IPUIPlugin:80 - create IPUIPlugin
2024-06-11 13:38:10,619 [INFO] PluginManager:220 - loadIPPluginJar : add resmgrutility
2024-06-11 13:38:10,623 [INFO] IPUIPlugin:80 - create IPUIPlugin
2024-06-11 13:38:10,623 [INFO] PluginManager:220 - loadIPPluginJar : add sai
2024-06-11 13:38:10,626 [INFO] IPUIPlugin:80 - create IPUIPlugin
2024-06-11 13:38:10,626 [INFO] PluginManager:220 - loadIPPluginJar : add spi
2024-06-11 13:38:10,632 [INFO] IPUIPlugin:80 - create IPUIPlugin
2024-06-11 13:38:10,632 [INFO] PluginManager:220 - loadIPPluginJar : add stm32_wpan
2024-06-11 13:38:10,634 [INFO] IPUIPlugin:80 - create IPUIPlugin
2024-06-11 13:38:10,634 [INFO] PluginManager:220 - loadIPPluginJar : add tim
2024-06-11 13:38:10,638 [INFO] IPUIPlugin:80 - create IPUIPlugin
2024-06-11 13:38:10,639 [INFO] PluginManager:220 - loadIPPluginJar : add touchsensing
2024-06-11 13:38:10,641 [INFO] IPUIPlugin:80 - create IPUIPlugin
2024-06-11 13:38:10,642 [INFO] PluginManager:220 - loadIPPluginJar : add tracer_emb
2024-06-11 13:38:10,644 [INFO] IPUIPlugin:80 - create IPUIPlugin
2024-06-11 13:38:10,644 [INFO] PluginManager:220 - loadIPPluginJar : add ts
2024-06-11 13:38:10,647 [INFO] IPUIPlugin:80 - create IPUIPlugin
2024-06-11 13:38:10,647 [INFO] PluginManager:220 - loadIPPluginJar : add tsc
2024-06-11 13:38:10,650 [INFO] IPUIPlugin:80 - create IPUIPlugin
2024-06-11 13:38:10,650 [INFO] PluginManager:220 - loadIPPluginJar : add ucpd
2024-06-11 13:38:10,655 [INFO] IPUIPlugin:80 - create IPUIPlugin
2024-06-11 13:38:10,655 [INFO] PluginManager:220 - loadIPPluginJar : add usart
2024-06-11 13:38:10,660 [INFO] IPUIPlugin:80 - create IPUIPlugin
2024-06-11 13:38:10,660 [INFO] PluginManager:220 - loadIPPluginJar : add usbx
2024-06-11 13:38:10,793 [INFO] CADModel:165 - CPN selected for project level
2024-06-11 13:38:10,794 [INFO] CADModel:114 - Register for checkConnection events
2024-06-11 13:38:10,794 [FATAL] Updater:308 - Updater called before beeing initialized
2024-06-11 13:38:10,794 [ERROR] CADModel:125 - Updater not yet initialized, retry later 
2024-06-11 13:38:10,975 [INFO] CADModel:165 - CPN selected for project level
2024-06-11 13:38:10,975 [INFO] CADModel:114 - Register for checkConnection events
2024-06-11 13:38:10,975 [FATAL] Updater:308 - Updater called before beeing initialized
2024-06-11 13:38:10,976 [ERROR] CADModel:125 - Updater not yet initialized, retry later 
2024-06-11 13:38:10,981 [FATAL] Updater:308 - Updater called before beeing initialized
2024-06-11 13:38:11,118 [FATAL] Updater:308 - Updater called before beeing initialized
2024-06-11 13:38:11,125 [INFO] DbMcusAds:53 - JSON generation date=Thu May 16 16:22:00 ICT 2024 (1715851320852)
2024-06-11 13:38:11,125 [FATAL] Updater:308 - Updater called before beeing initialized
2024-06-11 13:38:11,182 [WARN] DetailPanel:346 - Failed to get advertising image, set to default
2024-06-11 13:38:11,299 [FATAL] Updater:308 - Updater called before beeing initialized
2024-06-11 13:38:11,301 [FATAL] Updater:308 - Updater called before beeing initialized
2024-06-11 13:38:11,301 [FATAL] Updater:308 - Updater called before beeing initialized
2024-06-11 13:38:11,301 [WARN] DetailPanel:346 - Failed to get advertising image, set to default
2024-06-11 13:38:11,303 [FATAL] Updater:308 - Updater called before beeing initialized
2024-06-11 13:38:11,352 [ERROR] Updater:1120 - MainUpdater not yet initialized. External WinMGr cannot be set.
2024-06-11 13:38:11,355 [INFO] Updater:1056 - Updater Version found : 6.11.0
2024-06-11 13:38:11,383 [INFO] ApplicationProperties:184 - Using Application install path: C:\ST\STM32CubeIDE_1.12.0\STM32CubeIDE\plugins\com.st.stm32cube.common.mx_6.11.0.202403141607
2024-06-11 13:38:11,848 [INFO] MainUpdater:2873 - connection check result : 10
2024-06-11 13:38:11,849 [INFO] MainUpdater:290 - Updater Check For Update Now.
2024-06-11 13:38:11,849 [INFO] MicroXplorer:498 - Change Database Version : DB.6.0.110
2024-06-11 13:38:11,857 [INFO] McuFinderGlobals:63 - Set McuFinder mode to 2 (CubeIDE integrated)
2024-06-11 13:38:11,866 [INFO] UserAuth:415 - Internet connection configuration mode: 1
2024-06-11 13:38:11,897 [INFO] JxBrowserEngine:152 - Initiate JxBrowser Engine with user profile folder
2024-06-11 13:38:12,077 [INFO] CheckServerUpdateThread:120 - End of CheckServer Thread
2024-06-11 13:38:13,180 [INFO] WebApp:161 - Instantiating new browser for Auth
2024-06-11 13:38:13,234 [WARN] PackLoader:240 - Cannot read IP mode file for STMicroelectronics.FP-SNS-MOTENVWB1.1.4.0
2024-06-11 13:38:13,253 [WARN] PackLoader:240 - Cannot read IP mode file for STMicroelectronics.X-CUBE-SMBUS.2.1.0
2024-06-11 13:38:13,263 [WARN] PackLoader:240 - Cannot read IP mode file for STMicroelectronics.X-CUBE-TOUCHGFX.4.23.0
2024-06-11 13:38:13,268 [WARN] PackLoader:240 - Cannot read IP mode file for STMicroelectronics.X-CUBE-TOUCHGFX.4.23.2
2024-06-11 13:38:13,331 [WARN] PackLoader:240 - Cannot read IP mode file for STMicroelectronics.X-CUBE-AZRTOS-F7.1.1.0
2024-06-11 13:38:13,353 [ERROR] RealEvaluatedCondition:428 - Found unsupported composite condition: CLASS='Data Exchange' GROUP='STM32_MetaDataManager'
2024-06-11 13:38:13,353 [ERROR] RealEvaluatedCondition:428 - Found unsupported composite condition: CLASS='Data Exchange' GROUP='STM32_MetaDataManager'
2024-06-11 13:38:13,356 [WARN] PackLoader:240 - Cannot read IP mode file for STMicroelectronics.FP-SNS-MOTENV1.4.3.0
2024-06-11 13:38:13,374 [WARN] PackLoader:240 - Cannot read IP mode file for STMicroelectronics.FP-SNS-MOTENV1.4.3.2
2024-06-11 13:38:13,387 [WARN] PackLoader:240 - Cannot read IP mode file for STMicroelectronics.FP-SNS-FLIGHT1.5.0.0
2024-06-11 13:38:13,394 [ERROR] RealEvaluatedCondition:428 - Found unsupported composite condition: CLASS='Data Exchange' GROUP='STM32_MetaDataManager'
2024-06-11 13:38:13,394 [ERROR] RealEvaluatedCondition:428 - Found unsupported composite condition: GROUP='STM32_MetaDataManager' CLASS='Data Exchange'
2024-06-11 13:38:13,396 [WARN] PackLoader:240 - Cannot read IP mode file for STMicroelectronics.FP-SNS-MOTENV1.4.3.1
2024-06-11 13:38:13,406 [WARN] PackLoader:240 - Cannot read IP mode file for STMicroelectronics.FP-SNS-FLIGHT1.5.0.1
2024-06-11 13:38:13,423 [WARN] PackLoader:240 - Cannot read IP mode file for STMicroelectronics.X-CUBE-BLE1.6.2.4
2024-06-11 13:38:13,434 [WARN] PackLoader:240 - Cannot read IP mode file for STMicroelectronics.FP-SNS-FLIGHT1.5.0.2
2024-06-11 13:38:13,450 [WARN] PackLoader:240 - Cannot read IP mode file for STMicroelectronics.X-CUBE-DISPLAY.3.0.0
2024-06-11 13:38:13,464 [WARN] PackLoader:240 - Cannot read IP mode file for STMicroelectronics.X-CUBE-BLE1.7.0.0
2024-06-11 13:38:13,477 [WARN] PackLoader:240 - Cannot read IP mode file for emotas.I-CUBE-CANOPEN.1.3.0
2024-06-11 13:38:13,483 [WARN] PackLoader:240 - Cannot read IP mode file for STMicroelectronics.X-CUBE-TOUCHGFX.4.22.0
2024-06-11 13:38:13,487 [WARN] PackLoader:240 - Cannot read IP mode file for STMicroelectronics.X-CUBE-TOUCHGFX.4.22.1
2024-06-11 13:38:13,518 [WARN] PackLoader:240 - Cannot read IP mode file for STMicroelectronics.X-CUBE-BLEMGR.3.1.0
2024-06-11 13:38:13,530 [WARN] PackLoader:240 - Cannot read IP mode file for STMicroelectronics.FP-SNS-SMARTAG2.1.2.0
2024-06-11 13:38:13,546 [INFO] LogOutputStream:77 - [STDOUT_REDIRECT] 1 : Invalid condition id : UX_CORESTACK_Condition cause : null
2024-06-11 13:38:13,547 [INFO] LogOutputStream:77 - [STDOUT_REDIRECT] 1 : Invalid condition id : UX_CORESTACK_Condition cause : null
2024-06-11 13:38:13,549 [INFO] LogOutputStream:77 - [STDOUT_REDIRECT] 1 : Invalid condition id : UX_CORESTACK_Condition cause : null
2024-06-11 13:38:13,551 [INFO] LogOutputStream:77 - [STDOUT_REDIRECT] 1 : Invalid condition id : UX_CORESTACK_Condition cause : null
2024-06-11 13:38:13,553 [INFO] LogOutputStream:77 - [STDOUT_REDIRECT] 1 : Invalid condition id : UX_CORESTACK_Condition cause : null
2024-06-11 13:38:13,558 [WARN] PackLoader:240 - Cannot read IP mode file for STMicroelectronics.X-CUBE-AZRTOS-WL.2.0.0
2024-06-11 13:38:13,566 [WARN] PackLoader:240 - Cannot read IP mode file for STMicroelectronics.FP-SNS-MOTENV1.5.0.0
2024-06-11 13:38:13,576 [WARN] PackLoader:240 - Cannot read IP mode file for wolfSSL.I-CUBE-wolfMQTT.1.19.0
2024-06-11 13:38:13,589 [WARN] PackLoader:240 - Cannot read IP mode file for WES.I-CUBE-Cesium.1.3.0
2024-06-11 13:38:13,600 [WARN] PackLoader:240 - Cannot read IP mode file for STMicroelectronics.X-CUBE-BLE2.3.3.0
2024-06-11 13:38:13,619 [WARN] PackLoader:240 - Cannot read IP mode file for STMicroelectronics.X-CUBE-TOF1.3.2.0
2024-06-11 13:38:13,642 [WARN] PackLoader:240 - Cannot read IP mode file for STMicroelectronics.X-CUBE-TCPP.4.1.0
2024-06-11 13:38:13,649 [WARN] PackLoader:240 - Cannot read IP mode file for STMicroelectronics.X-CUBE-TOUCHGFX.4.21.1
2024-06-11 13:38:13,654 [WARN] PackLoader:240 - Cannot read IP mode file for STMicroelectronics.X-CUBE-TOUCHGFX.4.21.3
2024-06-11 13:38:13,659 [WARN] PackLoader:240 - Cannot read IP mode file for STMicroelectronics.X-CUBE-TOUCHGFX.4.21.4
2024-06-11 13:38:13,666 [WARN] PackLoader:240 - Cannot read IP mode file for STMicroelectronics.X-CUBE-AI.7.3.0
2024-06-11 13:38:13,675 [WARN] PackLoader:240 - Cannot read IP mode file for STMicroelectronics.X-CUBE-ALGOBUILD.1.3.0
2024-06-11 13:38:13,696 [WARN] PackLoader:240 - Cannot read IP mode file for STMicroelectronics.X-CUBE-AZRTOS-G0.1.1.0
2024-06-11 13:38:13,707 [WARN] PackLoader:240 - Cannot read IP mode file for STMicroelectronics.X-CUBE-SAFEA1.1.2.2
2024-06-11 13:38:13,718 [WARN] PackLoader:240 - Cannot read IP mode file for STMicroelectronics.X-CUBE-NFC4.3.0.0
2024-06-11 13:38:13,734 [WARN] PackLoader:240 - Cannot read IP mode file for STMicroelectronics.X-CUBE-BLEMGR.3.0.0
2024-06-11 13:38:13,749 [WARN] PackLoader:240 - Cannot read IP mode file for STMicroelectronics.X-CUBE-BLEMGR.1.3.0
2024-06-11 13:38:13,757 [WARN] PackLoader:240 - Cannot read IP mode file for STMicroelectronics.FP-ATR-SIGFOX1.3.2.0
2024-06-11 13:38:13,765 [WARN] PackLoader:240 - Cannot read IP mode file for STMicroelectronics.X-CUBE-EEPRMA1.5.1.0
2024-06-11 13:38:13,822 [WARN] PackLoader:240 - Cannot read IP mode file for STMicroelectronics.X-CUBE-MEMS1.9.5.0
2024-06-11 13:38:14,182 [WARN] PackLoader:240 - Cannot read IP mode file for SEGGER.I-CUBE-embOS.1.3.1
2024-06-11 13:38:14,287 [WARN] PackLoader:240 - Cannot read IP mode file for STMicroelectronics.X-CUBE-ALGOBUILD.1.4.0
2024-06-11 13:38:14,296 [WARN] PackLoader:240 - Cannot read IP mode file for STMicroelectronics.X-CUBE-GNSS1.6.0.0
2024-06-11 13:38:14,327 [WARN] PackLoader:240 - Cannot read IP mode file for STMicroelectronics.X-CUBE-AZRTOS-F4.1.1.0
2024-06-11 13:38:14,337 [WARN] PackLoader:240 - Cannot read IP mode file for wolfSSL.I-CUBE-wolfSSL.5.6.3
2024-06-11 13:38:14,345 [WARN] PackLoader:240 - Cannot read IP mode file for STMicroelectronics.X-CUBE-FREERTOS.1.2.0
2024-06-11 13:38:14,369 [WARN] PackLoader:240 - Cannot read IP mode file for STMicroelectronics.X-CUBE-AZRTOS-L5.2.0.0
2024-06-11 13:38:14,442 [WARN] PackLoader:240 - Cannot read IP mode file for STMicroelectronics.X-CUBE-MEMS1.9.6.0
2024-06-11 13:38:14,501 [INFO] WebApp:779 - Register for checkConnection events
2024-06-11 13:38:14,501 [INFO] WebApp:414 - Apply proxy settings
2024-06-11 13:38:14,502 [INFO] WebApp:499 - Chromium requires no authentication
2024-06-11 13:38:14,533 [INFO] WebApp:442 - Direct internet connection detected
2024-06-11 13:38:14,702 [WARN] PackLoader:240 - Cannot read IP mode file for STMicroelectronics.X-CUBE-EEPRMA1.4.2.0
2024-06-11 13:38:14,716 [WARN] PackLoader:240 - Cannot read IP mode file for STMicroelectronics.X-CUBE-NFC6.3.1.0
2024-06-11 13:38:14,726 [WARN] PackLoader:240 - Cannot read IP mode file for ITTIA_DB.I-CUBE-ITTIADB.8.8.0
2024-06-11 13:38:14,734 [WARN] PackLoader:240 - Cannot read IP mode file for emotas.I-CUBE-CANOPEN.1.1.3
2024-06-11 13:38:14,749 [WARN] PackLoader:240 - Cannot read IP mode file for STMicroelectronics.X-CUBE-BLEMGR.2.0.0
2024-06-11 13:38:14,756 [WARN] PackLoader:240 - Cannot read IP mode file for STMicroelectronics.X-CUBE-AI.9.0.0
2024-06-11 13:38:14,789 [WARN] ConditionMgr:438 - getConditionDescription Invalid condition id : UX DEVICE CLASS RTOS Condition cause : null
2024-06-11 13:38:14,790 [WARN] ConditionMgr:438 - getConditionDescription Invalid condition id : UX DEVICE CLASS RTOS Condition cause : null
2024-06-11 13:38:14,794 [WARN] PackLoader:240 - Cannot read IP mode file for STMicroelectronics.X-CUBE-AZRTOS-H7.3.1.0
2024-06-11 13:38:14,796 [WARN] ConditionMgr:1039 - genDependencies : Invalid condition id : UX DEVICE CLASS RTOS Condition cause : null
2024-06-11 13:38:14,796 [WARN] ConditionMgr:1039 - genDependencies : Invalid condition id : UX DEVICE CLASS RTOS Condition cause : null
2024-06-11 13:38:14,797 [WARN] ConditionMgr:1039 - genDependencies : Invalid condition id : UX DEVICE CLASS RTOS Condition cause : null
2024-06-11 13:38:14,797 [WARN] ConditionMgr:1039 - genDependencies : Invalid condition id : UX DEVICE CLASS RTOS Condition cause : null
2024-06-11 13:38:14,798 [WARN] ConditionMgr:1039 - genDependencies : Invalid condition id : UX DEVICE CLASS RTOS Condition cause : null
2024-06-11 13:38:14,804 [WARN] PackLoader:240 - Cannot read IP mode file for wolfSSL.I-CUBE-wolfSSL.5.5.4
2024-06-11 13:38:14,813 [WARN] PackLoader:240 - Cannot read IP mode file for STMicroelectronics.X-CUBE-NFC7.1.0.1
2024-06-11 13:38:14,820 [WARN] PackLoader:240 - Cannot read IP mode file for STMicroelectronics.X-CUBE-NFC7.1.0.0
2024-06-11 13:38:14,834 [WARN] PackLoader:240 - Cannot read IP mode file for STMicroelectronics.X-CUBE-NFC6.3.0.0
2024-06-11 13:38:14,845 [WARN] PackLoader:240 - Cannot read IP mode file for STMicroelectronics.X-CUBE-EEPRMA1.4.1.0
2024-06-11 13:38:14,850 [WARN] PackLoader:240 - Cannot read IP mode file for STMicroelectronics.X-CUBE-AI.8.1.0
2024-06-11 13:38:14,874 [WARN] ConditionMgr:438 - getConditionDescription Invalid condition id : LAN8742 Phy interface Condition cause : null
2024-06-11 13:38:14,875 [WARN] PackLoader:240 - Cannot read IP mode file for STMicroelectronics.X-CUBE-AZRTOS-L4.2.0.0
2024-06-11 13:38:14,876 [WARN] ConditionMgr:1039 - genDependencies : Invalid condition id : LAN8742 Phy interface Condition cause : null
2024-06-11 13:38:14,876 [WARN] ConditionMgr:1039 - genDependencies : Invalid condition id : LAN8742 Phy interface Condition cause : null
2024-06-11 13:38:14,877 [WARN] ConditionMgr:1039 - genDependencies : Invalid condition id : LAN8742 Phy interface Condition cause : null
2024-06-11 13:38:14,885 [WARN] PackLoader:240 - Cannot read IP mode file for STMicroelectronics.X-CUBE-SFXS2LP1.4.0.0
2024-06-11 13:38:14,924 [WARN] PackLoader:240 - Cannot read IP mode file for STMicroelectronics.X-CUBE-AZRTOS-H7.3.0.0
2024-06-11 13:38:14,951 [WARN] PackLoader:240 - Cannot read IP mode file for STMicroelectronics.X-CUBE-ISPU.1.1.0
2024-06-11 13:38:14,961 [WARN] PackLoader:240 - Cannot read IP mode file for RoweBots.I-CUBE-UNISONRTOS.5.5.0-4
2024-06-11 13:38:14,969 [WARN] PackLoader:240 - Cannot read IP mode file for STMicroelectronics.X-CUBE-AI.8.0.0
2024-06-11 13:38:14,986 [WARN] ConditionMgr:438 - getConditionDescription Invalid condition id : UX DEVICE CLASS RTOS Condition cause : null
2024-06-11 13:38:14,986 [WARN] ConditionMgr:438 - getConditionDescription Invalid condition id : UX DEVICE CLASS RTOS Condition cause : null
2024-06-11 13:38:14,991 [WARN] PackLoader:240 - Cannot read IP mode file for STMicroelectronics.X-CUBE-AZRTOS-WB.2.0.0
2024-06-11 13:38:14,992 [WARN] ConditionMgr:1039 - genDependencies : Invalid condition id : UX DEVICE CLASS RTOS Condition cause : null
2024-06-11 13:38:14,992 [WARN] ConditionMgr:1039 - genDependencies : Invalid condition id : UX DEVICE CLASS RTOS Condition cause : null
2024-06-11 13:38:14,992 [WARN] ConditionMgr:1039 - genDependencies : Invalid condition id : UX DEVICE CLASS RTOS Condition cause : null
2024-06-11 13:38:14,993 [WARN] ConditionMgr:1039 - genDependencies : Invalid condition id : UX DEVICE CLASS RTOS Condition cause : null
2024-06-11 13:38:14,993 [WARN] ConditionMgr:1039 - genDependencies : Invalid condition id : UX DEVICE CLASS RTOS Condition cause : null
2024-06-11 13:38:15,000 [WARN] PackLoader:240 - Cannot read IP mode file for STMicroelectronics.X-CUBE-FREERTOS.1.0.0
2024-06-11 13:38:15,003 [INFO] WebApp:192 - Starting web application
2024-06-11 13:38:15,003 [INFO] WebApp:544 - Web application path used C:\ST\STM32CubeIDE_1.12.0\STM32CubeIDE\plugins\com.st.stm32cube.common.mx_6.11.0.202403141607\db\plugins\mcufinder\reactClient1\index.html
2024-06-11 13:38:15,006 [WARN] PackLoader:240 - Cannot read IP mode file for STMicroelectronics.X-CUBE-FREERTOS.1.0.1
2024-06-11 13:38:15,030 [WARN] PackLoader:240 - Cannot read IP mode file for STMicroelectronics.X-CUBE-AZRTOS-L5.1.1.0
2024-06-11 13:38:15,041 [WARN] PackLoader:240 - Cannot read IP mode file for STMicroelectronics.X-CUBE-AI.8.0.1
2024-06-11 13:38:15,055 [WARN] PackLoader:240 - Cannot read IP mode file for STMicroelectronics.X-CUBE-SUBG2.5.0.0
2024-06-11 13:38:15,074 [WARN] PackLoader:240 - Cannot read IP mode file for STMicroelectronics.X-CUBE-TOF1.3.3.1
2024-06-11 13:38:15,104 [WARN] PackLoader:240 - Cannot read IP mode file for STMicroelectronics.X-CUBE-AZRTOS-G4.2.0.0
2024-06-11 13:38:15,118 [WARN] PackLoader:240 - Cannot read IP mode file for STMicroelectronics.X-CUBE-TOF1.3.3.0
2024-06-11 13:38:15,130 [WARN] PackLoader:240 - Cannot read IP mode file for STMicroelectronics.FP-ATR-ASTRA1.1.1.1
2024-06-11 13:38:15,143 [WARN] PackLoader:240 - Cannot read IP mode file for Infineon.AIROC-Wi-Fi-Bluetooth-STM32.1.5.1
2024-06-11 13:38:15,150 [WARN] PackLoader:240 - Cannot read IP mode file for STMicroelectronics.FP-SNS-MOTENVWB1.1.3.0
2024-06-11 13:38:15,156 [WARN] PackLoader:240 - Cannot read IP mode file for STMicroelectronics.FP-SNS-MOTENVWB1.1.3.1
2024-06-11 13:38:15,177 [WARN] PackLoader:240 - Cannot read IP mode file for STMicroelectronics.X-CUBE-AZRTOS-G4.1.0.0
2024-06-11 13:38:15,203 [WARN] PackLoader:240 - Cannot read IP mode file for STMicroelectronics.X-CUBE-AZRTOS-L4.1.0.0
2024-06-11 13:38:15,212 [WARN] PackLoader:240 - Cannot read IP mode file for STMicroelectronics.X-CUBE-ISPU.2.0.0
2024-06-11 13:38:15,223 [WARN] PackLoader:240 - Cannot read IP mode file for STMicroelectronics.X-CUBE-ALS.1.0.2
2024-06-11 13:38:15,295 [WARN] PackLoader:240 - Cannot read IP mode file for STMicroelectronics.X-CUBE-MEMS1.10.0.0
2024-06-11 13:38:15,502 [WARN] PackLoader:240 - Cannot read IP mode file for STMicroelectronics.X-CUBE-FREERTOS.1.1.0
2024-06-11 13:38:15,517 [WARN] PackLoader:240 - Cannot read IP mode file for STMicroelectronics.X-CUBE-AZRTOS-WL.1.0.0
2024-06-11 13:38:15,527 [WARN] PackLoader:240 - Cannot read IP mode file for portGmbH.I-Cube-SoM-uGOAL.1.1.0
2024-06-11 13:38:15,533 [WARN] PackLoader:240 - Cannot read IP mode file for STMicroelectronics.X-CUBE-ALS.1.0.1
2024-06-11 13:38:15,552 [WARN] PackLoader:240 - Cannot read IP mode file for STMicroelectronics.X-CUBE-AZRTOS-WB.1.1.0
2024-06-11 13:38:15,580 [WARN] PackLoader:240 - Cannot read IP mode file for STMicroelectronics.X-CUBE-AZRTOS-H7RS.1.0.0
2024-06-11 13:38:15,590 [WARN] PackLoader:240 - Cannot read IP mode file for STMicroelectronics.FP-ATR-ASTRA1.2.0.0
2024-06-11 13:38:15,612 [WARN] PackLoader:240 - Cannot read IP mode file for STMicroelectronics.X-CUBE-TOF1.3.4.0
2024-06-11 13:38:15,649 [WARN] PackLoader:240 - Cannot read IP mode file for STMicroelectronics.X-CUBE-TOF1.3.4.1
2024-06-11 13:38:15,706 [WARN] PackLoader:240 - Cannot read IP mode file for STMicroelectronics.X-CUBE-AZRTOS-H7.3.2.0
2024-06-11 13:38:15,711 [INFO] ThirdParty:978 - Integrity check success = true
2024-06-11 13:38:15,711 [INFO] IntegrityCheckThread:100 - exiting critical section [integrity check]
2024-06-11 13:38:15,711 [INFO] IntegrityCheckThread:103 - End integrity checks thread
2024-06-11 13:43:44,947 [ERROR] LogOutputStream:75 - [STDERR_REDIRECT] 
2024-06-11 16:46:32,909 [INFO] Activator:176 - 


2024-06-11 16:46:32,913 [INFO] Activator:177 - !SESSION log4j initialized
2024-06-11 16:46:40,801 [INFO] LogOutputStream:77 - [STDOUT_REDIRECT] 
2024-06-11 16:46:52,366 [INFO] ApplicationProperties:184 - Using Application install path: C:\ST\STM32CubeIDE_1.12.0\STM32CubeIDE\plugins\com.st.stm32cube.common.mx_6.11.0.202403141607
2024-06-11 16:46:52,388 [INFO] DbMcusXml:78 - Set database path to: C:\ST\STM32CubeIDE_1.12.0\STM32CubeIDE\plugins\com.st.stm32cube.common.mx_6.11.0.202403141607\\db\/mcu/
2024-06-11 16:46:52,389 [INFO] ApiDb:274 - Set plugin database path to: C:\ST\STM32CubeIDE_1.12.0\STM32CubeIDE\plugins\com.st.stm32cube.common.mx_6.11.0.202403141607\\db\/plugins/boardmanager/
2024-06-11 16:46:52,389 [WARN] ApiDb:259 - Overriding images path with different value:  => C:\ST\STM32CubeIDE_1.12.0\STM32CubeIDE\plugins\com.st.stm32cube.common.mx_6.11.0.202403141607\\db\/plugins/mcufinder/images/
2024-06-11 16:46:52,399 [INFO] ApiDb:250 - Set database path to: C:\Users\ADMIN\.stmcufinder\plugins\mcufinder//mcu/
2024-06-11 16:46:52,400 [INFO] DbMcusAds:125 - Set database path to: C:\Users\ADMIN\.stmcufinder\plugins\mcufinder//mcu/
2024-06-11 16:46:52,406 [INFO] CrossReferenceDbSqlite:203 - Set database path to: C:\Users\ADMIN\.stmcufinder\plugins\mcufinder//mcu/cs/
2024-06-11 16:46:52,563 [INFO] RulesReader:64 - Compatibility file has been processed (297 Rules)
2024-06-11 16:46:52,676 [INFO] DbMcusXml:78 - Set database path to: C:\ST\STM32CubeIDE_1.12.0\STM32CubeIDE\plugins\com.st.stm32cube.common.mx_6.11.0.202403141607\\db\/mcu/
2024-06-11 16:46:52,676 [INFO] ApiDb:274 - Set plugin database path to: C:\ST\STM32CubeIDE_1.12.0\STM32CubeIDE\plugins\com.st.stm32cube.common.mx_6.11.0.202403141607\\db\/plugins/boardmanager/
2024-06-11 16:46:52,676 [INFO] ApiDb:261 - Set plugin images path to: C:\ST\STM32CubeIDE_1.12.0\STM32CubeIDE\plugins\com.st.stm32cube.common.mx_6.11.0.202403141607\\db\/plugins/mcufinder/images/
2024-06-11 16:46:52,677 [WARN] DbFile:41 - Overriding database path with different value: C:\Users\ADMIN\.stmcufinder\plugins\mcufinder/ => C:\Users\ADMIN\.stmcufinder\plugins\mcufinder
2024-06-11 16:46:52,677 [INFO] ApiDb:250 - Set database path to: C:\Users\ADMIN\.stmcufinder\plugins\mcufinder//mcu/
2024-06-11 16:46:52,677 [WARN] DbFile:41 - Overriding database path with different value: C:\Users\ADMIN\.stmcufinder\plugins\mcufinder/ => C:\Users\ADMIN\.stmcufinder\plugins\mcufinder
2024-06-11 16:46:52,677 [INFO] DbMcusAds:125 - Set database path to: C:\Users\ADMIN\.stmcufinder\plugins\mcufinder//mcu/
2024-06-11 16:46:52,677 [WARN] DbFile:41 - Overriding database path with different value: C:\Users\ADMIN\.stmcufinder\plugins\mcufinder/ => C:\Users\ADMIN\.stmcufinder\plugins\mcufinder
2024-06-11 16:46:52,677 [WARN] DbFile:41 - Overriding database path with different value: C:\Users\ADMIN\.stmcufinder\plugins\mcufinder/ => C:\Users\ADMIN\.stmcufinder\plugins\mcufinder
2024-06-11 16:46:52,678 [INFO] CrossReferenceDbSqlite:203 - Set database path to: C:\Users\ADMIN\.stmcufinder\plugins\mcufinder//mcu/cs/
2024-06-11 16:46:52,782 [INFO] MainPanel:264 - HeapMemory: 268435456
2024-06-11 16:46:52,896 [INFO] DbMcusXml:78 - Set database path to: C:\ST\STM32CubeIDE_1.12.0\STM32CubeIDE\plugins\com.st.stm32cube.common.mx_6.11.0.202403141607\\db\/mcu/
2024-06-11 16:46:52,896 [INFO] ApiDb:274 - Set plugin database path to: C:\ST\STM32CubeIDE_1.12.0\STM32CubeIDE\plugins\com.st.stm32cube.common.mx_6.11.0.202403141607\\db\/plugins/boardmanager/
2024-06-11 16:46:52,897 [INFO] ApiDb:261 - Set plugin images path to: C:\ST\STM32CubeIDE_1.12.0\STM32CubeIDE\plugins\com.st.stm32cube.common.mx_6.11.0.202403141607\\db\/plugins/mcufinder/images/
2024-06-11 16:46:52,897 [WARN] DbFile:41 - Overriding database path with different value: C:\Users\ADMIN\.stmcufinder\plugins\mcufinder/ => C:\Users\ADMIN\.stmcufinder\plugins\mcufinder
2024-06-11 16:46:52,897 [INFO] ApiDb:250 - Set database path to: C:\Users\ADMIN\.stmcufinder\plugins\mcufinder//mcu/
2024-06-11 16:46:52,898 [WARN] DbFile:41 - Overriding database path with different value: C:\Users\ADMIN\.stmcufinder\plugins\mcufinder/ => C:\Users\ADMIN\.stmcufinder\plugins\mcufinder
2024-06-11 16:46:52,898 [INFO] DbMcusAds:125 - Set database path to: C:\Users\ADMIN\.stmcufinder\plugins\mcufinder//mcu/
2024-06-11 16:46:52,898 [WARN] DbFile:41 - Overriding database path with different value: C:\Users\ADMIN\.stmcufinder\plugins\mcufinder/ => C:\Users\ADMIN\.stmcufinder\plugins\mcufinder
2024-06-11 16:46:52,898 [WARN] DbFile:41 - Overriding database path with different value: C:\Users\ADMIN\.stmcufinder\plugins\mcufinder/ => C:\Users\ADMIN\.stmcufinder\plugins\mcufinder
2024-06-11 16:46:52,898 [INFO] CrossReferenceDbSqlite:203 - Set database path to: C:\Users\ADMIN\.stmcufinder\plugins\mcufinder//mcu/cs/
2024-06-11 16:46:52,921 [INFO] ApplicationProperties:184 - Using Application install path: C:\ST\STM32CubeIDE_1.12.0\STM32CubeIDE\plugins\com.st.stm32cube.common.mx_6.11.0.202403141607
2024-06-11 16:46:52,923 [INFO] PluginManage:196 - Search for loadable plugins [exclusion list=, ]
2024-06-11 16:46:52,924 [INFO] PluginManage:310 - Check plugin analytics
2024-06-11 16:47:02,637 [INFO] AnalyticsPlugin:253 - Accepted Software Licenses: 
2024-06-11 16:47:02,637 [INFO] AnalyticsPlugin:255 - Accepted CMSIS Pack Licenses: 
2024-06-11 16:47:02,638 [INFO] AnalyticsPlugin:257 - Accepted Firmware Licenses: 
2024-06-11 16:47:02,642 [INFO] PluginManage:359 - Loaded plugin analytics (category:tool,tabindex:-1)
2024-06-11 16:47:02,643 [INFO] PluginManage:310 - Check plugin cadmodel
2024-06-11 16:47:02,648 [INFO] CADModel:105 - Init CAD model plugin
2024-06-11 16:47:02,648 [INFO] PluginManage:359 - Loaded plugin cadmodel (category:power,tabindex:5)
2024-06-11 16:47:02,649 [INFO] PluginManage:310 - Check plugin clock
2024-06-11 16:47:02,659 [INFO] PluginManage:359 - Loaded plugin clock (category:base,tabindex:2)
2024-06-11 16:47:02,659 [INFO] PluginManage:310 - Check plugin ddr
2024-06-11 16:47:02,662 [INFO] PluginManage:359 - Loaded plugin ddr (category:tool,tabindex:6)
2024-06-11 16:47:02,662 [INFO] PluginManage:310 - Check plugin filemanager
2024-06-11 16:47:02,832 [INFO] PluginManage:359 - Loaded plugin filemanager (category:base,tabindex:10)
2024-06-11 16:47:02,833 [INFO] PluginManage:310 - Check plugin ipmanager
2024-06-11 16:47:02,840 [INFO] PluginManage:359 - Loaded plugin ipmanager (category:base,tabindex:5)
2024-06-11 16:47:02,841 [INFO] PluginManage:310 - Check plugin lpbam
2024-06-11 16:47:02,851 [INFO] PluginManage:359 - Loaded plugin lpbam (category:base,tabindex:0)
2024-06-11 16:47:02,852 [INFO] PluginManage:310 - Check plugin memorymap
2024-06-11 16:47:02,865 [INFO] PluginManage:359 - Loaded plugin memorymap (category:base,tabindex:4)
2024-06-11 16:47:02,865 [INFO] PluginManage:310 - Check plugin pinoutandconfiguration
2024-06-11 16:47:02,876 [INFO] PluginManage:359 - Loaded plugin pinoutandconfiguration (category:base,tabindex:1)
2024-06-11 16:47:02,876 [INFO] PluginManage:310 - Check plugin pinoutconfig
2024-06-11 16:47:02,982 [WARN] SupportedApi:132 - Cannot load RTOS API schema: s4s-elt-must-match.1: The content of 'definitions' must match (annotation?, (simpleType | complexType)?, (unique | key | keyref)*)). A problem was found starting at: attribute.
2024-06-11 16:47:03,154 [INFO] PluginManage:359 - Loaded plugin pinoutconfig (category:base,tabindex:0)
2024-06-11 16:47:03,155 [INFO] PluginManage:310 - Check plugin power
2024-06-11 16:47:03,168 [INFO] PluginManage:359 - Loaded plugin power (category:power,tabindex:4)
2024-06-11 16:47:03,168 [INFO] PluginManage:310 - Check plugin projectmanager
2024-06-11 16:47:03,190 [INFO] PluginManage:359 - Loaded plugin projectmanager (category:projectmanager,tabindex:3)
2024-06-11 16:47:03,190 [INFO] PluginManage:310 - Check plugin thirdparty
2024-06-11 16:47:03,366 [INFO] PluginManage:359 - Loaded plugin thirdparty (category:base,tabindex:-1)
2024-06-11 16:47:03,366 [INFO] PluginManage:310 - Check plugin tools
2024-06-11 16:47:03,366 [WARN] IntegrityCheckThread:84 - waiting for thirdparty lock release [integrity check]
2024-06-11 16:47:03,367 [INFO] IntegrityCheckThread:86 - entering critical section [integrity check]
2024-06-11 16:47:03,367 [INFO] ThirdPartyUpdaterWithRetryManager:70 - Updater plugin not ready yet. [1/15]
2024-06-11 16:47:03,370 [INFO] PluginManage:359 - Loaded plugin tools (category:base,tabindex:7)
2024-06-11 16:47:03,370 [INFO] PluginManage:310 - Check plugin tutovideos
2024-06-11 16:47:03,588 [INFO] PluginManage:359 - Loaded plugin tutovideos (category:base,tabindex:-1)
2024-06-11 16:47:03,589 [INFO] PluginManage:310 - Check plugin updater
2024-06-11 16:47:03,602 [INFO] PluginManage:359 - Loaded plugin updater (category:base,tabindex:12)
2024-06-11 16:47:03,602 [INFO] PluginManage:310 - Check plugin userauth
2024-06-11 16:47:03,608 [INFO] UserAuth:114 - Init User Auth plugin
2024-06-11 16:47:03,608 [INFO] PluginManage:359 - Loaded plugin userauth (category:base,tabindex:14)
2024-06-11 16:47:03,608 [INFO] PluginManage:283 - PluginManage : Loaded plugins [17]
2024-06-11 16:47:03,854 [INFO] PinOutPanel:1561 - setPackage(No Configuration,No Configuration)
2024-06-11 16:47:03,942 [INFO] CADModel:165 - CPN selected for project level
2024-06-11 16:47:03,943 [INFO] CADModel:114 - Register for checkConnection events
2024-06-11 16:47:03,961 [INFO] IPUIPlugin:80 - create IPUIPlugin
2024-06-11 16:47:03,961 [INFO] PluginManager:220 - loadIPPluginJar : add adc
2024-06-11 16:47:03,964 [INFO] IPUIPlugin:80 - create IPUIPlugin
2024-06-11 16:47:03,964 [INFO] PluginManager:220 - loadIPPluginJar : add aes
2024-06-11 16:47:03,967 [INFO] IPUIPlugin:80 - create IPUIPlugin
2024-06-11 16:47:03,967 [INFO] PluginManager:220 - loadIPPluginJar : add can
2024-06-11 16:47:03,969 [INFO] IPUIPlugin:80 - create IPUIPlugin
2024-06-11 16:47:03,970 [INFO] PluginManager:220 - loadIPPluginJar : add comp
2024-06-11 16:47:03,972 [INFO] IPUIPlugin:80 - create IPUIPlugin
2024-06-11 16:47:03,973 [INFO] PluginManager:220 - loadIPPluginJar : add cryp
2024-06-11 16:47:03,975 [INFO] IPUIPlugin:80 - create IPUIPlugin
2024-06-11 16:47:03,976 [INFO] PluginManager:220 - loadIPPluginJar : add dfsdm
2024-06-11 16:47:03,982 [INFO] IPUIPlugin:80 - create IPUIPlugin
2024-06-11 16:47:03,983 [INFO] PluginManager:220 - loadIPPluginJar : add dma
2024-06-11 16:47:03,985 [INFO] IPUIPlugin:80 - create IPUIPlugin
2024-06-11 16:47:03,986 [INFO] PluginManager:220 - loadIPPluginJar : add dma3
2024-06-11 16:47:03,989 [INFO] IPUIPlugin:80 - create IPUIPlugin
2024-06-11 16:47:03,989 [INFO] PluginManager:220 - loadIPPluginJar : add extmemmanager
2024-06-11 16:47:03,991 [INFO] IPUIPlugin:80 - create IPUIPlugin
2024-06-11 16:47:03,991 [INFO] PluginManager:220 - loadIPPluginJar : add fatfs
2024-06-11 16:47:03,996 [INFO] IPUIPlugin:80 - create IPUIPlugin
2024-06-11 16:47:03,996 [INFO] PluginManager:220 - loadIPPluginJar : add fmc
2024-06-11 16:47:04,003 [INFO] IPUIPlugin:80 - create IPUIPlugin
2024-06-11 16:47:04,003 [INFO] PluginManager:220 - loadIPPluginJar : add freertos
2024-06-11 16:47:04,005 [INFO] IPUIPlugin:80 - create IPUIPlugin
2024-06-11 16:47:04,005 [INFO] PluginManager:220 - loadIPPluginJar : add genericplugin
2024-06-11 16:47:04,008 [INFO] IPUIPlugin:80 - create IPUIPlugin
2024-06-11 16:47:04,008 [INFO] PluginManager:220 - loadIPPluginJar : add gfxmmu
2024-06-11 16:47:04,013 [INFO] IPUIPlugin:80 - create IPUIPlugin
2024-06-11 16:47:04,013 [INFO] PluginManager:220 - loadIPPluginJar : add gic
2024-06-11 16:47:04,018 [INFO] IPUIPlugin:80 - create IPUIPlugin
2024-06-11 16:47:04,018 [INFO] PluginManager:220 - loadIPPluginJar : add gpio
2024-06-11 16:47:04,021 [INFO] IPUIPlugin:80 - create IPUIPlugin
2024-06-11 16:47:04,021 [INFO] PluginManager:220 - loadIPPluginJar : add gtzc
2024-06-11 16:47:04,023 [INFO] IPUIPlugin:80 - create IPUIPlugin
2024-06-11 16:47:04,023 [INFO] PluginManager:220 - loadIPPluginJar : add hash
2024-06-11 16:47:04,027 [INFO] IPUIPlugin:80 - create IPUIPlugin
2024-06-11 16:47:04,027 [INFO] PluginManager:220 - loadIPPluginJar : add i2c
2024-06-11 16:47:04,030 [INFO] IPUIPlugin:80 - create IPUIPlugin
2024-06-11 16:47:04,031 [INFO] PluginManager:220 - loadIPPluginJar : add i2s
2024-06-11 16:47:04,034 [INFO] IPUIPlugin:80 - create IPUIPlugin
2024-06-11 16:47:04,035 [INFO] PluginManager:220 - loadIPPluginJar : add i3c
2024-06-11 16:47:04,039 [INFO] IPUIPlugin:80 - create IPUIPlugin
2024-06-11 16:47:04,040 [INFO] PluginManager:220 - loadIPPluginJar : add ipddr
2024-06-11 16:47:04,049 [INFO] IPUIPlugin:80 - create IPUIPlugin
2024-06-11 16:47:04,049 [INFO] PluginManager:220 - loadIPPluginJar : add linkedlist
2024-06-11 16:47:04,053 [INFO] IPUIPlugin:80 - create IPUIPlugin
2024-06-11 16:47:04,053 [INFO] PluginManager:220 - loadIPPluginJar : add lorawan
2024-06-11 16:47:04,055 [INFO] IPUIPlugin:80 - create IPUIPlugin
2024-06-11 16:47:04,055 [INFO] PluginManager:220 - loadIPPluginJar : add ltdc
2024-06-11 16:47:04,062 [INFO] IPUIPlugin:80 - create IPUIPlugin
2024-06-11 16:47:04,062 [INFO] PluginManager:220 - loadIPPluginJar : add mdma
2024-06-11 16:47:04,066 [INFO] IPUIPlugin:80 - create IPUIPlugin
2024-06-11 16:47:04,066 [INFO] PluginManager:220 - loadIPPluginJar : add nvic
2024-06-11 16:47:04,070 [INFO] IPUIPlugin:80 - create IPUIPlugin
2024-06-11 16:47:04,070 [INFO] PluginManager:220 - loadIPPluginJar : add opamp
2024-06-11 16:47:04,073 [INFO] IPUIPlugin:80 - create IPUIPlugin
2024-06-11 16:47:04,074 [INFO] PluginManager:220 - loadIPPluginJar : add openamp
2024-06-11 16:47:04,078 [INFO] IPUIPlugin:80 - create IPUIPlugin
2024-06-11 16:47:04,078 [INFO] PluginManager:220 - loadIPPluginJar : add pdm2pcm
2024-06-11 16:47:04,086 [INFO] IPUIPlugin:80 - create IPUIPlugin
2024-06-11 16:47:04,090 [INFO] PluginManager:220 - loadIPPluginJar : add plateformsettings
2024-06-11 16:47:04,092 [INFO] IPUIPlugin:80 - create IPUIPlugin
2024-06-11 16:47:04,093 [INFO] PluginManager:220 - loadIPPluginJar : add quadspi
2024-06-11 16:47:04,097 [INFO] IPUIPlugin:80 - create IPUIPlugin
2024-06-11 16:47:04,097 [INFO] PluginManager:220 - loadIPPluginJar : add resmgrutility
2024-06-11 16:47:04,100 [INFO] IPUIPlugin:80 - create IPUIPlugin
2024-06-11 16:47:04,101 [INFO] PluginManager:220 - loadIPPluginJar : add sai
2024-06-11 16:47:04,104 [INFO] IPUIPlugin:80 - create IPUIPlugin
2024-06-11 16:47:04,104 [INFO] PluginManager:220 - loadIPPluginJar : add spi
2024-06-11 16:47:04,110 [INFO] IPUIPlugin:80 - create IPUIPlugin
2024-06-11 16:47:04,110 [INFO] PluginManager:220 - loadIPPluginJar : add stm32_wpan
2024-06-11 16:47:04,112 [INFO] IPUIPlugin:80 - create IPUIPlugin
2024-06-11 16:47:04,113 [INFO] PluginManager:220 - loadIPPluginJar : add tim
2024-06-11 16:47:04,117 [INFO] IPUIPlugin:80 - create IPUIPlugin
2024-06-11 16:47:04,117 [INFO] PluginManager:220 - loadIPPluginJar : add touchsensing
2024-06-11 16:47:04,119 [INFO] IPUIPlugin:80 - create IPUIPlugin
2024-06-11 16:47:04,120 [INFO] PluginManager:220 - loadIPPluginJar : add tracer_emb
2024-06-11 16:47:04,122 [INFO] IPUIPlugin:80 - create IPUIPlugin
2024-06-11 16:47:04,123 [INFO] PluginManager:220 - loadIPPluginJar : add ts
2024-06-11 16:47:04,126 [INFO] IPUIPlugin:80 - create IPUIPlugin
2024-06-11 16:47:04,126 [INFO] PluginManager:220 - loadIPPluginJar : add tsc
2024-06-11 16:47:04,129 [INFO] IPUIPlugin:80 - create IPUIPlugin
2024-06-11 16:47:04,129 [INFO] PluginManager:220 - loadIPPluginJar : add ucpd
2024-06-11 16:47:04,133 [INFO] IPUIPlugin:80 - create IPUIPlugin
2024-06-11 16:47:04,133 [INFO] PluginManager:220 - loadIPPluginJar : add usart
2024-06-11 16:47:04,137 [INFO] IPUIPlugin:80 - create IPUIPlugin
2024-06-11 16:47:04,137 [INFO] PluginManager:220 - loadIPPluginJar : add usbx
2024-06-11 16:47:04,260 [INFO] CADModel:165 - CPN selected for project level
2024-06-11 16:47:04,261 [INFO] CADModel:114 - Register for checkConnection events
2024-06-11 16:47:04,261 [FATAL] Updater:308 - Updater called before beeing initialized
2024-06-11 16:47:04,261 [ERROR] CADModel:125 - Updater not yet initialized, retry later 
2024-06-11 16:47:04,424 [INFO] CADModel:165 - CPN selected for project level
2024-06-11 16:47:04,424 [INFO] CADModel:114 - Register for checkConnection events
2024-06-11 16:47:04,424 [FATAL] Updater:308 - Updater called before beeing initialized
2024-06-11 16:47:04,424 [ERROR] CADModel:125 - Updater not yet initialized, retry later 
2024-06-11 16:47:04,429 [FATAL] Updater:308 - Updater called before beeing initialized
2024-06-11 16:47:04,550 [FATAL] Updater:308 - Updater called before beeing initialized
2024-06-11 16:47:04,556 [INFO] DbMcusAds:53 - JSON generation date=Thu May 16 16:22:00 ICT 2024 (1715851320852)
2024-06-11 16:47:04,556 [FATAL] Updater:308 - Updater called before beeing initialized
2024-06-11 16:47:04,602 [WARN] DetailPanel:346 - Failed to get advertising image, set to default
2024-06-11 16:47:04,704 [FATAL] Updater:308 - Updater called before beeing initialized
2024-06-11 16:47:04,706 [FATAL] Updater:308 - Updater called before beeing initialized
2024-06-11 16:47:04,706 [FATAL] Updater:308 - Updater called before beeing initialized
2024-06-11 16:47:04,706 [WARN] DetailPanel:346 - Failed to get advertising image, set to default
2024-06-11 16:47:04,707 [FATAL] Updater:308 - Updater called before beeing initialized
2024-06-11 16:47:04,753 [ERROR] Updater:1120 - MainUpdater not yet initialized. External WinMGr cannot be set.
2024-06-11 16:47:04,755 [INFO] Updater:1056 - Updater Version found : 6.11.0
2024-06-11 16:47:04,784 [INFO] ApplicationProperties:184 - Using Application install path: C:\ST\STM32CubeIDE_1.12.0\STM32CubeIDE\plugins\com.st.stm32cube.common.mx_6.11.0.202403141607
2024-06-11 16:47:05,278 [INFO] MainUpdater:2873 - connection check result : 10
2024-06-11 16:47:05,279 [INFO] MainUpdater:290 - Updater Check For Update Now.
2024-06-11 16:47:05,279 [INFO] MicroXplorer:498 - Change Database Version : DB.6.0.110
2024-06-11 16:47:05,290 [INFO] McuFinderGlobals:63 - Set McuFinder mode to 2 (CubeIDE integrated)
2024-06-11 16:47:05,298 [INFO] UserAuth:415 - Internet connection configuration mode: 1
2024-06-11 16:47:05,322 [INFO] JxBrowserEngine:152 - Initiate JxBrowser Engine with user profile folder
2024-06-11 16:47:05,497 [INFO] CheckServerUpdateThread:120 - End of CheckServer Thread
2024-06-11 16:47:06,203 [INFO] WebApp:161 - Instantiating new browser for Auth
2024-06-11 16:47:06,797 [WARN] PackLoader:240 - Cannot read IP mode file for STMicroelectronics.FP-SNS-MOTENVWB1.1.4.0
2024-06-11 16:47:06,816 [WARN] PackLoader:240 - Cannot read IP mode file for STMicroelectronics.X-CUBE-SMBUS.2.1.0
2024-06-11 16:47:06,823 [WARN] PackLoader:240 - Cannot read IP mode file for STMicroelectronics.X-CUBE-TOUCHGFX.4.23.0
2024-06-11 16:47:06,827 [WARN] PackLoader:240 - Cannot read IP mode file for STMicroelectronics.X-CUBE-TOUCHGFX.4.23.2
2024-06-11 16:47:06,899 [WARN] PackLoader:240 - Cannot read IP mode file for STMicroelectronics.X-CUBE-AZRTOS-F7.1.1.0
2024-06-11 16:47:06,921 [ERROR] RealEvaluatedCondition:428 - Found unsupported composite condition: CLASS='Data Exchange' GROUP='STM32_MetaDataManager'
2024-06-11 16:47:06,921 [ERROR] RealEvaluatedCondition:428 - Found unsupported composite condition: GROUP='STM32_MetaDataManager' CLASS='Data Exchange'
2024-06-11 16:47:06,924 [WARN] PackLoader:240 - Cannot read IP mode file for STMicroelectronics.FP-SNS-MOTENV1.4.3.0
2024-06-11 16:47:06,936 [WARN] PackLoader:240 - Cannot read IP mode file for STMicroelectronics.FP-SNS-MOTENV1.4.3.2
2024-06-11 16:47:06,946 [WARN] PackLoader:240 - Cannot read IP mode file for STMicroelectronics.FP-SNS-FLIGHT1.5.0.0
2024-06-11 16:47:06,951 [ERROR] RealEvaluatedCondition:428 - Found unsupported composite condition: CLASS='Data Exchange' GROUP='STM32_MetaDataManager'
2024-06-11 16:47:06,952 [ERROR] RealEvaluatedCondition:428 - Found unsupported composite condition: CLASS='Data Exchange' GROUP='STM32_MetaDataManager'
2024-06-11 16:47:06,954 [WARN] PackLoader:240 - Cannot read IP mode file for STMicroelectronics.FP-SNS-MOTENV1.4.3.1
2024-06-11 16:47:06,963 [WARN] PackLoader:240 - Cannot read IP mode file for STMicroelectronics.FP-SNS-FLIGHT1.5.0.1
2024-06-11 16:47:06,975 [WARN] PackLoader:240 - Cannot read IP mode file for STMicroelectronics.X-CUBE-BLE1.6.2.4
2024-06-11 16:47:06,982 [WARN] PackLoader:240 - Cannot read IP mode file for STMicroelectronics.FP-SNS-FLIGHT1.5.0.2
2024-06-11 16:47:06,993 [WARN] PackLoader:240 - Cannot read IP mode file for STMicroelectronics.X-CUBE-DISPLAY.3.0.0
2024-06-11 16:47:07,005 [WARN] PackLoader:240 - Cannot read IP mode file for STMicroelectronics.X-CUBE-BLE1.7.0.0
2024-06-11 16:47:07,014 [WARN] PackLoader:240 - Cannot read IP mode file for emotas.I-CUBE-CANOPEN.1.3.0
2024-06-11 16:47:07,018 [WARN] PackLoader:240 - Cannot read IP mode file for STMicroelectronics.X-CUBE-TOUCHGFX.4.22.0
2024-06-11 16:47:07,023 [WARN] PackLoader:240 - Cannot read IP mode file for STMicroelectronics.X-CUBE-TOUCHGFX.4.22.1
2024-06-11 16:47:07,037 [WARN] PackLoader:240 - Cannot read IP mode file for STMicroelectronics.X-CUBE-BLEMGR.3.1.0
2024-06-11 16:47:07,048 [WARN] PackLoader:240 - Cannot read IP mode file for STMicroelectronics.FP-SNS-SMARTAG2.1.2.0
2024-06-11 16:47:07,064 [INFO] LogOutputStream:77 - [STDOUT_REDIRECT] 1 : Invalid condition id : UX_CORESTACK_Condition cause : null
2024-06-11 16:47:07,065 [INFO] LogOutputStream:77 - [STDOUT_REDIRECT] 1 : Invalid condition id : UX_CORESTACK_Condition cause : null
2024-06-11 16:47:07,067 [INFO] LogOutputStream:77 - [STDOUT_REDIRECT] 1 : Invalid condition id : UX_CORESTACK_Condition cause : null
2024-06-11 16:47:07,069 [INFO] LogOutputStream:77 - [STDOUT_REDIRECT] 1 : Invalid condition id : UX_CORESTACK_Condition cause : null
2024-06-11 16:47:07,071 [INFO] LogOutputStream:77 - [STDOUT_REDIRECT] 1 : Invalid condition id : UX_CORESTACK_Condition cause : null
2024-06-11 16:47:07,078 [WARN] PackLoader:240 - Cannot read IP mode file for STMicroelectronics.X-CUBE-AZRTOS-WL.2.0.0
2024-06-11 16:47:07,086 [WARN] PackLoader:240 - Cannot read IP mode file for STMicroelectronics.FP-SNS-MOTENV1.5.0.0
2024-06-11 16:47:07,094 [WARN] PackLoader:240 - Cannot read IP mode file for wolfSSL.I-CUBE-wolfMQTT.1.19.0
2024-06-11 16:47:07,107 [WARN] PackLoader:240 - Cannot read IP mode file for WES.I-CUBE-Cesium.1.3.0
2024-06-11 16:47:07,115 [WARN] PackLoader:240 - Cannot read IP mode file for STMicroelectronics.X-CUBE-BLE2.3.3.0
2024-06-11 16:47:07,131 [WARN] PackLoader:240 - Cannot read IP mode file for STMicroelectronics.X-CUBE-TOF1.3.2.0
2024-06-11 16:47:07,150 [WARN] PackLoader:240 - Cannot read IP mode file for STMicroelectronics.X-CUBE-TCPP.4.1.0
2024-06-11 16:47:07,159 [WARN] PackLoader:240 - Cannot read IP mode file for STMicroelectronics.X-CUBE-TOUCHGFX.4.21.1
2024-06-11 16:47:07,163 [WARN] PackLoader:240 - Cannot read IP mode file for STMicroelectronics.X-CUBE-TOUCHGFX.4.21.3
2024-06-11 16:47:07,168 [WARN] PackLoader:240 - Cannot read IP mode file for STMicroelectronics.X-CUBE-TOUCHGFX.4.21.4
2024-06-11 16:47:07,174 [WARN] PackLoader:240 - Cannot read IP mode file for STMicroelectronics.X-CUBE-AI.7.3.0
2024-06-11 16:47:07,184 [WARN] PackLoader:240 - Cannot read IP mode file for STMicroelectronics.X-CUBE-ALGOBUILD.1.3.0
2024-06-11 16:47:07,202 [WARN] PackLoader:240 - Cannot read IP mode file for STMicroelectronics.X-CUBE-AZRTOS-G0.1.1.0
2024-06-11 16:47:07,213 [WARN] PackLoader:240 - Cannot read IP mode file for STMicroelectronics.X-CUBE-SAFEA1.1.2.2
2024-06-11 16:47:07,221 [WARN] PackLoader:240 - Cannot read IP mode file for STMicroelectronics.X-CUBE-NFC4.3.0.0
2024-06-11 16:47:07,230 [INFO] WebApp:779 - Register for checkConnection events
2024-06-11 16:47:07,231 [INFO] WebApp:414 - Apply proxy settings
2024-06-11 16:47:07,231 [INFO] WebApp:499 - Chromium requires no authentication
2024-06-11 16:47:07,234 [WARN] PackLoader:240 - Cannot read IP mode file for STMicroelectronics.X-CUBE-BLEMGR.3.0.0
2024-06-11 16:47:07,244 [INFO] WebApp:442 - Direct internet connection detected
2024-06-11 16:47:07,245 [WARN] PackLoader:240 - Cannot read IP mode file for STMicroelectronics.X-CUBE-BLEMGR.1.3.0
2024-06-11 16:47:07,253 [WARN] PackLoader:240 - Cannot read IP mode file for STMicroelectronics.FP-ATR-SIGFOX1.3.2.0
2024-06-11 16:47:07,262 [WARN] PackLoader:240 - Cannot read IP mode file for STMicroelectronics.X-CUBE-EEPRMA1.5.1.0
2024-06-11 16:47:07,342 [WARN] PackLoader:240 - Cannot read IP mode file for STMicroelectronics.X-CUBE-MEMS1.9.5.0
2024-06-11 16:47:07,694 [WARN] PackLoader:240 - Cannot read IP mode file for SEGGER.I-CUBE-embOS.1.3.1
2024-06-11 16:47:07,711 [INFO] WebApp:192 - Starting web application
2024-06-11 16:47:07,712 [INFO] WebApp:544 - Web application path used C:\ST\STM32CubeIDE_1.12.0\STM32CubeIDE\plugins\com.st.stm32cube.common.mx_6.11.0.202403141607\db\plugins\mcufinder\reactClient1\index.html
2024-06-11 16:47:07,762 [WARN] PackLoader:240 - Cannot read IP mode file for STMicroelectronics.X-CUBE-ALGOBUILD.1.4.0
2024-06-11 16:47:07,770 [WARN] PackLoader:240 - Cannot read IP mode file for STMicroelectronics.X-CUBE-GNSS1.6.0.0
2024-06-11 16:47:07,788 [WARN] PackLoader:240 - Cannot read IP mode file for STMicroelectronics.X-CUBE-AZRTOS-F4.1.1.0
2024-06-11 16:47:07,796 [WARN] PackLoader:240 - Cannot read IP mode file for wolfSSL.I-CUBE-wolfSSL.5.6.3
2024-06-11 16:47:07,802 [WARN] PackLoader:240 - Cannot read IP mode file for STMicroelectronics.X-CUBE-FREERTOS.1.2.0
2024-06-11 16:47:07,820 [WARN] PackLoader:240 - Cannot read IP mode file for STMicroelectronics.X-CUBE-AZRTOS-L5.2.0.0
2024-06-11 16:47:07,877 [WARN] PackLoader:240 - Cannot read IP mode file for STMicroelectronics.X-CUBE-MEMS1.9.6.0
2024-06-11 16:47:08,123 [WARN] PackLoader:240 - Cannot read IP mode file for STMicroelectronics.X-CUBE-EEPRMA1.4.2.0
2024-06-11 16:47:08,133 [WARN] PackLoader:240 - Cannot read IP mode file for STMicroelectronics.X-CUBE-NFC6.3.1.0
2024-06-11 16:47:08,145 [WARN] PackLoader:240 - Cannot read IP mode file for ITTIA_DB.I-CUBE-ITTIADB.8.8.0
2024-06-11 16:47:08,157 [WARN] PackLoader:240 - Cannot read IP mode file for emotas.I-CUBE-CANOPEN.1.1.3
2024-06-11 16:47:08,167 [WARN] PackLoader:240 - Cannot read IP mode file for STMicroelectronics.X-CUBE-BLEMGR.2.0.0
2024-06-11 16:47:08,173 [WARN] PackLoader:240 - Cannot read IP mode file for STMicroelectronics.X-CUBE-AI.9.0.0
2024-06-11 16:47:08,200 [WARN] ConditionMgr:438 - getConditionDescription Invalid condition id : UX DEVICE CLASS RTOS Condition cause : null
2024-06-11 16:47:08,201 [WARN] ConditionMgr:438 - getConditionDescription Invalid condition id : UX DEVICE CLASS RTOS Condition cause : null
2024-06-11 16:47:08,216 [WARN] PackLoader:240 - Cannot read IP mode file for STMicroelectronics.X-CUBE-AZRTOS-H7.3.1.0
2024-06-11 16:47:08,218 [WARN] ConditionMgr:1039 - genDependencies : Invalid condition id : UX DEVICE CLASS RTOS Condition cause : null
2024-06-11 16:47:08,218 [WARN] ConditionMgr:1039 - genDependencies : Invalid condition id : UX DEVICE CLASS RTOS Condition cause : null
2024-06-11 16:47:08,220 [WARN] ConditionMgr:1039 - genDependencies : Invalid condition id : UX DEVICE CLASS RTOS Condition cause : null
2024-06-11 16:47:08,220 [WARN] ConditionMgr:1039 - genDependencies : Invalid condition id : UX DEVICE CLASS RTOS Condition cause : null
2024-06-11 16:47:08,221 [WARN] ConditionMgr:1039 - genDependencies : Invalid condition id : UX DEVICE CLASS RTOS Condition cause : null
2024-06-11 16:47:08,228 [WARN] PackLoader:240 - Cannot read IP mode file for wolfSSL.I-CUBE-wolfSSL.5.5.4
2024-06-11 16:47:08,237 [WARN] PackLoader:240 - Cannot read IP mode file for STMicroelectronics.X-CUBE-NFC7.1.0.1
2024-06-11 16:47:08,245 [WARN] PackLoader:240 - Cannot read IP mode file for STMicroelectronics.X-CUBE-NFC7.1.0.0
2024-06-11 16:47:08,256 [WARN] PackLoader:240 - Cannot read IP mode file for STMicroelectronics.X-CUBE-NFC6.3.0.0
2024-06-11 16:47:08,268 [WARN] PackLoader:240 - Cannot read IP mode file for STMicroelectronics.X-CUBE-EEPRMA1.4.1.0
2024-06-11 16:47:08,275 [WARN] PackLoader:240 - Cannot read IP mode file for STMicroelectronics.X-CUBE-AI.8.1.0
2024-06-11 16:47:08,299 [WARN] ConditionMgr:438 - getConditionDescription Invalid condition id : LAN8742 Phy interface Condition cause : null
2024-06-11 16:47:08,301 [WARN] PackLoader:240 - Cannot read IP mode file for STMicroelectronics.X-CUBE-AZRTOS-L4.2.0.0
2024-06-11 16:47:08,302 [WARN] ConditionMgr:1039 - genDependencies : Invalid condition id : LAN8742 Phy interface Condition cause : null
2024-06-11 16:47:08,303 [WARN] ConditionMgr:1039 - genDependencies : Invalid condition id : LAN8742 Phy interface Condition cause : null
2024-06-11 16:47:08,303 [WARN] ConditionMgr:1039 - genDependencies : Invalid condition id : LAN8742 Phy interface Condition cause : null
2024-06-11 16:47:08,319 [WARN] PackLoader:240 - Cannot read IP mode file for STMicroelectronics.X-CUBE-SFXS2LP1.4.0.0
2024-06-11 16:47:08,344 [WARN] PackLoader:240 - Cannot read IP mode file for STMicroelectronics.X-CUBE-AZRTOS-H7.3.0.0
2024-06-11 16:47:08,354 [WARN] PackLoader:240 - Cannot read IP mode file for STMicroelectronics.X-CUBE-ISPU.1.1.0
2024-06-11 16:47:08,369 [WARN] PackLoader:240 - Cannot read IP mode file for RoweBots.I-CUBE-UNISONRTOS.5.5.0-4
2024-06-11 16:47:08,374 [WARN] PackLoader:240 - Cannot read IP mode file for STMicroelectronics.X-CUBE-AI.8.0.0
2024-06-11 16:47:08,388 [WARN] ConditionMgr:438 - getConditionDescription Invalid condition id : UX DEVICE CLASS RTOS Condition cause : null
2024-06-11 16:47:08,388 [WARN] ConditionMgr:438 - getConditionDescription Invalid condition id : UX DEVICE CLASS RTOS Condition cause : null
2024-06-11 16:47:08,391 [WARN] PackLoader:240 - Cannot read IP mode file for STMicroelectronics.X-CUBE-AZRTOS-WB.2.0.0
2024-06-11 16:47:08,392 [WARN] ConditionMgr:1039 - genDependencies : Invalid condition id : UX DEVICE CLASS RTOS Condition cause : null
2024-06-11 16:47:08,392 [WARN] ConditionMgr:1039 - genDependencies : Invalid condition id : UX DEVICE CLASS RTOS Condition cause : null
2024-06-11 16:47:08,393 [WARN] ConditionMgr:1039 - genDependencies : Invalid condition id : UX DEVICE CLASS RTOS Condition cause : null
2024-06-11 16:47:08,394 [WARN] ConditionMgr:1039 - genDependencies : Invalid condition id : UX DEVICE CLASS RTOS Condition cause : null
2024-06-11 16:47:08,394 [WARN] ConditionMgr:1039 - genDependencies : Invalid condition id : UX DEVICE CLASS RTOS Condition cause : null
2024-06-11 16:47:08,403 [WARN] PackLoader:240 - Cannot read IP mode file for STMicroelectronics.X-CUBE-FREERTOS.1.0.0
2024-06-11 16:47:08,409 [WARN] PackLoader:240 - Cannot read IP mode file for STMicroelectronics.X-CUBE-FREERTOS.1.0.1
2024-06-11 16:47:08,441 [WARN] PackLoader:240 - Cannot read IP mode file for STMicroelectronics.X-CUBE-AZRTOS-L5.1.1.0
2024-06-11 16:47:08,446 [WARN] PackLoader:240 - Cannot read IP mode file for STMicroelectronics.X-CUBE-AI.8.0.1
2024-06-11 16:47:08,459 [WARN] PackLoader:240 - Cannot read IP mode file for STMicroelectronics.X-CUBE-SUBG2.5.0.0
2024-06-11 16:47:08,474 [WARN] PackLoader:240 - Cannot read IP mode file for STMicroelectronics.X-CUBE-TOF1.3.3.1
2024-06-11 16:47:08,497 [WARN] PackLoader:240 - Cannot read IP mode file for STMicroelectronics.X-CUBE-AZRTOS-G4.2.0.0
2024-06-11 16:47:08,510 [WARN] PackLoader:240 - Cannot read IP mode file for STMicroelectronics.X-CUBE-TOF1.3.3.0
2024-06-11 16:47:08,525 [WARN] PackLoader:240 - Cannot read IP mode file for STMicroelectronics.FP-ATR-ASTRA1.1.1.1
2024-06-11 16:47:08,543 [WARN] PackLoader:240 - Cannot read IP mode file for Infineon.AIROC-Wi-Fi-Bluetooth-STM32.1.5.1
2024-06-11 16:47:08,554 [WARN] PackLoader:240 - Cannot read IP mode file for STMicroelectronics.FP-SNS-MOTENVWB1.1.3.0
2024-06-11 16:47:08,559 [WARN] PackLoader:240 - Cannot read IP mode file for STMicroelectronics.FP-SNS-MOTENVWB1.1.3.1
2024-06-11 16:47:08,572 [WARN] PackLoader:240 - Cannot read IP mode file for STMicroelectronics.X-CUBE-AZRTOS-G4.1.0.0
2024-06-11 16:47:08,590 [WARN] PackLoader:240 - Cannot read IP mode file for STMicroelectronics.X-CUBE-AZRTOS-L4.1.0.0
2024-06-11 16:47:08,598 [WARN] PackLoader:240 - Cannot read IP mode file for STMicroelectronics.X-CUBE-ISPU.2.0.0
2024-06-11 16:47:08,605 [WARN] PackLoader:240 - Cannot read IP mode file for STMicroelectronics.X-CUBE-ALS.1.0.2
2024-06-11 16:47:08,650 [WARN] PackLoader:240 - Cannot read IP mode file for STMicroelectronics.X-CUBE-MEMS1.10.0.0
2024-06-11 16:47:08,813 [WARN] PackLoader:240 - Cannot read IP mode file for STMicroelectronics.X-CUBE-FREERTOS.1.1.0
2024-06-11 16:47:08,827 [WARN] PackLoader:240 - Cannot read IP mode file for STMicroelectronics.X-CUBE-AZRTOS-WL.1.0.0
2024-06-11 16:47:08,837 [WARN] PackLoader:240 - Cannot read IP mode file for portGmbH.I-Cube-SoM-uGOAL.1.1.0
2024-06-11 16:47:08,843 [WARN] PackLoader:240 - Cannot read IP mode file for STMicroelectronics.X-CUBE-ALS.1.0.1
2024-06-11 16:47:08,862 [WARN] PackLoader:240 - Cannot read IP mode file for STMicroelectronics.X-CUBE-AZRTOS-WB.1.1.0
2024-06-11 16:47:08,889 [WARN] PackLoader:240 - Cannot read IP mode file for STMicroelectronics.X-CUBE-AZRTOS-H7RS.1.0.0
2024-06-11 16:47:08,896 [WARN] PackLoader:240 - Cannot read IP mode file for STMicroelectronics.FP-ATR-ASTRA1.2.0.0
2024-06-11 16:47:08,913 [WARN] PackLoader:240 - Cannot read IP mode file for STMicroelectronics.X-CUBE-TOF1.3.4.0
2024-06-11 16:47:08,941 [WARN] PackLoader:240 - Cannot read IP mode file for STMicroelectronics.X-CUBE-TOF1.3.4.1
2024-06-11 16:47:08,987 [WARN] PackLoader:240 - Cannot read IP mode file for STMicroelectronics.X-CUBE-AZRTOS-H7.3.2.0
2024-06-11 16:47:08,992 [INFO] ThirdParty:978 - Integrity check success = true
2024-06-11 16:47:08,992 [INFO] IntegrityCheckThread:100 - exiting critical section [integrity check]
2024-06-11 16:47:08,993 [INFO] IntegrityCheckThread:103 - End integrity checks thread
