2024-04-05 14:32:37,018 [INFO] Activator:176 - 


2024-04-05 14:32:37,035 [INFO] Activator:177 - !SESSION log4j initialized
2024-04-05 14:32:56,793 [INFO] LogOutputStream:77 - [STDOUT_REDIRECT] 
2024-04-05 14:33:06,137 [INFO] ApplicationProperties:184 - Using Application install path: C:\ST\STM32CubeIDE_1.12.0\STM32CubeIDE\plugins\com.st.stm32cube.common.mx_6.11.0.202403141607
2024-04-05 14:33:06,187 [INFO] DbMcusXml:78 - Set database path to: C:\ST\STM32CubeIDE_1.12.0\STM32CubeIDE\plugins\com.st.stm32cube.common.mx_6.11.0.202403141607\\db\/mcu/
2024-04-05 14:33:06,188 [INFO] ApiDb:274 - Set plugin database path to: C:\ST\STM32CubeIDE_1.12.0\STM32CubeIDE\plugins\com.st.stm32cube.common.mx_6.11.0.202403141607\\db\/plugins/boardmanager/
2024-04-05 14:33:06,190 [WARN] ApiDb:259 - Overriding images path with different value:  => C:\ST\STM32CubeIDE_1.12.0\STM32CubeIDE\plugins\com.st.stm32cube.common.mx_6.11.0.202403141607\\db\/plugins/mcufinder/images/
2024-04-05 14:33:06,214 [INFO] ApiDb:250 - Set database path to: C:\Users\ADMIN\.stmcufinder\plugins\mcufinder//mcu/
2024-04-05 14:33:06,221 [INFO] DbMcusAds:125 - Set database path to: C:\Users\ADMIN\.stmcufinder\plugins\mcufinder//mcu/
2024-04-05 14:33:06,228 [INFO] CrossReferenceDbSqlite:203 - Set database path to: C:\Users\ADMIN\.stmcufinder\plugins\mcufinder//mcu/cs/
2024-04-05 14:33:06,666 [INFO] RulesReader:64 - Compatibility file has been processed (297 Rules)
2024-04-05 14:33:07,002 [INFO] DbMcusXml:78 - Set database path to: C:\ST\STM32CubeIDE_1.12.0\STM32CubeIDE\plugins\com.st.stm32cube.common.mx_6.11.0.202403141607\\db\/mcu/
2024-04-05 14:33:07,003 [INFO] ApiDb:274 - Set plugin database path to: C:\ST\STM32CubeIDE_1.12.0\STM32CubeIDE\plugins\com.st.stm32cube.common.mx_6.11.0.202403141607\\db\/plugins/boardmanager/
2024-04-05 14:33:07,004 [INFO] ApiDb:261 - Set plugin images path to: C:\ST\STM32CubeIDE_1.12.0\STM32CubeIDE\plugins\com.st.stm32cube.common.mx_6.11.0.202403141607\\db\/plugins/mcufinder/images/
2024-04-05 14:33:07,005 [WARN] DbFile:41 - Overriding database path with different value: C:\Users\ADMIN\.stmcufinder\plugins\mcufinder/ => C:\Users\ADMIN\.stmcufinder\plugins\mcufinder
2024-04-05 14:33:07,006 [INFO] ApiDb:250 - Set database path to: C:\Users\ADMIN\.stmcufinder\plugins\mcufinder//mcu/
2024-04-05 14:33:07,006 [WARN] DbFile:41 - Overriding database path with different value: C:\Users\ADMIN\.stmcufinder\plugins\mcufinder/ => C:\Users\ADMIN\.stmcufinder\plugins\mcufinder
2024-04-05 14:33:07,007 [INFO] DbMcusAds:125 - Set database path to: C:\Users\ADMIN\.stmcufinder\plugins\mcufinder//mcu/
2024-04-05 14:33:07,007 [WARN] DbFile:41 - Overriding database path with different value: C:\Users\ADMIN\.stmcufinder\plugins\mcufinder/ => C:\Users\ADMIN\.stmcufinder\plugins\mcufinder
2024-04-05 14:33:07,007 [WARN] DbFile:41 - Overriding database path with different value: C:\Users\ADMIN\.stmcufinder\plugins\mcufinder/ => C:\Users\ADMIN\.stmcufinder\plugins\mcufinder
2024-04-05 14:33:07,008 [INFO] CrossReferenceDbSqlite:203 - Set database path to: C:\Users\ADMIN\.stmcufinder\plugins\mcufinder//mcu/cs/
2024-04-05 14:33:07,368 [INFO] MainPanel:264 - HeapMemory: 268435456
2024-04-05 14:33:07,701 [INFO] DbMcusXml:78 - Set database path to: C:\ST\STM32CubeIDE_1.12.0\STM32CubeIDE\plugins\com.st.stm32cube.common.mx_6.11.0.202403141607\\db\/mcu/
2024-04-05 14:33:07,701 [INFO] ApiDb:274 - Set plugin database path to: C:\ST\STM32CubeIDE_1.12.0\STM32CubeIDE\plugins\com.st.stm32cube.common.mx_6.11.0.202403141607\\db\/plugins/boardmanager/
2024-04-05 14:33:07,702 [INFO] ApiDb:261 - Set plugin images path to: C:\ST\STM32CubeIDE_1.12.0\STM32CubeIDE\plugins\com.st.stm32cube.common.mx_6.11.0.202403141607\\db\/plugins/mcufinder/images/
2024-04-05 14:33:07,703 [WARN] DbFile:41 - Overriding database path with different value: C:\Users\ADMIN\.stmcufinder\plugins\mcufinder/ => C:\Users\ADMIN\.stmcufinder\plugins\mcufinder
2024-04-05 14:33:07,704 [INFO] ApiDb:250 - Set database path to: C:\Users\ADMIN\.stmcufinder\plugins\mcufinder//mcu/
2024-04-05 14:33:07,704 [WARN] DbFile:41 - Overriding database path with different value: C:\Users\ADMIN\.stmcufinder\plugins\mcufinder/ => C:\Users\ADMIN\.stmcufinder\plugins\mcufinder
2024-04-05 14:33:07,705 [INFO] DbMcusAds:125 - Set database path to: C:\Users\ADMIN\.stmcufinder\plugins\mcufinder//mcu/
2024-04-05 14:33:07,705 [WARN] DbFile:41 - Overriding database path with different value: C:\Users\ADMIN\.stmcufinder\plugins\mcufinder/ => C:\Users\ADMIN\.stmcufinder\plugins\mcufinder
2024-04-05 14:33:07,705 [WARN] DbFile:41 - Overriding database path with different value: C:\Users\ADMIN\.stmcufinder\plugins\mcufinder/ => C:\Users\ADMIN\.stmcufinder\plugins\mcufinder
2024-04-05 14:33:07,706 [INFO] CrossReferenceDbSqlite:203 - Set database path to: C:\Users\ADMIN\.stmcufinder\plugins\mcufinder//mcu/cs/
2024-04-05 14:33:07,762 [INFO] ApplicationProperties:184 - Using Application install path: C:\ST\STM32CubeIDE_1.12.0\STM32CubeIDE\plugins\com.st.stm32cube.common.mx_6.11.0.202403141607
2024-04-05 14:33:07,767 [INFO] PluginManage:196 - Search for loadable plugins [exclusion list=, ]
2024-04-05 14:33:07,772 [INFO] PluginManage:310 - Check plugin analytics
2024-04-05 14:33:14,871 [INFO] AnalyticsPlugin:253 - Accepted Software Licenses: 
2024-04-05 14:33:14,872 [INFO] AnalyticsPlugin:255 - Accepted CMSIS Pack Licenses: 
2024-04-05 14:33:14,872 [INFO] AnalyticsPlugin:257 - Accepted Firmware Licenses: 
2024-04-05 14:33:14,878 [INFO] PluginManage:359 - Loaded plugin analytics (category:tool,tabindex:-1)
2024-04-05 14:33:14,879 [INFO] PluginManage:310 - Check plugin cadmodel
2024-04-05 14:33:14,889 [INFO] CADModel:105 - Init CAD model plugin
2024-04-05 14:33:14,890 [INFO] PluginManage:359 - Loaded plugin cadmodel (category:power,tabindex:5)
2024-04-05 14:33:14,890 [INFO] PluginManage:310 - Check plugin clock
2024-04-05 14:33:14,912 [INFO] PluginManage:359 - Loaded plugin clock (category:base,tabindex:2)
2024-04-05 14:33:14,912 [INFO] PluginManage:310 - Check plugin ddr
2024-04-05 14:33:14,917 [INFO] PluginManage:359 - Loaded plugin ddr (category:tool,tabindex:6)
2024-04-05 14:33:14,918 [INFO] PluginManage:310 - Check plugin filemanager
2024-04-05 14:33:15,142 [INFO] PluginManage:359 - Loaded plugin filemanager (category:base,tabindex:10)
2024-04-05 14:33:15,143 [INFO] PluginManage:310 - Check plugin ipmanager
2024-04-05 14:33:15,152 [INFO] PluginManage:359 - Loaded plugin ipmanager (category:base,tabindex:5)
2024-04-05 14:33:15,152 [INFO] PluginManage:310 - Check plugin lpbam
2024-04-05 14:33:15,164 [INFO] PluginManage:359 - Loaded plugin lpbam (category:base,tabindex:0)
2024-04-05 14:33:15,165 [INFO] PluginManage:310 - Check plugin memorymap
2024-04-05 14:33:15,188 [INFO] PluginManage:359 - Loaded plugin memorymap (category:base,tabindex:4)
2024-04-05 14:33:15,188 [INFO] PluginManage:310 - Check plugin pinoutandconfiguration
2024-04-05 14:33:15,202 [INFO] PluginManage:359 - Loaded plugin pinoutandconfiguration (category:base,tabindex:1)
2024-04-05 14:33:15,203 [INFO] PluginManage:310 - Check plugin pinoutconfig
2024-04-05 14:33:15,354 [WARN] SupportedApi:132 - Cannot load RTOS API schema: s4s-elt-must-match.1: The content of 'definitions' must match (annotation?, (simpleType | complexType)?, (unique | key | keyref)*)). A problem was found starting at: attribute.
2024-04-05 14:33:15,615 [INFO] PluginManage:359 - Loaded plugin pinoutconfig (category:base,tabindex:0)
2024-04-05 14:33:15,616 [INFO] PluginManage:310 - Check plugin power
2024-04-05 14:33:15,636 [INFO] PluginManage:359 - Loaded plugin power (category:power,tabindex:4)
2024-04-05 14:33:15,637 [INFO] PluginManage:310 - Check plugin projectmanager
2024-04-05 14:33:15,667 [INFO] PluginManage:359 - Loaded plugin projectmanager (category:projectmanager,tabindex:3)
2024-04-05 14:33:15,667 [INFO] PluginManage:310 - Check plugin thirdparty
2024-04-05 14:33:15,890 [INFO] PluginManage:359 - Loaded plugin thirdparty (category:base,tabindex:-1)
2024-04-05 14:33:15,890 [WARN] IntegrityCheckThread:84 - waiting for thirdparty lock release [integrity check]
2024-04-05 14:33:15,890 [INFO] PluginManage:310 - Check plugin tools
2024-04-05 14:33:15,891 [INFO] IntegrityCheckThread:86 - entering critical section [integrity check]
2024-04-05 14:33:15,891 [INFO] ThirdPartyUpdaterWithRetryManager:70 - Updater plugin not ready yet. [1/15]
2024-04-05 14:33:15,896 [INFO] PluginManage:359 - Loaded plugin tools (category:base,tabindex:7)
2024-04-05 14:33:15,896 [INFO] PluginManage:310 - Check plugin tutovideos
2024-04-05 14:33:16,198 [INFO] PluginManage:359 - Loaded plugin tutovideos (category:base,tabindex:-1)
2024-04-05 14:33:16,198 [INFO] PluginManage:310 - Check plugin updater
2024-04-05 14:33:16,213 [INFO] PluginManage:359 - Loaded plugin updater (category:base,tabindex:12)
2024-04-05 14:33:16,213 [INFO] PluginManage:310 - Check plugin userauth
2024-04-05 14:33:16,220 [INFO] UserAuth:114 - Init User Auth plugin
2024-04-05 14:33:16,220 [INFO] PluginManage:359 - Loaded plugin userauth (category:base,tabindex:14)
2024-04-05 14:33:16,221 [INFO] PluginManage:283 - PluginManage : Loaded plugins [17]
2024-04-05 14:33:16,501 [INFO] PinOutPanel:1561 - setPackage(No Configuration,No Configuration)
2024-04-05 14:33:16,598 [INFO] CADModel:165 - CPN selected for project level
2024-04-05 14:33:16,598 [INFO] CADModel:114 - Register for checkConnection events
2024-04-05 14:33:16,623 [INFO] IPUIPlugin:80 - create IPUIPlugin
2024-04-05 14:33:16,624 [INFO] PluginManager:220 - loadIPPluginJar : add adc
2024-04-05 14:33:16,628 [INFO] IPUIPlugin:80 - create IPUIPlugin
2024-04-05 14:33:16,628 [INFO] PluginManager:220 - loadIPPluginJar : add aes
2024-04-05 14:33:16,633 [INFO] IPUIPlugin:80 - create IPUIPlugin
2024-04-05 14:33:16,633 [INFO] PluginManager:220 - loadIPPluginJar : add can
2024-04-05 14:33:16,636 [INFO] IPUIPlugin:80 - create IPUIPlugin
2024-04-05 14:33:16,636 [INFO] PluginManager:220 - loadIPPluginJar : add comp
2024-04-05 14:33:16,640 [INFO] IPUIPlugin:80 - create IPUIPlugin
2024-04-05 14:33:16,640 [INFO] PluginManager:220 - loadIPPluginJar : add cryp
2024-04-05 14:33:16,644 [INFO] IPUIPlugin:80 - create IPUIPlugin
2024-04-05 14:33:16,644 [INFO] PluginManager:220 - loadIPPluginJar : add dfsdm
2024-04-05 14:33:16,650 [INFO] IPUIPlugin:80 - create IPUIPlugin
2024-04-05 14:33:16,651 [INFO] PluginManager:220 - loadIPPluginJar : add dma
2024-04-05 14:33:16,655 [INFO] IPUIPlugin:80 - create IPUIPlugin
2024-04-05 14:33:16,655 [INFO] PluginManager:220 - loadIPPluginJar : add dma3
2024-04-05 14:33:16,659 [INFO] IPUIPlugin:80 - create IPUIPlugin
2024-04-05 14:33:16,659 [INFO] PluginManager:220 - loadIPPluginJar : add extmemmanager
2024-04-05 14:33:16,661 [INFO] IPUIPlugin:80 - create IPUIPlugin
2024-04-05 14:33:16,661 [INFO] PluginManager:220 - loadIPPluginJar : add fatfs
2024-04-05 14:33:16,668 [INFO] IPUIPlugin:80 - create IPUIPlugin
2024-04-05 14:33:16,668 [INFO] PluginManager:220 - loadIPPluginJar : add fmc
2024-04-05 14:33:16,675 [INFO] IPUIPlugin:80 - create IPUIPlugin
2024-04-05 14:33:16,675 [INFO] PluginManager:220 - loadIPPluginJar : add freertos
2024-04-05 14:33:16,677 [INFO] IPUIPlugin:80 - create IPUIPlugin
2024-04-05 14:33:16,677 [INFO] PluginManager:220 - loadIPPluginJar : add genericplugin
2024-04-05 14:33:16,681 [INFO] IPUIPlugin:80 - create IPUIPlugin
2024-04-05 14:33:16,681 [INFO] PluginManager:220 - loadIPPluginJar : add gfxmmu
2024-04-05 14:33:16,688 [INFO] IPUIPlugin:80 - create IPUIPlugin
2024-04-05 14:33:16,688 [INFO] PluginManager:220 - loadIPPluginJar : add gic
2024-04-05 14:33:16,695 [INFO] IPUIPlugin:80 - create IPUIPlugin
2024-04-05 14:33:16,695 [INFO] PluginManager:220 - loadIPPluginJar : add gpio
2024-04-05 14:33:16,700 [INFO] IPUIPlugin:80 - create IPUIPlugin
2024-04-05 14:33:16,700 [INFO] PluginManager:220 - loadIPPluginJar : add gtzc
2024-04-05 14:33:16,705 [INFO] IPUIPlugin:80 - create IPUIPlugin
2024-04-05 14:33:16,705 [INFO] PluginManager:220 - loadIPPluginJar : add hash
2024-04-05 14:33:16,712 [INFO] IPUIPlugin:80 - create IPUIPlugin
2024-04-05 14:33:16,712 [INFO] PluginManager:220 - loadIPPluginJar : add i2c
2024-04-05 14:33:16,718 [INFO] IPUIPlugin:80 - create IPUIPlugin
2024-04-05 14:33:16,718 [INFO] PluginManager:220 - loadIPPluginJar : add i2s
2024-04-05 14:33:16,723 [INFO] IPUIPlugin:80 - create IPUIPlugin
2024-04-05 14:33:16,723 [INFO] PluginManager:220 - loadIPPluginJar : add i3c
2024-04-05 14:33:16,728 [INFO] IPUIPlugin:80 - create IPUIPlugin
2024-04-05 14:33:16,728 [INFO] PluginManager:220 - loadIPPluginJar : add ipddr
2024-04-05 14:33:16,738 [INFO] IPUIPlugin:80 - create IPUIPlugin
2024-04-05 14:33:16,738 [INFO] PluginManager:220 - loadIPPluginJar : add linkedlist
2024-04-05 14:33:16,743 [INFO] IPUIPlugin:80 - create IPUIPlugin
2024-04-05 14:33:16,743 [INFO] PluginManager:220 - loadIPPluginJar : add lorawan
2024-04-05 14:33:16,746 [INFO] IPUIPlugin:80 - create IPUIPlugin
2024-04-05 14:33:16,746 [INFO] PluginManager:220 - loadIPPluginJar : add ltdc
2024-04-05 14:33:16,759 [INFO] IPUIPlugin:80 - create IPUIPlugin
2024-04-05 14:33:16,759 [INFO] PluginManager:220 - loadIPPluginJar : add mdma
2024-04-05 14:33:16,765 [INFO] IPUIPlugin:80 - create IPUIPlugin
2024-04-05 14:33:16,766 [INFO] PluginManager:220 - loadIPPluginJar : add nvic
2024-04-05 14:33:16,770 [INFO] IPUIPlugin:80 - create IPUIPlugin
2024-04-05 14:33:16,771 [INFO] PluginManager:220 - loadIPPluginJar : add opamp
2024-04-05 14:33:16,776 [INFO] IPUIPlugin:80 - create IPUIPlugin
2024-04-05 14:33:16,776 [INFO] PluginManager:220 - loadIPPluginJar : add openamp
2024-04-05 14:33:16,782 [INFO] IPUIPlugin:80 - create IPUIPlugin
2024-04-05 14:33:16,782 [INFO] PluginManager:220 - loadIPPluginJar : add pdm2pcm
2024-04-05 14:33:16,792 [INFO] IPUIPlugin:80 - create IPUIPlugin
2024-04-05 14:33:16,795 [INFO] PluginManager:220 - loadIPPluginJar : add plateformsettings
2024-04-05 14:33:16,798 [INFO] IPUIPlugin:80 - create IPUIPlugin
2024-04-05 14:33:16,798 [INFO] PluginManager:220 - loadIPPluginJar : add quadspi
2024-04-05 14:33:16,803 [INFO] IPUIPlugin:80 - create IPUIPlugin
2024-04-05 14:33:16,803 [INFO] PluginManager:220 - loadIPPluginJar : add resmgrutility
2024-04-05 14:33:16,809 [INFO] IPUIPlugin:80 - create IPUIPlugin
2024-04-05 14:33:16,809 [INFO] PluginManager:220 - loadIPPluginJar : add sai
2024-04-05 14:33:16,814 [INFO] IPUIPlugin:80 - create IPUIPlugin
2024-04-05 14:33:16,814 [INFO] PluginManager:220 - loadIPPluginJar : add spi
2024-04-05 14:33:16,821 [INFO] IPUIPlugin:80 - create IPUIPlugin
2024-04-05 14:33:16,822 [INFO] PluginManager:220 - loadIPPluginJar : add stm32_wpan
2024-04-05 14:33:16,825 [INFO] IPUIPlugin:80 - create IPUIPlugin
2024-04-05 14:33:16,825 [INFO] PluginManager:220 - loadIPPluginJar : add tim
2024-04-05 14:33:16,831 [INFO] IPUIPlugin:80 - create IPUIPlugin
2024-04-05 14:33:16,831 [INFO] PluginManager:220 - loadIPPluginJar : add touchsensing
2024-04-05 14:33:16,834 [INFO] IPUIPlugin:80 - create IPUIPlugin
2024-04-05 14:33:16,834 [INFO] PluginManager:220 - loadIPPluginJar : add tracer_emb
2024-04-05 14:33:16,837 [INFO] IPUIPlugin:80 - create IPUIPlugin
2024-04-05 14:33:16,837 [INFO] PluginManager:220 - loadIPPluginJar : add ts
2024-04-05 14:33:16,841 [INFO] IPUIPlugin:80 - create IPUIPlugin
2024-04-05 14:33:16,841 [INFO] PluginManager:220 - loadIPPluginJar : add tsc
2024-04-05 14:33:16,844 [INFO] IPUIPlugin:80 - create IPUIPlugin
2024-04-05 14:33:16,844 [INFO] PluginManager:220 - loadIPPluginJar : add ucpd
2024-04-05 14:33:16,848 [INFO] IPUIPlugin:80 - create IPUIPlugin
2024-04-05 14:33:16,848 [INFO] PluginManager:220 - loadIPPluginJar : add usart
2024-04-05 14:33:16,852 [INFO] IPUIPlugin:80 - create IPUIPlugin
2024-04-05 14:33:16,852 [INFO] PluginManager:220 - loadIPPluginJar : add usbx
2024-04-05 14:33:16,981 [INFO] CADModel:165 - CPN selected for project level
2024-04-05 14:33:16,981 [INFO] CADModel:114 - Register for checkConnection events
2024-04-05 14:33:16,982 [FATAL] Updater:308 - Updater called before beeing initialized
2024-04-05 14:33:16,982 [ERROR] CADModel:125 - Updater not yet initialized, retry later 
2024-04-05 14:33:17,200 [INFO] CADModel:165 - CPN selected for project level
2024-04-05 14:33:17,200 [INFO] CADModel:114 - Register for checkConnection events
2024-04-05 14:33:17,201 [FATAL] Updater:308 - Updater called before beeing initialized
2024-04-05 14:33:17,201 [ERROR] CADModel:125 - Updater not yet initialized, retry later 
2024-04-05 14:33:17,207 [FATAL] Updater:308 - Updater called before beeing initialized
2024-04-05 14:33:17,373 [FATAL] Updater:308 - Updater called before beeing initialized
2024-04-05 14:33:17,380 [INFO] DbMcusAds:53 - JSON generation date=Wed Nov 29 17:52:27 ICT 2023 (1701255147349)
2024-04-05 14:33:17,381 [FATAL] Updater:308 - Updater called before beeing initialized
2024-04-05 14:33:17,450 [WARN] DetailPanel:346 - Failed to get advertising image, set to default
2024-04-05 14:33:17,604 [FATAL] Updater:308 - Updater called before beeing initialized
2024-04-05 14:33:17,607 [FATAL] Updater:308 - Updater called before beeing initialized
2024-04-05 14:33:17,607 [FATAL] Updater:308 - Updater called before beeing initialized
2024-04-05 14:33:17,608 [WARN] DetailPanel:346 - Failed to get advertising image, set to default
2024-04-05 14:33:17,609 [FATAL] Updater:308 - Updater called before beeing initialized
2024-04-05 14:33:17,675 [ERROR] Updater:1120 - MainUpdater not yet initialized. External WinMGr cannot be set.
2024-04-05 14:33:17,679 [INFO] Updater:1056 - Updater Version found : 6.11.0
2024-04-05 14:33:17,711 [INFO] ApplicationProperties:184 - Using Application install path: C:\ST\STM32CubeIDE_1.12.0\STM32CubeIDE\plugins\com.st.stm32cube.common.mx_6.11.0.202403141607
2024-04-05 14:33:18,697 [INFO] MainUpdater:2873 - connection check result : 10
2024-04-05 14:33:18,698 [INFO] MainUpdater:290 - Updater Check For Update Now.
2024-04-05 14:33:18,698 [INFO] MicroXplorer:498 - Change Database Version : DB.6.0.110
2024-04-05 14:33:18,711 [INFO] McuFinderGlobals:63 - Set McuFinder mode to 2 (CubeIDE integrated)
2024-04-05 14:33:18,722 [INFO] UserAuth:415 - Internet connection configuration mode: 1
2024-04-05 14:33:18,765 [INFO] JxBrowserEngine:152 - Initiate JxBrowser Engine with user profile folder
2024-04-05 14:33:18,893 [WARN] MainUpdater:1194 - Updater busy. Cannot search thirdparties
2024-04-05 14:33:18,894 [INFO] ThirdPartyUpdaterWithRetryManager:96 - Updater plugin is busy. [1/15]
2024-04-05 14:33:18,962 [INFO] CheckServerUpdateThread:120 - End of CheckServer Thread
2024-04-05 14:33:19,995 [INFO] WebApp:161 - Instantiating new browser for Auth
2024-04-05 14:33:20,913 [INFO] WebApp:779 - Register for checkConnection events
2024-04-05 14:33:20,913 [INFO] WebApp:414 - Apply proxy settings
2024-04-05 14:33:20,913 [INFO] WebApp:499 - Chromium requires no authentication
2024-04-05 14:33:20,927 [INFO] WebApp:442 - Direct internet connection detected
2024-04-05 14:33:21,225 [INFO] WebApp:192 - Starting web application
2024-04-05 14:33:21,226 [INFO] WebApp:544 - Web application path used C:\ST\STM32CubeIDE_1.12.0\STM32CubeIDE\plugins\com.st.stm32cube.common.mx_6.11.0.202403141607\db\plugins\mcufinder\reactClient1\index.html
2024-04-05 14:33:22,457 [WARN] PackLoader:240 - Cannot read IP mode file for STMicroelectronics.X-CUBE-SMBUS.2.1.0
2024-04-05 14:33:22,469 [WARN] PackLoader:240 - Cannot read IP mode file for STMicroelectronics.X-CUBE-TOUCHGFX.4.23.0
2024-04-05 14:33:22,477 [WARN] PackLoader:240 - Cannot read IP mode file for STMicroelectronics.X-CUBE-TOUCHGFX.4.23.2
2024-04-05 14:33:22,553 [WARN] PackLoader:240 - Cannot read IP mode file for STMicroelectronics.X-CUBE-AZRTOS-F7.1.1.0
2024-04-05 14:33:22,574 [ERROR] RealEvaluatedCondition:428 - Found unsupported composite condition: CLASS='Data Exchange' GROUP='STM32_MetaDataManager'
2024-04-05 14:33:22,574 [ERROR] RealEvaluatedCondition:428 - Found unsupported composite condition: CLASS='Data Exchange' GROUP='STM32_MetaDataManager'
2024-04-05 14:33:22,577 [WARN] PackLoader:240 - Cannot read IP mode file for STMicroelectronics.FP-SNS-MOTENV1.4.3.0
2024-04-05 14:33:22,594 [WARN] PackLoader:240 - Cannot read IP mode file for STMicroelectronics.FP-SNS-MOTENV1.4.3.2
2024-04-05 14:33:22,606 [WARN] PackLoader:240 - Cannot read IP mode file for STMicroelectronics.FP-SNS-FLIGHT1.5.0.0
2024-04-05 14:33:22,614 [ERROR] RealEvaluatedCondition:428 - Found unsupported composite condition: GROUP='STM32_MetaDataManager' CLASS='Data Exchange'
2024-04-05 14:33:22,615 [ERROR] RealEvaluatedCondition:428 - Found unsupported composite condition: CLASS='Data Exchange' GROUP='STM32_MetaDataManager'
2024-04-05 14:33:22,617 [WARN] PackLoader:240 - Cannot read IP mode file for STMicroelectronics.FP-SNS-MOTENV1.4.3.1
2024-04-05 14:33:22,629 [WARN] PackLoader:240 - Cannot read IP mode file for STMicroelectronics.FP-SNS-FLIGHT1.5.0.1
2024-04-05 14:33:22,644 [WARN] PackLoader:240 - Cannot read IP mode file for STMicroelectronics.X-CUBE-BLE1.6.2.4
2024-04-05 14:33:22,654 [WARN] PackLoader:240 - Cannot read IP mode file for STMicroelectronics.FP-SNS-FLIGHT1.5.0.2
2024-04-05 14:33:22,673 [WARN] PackLoader:240 - Cannot read IP mode file for STMicroelectronics.X-CUBE-DISPLAY.3.0.0
2024-04-05 14:33:22,691 [WARN] PackLoader:240 - Cannot read IP mode file for STMicroelectronics.X-CUBE-BLE1.7.0.0
2024-04-05 14:33:22,703 [WARN] PackLoader:240 - Cannot read IP mode file for emotas.I-CUBE-CANOPEN.1.3.0
2024-04-05 14:33:22,710 [WARN] PackLoader:240 - Cannot read IP mode file for STMicroelectronics.X-CUBE-TOUCHGFX.4.22.0
2024-04-05 14:33:22,715 [WARN] PackLoader:240 - Cannot read IP mode file for STMicroelectronics.X-CUBE-TOUCHGFX.4.22.1
2024-04-05 14:33:22,735 [WARN] PackLoader:240 - Cannot read IP mode file for STMicroelectronics.X-CUBE-BLEMGR.3.1.0
2024-04-05 14:33:22,748 [WARN] PackLoader:240 - Cannot read IP mode file for STMicroelectronics.FP-SNS-SMARTAG2.1.2.0
2024-04-05 14:33:22,770 [INFO] LogOutputStream:77 - [STDOUT_REDIRECT] 1 : Invalid condition id : UX_CORESTACK_Condition cause : null
2024-04-05 14:33:22,771 [INFO] LogOutputStream:77 - [STDOUT_REDIRECT] 1 : Invalid condition id : UX_CORESTACK_Condition cause : null
2024-04-05 14:33:22,775 [INFO] LogOutputStream:77 - [STDOUT_REDIRECT] 1 : Invalid condition id : UX_CORESTACK_Condition cause : null
2024-04-05 14:33:22,777 [INFO] LogOutputStream:77 - [STDOUT_REDIRECT] 1 : Invalid condition id : UX_CORESTACK_Condition cause : null
2024-04-05 14:33:22,781 [INFO] LogOutputStream:77 - [STDOUT_REDIRECT] 1 : Invalid condition id : UX_CORESTACK_Condition cause : null
2024-04-05 14:33:22,787 [WARN] PackLoader:240 - Cannot read IP mode file for STMicroelectronics.X-CUBE-AZRTOS-WL.2.0.0
2024-04-05 14:33:22,798 [WARN] PackLoader:240 - Cannot read IP mode file for STMicroelectronics.FP-SNS-MOTENV1.5.0.0
2024-04-05 14:33:22,815 [WARN] PackLoader:240 - Cannot read IP mode file for WES.I-CUBE-Cesium.1.3.0
2024-04-05 14:33:22,827 [WARN] PackLoader:240 - Cannot read IP mode file for STMicroelectronics.X-CUBE-BLE2.3.3.0
2024-04-05 14:33:22,847 [WARN] PackLoader:240 - Cannot read IP mode file for STMicroelectronics.X-CUBE-TOF1.3.2.0
2024-04-05 14:33:22,869 [WARN] PackLoader:240 - Cannot read IP mode file for STMicroelectronics.X-CUBE-TOUCHGFX.4.21.1
2024-04-05 14:33:22,875 [WARN] PackLoader:240 - Cannot read IP mode file for STMicroelectronics.X-CUBE-TOUCHGFX.4.21.3
2024-04-05 14:33:22,880 [WARN] PackLoader:240 - Cannot read IP mode file for STMicroelectronics.X-CUBE-TOUCHGFX.4.21.4
2024-04-05 14:33:22,888 [WARN] PackLoader:240 - Cannot read IP mode file for STMicroelectronics.X-CUBE-AI.7.3.0
2024-04-05 14:33:22,898 [WARN] PackLoader:240 - Cannot read IP mode file for STMicroelectronics.X-CUBE-ALGOBUILD.1.3.0
2024-04-05 14:33:22,944 [WARN] PackLoader:240 - Cannot read IP mode file for STMicroelectronics.X-CUBE-AZRTOS-G0.1.1.0
2024-04-05 14:33:23,007 [WARN] PackLoader:240 - Cannot read IP mode file for STMicroelectronics.X-CUBE-SAFEA1.1.2.2
2024-04-05 14:33:23,026 [WARN] PackLoader:240 - Cannot read IP mode file for STMicroelectronics.X-CUBE-NFC4.3.0.0
2024-04-05 14:33:23,042 [WARN] PackLoader:240 - Cannot read IP mode file for STMicroelectronics.X-CUBE-BLEMGR.3.0.0
2024-04-05 14:33:23,099 [WARN] PackLoader:240 - Cannot read IP mode file for STMicroelectronics.X-CUBE-BLEMGR.1.3.0
2024-04-05 14:33:23,121 [WARN] PackLoader:240 - Cannot read IP mode file for STMicroelectronics.FP-ATR-SIGFOX1.3.2.0
2024-04-05 14:33:23,137 [WARN] PackLoader:240 - Cannot read IP mode file for STMicroelectronics.X-CUBE-EEPRMA1.5.1.0
2024-04-05 14:33:23,284 [WARN] PackLoader:240 - Cannot read IP mode file for STMicroelectronics.X-CUBE-MEMS1.9.5.0
2024-04-05 14:33:23,738 [WARN] PackLoader:240 - Cannot read IP mode file for SEGGER.I-CUBE-embOS.1.3.1
2024-04-05 14:33:23,844 [WARN] PackLoader:240 - Cannot read IP mode file for STMicroelectronics.X-CUBE-GNSS1.6.0.0
2024-04-05 14:33:23,883 [WARN] PackLoader:240 - Cannot read IP mode file for STMicroelectronics.X-CUBE-AZRTOS-F4.1.1.0
2024-04-05 14:33:23,909 [WARN] PackLoader:240 - Cannot read IP mode file for wolfSSL.I-CUBE-wolfSSL.5.6.3
2024-04-05 14:33:23,946 [WARN] PackLoader:240 - Cannot read IP mode file for STMicroelectronics.X-CUBE-AZRTOS-L5.2.0.0
2024-04-05 14:33:24,045 [WARN] PackLoader:240 - Cannot read IP mode file for STMicroelectronics.X-CUBE-MEMS1.9.6.0
2024-04-05 14:33:24,428 [WARN] PackLoader:240 - Cannot read IP mode file for STMicroelectronics.X-CUBE-EEPRMA1.4.2.0
2024-04-05 14:33:24,445 [WARN] PackLoader:240 - Cannot read IP mode file for STMicroelectronics.X-CUBE-NFC6.3.1.0
2024-04-05 14:33:24,461 [WARN] PackLoader:240 - Cannot read IP mode file for ITTIA_DB.I-CUBE-ITTIADB.8.8.0
2024-04-05 14:33:24,471 [WARN] PackLoader:240 - Cannot read IP mode file for emotas.I-CUBE-CANOPEN.1.1.3
2024-04-05 14:33:24,487 [WARN] PackLoader:240 - Cannot read IP mode file for STMicroelectronics.X-CUBE-BLEMGR.2.0.0
2024-04-05 14:33:24,521 [WARN] ConditionMgr:438 - getConditionDescription Invalid condition id : UX DEVICE CLASS RTOS Condition cause : null
2024-04-05 14:33:24,522 [WARN] ConditionMgr:438 - getConditionDescription Invalid condition id : UX DEVICE CLASS RTOS Condition cause : null
2024-04-05 14:33:24,529 [WARN] PackLoader:240 - Cannot read IP mode file for STMicroelectronics.X-CUBE-AZRTOS-H7.3.1.0
2024-04-05 14:33:24,531 [WARN] ConditionMgr:1039 - genDependencies : Invalid condition id : UX DEVICE CLASS RTOS Condition cause : null
2024-04-05 14:33:24,531 [WARN] ConditionMgr:1039 - genDependencies : Invalid condition id : UX DEVICE CLASS RTOS Condition cause : null
2024-04-05 14:33:24,534 [WARN] ConditionMgr:1039 - genDependencies : Invalid condition id : UX DEVICE CLASS RTOS Condition cause : null
2024-04-05 14:33:24,535 [WARN] ConditionMgr:1039 - genDependencies : Invalid condition id : UX DEVICE CLASS RTOS Condition cause : null
2024-04-05 14:33:24,535 [WARN] ConditionMgr:1039 - genDependencies : Invalid condition id : UX DEVICE CLASS RTOS Condition cause : null
2024-04-05 14:33:24,545 [WARN] PackLoader:240 - Cannot read IP mode file for wolfSSL.I-CUBE-wolfSSL.5.5.4
2024-04-05 14:33:24,557 [WARN] PackLoader:240 - Cannot read IP mode file for STMicroelectronics.X-CUBE-NFC7.1.0.1
2024-04-05 14:33:24,569 [WARN] PackLoader:240 - Cannot read IP mode file for STMicroelectronics.X-CUBE-NFC7.1.0.0
2024-04-05 14:33:24,585 [WARN] PackLoader:240 - Cannot read IP mode file for STMicroelectronics.X-CUBE-NFC6.3.0.0
2024-04-05 14:33:24,602 [WARN] PackLoader:240 - Cannot read IP mode file for STMicroelectronics.X-CUBE-EEPRMA1.4.1.0
2024-04-05 14:33:24,614 [WARN] PackLoader:240 - Cannot read IP mode file for STMicroelectronics.X-CUBE-AI.8.1.0
2024-04-05 14:33:24,715 [WARN] ConditionMgr:438 - getConditionDescription Invalid condition id : LAN8742 Phy interface Condition cause : null
2024-04-05 14:33:24,716 [WARN] PackLoader:240 - Cannot read IP mode file for STMicroelectronics.X-CUBE-AZRTOS-L4.2.0.0
2024-04-05 14:33:24,719 [WARN] ConditionMgr:1039 - genDependencies : Invalid condition id : LAN8742 Phy interface Condition cause : null
2024-04-05 14:33:24,720 [WARN] ConditionMgr:1039 - genDependencies : Invalid condition id : LAN8742 Phy interface Condition cause : null
2024-04-05 14:33:24,722 [WARN] ConditionMgr:1039 - genDependencies : Invalid condition id : LAN8742 Phy interface Condition cause : null
2024-04-05 14:33:24,768 [WARN] PackLoader:240 - Cannot read IP mode file for STMicroelectronics.X-CUBE-SFXS2LP1.4.0.0
2024-04-05 14:33:24,821 [WARN] PackLoader:240 - Cannot read IP mode file for STMicroelectronics.X-CUBE-AZRTOS-H7.3.0.0
2024-04-05 14:33:24,835 [WARN] PackLoader:240 - Cannot read IP mode file for STMicroelectronics.X-CUBE-ISPU.1.1.0
2024-04-05 14:33:24,873 [WARN] PackLoader:240 - Cannot read IP mode file for RoweBots.I-CUBE-UNISONRTOS.5.5.0-4
2024-04-05 14:33:24,880 [WARN] PackLoader:240 - Cannot read IP mode file for STMicroelectronics.X-CUBE-AI.8.0.0
2024-04-05 14:33:24,909 [WARN] ConditionMgr:438 - getConditionDescription Invalid condition id : UX DEVICE CLASS RTOS Condition cause : null
2024-04-05 14:33:24,910 [WARN] ConditionMgr:438 - getConditionDescription Invalid condition id : UX DEVICE CLASS RTOS Condition cause : null
2024-04-05 14:33:24,914 [WARN] PackLoader:240 - Cannot read IP mode file for STMicroelectronics.X-CUBE-AZRTOS-WB.2.0.0
2024-04-05 14:33:24,915 [WARN] ConditionMgr:1039 - genDependencies : Invalid condition id : UX DEVICE CLASS RTOS Condition cause : null
2024-04-05 14:33:24,915 [WARN] ConditionMgr:1039 - genDependencies : Invalid condition id : UX DEVICE CLASS RTOS Condition cause : null
2024-04-05 14:33:24,916 [WARN] ConditionMgr:1039 - genDependencies : Invalid condition id : UX DEVICE CLASS RTOS Condition cause : null
2024-04-05 14:33:24,919 [WARN] ConditionMgr:1039 - genDependencies : Invalid condition id : UX DEVICE CLASS RTOS Condition cause : null
2024-04-05 14:33:24,919 [WARN] ConditionMgr:1039 - genDependencies : Invalid condition id : UX DEVICE CLASS RTOS Condition cause : null
2024-04-05 14:33:24,930 [WARN] PackLoader:240 - Cannot read IP mode file for STMicroelectronics.X-CUBE-FREERTOS.1.0.0
2024-04-05 14:33:24,938 [WARN] PackLoader:240 - Cannot read IP mode file for STMicroelectronics.X-CUBE-FREERTOS.1.0.1
2024-04-05 14:33:24,965 [WARN] PackLoader:240 - Cannot read IP mode file for STMicroelectronics.X-CUBE-AZRTOS-L5.1.1.0
2024-04-05 14:33:24,976 [WARN] PackLoader:240 - Cannot read IP mode file for STMicroelectronics.X-CUBE-AI.8.0.1
2024-04-05 14:33:24,995 [WARN] PackLoader:240 - Cannot read IP mode file for STMicroelectronics.X-CUBE-SUBG2.5.0.0
2024-04-05 14:33:25,030 [WARN] PackLoader:240 - Cannot read IP mode file for STMicroelectronics.X-CUBE-TOF1.3.3.1
2024-04-05 14:33:25,078 [WARN] PackLoader:240 - Cannot read IP mode file for STMicroelectronics.X-CUBE-AZRTOS-G4.2.0.0
2024-04-05 14:33:25,100 [WARN] PackLoader:240 - Cannot read IP mode file for STMicroelectronics.X-CUBE-TOF1.3.3.0
2024-04-05 14:33:25,127 [WARN] PackLoader:240 - Cannot read IP mode file for STMicroelectronics.FP-ATR-ASTRA1.1.1.1
2024-04-05 14:33:25,153 [WARN] PackLoader:240 - Cannot read IP mode file for Infineon.AIROC-Wi-Fi-Bluetooth-STM32.1.5.1
2024-04-05 14:33:25,168 [WARN] PackLoader:240 - Cannot read IP mode file for STMicroelectronics.FP-SNS-MOTENVWB1.1.3.0
2024-04-05 14:33:25,177 [WARN] PackLoader:240 - Cannot read IP mode file for STMicroelectronics.FP-SNS-MOTENVWB1.1.3.1
2024-04-05 14:33:25,199 [WARN] PackLoader:240 - Cannot read IP mode file for STMicroelectronics.X-CUBE-AZRTOS-G4.1.0.0
2024-04-05 14:33:25,232 [WARN] PackLoader:240 - Cannot read IP mode file for STMicroelectronics.X-CUBE-AZRTOS-L4.1.0.0
2024-04-05 14:33:25,241 [WARN] PackLoader:240 - Cannot read IP mode file for STMicroelectronics.X-CUBE-ISPU.2.0.0
2024-04-05 14:33:25,325 [WARN] PackLoader:240 - Cannot read IP mode file for STMicroelectronics.X-CUBE-MEMS1.10.0.0
2024-04-05 14:33:25,576 [WARN] PackLoader:240 - Cannot read IP mode file for STMicroelectronics.X-CUBE-FREERTOS.1.1.0
2024-04-05 14:33:25,594 [WARN] PackLoader:240 - Cannot read IP mode file for STMicroelectronics.X-CUBE-AZRTOS-WL.1.0.0
2024-04-05 14:33:25,606 [WARN] PackLoader:240 - Cannot read IP mode file for portGmbH.I-Cube-SoM-uGOAL.1.1.0
2024-04-05 14:33:25,615 [WARN] PackLoader:240 - Cannot read IP mode file for STMicroelectronics.X-CUBE-ALS.1.0.1
2024-04-05 14:33:25,641 [WARN] PackLoader:240 - Cannot read IP mode file for STMicroelectronics.X-CUBE-AZRTOS-WB.1.1.0
2024-04-05 14:33:25,648 [WARN] PackLoader:240 - Cannot read IP mode file for STMicroelectronics.FP-ATR-ASTRA1.2.0.0
2024-04-05 14:33:25,670 [WARN] PackLoader:240 - Cannot read IP mode file for STMicroelectronics.X-CUBE-TOF1.3.4.0
2024-04-05 14:33:25,704 [WARN] PackLoader:240 - Cannot read IP mode file for STMicroelectronics.X-CUBE-TOF1.3.4.1
2024-04-05 14:33:25,759 [WARN] PackLoader:240 - Cannot read IP mode file for STMicroelectronics.X-CUBE-AZRTOS-H7.3.2.0
2024-04-05 14:33:25,768 [INFO] ThirdParty:978 - Integrity check success = true
2024-04-05 14:33:25,768 [INFO] IntegrityCheckThread:100 - exiting critical section [integrity check]
2024-04-05 14:33:25,768 [INFO] IntegrityCheckThread:103 - End integrity checks thread
2024-04-05 14:37:12,399 [ERROR] LogOutputStream:75 - [STDERR_REDIRECT] 
