2024-03-29 10:15:03,096 [INFO] Activator:176 - 


2024-03-29 10:15:03,104 [INFO] Activator:177 - !SESSION log4j initialized
2024-03-29 10:15:09,513 [INFO] LogOutputStream:77 - [STDOUT_REDIRECT] 
2024-03-29 10:15:11,269 [INFO] ApplicationProperties:184 - Using Application install path: C:\ST\STM32CubeIDE_1.12.0\STM32CubeIDE\plugins\com.st.stm32cube.common.mx_6.11.0.202403141607
2024-03-29 10:15:11,297 [INFO] DbMcusXml:78 - Set database path to: C:\ST\STM32CubeIDE_1.12.0\STM32CubeIDE\plugins\com.st.stm32cube.common.mx_6.11.0.202403141607\\db\/mcu/
2024-03-29 10:15:11,297 [INFO] ApiDb:274 - Set plugin database path to: C:\ST\STM32CubeIDE_1.12.0\STM32CubeIDE\plugins\com.st.stm32cube.common.mx_6.11.0.202403141607\\db\/plugins/boardmanager/
2024-03-29 10:15:11,298 [WARN] ApiDb:259 - Overriding images path with different value:  => C:\ST\STM32CubeIDE_1.12.0\STM32CubeIDE\plugins\com.st.stm32cube.common.mx_6.11.0.202403141607\\db\/plugins/mcufinder/images/
2024-03-29 10:15:11,313 [INFO] ApiDb:250 - Set database path to: C:\Users\ADMIN\.stmcufinder\plugins\mcufinder//mcu/
2024-03-29 10:15:11,315 [INFO] DbMcusAds:125 - Set database path to: C:\Users\ADMIN\.stmcufinder\plugins\mcufinder//mcu/
2024-03-29 10:15:11,317 [INFO] CrossReferenceDbSqlite:203 - Set database path to: C:\Users\ADMIN\.stmcufinder\plugins\mcufinder//mcu/cs/
2024-03-29 10:15:11,466 [INFO] RulesReader:64 - Compatibility file has been processed (297 Rules)
2024-03-29 10:15:11,574 [INFO] DbMcusXml:78 - Set database path to: C:\ST\STM32CubeIDE_1.12.0\STM32CubeIDE\plugins\com.st.stm32cube.common.mx_6.11.0.202403141607\\db\/mcu/
2024-03-29 10:15:11,574 [INFO] ApiDb:274 - Set plugin database path to: C:\ST\STM32CubeIDE_1.12.0\STM32CubeIDE\plugins\com.st.stm32cube.common.mx_6.11.0.202403141607\\db\/plugins/boardmanager/
2024-03-29 10:15:11,574 [INFO] ApiDb:261 - Set plugin images path to: C:\ST\STM32CubeIDE_1.12.0\STM32CubeIDE\plugins\com.st.stm32cube.common.mx_6.11.0.202403141607\\db\/plugins/mcufinder/images/
2024-03-29 10:15:11,575 [WARN] DbFile:41 - Overriding database path with different value: C:\Users\ADMIN\.stmcufinder\plugins\mcufinder/ => C:\Users\ADMIN\.stmcufinder\plugins\mcufinder
2024-03-29 10:15:11,575 [INFO] ApiDb:250 - Set database path to: C:\Users\ADMIN\.stmcufinder\plugins\mcufinder//mcu/
2024-03-29 10:15:11,575 [WARN] DbFile:41 - Overriding database path with different value: C:\Users\ADMIN\.stmcufinder\plugins\mcufinder/ => C:\Users\ADMIN\.stmcufinder\plugins\mcufinder
2024-03-29 10:15:11,575 [INFO] DbMcusAds:125 - Set database path to: C:\Users\ADMIN\.stmcufinder\plugins\mcufinder//mcu/
2024-03-29 10:15:11,575 [WARN] DbFile:41 - Overriding database path with different value: C:\Users\ADMIN\.stmcufinder\plugins\mcufinder/ => C:\Users\ADMIN\.stmcufinder\plugins\mcufinder
2024-03-29 10:15:11,575 [WARN] DbFile:41 - Overriding database path with different value: C:\Users\ADMIN\.stmcufinder\plugins\mcufinder/ => C:\Users\ADMIN\.stmcufinder\plugins\mcufinder
2024-03-29 10:15:11,575 [INFO] CrossReferenceDbSqlite:203 - Set database path to: C:\Users\ADMIN\.stmcufinder\plugins\mcufinder//mcu/cs/
2024-03-29 10:15:11,674 [INFO] MainPanel:264 - HeapMemory: 268435456
2024-03-29 10:15:11,796 [INFO] DbMcusXml:78 - Set database path to: C:\ST\STM32CubeIDE_1.12.0\STM32CubeIDE\plugins\com.st.stm32cube.common.mx_6.11.0.202403141607\\db\/mcu/
2024-03-29 10:15:11,796 [INFO] ApiDb:274 - Set plugin database path to: C:\ST\STM32CubeIDE_1.12.0\STM32CubeIDE\plugins\com.st.stm32cube.common.mx_6.11.0.202403141607\\db\/plugins/boardmanager/
2024-03-29 10:15:11,797 [INFO] ApiDb:261 - Set plugin images path to: C:\ST\STM32CubeIDE_1.12.0\STM32CubeIDE\plugins\com.st.stm32cube.common.mx_6.11.0.202403141607\\db\/plugins/mcufinder/images/
2024-03-29 10:15:11,797 [WARN] DbFile:41 - Overriding database path with different value: C:\Users\ADMIN\.stmcufinder\plugins\mcufinder/ => C:\Users\ADMIN\.stmcufinder\plugins\mcufinder
2024-03-29 10:15:11,797 [INFO] ApiDb:250 - Set database path to: C:\Users\ADMIN\.stmcufinder\plugins\mcufinder//mcu/
2024-03-29 10:15:11,797 [WARN] DbFile:41 - Overriding database path with different value: C:\Users\ADMIN\.stmcufinder\plugins\mcufinder/ => C:\Users\ADMIN\.stmcufinder\plugins\mcufinder
2024-03-29 10:15:11,798 [INFO] DbMcusAds:125 - Set database path to: C:\Users\ADMIN\.stmcufinder\plugins\mcufinder//mcu/
2024-03-29 10:15:11,798 [WARN] DbFile:41 - Overriding database path with different value: C:\Users\ADMIN\.stmcufinder\plugins\mcufinder/ => C:\Users\ADMIN\.stmcufinder\plugins\mcufinder
2024-03-29 10:15:11,798 [WARN] DbFile:41 - Overriding database path with different value: C:\Users\ADMIN\.stmcufinder\plugins\mcufinder/ => C:\Users\ADMIN\.stmcufinder\plugins\mcufinder
2024-03-29 10:15:11,798 [INFO] CrossReferenceDbSqlite:203 - Set database path to: C:\Users\ADMIN\.stmcufinder\plugins\mcufinder//mcu/cs/
2024-03-29 10:15:11,822 [INFO] ApplicationProperties:184 - Using Application install path: C:\ST\STM32CubeIDE_1.12.0\STM32CubeIDE\plugins\com.st.stm32cube.common.mx_6.11.0.202403141607
2024-03-29 10:15:11,824 [INFO] PluginManage:196 - Search for loadable plugins [exclusion list=, ]
2024-03-29 10:15:11,826 [INFO] PluginManage:310 - Check plugin analytics
2024-03-29 10:15:12,077 [INFO] AnalyticsPlugin:253 - Accepted Software Licenses: 
2024-03-29 10:15:12,078 [INFO] AnalyticsPlugin:255 - Accepted CMSIS Pack Licenses: 
2024-03-29 10:15:12,079 [INFO] AnalyticsPlugin:257 - Accepted Firmware Licenses: 
2024-03-29 10:15:12,084 [INFO] PluginManage:359 - Loaded plugin analytics (category:tool,tabindex:-1)
2024-03-29 10:15:12,084 [INFO] PluginManage:310 - Check plugin cadmodel
2024-03-29 10:15:12,094 [INFO] CADModel:105 - Init CAD model plugin
2024-03-29 10:15:12,095 [INFO] PluginManage:359 - Loaded plugin cadmodel (category:power,tabindex:5)
2024-03-29 10:15:12,095 [INFO] PluginManage:310 - Check plugin clock
2024-03-29 10:15:12,118 [INFO] PluginManage:359 - Loaded plugin clock (category:base,tabindex:2)
2024-03-29 10:15:12,118 [INFO] PluginManage:310 - Check plugin ddr
2024-03-29 10:15:12,122 [INFO] PluginManage:359 - Loaded plugin ddr (category:tool,tabindex:6)
2024-03-29 10:15:12,123 [INFO] PluginManage:310 - Check plugin filemanager
2024-03-29 10:15:12,327 [INFO] PluginManage:359 - Loaded plugin filemanager (category:base,tabindex:10)
2024-03-29 10:15:12,327 [INFO] PluginManage:310 - Check plugin ipmanager
2024-03-29 10:15:12,337 [INFO] PluginManage:359 - Loaded plugin ipmanager (category:base,tabindex:5)
2024-03-29 10:15:12,337 [INFO] PluginManage:310 - Check plugin lpbam
2024-03-29 10:15:12,350 [INFO] PluginManage:359 - Loaded plugin lpbam (category:base,tabindex:0)
2024-03-29 10:15:12,350 [INFO] PluginManage:310 - Check plugin memorymap
2024-03-29 10:15:12,374 [INFO] PluginManage:359 - Loaded plugin memorymap (category:base,tabindex:4)
2024-03-29 10:15:12,374 [INFO] PluginManage:310 - Check plugin pinoutandconfiguration
2024-03-29 10:15:12,386 [INFO] PluginManage:359 - Loaded plugin pinoutandconfiguration (category:base,tabindex:1)
2024-03-29 10:15:12,387 [INFO] PluginManage:310 - Check plugin pinoutconfig
2024-03-29 10:15:12,522 [WARN] SupportedApi:132 - Cannot load RTOS API schema: s4s-elt-must-match.1: The content of 'definitions' must match (annotation?, (simpleType | complexType)?, (unique | key | keyref)*)). A problem was found starting at: attribute.
2024-03-29 10:15:12,702 [INFO] PluginManage:359 - Loaded plugin pinoutconfig (category:base,tabindex:0)
2024-03-29 10:15:12,703 [INFO] PluginManage:310 - Check plugin power
2024-03-29 10:15:12,720 [INFO] PluginManage:359 - Loaded plugin power (category:power,tabindex:4)
2024-03-29 10:15:12,721 [INFO] PluginManage:310 - Check plugin projectmanager
2024-03-29 10:15:12,745 [INFO] PluginManage:359 - Loaded plugin projectmanager (category:projectmanager,tabindex:3)
2024-03-29 10:15:12,745 [INFO] PluginManage:310 - Check plugin thirdparty
2024-03-29 10:15:12,922 [INFO] PluginManage:359 - Loaded plugin thirdparty (category:base,tabindex:-1)
2024-03-29 10:15:12,922 [WARN] IntegrityCheckThread:84 - waiting for thirdparty lock release [integrity check]
2024-03-29 10:15:12,922 [INFO] PluginManage:310 - Check plugin tools
2024-03-29 10:15:12,922 [INFO] IntegrityCheckThread:86 - entering critical section [integrity check]
2024-03-29 10:15:12,923 [INFO] ThirdPartyUpdaterWithRetryManager:70 - Updater plugin not ready yet. [1/15]
2024-03-29 10:15:12,926 [INFO] PluginManage:359 - Loaded plugin tools (category:base,tabindex:7)
2024-03-29 10:15:12,926 [INFO] PluginManage:310 - Check plugin tutovideos
2024-03-29 10:15:13,158 [INFO] PluginManage:359 - Loaded plugin tutovideos (category:base,tabindex:-1)
2024-03-29 10:15:13,159 [INFO] PluginManage:310 - Check plugin updater
2024-03-29 10:15:13,175 [INFO] PluginManage:359 - Loaded plugin updater (category:base,tabindex:12)
2024-03-29 10:15:13,175 [INFO] PluginManage:310 - Check plugin userauth
2024-03-29 10:15:13,183 [INFO] UserAuth:114 - Init User Auth plugin
2024-03-29 10:15:13,184 [INFO] PluginManage:359 - Loaded plugin userauth (category:base,tabindex:14)
2024-03-29 10:15:13,184 [INFO] PluginManage:283 - PluginManage : Loaded plugins [17]
2024-03-29 10:15:13,479 [INFO] PinOutPanel:1561 - setPackage(No Configuration,No Configuration)
2024-03-29 10:15:13,595 [INFO] CADModel:165 - CPN selected for project level
2024-03-29 10:15:13,596 [INFO] CADModel:114 - Register for checkConnection events
2024-03-29 10:15:13,623 [INFO] IPUIPlugin:80 - create IPUIPlugin
2024-03-29 10:15:13,623 [INFO] PluginManager:220 - loadIPPluginJar : add adc
2024-03-29 10:15:13,627 [INFO] IPUIPlugin:80 - create IPUIPlugin
2024-03-29 10:15:13,628 [INFO] PluginManager:220 - loadIPPluginJar : add aes
2024-03-29 10:15:13,632 [INFO] IPUIPlugin:80 - create IPUIPlugin
2024-03-29 10:15:13,633 [INFO] PluginManager:220 - loadIPPluginJar : add can
2024-03-29 10:15:13,635 [INFO] IPUIPlugin:80 - create IPUIPlugin
2024-03-29 10:15:13,636 [INFO] PluginManager:220 - loadIPPluginJar : add comp
2024-03-29 10:15:13,641 [INFO] IPUIPlugin:80 - create IPUIPlugin
2024-03-29 10:15:13,641 [INFO] PluginManager:220 - loadIPPluginJar : add cryp
2024-03-29 10:15:13,645 [INFO] IPUIPlugin:80 - create IPUIPlugin
2024-03-29 10:15:13,646 [INFO] PluginManager:220 - loadIPPluginJar : add dfsdm
2024-03-29 10:15:13,654 [INFO] IPUIPlugin:80 - create IPUIPlugin
2024-03-29 10:15:13,655 [INFO] PluginManager:220 - loadIPPluginJar : add dma
2024-03-29 10:15:13,659 [INFO] IPUIPlugin:80 - create IPUIPlugin
2024-03-29 10:15:13,660 [INFO] PluginManager:220 - loadIPPluginJar : add dma3
2024-03-29 10:15:13,664 [INFO] IPUIPlugin:80 - create IPUIPlugin
2024-03-29 10:15:13,664 [INFO] PluginManager:220 - loadIPPluginJar : add extmemmanager
2024-03-29 10:15:13,667 [INFO] IPUIPlugin:80 - create IPUIPlugin
2024-03-29 10:15:13,667 [INFO] PluginManager:220 - loadIPPluginJar : add fatfs
2024-03-29 10:15:13,673 [INFO] IPUIPlugin:80 - create IPUIPlugin
2024-03-29 10:15:13,673 [INFO] PluginManager:220 - loadIPPluginJar : add fmc
2024-03-29 10:15:13,682 [INFO] IPUIPlugin:80 - create IPUIPlugin
2024-03-29 10:15:13,682 [INFO] PluginManager:220 - loadIPPluginJar : add freertos
2024-03-29 10:15:13,685 [INFO] IPUIPlugin:80 - create IPUIPlugin
2024-03-29 10:15:13,685 [INFO] PluginManager:220 - loadIPPluginJar : add genericplugin
2024-03-29 10:15:13,689 [INFO] IPUIPlugin:80 - create IPUIPlugin
2024-03-29 10:15:13,689 [INFO] PluginManager:220 - loadIPPluginJar : add gfxmmu
2024-03-29 10:15:13,695 [INFO] IPUIPlugin:80 - create IPUIPlugin
2024-03-29 10:15:13,696 [INFO] PluginManager:220 - loadIPPluginJar : add gic
2024-03-29 10:15:13,701 [INFO] IPUIPlugin:80 - create IPUIPlugin
2024-03-29 10:15:13,701 [INFO] PluginManager:220 - loadIPPluginJar : add gpio
2024-03-29 10:15:13,705 [INFO] IPUIPlugin:80 - create IPUIPlugin
2024-03-29 10:15:13,705 [INFO] PluginManager:220 - loadIPPluginJar : add gtzc
2024-03-29 10:15:13,709 [INFO] IPUIPlugin:80 - create IPUIPlugin
2024-03-29 10:15:13,709 [INFO] PluginManager:220 - loadIPPluginJar : add hash
2024-03-29 10:15:13,713 [INFO] IPUIPlugin:80 - create IPUIPlugin
2024-03-29 10:15:13,713 [INFO] PluginManager:220 - loadIPPluginJar : add i2c
2024-03-29 10:15:13,716 [INFO] IPUIPlugin:80 - create IPUIPlugin
2024-03-29 10:15:13,716 [INFO] PluginManager:220 - loadIPPluginJar : add i2s
2024-03-29 10:15:13,720 [INFO] IPUIPlugin:80 - create IPUIPlugin
2024-03-29 10:15:13,720 [INFO] PluginManager:220 - loadIPPluginJar : add i3c
2024-03-29 10:15:13,724 [INFO] IPUIPlugin:80 - create IPUIPlugin
2024-03-29 10:15:13,724 [INFO] PluginManager:220 - loadIPPluginJar : add ipddr
2024-03-29 10:15:13,734 [INFO] IPUIPlugin:80 - create IPUIPlugin
2024-03-29 10:15:13,734 [INFO] PluginManager:220 - loadIPPluginJar : add linkedlist
2024-03-29 10:15:13,738 [INFO] IPUIPlugin:80 - create IPUIPlugin
2024-03-29 10:15:13,739 [INFO] PluginManager:220 - loadIPPluginJar : add lorawan
2024-03-29 10:15:13,741 [INFO] IPUIPlugin:80 - create IPUIPlugin
2024-03-29 10:15:13,741 [INFO] PluginManager:220 - loadIPPluginJar : add ltdc
2024-03-29 10:15:13,750 [INFO] IPUIPlugin:80 - create IPUIPlugin
2024-03-29 10:15:13,750 [INFO] PluginManager:220 - loadIPPluginJar : add mdma
2024-03-29 10:15:13,756 [INFO] IPUIPlugin:80 - create IPUIPlugin
2024-03-29 10:15:13,756 [INFO] PluginManager:220 - loadIPPluginJar : add nvic
2024-03-29 10:15:13,760 [INFO] IPUIPlugin:80 - create IPUIPlugin
2024-03-29 10:15:13,761 [INFO] PluginManager:220 - loadIPPluginJar : add opamp
2024-03-29 10:15:13,766 [INFO] IPUIPlugin:80 - create IPUIPlugin
2024-03-29 10:15:13,766 [INFO] PluginManager:220 - loadIPPluginJar : add openamp
2024-03-29 10:15:13,772 [INFO] IPUIPlugin:80 - create IPUIPlugin
2024-03-29 10:15:13,772 [INFO] PluginManager:220 - loadIPPluginJar : add pdm2pcm
2024-03-29 10:15:13,780 [INFO] IPUIPlugin:80 - create IPUIPlugin
2024-03-29 10:15:13,784 [INFO] PluginManager:220 - loadIPPluginJar : add plateformsettings
2024-03-29 10:15:13,786 [INFO] IPUIPlugin:80 - create IPUIPlugin
2024-03-29 10:15:13,787 [INFO] PluginManager:220 - loadIPPluginJar : add quadspi
2024-03-29 10:15:13,793 [INFO] IPUIPlugin:80 - create IPUIPlugin
2024-03-29 10:15:13,793 [INFO] PluginManager:220 - loadIPPluginJar : add resmgrutility
2024-03-29 10:15:13,797 [INFO] IPUIPlugin:80 - create IPUIPlugin
2024-03-29 10:15:13,797 [INFO] PluginManager:220 - loadIPPluginJar : add sai
2024-03-29 10:15:13,801 [INFO] IPUIPlugin:80 - create IPUIPlugin
2024-03-29 10:15:13,801 [INFO] PluginManager:220 - loadIPPluginJar : add spi
2024-03-29 10:15:13,807 [INFO] IPUIPlugin:80 - create IPUIPlugin
2024-03-29 10:15:13,807 [INFO] PluginManager:220 - loadIPPluginJar : add stm32_wpan
2024-03-29 10:15:13,810 [INFO] IPUIPlugin:80 - create IPUIPlugin
2024-03-29 10:15:13,810 [INFO] PluginManager:220 - loadIPPluginJar : add tim
2024-03-29 10:15:13,814 [INFO] IPUIPlugin:80 - create IPUIPlugin
2024-03-29 10:15:13,814 [INFO] PluginManager:220 - loadIPPluginJar : add touchsensing
2024-03-29 10:15:13,817 [INFO] IPUIPlugin:80 - create IPUIPlugin
2024-03-29 10:15:13,817 [INFO] PluginManager:220 - loadIPPluginJar : add tracer_emb
2024-03-29 10:15:13,820 [INFO] IPUIPlugin:80 - create IPUIPlugin
2024-03-29 10:15:13,820 [INFO] PluginManager:220 - loadIPPluginJar : add ts
2024-03-29 10:15:13,822 [INFO] IPUIPlugin:80 - create IPUIPlugin
2024-03-29 10:15:13,822 [INFO] PluginManager:220 - loadIPPluginJar : add tsc
2024-03-29 10:15:13,825 [INFO] IPUIPlugin:80 - create IPUIPlugin
2024-03-29 10:15:13,825 [INFO] PluginManager:220 - loadIPPluginJar : add ucpd
2024-03-29 10:15:13,829 [INFO] IPUIPlugin:80 - create IPUIPlugin
2024-03-29 10:15:13,829 [INFO] PluginManager:220 - loadIPPluginJar : add usart
2024-03-29 10:15:13,833 [INFO] IPUIPlugin:80 - create IPUIPlugin
2024-03-29 10:15:13,833 [INFO] PluginManager:220 - loadIPPluginJar : add usbx
2024-03-29 10:15:13,957 [INFO] CADModel:165 - CPN selected for project level
2024-03-29 10:15:13,957 [INFO] CADModel:114 - Register for checkConnection events
2024-03-29 10:15:13,957 [FATAL] Updater:308 - Updater called before beeing initialized
2024-03-29 10:15:13,958 [ERROR] CADModel:125 - Updater not yet initialized, retry later 
2024-03-29 10:15:14,125 [INFO] CADModel:165 - CPN selected for project level
2024-03-29 10:15:14,125 [INFO] CADModel:114 - Register for checkConnection events
2024-03-29 10:15:14,125 [FATAL] Updater:308 - Updater called before beeing initialized
2024-03-29 10:15:14,125 [ERROR] CADModel:125 - Updater not yet initialized, retry later 
2024-03-29 10:15:14,129 [FATAL] Updater:308 - Updater called before beeing initialized
2024-03-29 10:15:14,261 [FATAL] Updater:308 - Updater called before beeing initialized
2024-03-29 10:15:14,266 [INFO] DbMcusAds:53 - JSON generation date=Wed Nov 29 17:52:27 ICT 2023 (1701255147349)
2024-03-29 10:15:14,267 [FATAL] Updater:308 - Updater called before beeing initialized
2024-03-29 10:15:14,313 [WARN] DetailPanel:346 - Failed to get advertising image, set to default
2024-03-29 10:15:14,417 [FATAL] Updater:308 - Updater called before beeing initialized
2024-03-29 10:15:14,420 [FATAL] Updater:308 - Updater called before beeing initialized
2024-03-29 10:15:14,420 [FATAL] Updater:308 - Updater called before beeing initialized
2024-03-29 10:15:14,421 [WARN] DetailPanel:346 - Failed to get advertising image, set to default
2024-03-29 10:15:14,422 [FATAL] Updater:308 - Updater called before beeing initialized
2024-03-29 10:15:14,481 [ERROR] Updater:1120 - MainUpdater not yet initialized. External WinMGr cannot be set.
2024-03-29 10:15:14,484 [INFO] Updater:1056 - Updater Version found : 6.11.0
2024-03-29 10:15:14,518 [INFO] ApplicationProperties:184 - Using Application install path: C:\ST\STM32CubeIDE_1.12.0\STM32CubeIDE\plugins\com.st.stm32cube.common.mx_6.11.0.202403141607
2024-03-29 10:15:15,052 [INFO] MainUpdater:2873 - connection check result : 10
2024-03-29 10:15:15,053 [INFO] MainUpdater:290 - Updater Check For Update Now.
2024-03-29 10:15:15,053 [INFO] MicroXplorer:498 - Change Database Version : DB.6.0.110
2024-03-29 10:15:15,061 [INFO] McuFinderGlobals:63 - Set McuFinder mode to 2 (CubeIDE integrated)
2024-03-29 10:15:15,071 [INFO] UserAuth:415 - Internet connection configuration mode: 1
2024-03-29 10:15:15,100 [INFO] JxBrowserEngine:152 - Initiate JxBrowser Engine with user profile folder
2024-03-29 10:15:15,284 [INFO] CheckServerUpdateThread:120 - End of CheckServer Thread
2024-03-29 10:15:16,327 [INFO] WebApp:161 - Instantiating new browser for Auth
2024-03-29 10:15:16,343 [WARN] PackLoader:240 - Cannot read IP mode file for STMicroelectronics.X-CUBE-SMBUS.2.1.0
2024-03-29 10:15:16,372 [WARN] PackLoader:240 - Cannot read IP mode file for STMicroelectronics.X-CUBE-TOUCHGFX.4.23.0
2024-03-29 10:15:16,476 [WARN] PackLoader:240 - Cannot read IP mode file for STMicroelectronics.X-CUBE-AZRTOS-F7.1.1.0
2024-03-29 10:15:16,495 [ERROR] RealEvaluatedCondition:428 - Found unsupported composite condition: GROUP='STM32_MetaDataManager' CLASS='Data Exchange'
2024-03-29 10:15:16,496 [ERROR] RealEvaluatedCondition:428 - Found unsupported composite condition: CLASS='Data Exchange' GROUP='STM32_MetaDataManager'
2024-03-29 10:15:16,498 [WARN] PackLoader:240 - Cannot read IP mode file for STMicroelectronics.FP-SNS-MOTENV1.4.3.0
2024-03-29 10:15:16,513 [WARN] PackLoader:240 - Cannot read IP mode file for STMicroelectronics.FP-SNS-MOTENV1.4.3.2
2024-03-29 10:15:16,531 [WARN] PackLoader:240 - Cannot read IP mode file for STMicroelectronics.FP-SNS-FLIGHT1.5.0.0
2024-03-29 10:15:16,547 [ERROR] RealEvaluatedCondition:428 - Found unsupported composite condition: CLASS='Data Exchange' GROUP='STM32_MetaDataManager'
2024-03-29 10:15:16,548 [ERROR] RealEvaluatedCondition:428 - Found unsupported composite condition: GROUP='STM32_MetaDataManager' CLASS='Data Exchange'
2024-03-29 10:15:16,551 [WARN] PackLoader:240 - Cannot read IP mode file for STMicroelectronics.FP-SNS-MOTENV1.4.3.1
2024-03-29 10:15:16,562 [WARN] PackLoader:240 - Cannot read IP mode file for STMicroelectronics.FP-SNS-FLIGHT1.5.0.1
2024-03-29 10:15:16,580 [WARN] PackLoader:240 - Cannot read IP mode file for STMicroelectronics.X-CUBE-BLE1.6.2.4
2024-03-29 10:15:16,588 [WARN] PackLoader:240 - Cannot read IP mode file for STMicroelectronics.FP-SNS-FLIGHT1.5.0.2
2024-03-29 10:15:16,605 [WARN] PackLoader:240 - Cannot read IP mode file for STMicroelectronics.X-CUBE-DISPLAY.3.0.0
2024-03-29 10:15:16,624 [WARN] PackLoader:240 - Cannot read IP mode file for STMicroelectronics.X-CUBE-BLE1.7.0.0
2024-03-29 10:15:16,636 [WARN] PackLoader:240 - Cannot read IP mode file for emotas.I-CUBE-CANOPEN.1.3.0
2024-03-29 10:15:16,641 [WARN] PackLoader:240 - Cannot read IP mode file for STMicroelectronics.X-CUBE-TOUCHGFX.4.22.0
2024-03-29 10:15:16,646 [WARN] PackLoader:240 - Cannot read IP mode file for STMicroelectronics.X-CUBE-TOUCHGFX.4.22.1
2024-03-29 10:15:16,663 [WARN] PackLoader:240 - Cannot read IP mode file for STMicroelectronics.X-CUBE-BLEMGR.3.1.0
2024-03-29 10:15:16,678 [WARN] PackLoader:240 - Cannot read IP mode file for STMicroelectronics.FP-SNS-SMARTAG2.1.2.0
2024-03-29 10:15:16,696 [INFO] LogOutputStream:77 - [STDOUT_REDIRECT] 1 : Invalid condition id : UX_CORESTACK_Condition cause : null
2024-03-29 10:15:16,696 [INFO] LogOutputStream:77 - [STDOUT_REDIRECT] 1 : Invalid condition id : UX_CORESTACK_Condition cause : null
2024-03-29 10:15:16,699 [INFO] LogOutputStream:77 - [STDOUT_REDIRECT] 1 : Invalid condition id : UX_CORESTACK_Condition cause : null
2024-03-29 10:15:16,702 [INFO] LogOutputStream:77 - [STDOUT_REDIRECT] 1 : Invalid condition id : UX_CORESTACK_Condition cause : null
2024-03-29 10:15:16,704 [INFO] LogOutputStream:77 - [STDOUT_REDIRECT] 1 : Invalid condition id : UX_CORESTACK_Condition cause : null
2024-03-29 10:15:16,721 [WARN] PackLoader:240 - Cannot read IP mode file for STMicroelectronics.X-CUBE-AZRTOS-WL.2.0.0
2024-03-29 10:15:16,742 [WARN] PackLoader:240 - Cannot read IP mode file for WES.I-CUBE-Cesium.1.3.0
2024-03-29 10:15:16,750 [WARN] PackLoader:240 - Cannot read IP mode file for STMicroelectronics.X-CUBE-BLE2.3.3.0
2024-03-29 10:15:16,771 [WARN] PackLoader:240 - Cannot read IP mode file for STMicroelectronics.X-CUBE-TOF1.3.2.0
2024-03-29 10:15:16,791 [WARN] PackLoader:240 - Cannot read IP mode file for STMicroelectronics.X-CUBE-TOUCHGFX.4.21.1
2024-03-29 10:15:16,796 [WARN] PackLoader:240 - Cannot read IP mode file for STMicroelectronics.X-CUBE-TOUCHGFX.4.21.3
2024-03-29 10:15:16,801 [WARN] PackLoader:240 - Cannot read IP mode file for STMicroelectronics.X-CUBE-TOUCHGFX.4.21.4
2024-03-29 10:15:16,814 [WARN] PackLoader:240 - Cannot read IP mode file for STMicroelectronics.X-CUBE-AI.7.3.0
2024-03-29 10:15:16,826 [WARN] PackLoader:240 - Cannot read IP mode file for STMicroelectronics.X-CUBE-ALGOBUILD.1.3.0
2024-03-29 10:15:16,857 [WARN] PackLoader:240 - Cannot read IP mode file for STMicroelectronics.X-CUBE-AZRTOS-G0.1.1.0
2024-03-29 10:15:16,870 [WARN] PackLoader:240 - Cannot read IP mode file for STMicroelectronics.X-CUBE-NFC4.3.0.0
2024-03-29 10:15:16,884 [WARN] PackLoader:240 - Cannot read IP mode file for STMicroelectronics.X-CUBE-BLEMGR.3.0.0
2024-03-29 10:15:16,896 [WARN] PackLoader:240 - Cannot read IP mode file for STMicroelectronics.X-CUBE-BLEMGR.1.3.0
2024-03-29 10:15:16,906 [WARN] PackLoader:240 - Cannot read IP mode file for STMicroelectronics.FP-ATR-SIGFOX1.3.2.0
2024-03-29 10:15:16,918 [WARN] PackLoader:240 - Cannot read IP mode file for STMicroelectronics.X-CUBE-EEPRMA1.5.1.0
2024-03-29 10:15:16,988 [WARN] PackLoader:240 - Cannot read IP mode file for STMicroelectronics.X-CUBE-MEMS1.9.5.0
2024-03-29 10:15:17,262 [WARN] PackLoader:240 - Cannot read IP mode file for SEGGER.I-CUBE-embOS.1.3.1
2024-03-29 10:15:17,337 [WARN] PackLoader:240 - Cannot read IP mode file for STMicroelectronics.X-CUBE-GNSS1.6.0.0
2024-03-29 10:15:17,359 [WARN] PackLoader:240 - Cannot read IP mode file for STMicroelectronics.X-CUBE-AZRTOS-F4.1.1.0
2024-03-29 10:15:17,367 [WARN] PackLoader:240 - Cannot read IP mode file for wolfSSL.I-CUBE-wolfSSL.5.6.3
2024-03-29 10:15:17,387 [WARN] PackLoader:240 - Cannot read IP mode file for STMicroelectronics.X-CUBE-AZRTOS-L5.2.0.0
2024-03-29 10:15:17,444 [WARN] PackLoader:240 - Cannot read IP mode file for STMicroelectronics.X-CUBE-MEMS1.9.6.0
2024-03-29 10:15:17,564 [INFO] WebApp:779 - Register for checkConnection events
2024-03-29 10:15:17,564 [INFO] WebApp:414 - Apply proxy settings
2024-03-29 10:15:17,565 [INFO] WebApp:499 - Chromium requires no authentication
2024-03-29 10:15:17,581 [INFO] WebApp:442 - Direct internet connection detected
2024-03-29 10:15:17,692 [WARN] PackLoader:240 - Cannot read IP mode file for STMicroelectronics.X-CUBE-EEPRMA1.4.2.0
2024-03-29 10:15:17,704 [WARN] PackLoader:240 - Cannot read IP mode file for STMicroelectronics.X-CUBE-NFC6.3.1.0
2024-03-29 10:15:17,716 [WARN] PackLoader:240 - Cannot read IP mode file for ITTIA_DB.I-CUBE-ITTIADB.8.8.0
2024-03-29 10:15:17,724 [WARN] PackLoader:240 - Cannot read IP mode file for emotas.I-CUBE-CANOPEN.1.1.3
2024-03-29 10:15:17,733 [WARN] PackLoader:240 - Cannot read IP mode file for STMicroelectronics.X-CUBE-BLEMGR.2.0.0
2024-03-29 10:15:17,753 [WARN] ConditionMgr:438 - getConditionDescription Invalid condition id : UX DEVICE CLASS RTOS Condition cause : null
2024-03-29 10:15:17,754 [WARN] ConditionMgr:438 - getConditionDescription Invalid condition id : UX DEVICE CLASS RTOS Condition cause : null
2024-03-29 10:15:17,757 [WARN] PackLoader:240 - Cannot read IP mode file for STMicroelectronics.X-CUBE-AZRTOS-H7.3.1.0
2024-03-29 10:15:17,759 [WARN] ConditionMgr:1039 - genDependencies : Invalid condition id : UX DEVICE CLASS RTOS Condition cause : null
2024-03-29 10:15:17,759 [WARN] ConditionMgr:1039 - genDependencies : Invalid condition id : UX DEVICE CLASS RTOS Condition cause : null
2024-03-29 10:15:17,760 [WARN] ConditionMgr:1039 - genDependencies : Invalid condition id : UX DEVICE CLASS RTOS Condition cause : null
2024-03-29 10:15:17,761 [WARN] ConditionMgr:1039 - genDependencies : Invalid condition id : UX DEVICE CLASS RTOS Condition cause : null
2024-03-29 10:15:17,761 [WARN] ConditionMgr:1039 - genDependencies : Invalid condition id : UX DEVICE CLASS RTOS Condition cause : null
2024-03-29 10:15:17,766 [WARN] PackLoader:240 - Cannot read IP mode file for wolfSSL.I-CUBE-wolfSSL.5.5.4
2024-03-29 10:15:17,773 [WARN] PackLoader:240 - Cannot read IP mode file for STMicroelectronics.X-CUBE-NFC7.1.0.1
2024-03-29 10:15:17,780 [WARN] PackLoader:240 - Cannot read IP mode file for STMicroelectronics.X-CUBE-NFC7.1.0.0
2024-03-29 10:15:17,789 [WARN] PackLoader:240 - Cannot read IP mode file for STMicroelectronics.X-CUBE-NFC6.3.0.0
2024-03-29 10:15:17,799 [WARN] PackLoader:240 - Cannot read IP mode file for STMicroelectronics.X-CUBE-EEPRMA1.4.1.0
2024-03-29 10:15:17,805 [WARN] PackLoader:240 - Cannot read IP mode file for STMicroelectronics.X-CUBE-AI.8.1.0
2024-03-29 10:15:17,829 [WARN] ConditionMgr:438 - getConditionDescription Invalid condition id : LAN8742 Phy interface Condition cause : null
2024-03-29 10:15:17,829 [WARN] PackLoader:240 - Cannot read IP mode file for STMicroelectronics.X-CUBE-AZRTOS-L4.2.0.0
2024-03-29 10:15:17,831 [WARN] ConditionMgr:1039 - genDependencies : Invalid condition id : LAN8742 Phy interface Condition cause : null
2024-03-29 10:15:17,831 [WARN] ConditionMgr:1039 - genDependencies : Invalid condition id : LAN8742 Phy interface Condition cause : null
2024-03-29 10:15:17,832 [WARN] ConditionMgr:1039 - genDependencies : Invalid condition id : LAN8742 Phy interface Condition cause : null
2024-03-29 10:15:17,842 [WARN] PackLoader:240 - Cannot read IP mode file for STMicroelectronics.X-CUBE-SFXS2LP1.4.0.0
2024-03-29 10:15:17,869 [WARN] PackLoader:240 - Cannot read IP mode file for STMicroelectronics.X-CUBE-AZRTOS-H7.3.0.0
2024-03-29 10:15:17,877 [WARN] PackLoader:240 - Cannot read IP mode file for STMicroelectronics.X-CUBE-ISPU.1.1.0
2024-03-29 10:15:17,886 [WARN] PackLoader:240 - Cannot read IP mode file for RoweBots.I-CUBE-UNISONRTOS.5.5.0-4
2024-03-29 10:15:17,892 [WARN] PackLoader:240 - Cannot read IP mode file for STMicroelectronics.X-CUBE-AI.8.0.0
2024-03-29 10:15:17,906 [WARN] ConditionMgr:438 - getConditionDescription Invalid condition id : UX DEVICE CLASS RTOS Condition cause : null
2024-03-29 10:15:17,906 [WARN] ConditionMgr:438 - getConditionDescription Invalid condition id : UX DEVICE CLASS RTOS Condition cause : null
2024-03-29 10:15:17,908 [WARN] PackLoader:240 - Cannot read IP mode file for STMicroelectronics.X-CUBE-AZRTOS-WB.2.0.0
2024-03-29 10:15:17,910 [WARN] ConditionMgr:1039 - genDependencies : Invalid condition id : UX DEVICE CLASS RTOS Condition cause : null
2024-03-29 10:15:17,910 [WARN] ConditionMgr:1039 - genDependencies : Invalid condition id : UX DEVICE CLASS RTOS Condition cause : null
2024-03-29 10:15:17,910 [WARN] ConditionMgr:1039 - genDependencies : Invalid condition id : UX DEVICE CLASS RTOS Condition cause : null
2024-03-29 10:15:17,911 [WARN] ConditionMgr:1039 - genDependencies : Invalid condition id : UX DEVICE CLASS RTOS Condition cause : null
2024-03-29 10:15:17,911 [WARN] ConditionMgr:1039 - genDependencies : Invalid condition id : UX DEVICE CLASS RTOS Condition cause : null
2024-03-29 10:15:17,917 [WARN] PackLoader:240 - Cannot read IP mode file for STMicroelectronics.X-CUBE-FREERTOS.1.0.0
2024-03-29 10:15:17,923 [WARN] PackLoader:240 - Cannot read IP mode file for STMicroelectronics.X-CUBE-FREERTOS.1.0.1
2024-03-29 10:15:17,945 [WARN] PackLoader:240 - Cannot read IP mode file for STMicroelectronics.X-CUBE-AZRTOS-L5.1.1.0
2024-03-29 10:15:17,953 [WARN] PackLoader:240 - Cannot read IP mode file for STMicroelectronics.X-CUBE-AI.8.0.1
2024-03-29 10:15:17,966 [WARN] PackLoader:240 - Cannot read IP mode file for STMicroelectronics.X-CUBE-SUBG2.5.0.0
2024-03-29 10:15:17,981 [WARN] PackLoader:240 - Cannot read IP mode file for STMicroelectronics.X-CUBE-TOF1.3.3.1
2024-03-29 10:15:18,005 [WARN] PackLoader:240 - Cannot read IP mode file for STMicroelectronics.X-CUBE-AZRTOS-G4.2.0.0
2024-03-29 10:15:18,016 [WARN] PackLoader:240 - Cannot read IP mode file for STMicroelectronics.X-CUBE-TOF1.3.3.0
2024-03-29 10:15:18,019 [INFO] WebApp:192 - Starting web application
2024-03-29 10:15:18,019 [INFO] WebApp:544 - Web application path used C:\ST\STM32CubeIDE_1.12.0\STM32CubeIDE\plugins\com.st.stm32cube.common.mx_6.11.0.202403141607\db\plugins\mcufinder\reactClient1\index.html
2024-03-29 10:15:18,035 [WARN] PackLoader:240 - Cannot read IP mode file for STMicroelectronics.FP-ATR-ASTRA1.1.1.1
2024-03-29 10:15:18,062 [WARN] PackLoader:240 - Cannot read IP mode file for Infineon.AIROC-Wi-Fi-Bluetooth-STM32.1.5.1
2024-03-29 10:15:18,073 [WARN] PackLoader:240 - Cannot read IP mode file for STMicroelectronics.FP-SNS-MOTENVWB1.1.3.0
2024-03-29 10:15:18,080 [WARN] PackLoader:240 - Cannot read IP mode file for STMicroelectronics.FP-SNS-MOTENVWB1.1.3.1
2024-03-29 10:15:18,096 [WARN] PackLoader:240 - Cannot read IP mode file for STMicroelectronics.X-CUBE-AZRTOS-G4.1.0.0
2024-03-29 10:15:18,114 [WARN] PackLoader:240 - Cannot read IP mode file for STMicroelectronics.X-CUBE-AZRTOS-L4.1.0.0
2024-03-29 10:15:18,122 [WARN] PackLoader:240 - Cannot read IP mode file for STMicroelectronics.X-CUBE-ISPU.2.0.0
2024-03-29 10:15:18,186 [WARN] PackLoader:240 - Cannot read IP mode file for STMicroelectronics.X-CUBE-MEMS1.10.0.0
2024-03-29 10:15:18,382 [WARN] PackLoader:240 - Cannot read IP mode file for STMicroelectronics.X-CUBE-FREERTOS.1.1.0
2024-03-29 10:15:18,396 [WARN] PackLoader:240 - Cannot read IP mode file for STMicroelectronics.X-CUBE-AZRTOS-WL.1.0.0
2024-03-29 10:15:18,404 [WARN] PackLoader:240 - Cannot read IP mode file for portGmbH.I-Cube-SoM-uGOAL.1.1.0
2024-03-29 10:15:18,410 [WARN] PackLoader:240 - Cannot read IP mode file for STMicroelectronics.X-CUBE-ALS.1.0.1
2024-03-29 10:15:18,428 [WARN] PackLoader:240 - Cannot read IP mode file for STMicroelectronics.X-CUBE-AZRTOS-WB.1.1.0
2024-03-29 10:15:18,434 [WARN] PackLoader:240 - Cannot read IP mode file for STMicroelectronics.FP-ATR-ASTRA1.2.0.0
2024-03-29 10:15:18,446 [WARN] PackLoader:240 - Cannot read IP mode file for STMicroelectronics.X-CUBE-TOF1.3.4.0
2024-03-29 10:15:18,470 [WARN] PackLoader:240 - Cannot read IP mode file for STMicroelectronics.X-CUBE-TOF1.3.4.1
2024-03-29 10:15:18,502 [WARN] PackLoader:240 - Cannot read IP mode file for STMicroelectronics.X-CUBE-AZRTOS-H7.3.2.0
2024-03-29 10:15:18,513 [INFO] ThirdParty:978 - Integrity check success = true
2024-03-29 10:15:18,514 [INFO] IntegrityCheckThread:100 - exiting critical section [integrity check]
2024-03-29 10:15:18,514 [INFO] IntegrityCheckThread:103 - End integrity checks thread
2024-03-29 23:51:54,821 [ERROR] LogOutputStream:75 - [STDERR_REDIRECT] 
