2024-05-28 13:58:56,131 [INFO] Activator:176 - 


2024-05-28 13:58:56,140 [INFO] Activator:177 - !SESSION log4j initialized
2024-05-28 13:59:06,605 [INFO] LogOutputStream:77 - [STDOUT_REDIRECT] 
2024-05-28 13:59:10,050 [INFO] ApplicationProperties:184 - Using Application install path: C:\ST\STM32CubeIDE_1.12.0\STM32CubeIDE\plugins\com.st.stm32cube.common.mx_6.11.0.202403141607
2024-05-28 13:59:10,092 [INFO] DbMcusXml:78 - Set database path to: C:\ST\STM32CubeIDE_1.12.0\STM32CubeIDE\plugins\com.st.stm32cube.common.mx_6.11.0.202403141607\\db\/mcu/
2024-05-28 13:59:10,093 [INFO] ApiDb:274 - Set plugin database path to: C:\ST\STM32CubeIDE_1.12.0\STM32CubeIDE\plugins\com.st.stm32cube.common.mx_6.11.0.202403141607\\db\/plugins/boardmanager/
2024-05-28 13:59:10,094 [WARN] ApiDb:259 - Overriding images path with different value:  => C:\ST\STM32CubeIDE_1.12.0\STM32CubeIDE\plugins\com.st.stm32cube.common.mx_6.11.0.202403141607\\db\/plugins/mcufinder/images/
2024-05-28 13:59:10,114 [INFO] ApiDb:250 - Set database path to: C:\Users\ADMIN\.stmcufinder\plugins\mcufinder//mcu/
2024-05-28 13:59:10,117 [INFO] DbMcusAds:125 - Set database path to: C:\Users\ADMIN\.stmcufinder\plugins\mcufinder//mcu/
2024-05-28 13:59:10,124 [INFO] CrossReferenceDbSqlite:203 - Set database path to: C:\Users\ADMIN\.stmcufinder\plugins\mcufinder//mcu/cs/
2024-05-28 13:59:10,435 [INFO] RulesReader:64 - Compatibility file has been processed (297 Rules)
2024-05-28 13:59:10,620 [INFO] DbMcusXml:78 - Set database path to: C:\ST\STM32CubeIDE_1.12.0\STM32CubeIDE\plugins\com.st.stm32cube.common.mx_6.11.0.202403141607\\db\/mcu/
2024-05-28 13:59:10,620 [INFO] ApiDb:274 - Set plugin database path to: C:\ST\STM32CubeIDE_1.12.0\STM32CubeIDE\plugins\com.st.stm32cube.common.mx_6.11.0.202403141607\\db\/plugins/boardmanager/
2024-05-28 13:59:10,620 [INFO] ApiDb:261 - Set plugin images path to: C:\ST\STM32CubeIDE_1.12.0\STM32CubeIDE\plugins\com.st.stm32cube.common.mx_6.11.0.202403141607\\db\/plugins/mcufinder/images/
2024-05-28 13:59:10,621 [WARN] DbFile:41 - Overriding database path with different value: C:\Users\ADMIN\.stmcufinder\plugins\mcufinder/ => C:\Users\ADMIN\.stmcufinder\plugins\mcufinder
2024-05-28 13:59:10,621 [INFO] ApiDb:250 - Set database path to: C:\Users\ADMIN\.stmcufinder\plugins\mcufinder//mcu/
2024-05-28 13:59:10,621 [WARN] DbFile:41 - Overriding database path with different value: C:\Users\ADMIN\.stmcufinder\plugins\mcufinder/ => C:\Users\ADMIN\.stmcufinder\plugins\mcufinder
2024-05-28 13:59:10,621 [INFO] DbMcusAds:125 - Set database path to: C:\Users\ADMIN\.stmcufinder\plugins\mcufinder//mcu/
2024-05-28 13:59:10,622 [WARN] DbFile:41 - Overriding database path with different value: C:\Users\ADMIN\.stmcufinder\plugins\mcufinder/ => C:\Users\ADMIN\.stmcufinder\plugins\mcufinder
2024-05-28 13:59:10,622 [WARN] DbFile:41 - Overriding database path with different value: C:\Users\ADMIN\.stmcufinder\plugins\mcufinder/ => C:\Users\ADMIN\.stmcufinder\plugins\mcufinder
2024-05-28 13:59:10,622 [INFO] CrossReferenceDbSqlite:203 - Set database path to: C:\Users\ADMIN\.stmcufinder\plugins\mcufinder//mcu/cs/
2024-05-28 13:59:10,772 [INFO] MainPanel:264 - HeapMemory: 268435456
2024-05-28 13:59:10,915 [INFO] DbMcusXml:78 - Set database path to: C:\ST\STM32CubeIDE_1.12.0\STM32CubeIDE\plugins\com.st.stm32cube.common.mx_6.11.0.202403141607\\db\/mcu/
2024-05-28 13:59:10,916 [INFO] ApiDb:274 - Set plugin database path to: C:\ST\STM32CubeIDE_1.12.0\STM32CubeIDE\plugins\com.st.stm32cube.common.mx_6.11.0.202403141607\\db\/plugins/boardmanager/
2024-05-28 13:59:10,916 [INFO] ApiDb:261 - Set plugin images path to: C:\ST\STM32CubeIDE_1.12.0\STM32CubeIDE\plugins\com.st.stm32cube.common.mx_6.11.0.202403141607\\db\/plugins/mcufinder/images/
2024-05-28 13:59:10,917 [WARN] DbFile:41 - Overriding database path with different value: C:\Users\ADMIN\.stmcufinder\plugins\mcufinder/ => C:\Users\ADMIN\.stmcufinder\plugins\mcufinder
2024-05-28 13:59:10,917 [INFO] ApiDb:250 - Set database path to: C:\Users\ADMIN\.stmcufinder\plugins\mcufinder//mcu/
2024-05-28 13:59:10,917 [WARN] DbFile:41 - Overriding database path with different value: C:\Users\ADMIN\.stmcufinder\plugins\mcufinder/ => C:\Users\ADMIN\.stmcufinder\plugins\mcufinder
2024-05-28 13:59:10,918 [INFO] DbMcusAds:125 - Set database path to: C:\Users\ADMIN\.stmcufinder\plugins\mcufinder//mcu/
2024-05-28 13:59:10,918 [WARN] DbFile:41 - Overriding database path with different value: C:\Users\ADMIN\.stmcufinder\plugins\mcufinder/ => C:\Users\ADMIN\.stmcufinder\plugins\mcufinder
2024-05-28 13:59:10,918 [WARN] DbFile:41 - Overriding database path with different value: C:\Users\ADMIN\.stmcufinder\plugins\mcufinder/ => C:\Users\ADMIN\.stmcufinder\plugins\mcufinder
2024-05-28 13:59:10,918 [INFO] CrossReferenceDbSqlite:203 - Set database path to: C:\Users\ADMIN\.stmcufinder\plugins\mcufinder//mcu/cs/
2024-05-28 13:59:10,947 [INFO] ApplicationProperties:184 - Using Application install path: C:\ST\STM32CubeIDE_1.12.0\STM32CubeIDE\plugins\com.st.stm32cube.common.mx_6.11.0.202403141607
2024-05-28 13:59:10,950 [INFO] PluginManage:196 - Search for loadable plugins [exclusion list=, ]
2024-05-28 13:59:10,953 [INFO] PluginManage:310 - Check plugin analytics
2024-05-28 13:59:11,302 [INFO] AnalyticsPlugin:253 - Accepted Software Licenses: 
2024-05-28 13:59:11,303 [INFO] AnalyticsPlugin:255 - Accepted CMSIS Pack Licenses: 
2024-05-28 13:59:11,303 [INFO] AnalyticsPlugin:257 - Accepted Firmware Licenses: 
2024-05-28 13:59:11,310 [INFO] PluginManage:359 - Loaded plugin analytics (category:tool,tabindex:-1)
2024-05-28 13:59:11,311 [INFO] PluginManage:310 - Check plugin cadmodel
2024-05-28 13:59:11,322 [INFO] CADModel:105 - Init CAD model plugin
2024-05-28 13:59:11,323 [INFO] PluginManage:359 - Loaded plugin cadmodel (category:power,tabindex:5)
2024-05-28 13:59:11,324 [INFO] PluginManage:310 - Check plugin clock
2024-05-28 13:59:11,347 [INFO] PluginManage:359 - Loaded plugin clock (category:base,tabindex:2)
2024-05-28 13:59:11,347 [INFO] PluginManage:310 - Check plugin ddr
2024-05-28 13:59:11,353 [INFO] PluginManage:359 - Loaded plugin ddr (category:tool,tabindex:6)
2024-05-28 13:59:11,353 [INFO] PluginManage:310 - Check plugin filemanager
2024-05-28 13:59:11,621 [INFO] PluginManage:359 - Loaded plugin filemanager (category:base,tabindex:10)
2024-05-28 13:59:11,621 [INFO] PluginManage:310 - Check plugin ipmanager
2024-05-28 13:59:11,631 [INFO] PluginManage:359 - Loaded plugin ipmanager (category:base,tabindex:5)
2024-05-28 13:59:11,631 [INFO] PluginManage:310 - Check plugin lpbam
2024-05-28 13:59:11,645 [INFO] PluginManage:359 - Loaded plugin lpbam (category:base,tabindex:0)
2024-05-28 13:59:11,645 [INFO] PluginManage:310 - Check plugin memorymap
2024-05-28 13:59:11,670 [INFO] PluginManage:359 - Loaded plugin memorymap (category:base,tabindex:4)
2024-05-28 13:59:11,670 [INFO] PluginManage:310 - Check plugin pinoutandconfiguration
2024-05-28 13:59:11,682 [INFO] PluginManage:359 - Loaded plugin pinoutandconfiguration (category:base,tabindex:1)
2024-05-28 13:59:11,683 [INFO] PluginManage:310 - Check plugin pinoutconfig
2024-05-28 13:59:11,832 [WARN] SupportedApi:132 - Cannot load RTOS API schema: s4s-elt-must-match.1: The content of 'definitions' must match (annotation?, (simpleType | complexType)?, (unique | key | keyref)*)). A problem was found starting at: attribute.
2024-05-28 13:59:12,071 [INFO] PluginManage:359 - Loaded plugin pinoutconfig (category:base,tabindex:0)
2024-05-28 13:59:12,071 [INFO] PluginManage:310 - Check plugin power
2024-05-28 13:59:12,090 [INFO] PluginManage:359 - Loaded plugin power (category:power,tabindex:4)
2024-05-28 13:59:12,090 [INFO] PluginManage:310 - Check plugin projectmanager
2024-05-28 13:59:12,122 [INFO] PluginManage:359 - Loaded plugin projectmanager (category:projectmanager,tabindex:3)
2024-05-28 13:59:12,123 [INFO] PluginManage:310 - Check plugin thirdparty
2024-05-28 13:59:12,432 [INFO] PluginManage:359 - Loaded plugin thirdparty (category:base,tabindex:-1)
2024-05-28 13:59:12,432 [INFO] PluginManage:310 - Check plugin tools
2024-05-28 13:59:12,432 [WARN] IntegrityCheckThread:84 - waiting for thirdparty lock release [integrity check]
2024-05-28 13:59:12,434 [INFO] IntegrityCheckThread:86 - entering critical section [integrity check]
2024-05-28 13:59:12,436 [INFO] ThirdPartyUpdaterWithRetryManager:70 - Updater plugin not ready yet. [1/15]
2024-05-28 13:59:12,439 [INFO] PluginManage:359 - Loaded plugin tools (category:base,tabindex:7)
2024-05-28 13:59:12,439 [INFO] PluginManage:310 - Check plugin tutovideos
2024-05-28 13:59:12,794 [INFO] PluginManage:359 - Loaded plugin tutovideos (category:base,tabindex:-1)
2024-05-28 13:59:12,794 [INFO] PluginManage:310 - Check plugin updater
2024-05-28 13:59:12,816 [INFO] PluginManage:359 - Loaded plugin updater (category:base,tabindex:12)
2024-05-28 13:59:12,816 [INFO] PluginManage:310 - Check plugin userauth
2024-05-28 13:59:12,827 [INFO] UserAuth:114 - Init User Auth plugin
2024-05-28 13:59:12,828 [INFO] PluginManage:359 - Loaded plugin userauth (category:base,tabindex:14)
2024-05-28 13:59:12,828 [INFO] PluginManage:283 - PluginManage : Loaded plugins [17]
2024-05-28 13:59:13,161 [INFO] PinOutPanel:1561 - setPackage(No Configuration,No Configuration)
2024-05-28 13:59:13,273 [INFO] CADModel:165 - CPN selected for project level
2024-05-28 13:59:13,273 [INFO] CADModel:114 - Register for checkConnection events
2024-05-28 13:59:13,305 [INFO] IPUIPlugin:80 - create IPUIPlugin
2024-05-28 13:59:13,305 [INFO] PluginManager:220 - loadIPPluginJar : add adc
2024-05-28 13:59:13,309 [INFO] IPUIPlugin:80 - create IPUIPlugin
2024-05-28 13:59:13,309 [INFO] PluginManager:220 - loadIPPluginJar : add aes
2024-05-28 13:59:13,313 [INFO] IPUIPlugin:80 - create IPUIPlugin
2024-05-28 13:59:13,313 [INFO] PluginManager:220 - loadIPPluginJar : add can
2024-05-28 13:59:13,316 [INFO] IPUIPlugin:80 - create IPUIPlugin
2024-05-28 13:59:13,317 [INFO] PluginManager:220 - loadIPPluginJar : add comp
2024-05-28 13:59:13,322 [INFO] IPUIPlugin:80 - create IPUIPlugin
2024-05-28 13:59:13,322 [INFO] PluginManager:220 - loadIPPluginJar : add cryp
2024-05-28 13:59:13,327 [INFO] IPUIPlugin:80 - create IPUIPlugin
2024-05-28 13:59:13,327 [INFO] PluginManager:220 - loadIPPluginJar : add dfsdm
2024-05-28 13:59:13,337 [INFO] IPUIPlugin:80 - create IPUIPlugin
2024-05-28 13:59:13,337 [INFO] PluginManager:220 - loadIPPluginJar : add dma
2024-05-28 13:59:13,342 [INFO] IPUIPlugin:80 - create IPUIPlugin
2024-05-28 13:59:13,343 [INFO] PluginManager:220 - loadIPPluginJar : add dma3
2024-05-28 13:59:13,347 [INFO] IPUIPlugin:80 - create IPUIPlugin
2024-05-28 13:59:13,347 [INFO] PluginManager:220 - loadIPPluginJar : add extmemmanager
2024-05-28 13:59:13,349 [INFO] IPUIPlugin:80 - create IPUIPlugin
2024-05-28 13:59:13,349 [INFO] PluginManager:220 - loadIPPluginJar : add fatfs
2024-05-28 13:59:13,357 [INFO] IPUIPlugin:80 - create IPUIPlugin
2024-05-28 13:59:13,357 [INFO] PluginManager:220 - loadIPPluginJar : add fmc
2024-05-28 13:59:13,365 [INFO] IPUIPlugin:80 - create IPUIPlugin
2024-05-28 13:59:13,365 [INFO] PluginManager:220 - loadIPPluginJar : add freertos
2024-05-28 13:59:13,369 [INFO] IPUIPlugin:80 - create IPUIPlugin
2024-05-28 13:59:13,369 [INFO] PluginManager:220 - loadIPPluginJar : add genericplugin
2024-05-28 13:59:13,373 [INFO] IPUIPlugin:80 - create IPUIPlugin
2024-05-28 13:59:13,373 [INFO] PluginManager:220 - loadIPPluginJar : add gfxmmu
2024-05-28 13:59:13,381 [INFO] IPUIPlugin:80 - create IPUIPlugin
2024-05-28 13:59:13,381 [INFO] PluginManager:220 - loadIPPluginJar : add gic
2024-05-28 13:59:13,388 [INFO] IPUIPlugin:80 - create IPUIPlugin
2024-05-28 13:59:13,388 [INFO] PluginManager:220 - loadIPPluginJar : add gpio
2024-05-28 13:59:13,393 [INFO] IPUIPlugin:80 - create IPUIPlugin
2024-05-28 13:59:13,394 [INFO] PluginManager:220 - loadIPPluginJar : add gtzc
2024-05-28 13:59:13,397 [INFO] IPUIPlugin:80 - create IPUIPlugin
2024-05-28 13:59:13,397 [INFO] PluginManager:220 - loadIPPluginJar : add hash
2024-05-28 13:59:13,403 [INFO] IPUIPlugin:80 - create IPUIPlugin
2024-05-28 13:59:13,403 [INFO] PluginManager:220 - loadIPPluginJar : add i2c
2024-05-28 13:59:13,406 [INFO] IPUIPlugin:80 - create IPUIPlugin
2024-05-28 13:59:13,407 [INFO] PluginManager:220 - loadIPPluginJar : add i2s
2024-05-28 13:59:13,411 [INFO] IPUIPlugin:80 - create IPUIPlugin
2024-05-28 13:59:13,411 [INFO] PluginManager:220 - loadIPPluginJar : add i3c
2024-05-28 13:59:13,417 [INFO] IPUIPlugin:80 - create IPUIPlugin
2024-05-28 13:59:13,417 [INFO] PluginManager:220 - loadIPPluginJar : add ipddr
2024-05-28 13:59:13,427 [INFO] IPUIPlugin:80 - create IPUIPlugin
2024-05-28 13:59:13,427 [INFO] PluginManager:220 - loadIPPluginJar : add linkedlist
2024-05-28 13:59:13,433 [INFO] IPUIPlugin:80 - create IPUIPlugin
2024-05-28 13:59:13,433 [INFO] PluginManager:220 - loadIPPluginJar : add lorawan
2024-05-28 13:59:13,436 [INFO] IPUIPlugin:80 - create IPUIPlugin
2024-05-28 13:59:13,437 [INFO] PluginManager:220 - loadIPPluginJar : add ltdc
2024-05-28 13:59:13,444 [INFO] IPUIPlugin:80 - create IPUIPlugin
2024-05-28 13:59:13,445 [INFO] PluginManager:220 - loadIPPluginJar : add mdma
2024-05-28 13:59:13,450 [INFO] IPUIPlugin:80 - create IPUIPlugin
2024-05-28 13:59:13,450 [INFO] PluginManager:220 - loadIPPluginJar : add nvic
2024-05-28 13:59:13,455 [INFO] IPUIPlugin:80 - create IPUIPlugin
2024-05-28 13:59:13,455 [INFO] PluginManager:220 - loadIPPluginJar : add opamp
2024-05-28 13:59:13,459 [INFO] IPUIPlugin:80 - create IPUIPlugin
2024-05-28 13:59:13,459 [INFO] PluginManager:220 - loadIPPluginJar : add openamp
2024-05-28 13:59:13,464 [INFO] IPUIPlugin:80 - create IPUIPlugin
2024-05-28 13:59:13,464 [INFO] PluginManager:220 - loadIPPluginJar : add pdm2pcm
2024-05-28 13:59:13,472 [INFO] IPUIPlugin:80 - create IPUIPlugin
2024-05-28 13:59:13,475 [INFO] PluginManager:220 - loadIPPluginJar : add plateformsettings
2024-05-28 13:59:13,478 [INFO] IPUIPlugin:80 - create IPUIPlugin
2024-05-28 13:59:13,478 [INFO] PluginManager:220 - loadIPPluginJar : add quadspi
2024-05-28 13:59:13,486 [INFO] IPUIPlugin:80 - create IPUIPlugin
2024-05-28 13:59:13,486 [INFO] PluginManager:220 - loadIPPluginJar : add resmgrutility
2024-05-28 13:59:13,490 [INFO] IPUIPlugin:80 - create IPUIPlugin
2024-05-28 13:59:13,490 [INFO] PluginManager:220 - loadIPPluginJar : add sai
2024-05-28 13:59:13,494 [INFO] IPUIPlugin:80 - create IPUIPlugin
2024-05-28 13:59:13,494 [INFO] PluginManager:220 - loadIPPluginJar : add spi
2024-05-28 13:59:13,504 [INFO] IPUIPlugin:80 - create IPUIPlugin
2024-05-28 13:59:13,504 [INFO] PluginManager:220 - loadIPPluginJar : add stm32_wpan
2024-05-28 13:59:13,507 [INFO] IPUIPlugin:80 - create IPUIPlugin
2024-05-28 13:59:13,507 [INFO] PluginManager:220 - loadIPPluginJar : add tim
2024-05-28 13:59:13,513 [INFO] IPUIPlugin:80 - create IPUIPlugin
2024-05-28 13:59:13,513 [INFO] PluginManager:220 - loadIPPluginJar : add touchsensing
2024-05-28 13:59:13,516 [INFO] IPUIPlugin:80 - create IPUIPlugin
2024-05-28 13:59:13,516 [INFO] PluginManager:220 - loadIPPluginJar : add tracer_emb
2024-05-28 13:59:13,519 [INFO] IPUIPlugin:80 - create IPUIPlugin
2024-05-28 13:59:13,519 [INFO] PluginManager:220 - loadIPPluginJar : add ts
2024-05-28 13:59:13,522 [INFO] IPUIPlugin:80 - create IPUIPlugin
2024-05-28 13:59:13,522 [INFO] PluginManager:220 - loadIPPluginJar : add tsc
2024-05-28 13:59:13,525 [INFO] IPUIPlugin:80 - create IPUIPlugin
2024-05-28 13:59:13,525 [INFO] PluginManager:220 - loadIPPluginJar : add ucpd
2024-05-28 13:59:13,529 [INFO] IPUIPlugin:80 - create IPUIPlugin
2024-05-28 13:59:13,529 [INFO] PluginManager:220 - loadIPPluginJar : add usart
2024-05-28 13:59:13,534 [INFO] IPUIPlugin:80 - create IPUIPlugin
2024-05-28 13:59:13,534 [INFO] PluginManager:220 - loadIPPluginJar : add usbx
2024-05-28 13:59:13,678 [INFO] CADModel:165 - CPN selected for project level
2024-05-28 13:59:13,678 [INFO] CADModel:114 - Register for checkConnection events
2024-05-28 13:59:13,679 [FATAL] Updater:308 - Updater called before beeing initialized
2024-05-28 13:59:13,680 [ERROR] CADModel:125 - Updater not yet initialized, retry later 
2024-05-28 13:59:13,946 [INFO] CADModel:165 - CPN selected for project level
2024-05-28 13:59:13,946 [INFO] CADModel:114 - Register for checkConnection events
2024-05-28 13:59:13,946 [FATAL] Updater:308 - Updater called before beeing initialized
2024-05-28 13:59:13,946 [ERROR] CADModel:125 - Updater not yet initialized, retry later 
2024-05-28 13:59:13,952 [FATAL] Updater:308 - Updater called before beeing initialized
2024-05-28 13:59:14,103 [FATAL] Updater:308 - Updater called before beeing initialized
2024-05-28 13:59:14,111 [INFO] DbMcusAds:53 - JSON generation date=Thu May 16 16:22:00 ICT 2024 (1715851320852)
2024-05-28 13:59:14,112 [FATAL] Updater:308 - Updater called before beeing initialized
2024-05-28 13:59:14,171 [WARN] DetailPanel:346 - Failed to get advertising image, set to default
2024-05-28 13:59:14,297 [FATAL] Updater:308 - Updater called before beeing initialized
2024-05-28 13:59:14,299 [FATAL] Updater:308 - Updater called before beeing initialized
2024-05-28 13:59:14,299 [FATAL] Updater:308 - Updater called before beeing initialized
2024-05-28 13:59:14,299 [WARN] DetailPanel:346 - Failed to get advertising image, set to default
2024-05-28 13:59:14,302 [FATAL] Updater:308 - Updater called before beeing initialized
2024-05-28 13:59:14,376 [ERROR] Updater:1120 - MainUpdater not yet initialized. External WinMGr cannot be set.
2024-05-28 13:59:14,380 [INFO] Updater:1056 - Updater Version found : 6.11.0
2024-05-28 13:59:14,414 [INFO] ApplicationProperties:184 - Using Application install path: C:\ST\STM32CubeIDE_1.12.0\STM32CubeIDE\plugins\com.st.stm32cube.common.mx_6.11.0.202403141607
2024-05-28 13:59:15,041 [INFO] MainUpdater:2873 - connection check result : 10
2024-05-28 13:59:15,042 [INFO] MainUpdater:290 - Updater Check For Update Now.
2024-05-28 13:59:15,042 [INFO] MicroXplorer:498 - Change Database Version : DB.6.0.110
2024-05-28 13:59:15,054 [INFO] McuFinderGlobals:63 - Set McuFinder mode to 2 (CubeIDE integrated)
2024-05-28 13:59:15,067 [INFO] UserAuth:415 - Internet connection configuration mode: 1
2024-05-28 13:59:15,103 [INFO] JxBrowserEngine:152 - Initiate JxBrowser Engine with user profile folder
2024-05-28 13:59:15,304 [INFO] CheckServerUpdateThread:120 - End of CheckServer Thread
2024-05-28 13:59:15,982 [WARN] PackLoader:240 - Cannot read IP mode file for STMicroelectronics.FP-SNS-MOTENVWB1.1.4.0
2024-05-28 13:59:16,008 [WARN] PackLoader:240 - Cannot read IP mode file for STMicroelectronics.X-CUBE-SMBUS.2.1.0
2024-05-28 13:59:16,021 [WARN] PackLoader:240 - Cannot read IP mode file for STMicroelectronics.X-CUBE-TOUCHGFX.4.23.0
2024-05-28 13:59:16,031 [WARN] PackLoader:240 - Cannot read IP mode file for STMicroelectronics.X-CUBE-TOUCHGFX.4.23.2
2024-05-28 13:59:16,112 [WARN] PackLoader:240 - Cannot read IP mode file for STMicroelectronics.X-CUBE-AZRTOS-F7.1.1.0
2024-05-28 13:59:16,131 [ERROR] RealEvaluatedCondition:428 - Found unsupported composite condition: CLASS='Data Exchange' GROUP='STM32_MetaDataManager'
2024-05-28 13:59:16,132 [ERROR] RealEvaluatedCondition:428 - Found unsupported composite condition: CLASS='Data Exchange' GROUP='STM32_MetaDataManager'
2024-05-28 13:59:16,135 [WARN] PackLoader:240 - Cannot read IP mode file for STMicroelectronics.FP-SNS-MOTENV1.4.3.0
2024-05-28 13:59:16,148 [WARN] PackLoader:240 - Cannot read IP mode file for STMicroelectronics.FP-SNS-MOTENV1.4.3.2
2024-05-28 13:59:16,163 [WARN] PackLoader:240 - Cannot read IP mode file for STMicroelectronics.FP-SNS-FLIGHT1.5.0.0
2024-05-28 13:59:16,170 [ERROR] RealEvaluatedCondition:428 - Found unsupported composite condition: GROUP='STM32_MetaDataManager' CLASS='Data Exchange'
2024-05-28 13:59:16,171 [ERROR] RealEvaluatedCondition:428 - Found unsupported composite condition: GROUP='STM32_MetaDataManager' CLASS='Data Exchange'
2024-05-28 13:59:16,173 [WARN] PackLoader:240 - Cannot read IP mode file for STMicroelectronics.FP-SNS-MOTENV1.4.3.1
2024-05-28 13:59:16,187 [WARN] PackLoader:240 - Cannot read IP mode file for STMicroelectronics.FP-SNS-FLIGHT1.5.0.1
2024-05-28 13:59:16,204 [WARN] PackLoader:240 - Cannot read IP mode file for STMicroelectronics.X-CUBE-BLE1.6.2.4
2024-05-28 13:59:16,216 [WARN] PackLoader:240 - Cannot read IP mode file for STMicroelectronics.FP-SNS-FLIGHT1.5.0.2
2024-05-28 13:59:16,233 [WARN] PackLoader:240 - Cannot read IP mode file for STMicroelectronics.X-CUBE-DISPLAY.3.0.0
2024-05-28 13:59:16,253 [WARN] PackLoader:240 - Cannot read IP mode file for STMicroelectronics.X-CUBE-BLE1.7.0.0
2024-05-28 13:59:16,264 [WARN] PackLoader:240 - Cannot read IP mode file for emotas.I-CUBE-CANOPEN.1.3.0
2024-05-28 13:59:16,352 [WARN] PackLoader:240 - Cannot read IP mode file for STMicroelectronics.X-CUBE-TOUCHGFX.4.22.0
2024-05-28 13:59:16,359 [WARN] PackLoader:240 - Cannot read IP mode file for STMicroelectronics.X-CUBE-TOUCHGFX.4.22.1
2024-05-28 13:59:16,380 [WARN] PackLoader:240 - Cannot read IP mode file for STMicroelectronics.X-CUBE-BLEMGR.3.1.0
2024-05-28 13:59:16,395 [WARN] PackLoader:240 - Cannot read IP mode file for STMicroelectronics.FP-SNS-SMARTAG2.1.2.0
2024-05-28 13:59:16,419 [INFO] LogOutputStream:77 - [STDOUT_REDIRECT] 1 : Invalid condition id : UX_CORESTACK_Condition cause : null
2024-05-28 13:59:16,420 [INFO] LogOutputStream:77 - [STDOUT_REDIRECT] 1 : Invalid condition id : UX_CORESTACK_Condition cause : null
2024-05-28 13:59:16,422 [INFO] LogOutputStream:77 - [STDOUT_REDIRECT] 1 : Invalid condition id : UX_CORESTACK_Condition cause : null
2024-05-28 13:59:16,425 [INFO] LogOutputStream:77 - [STDOUT_REDIRECT] 1 : Invalid condition id : UX_CORESTACK_Condition cause : null
2024-05-28 13:59:16,427 [INFO] LogOutputStream:77 - [STDOUT_REDIRECT] 1 : Invalid condition id : UX_CORESTACK_Condition cause : null
2024-05-28 13:59:16,437 [WARN] PackLoader:240 - Cannot read IP mode file for STMicroelectronics.X-CUBE-AZRTOS-WL.2.0.0
2024-05-28 13:59:16,449 [WARN] PackLoader:240 - Cannot read IP mode file for STMicroelectronics.FP-SNS-MOTENV1.5.0.0
2024-05-28 13:59:16,474 [WARN] PackLoader:240 - Cannot read IP mode file for WES.I-CUBE-Cesium.1.3.0
2024-05-28 13:59:16,485 [WARN] PackLoader:240 - Cannot read IP mode file for STMicroelectronics.X-CUBE-BLE2.3.3.0
2024-05-28 13:59:16,508 [WARN] PackLoader:240 - Cannot read IP mode file for STMicroelectronics.X-CUBE-TOF1.3.2.0
2024-05-28 13:59:16,534 [WARN] PackLoader:240 - Cannot read IP mode file for STMicroelectronics.X-CUBE-TCPP.4.1.0
2024-05-28 13:59:16,543 [WARN] PackLoader:240 - Cannot read IP mode file for STMicroelectronics.X-CUBE-TOUCHGFX.4.21.1
2024-05-28 13:59:16,551 [WARN] PackLoader:240 - Cannot read IP mode file for STMicroelectronics.X-CUBE-TOUCHGFX.4.21.3
2024-05-28 13:59:16,558 [WARN] PackLoader:240 - Cannot read IP mode file for STMicroelectronics.X-CUBE-TOUCHGFX.4.21.4
2024-05-28 13:59:16,565 [WARN] PackLoader:240 - Cannot read IP mode file for STMicroelectronics.X-CUBE-AI.7.3.0
2024-05-28 13:59:16,577 [WARN] PackLoader:240 - Cannot read IP mode file for STMicroelectronics.X-CUBE-ALGOBUILD.1.3.0
2024-05-28 13:59:16,611 [WARN] PackLoader:240 - Cannot read IP mode file for STMicroelectronics.X-CUBE-AZRTOS-G0.1.1.0
2024-05-28 13:59:16,626 [WARN] PackLoader:240 - Cannot read IP mode file for STMicroelectronics.X-CUBE-SAFEA1.1.2.2
2024-05-28 13:59:16,640 [WARN] PackLoader:240 - Cannot read IP mode file for STMicroelectronics.X-CUBE-NFC4.3.0.0
2024-05-28 13:59:16,659 [WARN] PackLoader:240 - Cannot read IP mode file for STMicroelectronics.X-CUBE-BLEMGR.3.0.0
2024-05-28 13:59:16,683 [WARN] PackLoader:240 - Cannot read IP mode file for STMicroelectronics.X-CUBE-BLEMGR.1.3.0
2024-05-28 13:59:16,695 [WARN] PackLoader:240 - Cannot read IP mode file for STMicroelectronics.FP-ATR-SIGFOX1.3.2.0
2024-05-28 13:59:16,709 [WARN] PackLoader:240 - Cannot read IP mode file for STMicroelectronics.X-CUBE-EEPRMA1.5.1.0
2024-05-28 13:59:16,772 [INFO] WebApp:161 - Instantiating new browser for Auth
2024-05-28 13:59:16,851 [WARN] PackLoader:240 - Cannot read IP mode file for STMicroelectronics.X-CUBE-MEMS1.9.5.0
2024-05-28 13:59:17,299 [WARN] PackLoader:240 - Cannot read IP mode file for SEGGER.I-CUBE-embOS.1.3.1
2024-05-28 13:59:17,418 [WARN] PackLoader:240 - Cannot read IP mode file for STMicroelectronics.X-CUBE-ALGOBUILD.1.4.0
2024-05-28 13:59:17,469 [WARN] PackLoader:240 - Cannot read IP mode file for STMicroelectronics.X-CUBE-GNSS1.6.0.0
2024-05-28 13:59:17,568 [WARN] PackLoader:240 - Cannot read IP mode file for STMicroelectronics.X-CUBE-AZRTOS-F4.1.1.0
2024-05-28 13:59:17,588 [WARN] PackLoader:240 - Cannot read IP mode file for wolfSSL.I-CUBE-wolfSSL.5.6.3
2024-05-28 13:59:17,599 [WARN] PackLoader:240 - Cannot read IP mode file for STMicroelectronics.X-CUBE-FREERTOS.1.2.0
2024-05-28 13:59:17,631 [WARN] PackLoader:240 - Cannot read IP mode file for STMicroelectronics.X-CUBE-AZRTOS-L5.2.0.0
2024-05-28 13:59:17,733 [WARN] PackLoader:240 - Cannot read IP mode file for STMicroelectronics.X-CUBE-MEMS1.9.6.0
2024-05-28 13:59:18,118 [WARN] PackLoader:240 - Cannot read IP mode file for STMicroelectronics.X-CUBE-EEPRMA1.4.2.0
2024-05-28 13:59:18,132 [WARN] PackLoader:240 - Cannot read IP mode file for STMicroelectronics.X-CUBE-NFC6.3.1.0
2024-05-28 13:59:18,145 [WARN] PackLoader:240 - Cannot read IP mode file for ITTIA_DB.I-CUBE-ITTIADB.8.8.0
2024-05-28 13:59:18,155 [WARN] PackLoader:240 - Cannot read IP mode file for emotas.I-CUBE-CANOPEN.1.1.3
2024-05-28 13:59:18,168 [WARN] PackLoader:240 - Cannot read IP mode file for STMicroelectronics.X-CUBE-BLEMGR.2.0.0
2024-05-28 13:59:18,177 [WARN] PackLoader:240 - Cannot read IP mode file for STMicroelectronics.X-CUBE-AI.9.0.0
2024-05-28 13:59:18,207 [WARN] ConditionMgr:438 - getConditionDescription Invalid condition id : UX DEVICE CLASS RTOS Condition cause : null
2024-05-28 13:59:18,207 [WARN] ConditionMgr:438 - getConditionDescription Invalid condition id : UX DEVICE CLASS RTOS Condition cause : null
2024-05-28 13:59:18,214 [WARN] PackLoader:240 - Cannot read IP mode file for STMicroelectronics.X-CUBE-AZRTOS-H7.3.1.0
2024-05-28 13:59:18,216 [WARN] ConditionMgr:1039 - genDependencies : Invalid condition id : UX DEVICE CLASS RTOS Condition cause : null
2024-05-28 13:59:18,217 [WARN] ConditionMgr:1039 - genDependencies : Invalid condition id : UX DEVICE CLASS RTOS Condition cause : null
2024-05-28 13:59:18,218 [WARN] ConditionMgr:1039 - genDependencies : Invalid condition id : UX DEVICE CLASS RTOS Condition cause : null
2024-05-28 13:59:18,220 [WARN] ConditionMgr:1039 - genDependencies : Invalid condition id : UX DEVICE CLASS RTOS Condition cause : null
2024-05-28 13:59:18,220 [WARN] ConditionMgr:1039 - genDependencies : Invalid condition id : UX DEVICE CLASS RTOS Condition cause : null
2024-05-28 13:59:18,228 [WARN] PackLoader:240 - Cannot read IP mode file for wolfSSL.I-CUBE-wolfSSL.5.5.4
2024-05-28 13:59:18,238 [WARN] PackLoader:240 - Cannot read IP mode file for STMicroelectronics.X-CUBE-NFC7.1.0.1
2024-05-28 13:59:18,248 [WARN] PackLoader:240 - Cannot read IP mode file for STMicroelectronics.X-CUBE-NFC7.1.0.0
2024-05-28 13:59:18,262 [WARN] PackLoader:240 - Cannot read IP mode file for STMicroelectronics.X-CUBE-NFC6.3.0.0
2024-05-28 13:59:18,284 [WARN] PackLoader:240 - Cannot read IP mode file for STMicroelectronics.X-CUBE-EEPRMA1.4.1.0
2024-05-28 13:59:18,536 [WARN] PackLoader:240 - Cannot read IP mode file for STMicroelectronics.X-CUBE-AI.8.1.0
2024-05-28 13:59:18,565 [WARN] ConditionMgr:438 - getConditionDescription Invalid condition id : LAN8742 Phy interface Condition cause : null
2024-05-28 13:59:18,566 [WARN] PackLoader:240 - Cannot read IP mode file for STMicroelectronics.X-CUBE-AZRTOS-L4.2.0.0
2024-05-28 13:59:18,568 [WARN] ConditionMgr:1039 - genDependencies : Invalid condition id : LAN8742 Phy interface Condition cause : null
2024-05-28 13:59:18,569 [WARN] ConditionMgr:1039 - genDependencies : Invalid condition id : LAN8742 Phy interface Condition cause : null
2024-05-28 13:59:18,570 [WARN] ConditionMgr:1039 - genDependencies : Invalid condition id : LAN8742 Phy interface Condition cause : null
2024-05-28 13:59:18,585 [WARN] PackLoader:240 - Cannot read IP mode file for STMicroelectronics.X-CUBE-SFXS2LP1.4.0.0
2024-05-28 13:59:18,624 [WARN] PackLoader:240 - Cannot read IP mode file for STMicroelectronics.X-CUBE-AZRTOS-H7.3.0.0
2024-05-28 13:59:18,635 [WARN] PackLoader:240 - Cannot read IP mode file for STMicroelectronics.X-CUBE-ISPU.1.1.0
2024-05-28 13:59:18,651 [WARN] PackLoader:240 - Cannot read IP mode file for RoweBots.I-CUBE-UNISONRTOS.5.5.0-4
2024-05-28 13:59:18,661 [WARN] PackLoader:240 - Cannot read IP mode file for STMicroelectronics.X-CUBE-AI.8.0.0
2024-05-28 13:59:18,686 [WARN] ConditionMgr:438 - getConditionDescription Invalid condition id : UX DEVICE CLASS RTOS Condition cause : null
2024-05-28 13:59:18,686 [WARN] ConditionMgr:438 - getConditionDescription Invalid condition id : UX DEVICE CLASS RTOS Condition cause : null
2024-05-28 13:59:18,691 [WARN] PackLoader:240 - Cannot read IP mode file for STMicroelectronics.X-CUBE-AZRTOS-WB.2.0.0
2024-05-28 13:59:18,692 [WARN] ConditionMgr:1039 - genDependencies : Invalid condition id : UX DEVICE CLASS RTOS Condition cause : null
2024-05-28 13:59:18,693 [WARN] ConditionMgr:1039 - genDependencies : Invalid condition id : UX DEVICE CLASS RTOS Condition cause : null
2024-05-28 13:59:18,694 [WARN] ConditionMgr:1039 - genDependencies : Invalid condition id : UX DEVICE CLASS RTOS Condition cause : null
2024-05-28 13:59:18,694 [WARN] ConditionMgr:1039 - genDependencies : Invalid condition id : UX DEVICE CLASS RTOS Condition cause : null
2024-05-28 13:59:18,694 [WARN] ConditionMgr:1039 - genDependencies : Invalid condition id : UX DEVICE CLASS RTOS Condition cause : null
2024-05-28 13:59:18,702 [WARN] PackLoader:240 - Cannot read IP mode file for STMicroelectronics.X-CUBE-FREERTOS.1.0.0
2024-05-28 13:59:18,747 [WARN] PackLoader:240 - Cannot read IP mode file for STMicroelectronics.X-CUBE-FREERTOS.1.0.1
2024-05-28 13:59:18,778 [WARN] PackLoader:240 - Cannot read IP mode file for STMicroelectronics.X-CUBE-AZRTOS-L5.1.1.0
2024-05-28 13:59:18,796 [WARN] PackLoader:240 - Cannot read IP mode file for STMicroelectronics.X-CUBE-AI.8.0.1
2024-05-28 13:59:18,829 [WARN] PackLoader:240 - Cannot read IP mode file for STMicroelectronics.X-CUBE-SUBG2.5.0.0
2024-05-28 13:59:18,854 [WARN] PackLoader:240 - Cannot read IP mode file for STMicroelectronics.X-CUBE-TOF1.3.3.1
2024-05-28 13:59:18,898 [WARN] PackLoader:240 - Cannot read IP mode file for STMicroelectronics.X-CUBE-AZRTOS-G4.2.0.0
2024-05-28 13:59:18,948 [WARN] PackLoader:240 - Cannot read IP mode file for STMicroelectronics.X-CUBE-TOF1.3.3.0
2024-05-28 13:59:18,968 [WARN] PackLoader:240 - Cannot read IP mode file for STMicroelectronics.FP-ATR-ASTRA1.1.1.1
2024-05-28 13:59:18,999 [WARN] PackLoader:240 - Cannot read IP mode file for Infineon.AIROC-Wi-Fi-Bluetooth-STM32.1.5.1
2024-05-28 13:59:19,012 [WARN] PackLoader:240 - Cannot read IP mode file for STMicroelectronics.FP-SNS-MOTENVWB1.1.3.0
2024-05-28 13:59:19,020 [WARN] PackLoader:240 - Cannot read IP mode file for STMicroelectronics.FP-SNS-MOTENVWB1.1.3.1
2024-05-28 13:59:19,052 [WARN] PackLoader:240 - Cannot read IP mode file for STMicroelectronics.X-CUBE-AZRTOS-G4.1.0.0
2024-05-28 13:59:19,081 [WARN] PackLoader:240 - Cannot read IP mode file for STMicroelectronics.X-CUBE-AZRTOS-L4.1.0.0
2024-05-28 13:59:19,093 [WARN] PackLoader:240 - Cannot read IP mode file for STMicroelectronics.X-CUBE-ISPU.2.0.0
2024-05-28 13:59:19,102 [WARN] PackLoader:240 - Cannot read IP mode file for STMicroelectronics.X-CUBE-ALS.1.0.2
2024-05-28 13:59:19,194 [WARN] PackLoader:240 - Cannot read IP mode file for STMicroelectronics.X-CUBE-MEMS1.10.0.0
2024-05-28 13:59:19,235 [INFO] WebApp:779 - Register for checkConnection events
2024-05-28 13:59:19,236 [INFO] WebApp:414 - Apply proxy settings
2024-05-28 13:59:19,237 [INFO] WebApp:499 - Chromium requires no authentication
2024-05-28 13:59:19,256 [INFO] WebApp:442 - Direct internet connection detected
2024-05-28 13:59:19,523 [WARN] PackLoader:240 - Cannot read IP mode file for STMicroelectronics.X-CUBE-FREERTOS.1.1.0
2024-05-28 13:59:19,558 [WARN] PackLoader:240 - Cannot read IP mode file for STMicroelectronics.X-CUBE-AZRTOS-WL.1.0.0
2024-05-28 13:59:19,572 [WARN] PackLoader:240 - Cannot read IP mode file for portGmbH.I-Cube-SoM-uGOAL.1.1.0
2024-05-28 13:59:19,582 [WARN] PackLoader:240 - Cannot read IP mode file for STMicroelectronics.X-CUBE-ALS.1.0.1
2024-05-28 13:59:19,611 [WARN] PackLoader:240 - Cannot read IP mode file for STMicroelectronics.X-CUBE-AZRTOS-WB.1.1.0
2024-05-28 13:59:19,674 [WARN] PackLoader:240 - Cannot read IP mode file for STMicroelectronics.X-CUBE-AZRTOS-H7RS.1.0.0
2024-05-28 13:59:19,686 [WARN] PackLoader:240 - Cannot read IP mode file for STMicroelectronics.FP-ATR-ASTRA1.2.0.0
2024-05-28 13:59:19,708 [WARN] PackLoader:240 - Cannot read IP mode file for STMicroelectronics.X-CUBE-TOF1.3.4.0
2024-05-28 13:59:19,763 [WARN] PackLoader:240 - Cannot read IP mode file for STMicroelectronics.X-CUBE-TOF1.3.4.1
2024-05-28 13:59:19,827 [WARN] PackLoader:240 - Cannot read IP mode file for STMicroelectronics.X-CUBE-AZRTOS-H7.3.2.0
2024-05-28 13:59:19,839 [INFO] ThirdParty:978 - Integrity check success = true
2024-05-28 13:59:19,840 [INFO] IntegrityCheckThread:100 - exiting critical section [integrity check]
2024-05-28 13:59:19,840 [INFO] IntegrityCheckThread:103 - End integrity checks thread
2024-05-28 13:59:19,928 [INFO] WebApp:192 - Starting web application
2024-05-28 13:59:19,929 [INFO] WebApp:544 - Web application path used C:\ST\STM32CubeIDE_1.12.0\STM32CubeIDE\plugins\com.st.stm32cube.common.mx_6.11.0.202403141607\db\plugins\mcufinder\reactClient1\index.html
2024-05-28 14:01:10,447 [INFO] Activator:176 - 


2024-05-28 14:01:10,451 [INFO] Activator:177 - !SESSION log4j initialized
2024-05-28 14:01:23,285 [INFO] LogOutputStream:77 - [STDOUT_REDIRECT] 
2024-05-28 14:01:26,785 [INFO] ApplicationProperties:184 - Using Application install path: C:\ST\STM32CubeIDE_1.12.0\STM32CubeIDE\plugins\com.st.stm32cube.common.mx_6.11.0.202403141607
2024-05-28 14:01:26,826 [INFO] DbMcusXml:78 - Set database path to: C:\ST\STM32CubeIDE_1.12.0\STM32CubeIDE\plugins\com.st.stm32cube.common.mx_6.11.0.202403141607\\db\/mcu/
2024-05-28 14:01:26,828 [INFO] ApiDb:274 - Set plugin database path to: C:\ST\STM32CubeIDE_1.12.0\STM32CubeIDE\plugins\com.st.stm32cube.common.mx_6.11.0.202403141607\\db\/plugins/boardmanager/
2024-05-28 14:01:26,829 [WARN] ApiDb:259 - Overriding images path with different value:  => C:\ST\STM32CubeIDE_1.12.0\STM32CubeIDE\plugins\com.st.stm32cube.common.mx_6.11.0.202403141607\\db\/plugins/mcufinder/images/
2024-05-28 14:01:26,839 [INFO] ApiDb:250 - Set database path to: C:\Users\ADMIN\.stmcufinder\plugins\mcufinder//mcu/
2024-05-28 14:01:26,843 [INFO] DbMcusAds:125 - Set database path to: C:\Users\ADMIN\.stmcufinder\plugins\mcufinder//mcu/
2024-05-28 14:01:26,848 [INFO] CrossReferenceDbSqlite:203 - Set database path to: C:\Users\ADMIN\.stmcufinder\plugins\mcufinder//mcu/cs/
2024-05-28 14:01:27,129 [INFO] RulesReader:64 - Compatibility file has been processed (297 Rules)
2024-05-28 14:01:27,381 [INFO] DbMcusXml:78 - Set database path to: C:\ST\STM32CubeIDE_1.12.0\STM32CubeIDE\plugins\com.st.stm32cube.common.mx_6.11.0.202403141607\\db\/mcu/
2024-05-28 14:01:27,381 [INFO] ApiDb:274 - Set plugin database path to: C:\ST\STM32CubeIDE_1.12.0\STM32CubeIDE\plugins\com.st.stm32cube.common.mx_6.11.0.202403141607\\db\/plugins/boardmanager/
2024-05-28 14:01:27,381 [INFO] ApiDb:261 - Set plugin images path to: C:\ST\STM32CubeIDE_1.12.0\STM32CubeIDE\plugins\com.st.stm32cube.common.mx_6.11.0.202403141607\\db\/plugins/mcufinder/images/
2024-05-28 14:01:27,383 [WARN] DbFile:41 - Overriding database path with different value: C:\Users\ADMIN\.stmcufinder\plugins\mcufinder/ => C:\Users\ADMIN\.stmcufinder\plugins\mcufinder
2024-05-28 14:01:27,383 [INFO] ApiDb:250 - Set database path to: C:\Users\ADMIN\.stmcufinder\plugins\mcufinder//mcu/
2024-05-28 14:01:27,383 [WARN] DbFile:41 - Overriding database path with different value: C:\Users\ADMIN\.stmcufinder\plugins\mcufinder/ => C:\Users\ADMIN\.stmcufinder\plugins\mcufinder
2024-05-28 14:01:27,384 [INFO] DbMcusAds:125 - Set database path to: C:\Users\ADMIN\.stmcufinder\plugins\mcufinder//mcu/
2024-05-28 14:01:27,384 [WARN] DbFile:41 - Overriding database path with different value: C:\Users\ADMIN\.stmcufinder\plugins\mcufinder/ => C:\Users\ADMIN\.stmcufinder\plugins\mcufinder
2024-05-28 14:01:27,384 [WARN] DbFile:41 - Overriding database path with different value: C:\Users\ADMIN\.stmcufinder\plugins\mcufinder/ => C:\Users\ADMIN\.stmcufinder\plugins\mcufinder
2024-05-28 14:01:27,385 [INFO] CrossReferenceDbSqlite:203 - Set database path to: C:\Users\ADMIN\.stmcufinder\plugins\mcufinder//mcu/cs/
2024-05-28 14:01:27,575 [INFO] MainPanel:264 - HeapMemory: 268435456
2024-05-28 14:01:27,778 [INFO] DbMcusXml:78 - Set database path to: C:\ST\STM32CubeIDE_1.12.0\STM32CubeIDE\plugins\com.st.stm32cube.common.mx_6.11.0.202403141607\\db\/mcu/
2024-05-28 14:01:27,779 [INFO] ApiDb:274 - Set plugin database path to: C:\ST\STM32CubeIDE_1.12.0\STM32CubeIDE\plugins\com.st.stm32cube.common.mx_6.11.0.202403141607\\db\/plugins/boardmanager/
2024-05-28 14:01:27,779 [INFO] ApiDb:261 - Set plugin images path to: C:\ST\STM32CubeIDE_1.12.0\STM32CubeIDE\plugins\com.st.stm32cube.common.mx_6.11.0.202403141607\\db\/plugins/mcufinder/images/
2024-05-28 14:01:27,780 [WARN] DbFile:41 - Overriding database path with different value: C:\Users\ADMIN\.stmcufinder\plugins\mcufinder/ => C:\Users\ADMIN\.stmcufinder\plugins\mcufinder
2024-05-28 14:01:27,780 [INFO] ApiDb:250 - Set database path to: C:\Users\ADMIN\.stmcufinder\plugins\mcufinder//mcu/
2024-05-28 14:01:27,780 [WARN] DbFile:41 - Overriding database path with different value: C:\Users\ADMIN\.stmcufinder\plugins\mcufinder/ => C:\Users\ADMIN\.stmcufinder\plugins\mcufinder
2024-05-28 14:01:27,780 [INFO] DbMcusAds:125 - Set database path to: C:\Users\ADMIN\.stmcufinder\plugins\mcufinder//mcu/
2024-05-28 14:01:27,780 [WARN] DbFile:41 - Overriding database path with different value: C:\Users\ADMIN\.stmcufinder\plugins\mcufinder/ => C:\Users\ADMIN\.stmcufinder\plugins\mcufinder
2024-05-28 14:01:27,781 [WARN] DbFile:41 - Overriding database path with different value: C:\Users\ADMIN\.stmcufinder\plugins\mcufinder/ => C:\Users\ADMIN\.stmcufinder\plugins\mcufinder
2024-05-28 14:01:27,781 [INFO] CrossReferenceDbSqlite:203 - Set database path to: C:\Users\ADMIN\.stmcufinder\plugins\mcufinder//mcu/cs/
2024-05-28 14:01:27,819 [INFO] ApplicationProperties:184 - Using Application install path: C:\ST\STM32CubeIDE_1.12.0\STM32CubeIDE\plugins\com.st.stm32cube.common.mx_6.11.0.202403141607
2024-05-28 14:01:27,822 [INFO] PluginManage:196 - Search for loadable plugins [exclusion list=, ]
2024-05-28 14:01:27,826 [INFO] PluginManage:310 - Check plugin analytics
2024-05-28 14:01:28,236 [INFO] AnalyticsPlugin:253 - Accepted Software Licenses: 
2024-05-28 14:01:28,236 [INFO] AnalyticsPlugin:255 - Accepted CMSIS Pack Licenses: 
2024-05-28 14:01:28,237 [INFO] AnalyticsPlugin:257 - Accepted Firmware Licenses: 
2024-05-28 14:01:28,246 [INFO] PluginManage:359 - Loaded plugin analytics (category:tool,tabindex:-1)
2024-05-28 14:01:28,247 [INFO] PluginManage:310 - Check plugin cadmodel
2024-05-28 14:01:28,253 [INFO] CADModel:105 - Init CAD model plugin
2024-05-28 14:01:28,254 [INFO] PluginManage:359 - Loaded plugin cadmodel (category:power,tabindex:5)
2024-05-28 14:01:28,255 [INFO] PluginManage:310 - Check plugin clock
2024-05-28 14:01:28,276 [INFO] PluginManage:359 - Loaded plugin clock (category:base,tabindex:2)
2024-05-28 14:01:28,276 [INFO] PluginManage:310 - Check plugin ddr
2024-05-28 14:01:28,281 [INFO] PluginManage:359 - Loaded plugin ddr (category:tool,tabindex:6)
2024-05-28 14:01:28,281 [INFO] PluginManage:310 - Check plugin filemanager
2024-05-28 14:01:28,579 [INFO] PluginManage:359 - Loaded plugin filemanager (category:base,tabindex:10)
2024-05-28 14:01:28,579 [INFO] PluginManage:310 - Check plugin ipmanager
2024-05-28 14:01:28,595 [INFO] PluginManage:359 - Loaded plugin ipmanager (category:base,tabindex:5)
2024-05-28 14:01:28,596 [INFO] PluginManage:310 - Check plugin lpbam
2024-05-28 14:01:28,619 [INFO] PluginManage:359 - Loaded plugin lpbam (category:base,tabindex:0)
2024-05-28 14:01:28,620 [INFO] PluginManage:310 - Check plugin memorymap
2024-05-28 14:01:28,656 [INFO] PluginManage:359 - Loaded plugin memorymap (category:base,tabindex:4)
2024-05-28 14:01:28,656 [INFO] PluginManage:310 - Check plugin pinoutandconfiguration
2024-05-28 14:01:28,675 [INFO] PluginManage:359 - Loaded plugin pinoutandconfiguration (category:base,tabindex:1)
2024-05-28 14:01:28,676 [INFO] PluginManage:310 - Check plugin pinoutconfig
2024-05-28 14:01:28,941 [WARN] SupportedApi:132 - Cannot load RTOS API schema: s4s-elt-must-match.1: The content of 'definitions' must match (annotation?, (simpleType | complexType)?, (unique | key | keyref)*)). A problem was found starting at: attribute.
2024-05-28 14:01:29,417 [INFO] PluginManage:359 - Loaded plugin pinoutconfig (category:base,tabindex:0)
2024-05-28 14:01:29,417 [INFO] PluginManage:310 - Check plugin power
2024-05-28 14:01:29,439 [INFO] PluginManage:359 - Loaded plugin power (category:power,tabindex:4)
2024-05-28 14:01:29,440 [INFO] PluginManage:310 - Check plugin projectmanager
2024-05-28 14:01:29,489 [INFO] PluginManage:359 - Loaded plugin projectmanager (category:projectmanager,tabindex:3)
2024-05-28 14:01:29,490 [INFO] PluginManage:310 - Check plugin thirdparty
2024-05-28 14:01:29,855 [WARN] IntegrityCheckThread:84 - waiting for thirdparty lock release [integrity check]
2024-05-28 14:01:29,856 [INFO] PluginManage:359 - Loaded plugin thirdparty (category:base,tabindex:-1)
2024-05-28 14:01:29,856 [INFO] IntegrityCheckThread:86 - entering critical section [integrity check]
2024-05-28 14:01:29,856 [INFO] PluginManage:310 - Check plugin tools
2024-05-28 14:01:29,858 [INFO] ThirdPartyUpdaterWithRetryManager:70 - Updater plugin not ready yet. [1/15]
2024-05-28 14:01:29,863 [INFO] PluginManage:359 - Loaded plugin tools (category:base,tabindex:7)
2024-05-28 14:01:29,864 [INFO] PluginManage:310 - Check plugin tutovideos
2024-05-28 14:01:30,334 [INFO] PluginManage:359 - Loaded plugin tutovideos (category:base,tabindex:-1)
2024-05-28 14:01:30,334 [INFO] PluginManage:310 - Check plugin updater
2024-05-28 14:01:30,358 [INFO] PluginManage:359 - Loaded plugin updater (category:base,tabindex:12)
2024-05-28 14:01:30,358 [INFO] PluginManage:310 - Check plugin userauth
2024-05-28 14:01:30,369 [INFO] UserAuth:114 - Init User Auth plugin
2024-05-28 14:01:30,369 [INFO] PluginManage:359 - Loaded plugin userauth (category:base,tabindex:14)
2024-05-28 14:01:30,370 [INFO] PluginManage:283 - PluginManage : Loaded plugins [17]
2024-05-28 14:01:30,821 [INFO] PinOutPanel:1561 - setPackage(No Configuration,No Configuration)
2024-05-28 14:01:30,966 [INFO] CADModel:165 - CPN selected for project level
2024-05-28 14:01:30,966 [INFO] CADModel:114 - Register for checkConnection events
2024-05-28 14:01:30,999 [INFO] IPUIPlugin:80 - create IPUIPlugin
2024-05-28 14:01:31,000 [INFO] PluginManager:220 - loadIPPluginJar : add adc
2024-05-28 14:01:31,007 [INFO] IPUIPlugin:80 - create IPUIPlugin
2024-05-28 14:01:31,007 [INFO] PluginManager:220 - loadIPPluginJar : add aes
2024-05-28 14:01:31,013 [INFO] IPUIPlugin:80 - create IPUIPlugin
2024-05-28 14:01:31,013 [INFO] PluginManager:220 - loadIPPluginJar : add can
2024-05-28 14:01:31,017 [INFO] IPUIPlugin:80 - create IPUIPlugin
2024-05-28 14:01:31,017 [INFO] PluginManager:220 - loadIPPluginJar : add comp
2024-05-28 14:01:31,023 [INFO] IPUIPlugin:80 - create IPUIPlugin
2024-05-28 14:01:31,024 [INFO] PluginManager:220 - loadIPPluginJar : add cryp
2024-05-28 14:01:31,030 [INFO] IPUIPlugin:80 - create IPUIPlugin
2024-05-28 14:01:31,031 [INFO] PluginManager:220 - loadIPPluginJar : add dfsdm
2024-05-28 14:01:31,044 [INFO] IPUIPlugin:80 - create IPUIPlugin
2024-05-28 14:01:31,045 [INFO] PluginManager:220 - loadIPPluginJar : add dma
2024-05-28 14:01:31,050 [INFO] IPUIPlugin:80 - create IPUIPlugin
2024-05-28 14:01:31,050 [INFO] PluginManager:220 - loadIPPluginJar : add dma3
2024-05-28 14:01:31,055 [INFO] IPUIPlugin:80 - create IPUIPlugin
2024-05-28 14:01:31,056 [INFO] PluginManager:220 - loadIPPluginJar : add extmemmanager
2024-05-28 14:01:31,060 [INFO] IPUIPlugin:80 - create IPUIPlugin
2024-05-28 14:01:31,060 [INFO] PluginManager:220 - loadIPPluginJar : add fatfs
2024-05-28 14:01:31,069 [INFO] IPUIPlugin:80 - create IPUIPlugin
2024-05-28 14:01:31,069 [INFO] PluginManager:220 - loadIPPluginJar : add fmc
2024-05-28 14:01:31,081 [INFO] IPUIPlugin:80 - create IPUIPlugin
2024-05-28 14:01:31,082 [INFO] PluginManager:220 - loadIPPluginJar : add freertos
2024-05-28 14:01:31,085 [INFO] IPUIPlugin:80 - create IPUIPlugin
2024-05-28 14:01:31,086 [INFO] PluginManager:220 - loadIPPluginJar : add genericplugin
2024-05-28 14:01:31,090 [INFO] IPUIPlugin:80 - create IPUIPlugin
2024-05-28 14:01:31,091 [INFO] PluginManager:220 - loadIPPluginJar : add gfxmmu
2024-05-28 14:01:31,102 [INFO] IPUIPlugin:80 - create IPUIPlugin
2024-05-28 14:01:31,103 [INFO] PluginManager:220 - loadIPPluginJar : add gic
2024-05-28 14:01:31,112 [INFO] IPUIPlugin:80 - create IPUIPlugin
2024-05-28 14:01:31,112 [INFO] PluginManager:220 - loadIPPluginJar : add gpio
2024-05-28 14:01:31,118 [INFO] IPUIPlugin:80 - create IPUIPlugin
2024-05-28 14:01:31,118 [INFO] PluginManager:220 - loadIPPluginJar : add gtzc
2024-05-28 14:01:31,121 [INFO] IPUIPlugin:80 - create IPUIPlugin
2024-05-28 14:01:31,122 [INFO] PluginManager:220 - loadIPPluginJar : add hash
2024-05-28 14:01:31,128 [INFO] IPUIPlugin:80 - create IPUIPlugin
2024-05-28 14:01:31,128 [INFO] PluginManager:220 - loadIPPluginJar : add i2c
2024-05-28 14:01:31,132 [INFO] IPUIPlugin:80 - create IPUIPlugin
2024-05-28 14:01:31,133 [INFO] PluginManager:220 - loadIPPluginJar : add i2s
2024-05-28 14:01:31,139 [INFO] IPUIPlugin:80 - create IPUIPlugin
2024-05-28 14:01:31,139 [INFO] PluginManager:220 - loadIPPluginJar : add i3c
2024-05-28 14:01:31,149 [INFO] IPUIPlugin:80 - create IPUIPlugin
2024-05-28 14:01:31,150 [INFO] PluginManager:220 - loadIPPluginJar : add ipddr
2024-05-28 14:01:31,166 [INFO] IPUIPlugin:80 - create IPUIPlugin
2024-05-28 14:01:31,166 [INFO] PluginManager:220 - loadIPPluginJar : add linkedlist
2024-05-28 14:01:31,172 [INFO] IPUIPlugin:80 - create IPUIPlugin
2024-05-28 14:01:31,173 [INFO] PluginManager:220 - loadIPPluginJar : add lorawan
2024-05-28 14:01:31,178 [INFO] IPUIPlugin:80 - create IPUIPlugin
2024-05-28 14:01:31,179 [INFO] PluginManager:220 - loadIPPluginJar : add ltdc
2024-05-28 14:01:31,199 [INFO] IPUIPlugin:80 - create IPUIPlugin
2024-05-28 14:01:31,199 [INFO] PluginManager:220 - loadIPPluginJar : add mdma
2024-05-28 14:01:31,207 [INFO] IPUIPlugin:80 - create IPUIPlugin
2024-05-28 14:01:31,208 [INFO] PluginManager:220 - loadIPPluginJar : add nvic
2024-05-28 14:01:31,216 [INFO] IPUIPlugin:80 - create IPUIPlugin
2024-05-28 14:01:31,217 [INFO] PluginManager:220 - loadIPPluginJar : add opamp
2024-05-28 14:01:31,224 [INFO] IPUIPlugin:80 - create IPUIPlugin
2024-05-28 14:01:31,225 [INFO] PluginManager:220 - loadIPPluginJar : add openamp
2024-05-28 14:01:31,234 [INFO] IPUIPlugin:80 - create IPUIPlugin
2024-05-28 14:01:31,234 [INFO] PluginManager:220 - loadIPPluginJar : add pdm2pcm
2024-05-28 14:01:31,251 [INFO] IPUIPlugin:80 - create IPUIPlugin
2024-05-28 14:01:31,259 [INFO] PluginManager:220 - loadIPPluginJar : add plateformsettings
2024-05-28 14:01:31,263 [INFO] IPUIPlugin:80 - create IPUIPlugin
2024-05-28 14:01:31,264 [INFO] PluginManager:220 - loadIPPluginJar : add quadspi
2024-05-28 14:01:31,272 [INFO] IPUIPlugin:80 - create IPUIPlugin
2024-05-28 14:01:31,272 [INFO] PluginManager:220 - loadIPPluginJar : add resmgrutility
2024-05-28 14:01:31,281 [INFO] IPUIPlugin:80 - create IPUIPlugin
2024-05-28 14:01:31,281 [INFO] PluginManager:220 - loadIPPluginJar : add sai
2024-05-28 14:01:31,287 [INFO] IPUIPlugin:80 - create IPUIPlugin
2024-05-28 14:01:31,288 [INFO] PluginManager:220 - loadIPPluginJar : add spi
2024-05-28 14:01:31,299 [INFO] IPUIPlugin:80 - create IPUIPlugin
2024-05-28 14:01:31,300 [INFO] PluginManager:220 - loadIPPluginJar : add stm32_wpan
2024-05-28 14:01:31,304 [INFO] IPUIPlugin:80 - create IPUIPlugin
2024-05-28 14:01:31,304 [INFO] PluginManager:220 - loadIPPluginJar : add tim
2024-05-28 14:01:31,312 [INFO] IPUIPlugin:80 - create IPUIPlugin
2024-05-28 14:01:31,313 [INFO] PluginManager:220 - loadIPPluginJar : add touchsensing
2024-05-28 14:01:31,317 [INFO] IPUIPlugin:80 - create IPUIPlugin
2024-05-28 14:01:31,317 [INFO] PluginManager:220 - loadIPPluginJar : add tracer_emb
2024-05-28 14:01:31,321 [INFO] IPUIPlugin:80 - create IPUIPlugin
2024-05-28 14:01:31,321 [INFO] PluginManager:220 - loadIPPluginJar : add ts
2024-05-28 14:01:31,326 [INFO] IPUIPlugin:80 - create IPUIPlugin
2024-05-28 14:01:31,327 [INFO] PluginManager:220 - loadIPPluginJar : add tsc
2024-05-28 14:01:31,331 [INFO] IPUIPlugin:80 - create IPUIPlugin
2024-05-28 14:01:31,332 [INFO] PluginManager:220 - loadIPPluginJar : add ucpd
2024-05-28 14:01:31,337 [INFO] IPUIPlugin:80 - create IPUIPlugin
2024-05-28 14:01:31,337 [INFO] PluginManager:220 - loadIPPluginJar : add usart
2024-05-28 14:01:31,344 [INFO] IPUIPlugin:80 - create IPUIPlugin
2024-05-28 14:01:31,345 [INFO] PluginManager:220 - loadIPPluginJar : add usbx
2024-05-28 14:01:31,537 [INFO] CADModel:165 - CPN selected for project level
2024-05-28 14:01:31,537 [INFO] CADModel:114 - Register for checkConnection events
2024-05-28 14:01:31,537 [FATAL] Updater:308 - Updater called before beeing initialized
2024-05-28 14:01:31,537 [ERROR] CADModel:125 - Updater not yet initialized, retry later 
2024-05-28 14:01:31,900 [INFO] CADModel:165 - CPN selected for project level
2024-05-28 14:01:31,901 [INFO] CADModel:114 - Register for checkConnection events
2024-05-28 14:01:31,901 [FATAL] Updater:308 - Updater called before beeing initialized
2024-05-28 14:01:31,901 [ERROR] CADModel:125 - Updater not yet initialized, retry later 
2024-05-28 14:01:31,905 [FATAL] Updater:308 - Updater called before beeing initialized
2024-05-28 14:01:32,097 [FATAL] Updater:308 - Updater called before beeing initialized
2024-05-28 14:01:32,104 [INFO] DbMcusAds:53 - JSON generation date=Thu May 16 16:22:00 ICT 2024 (1715851320852)
2024-05-28 14:01:32,105 [FATAL] Updater:308 - Updater called before beeing initialized
2024-05-28 14:01:32,187 [WARN] DetailPanel:346 - Failed to get advertising image, set to default
2024-05-28 14:01:32,343 [FATAL] Updater:308 - Updater called before beeing initialized
2024-05-28 14:01:32,346 [FATAL] Updater:308 - Updater called before beeing initialized
2024-05-28 14:01:32,346 [FATAL] Updater:308 - Updater called before beeing initialized
2024-05-28 14:01:32,346 [WARN] DetailPanel:346 - Failed to get advertising image, set to default
2024-05-28 14:01:32,347 [FATAL] Updater:308 - Updater called before beeing initialized
2024-05-28 14:01:32,403 [ERROR] Updater:1120 - MainUpdater not yet initialized. External WinMGr cannot be set.
2024-05-28 14:01:32,406 [INFO] Updater:1056 - Updater Version found : 6.11.0
2024-05-28 14:01:32,440 [INFO] ApplicationProperties:184 - Using Application install path: C:\ST\STM32CubeIDE_1.12.0\STM32CubeIDE\plugins\com.st.stm32cube.common.mx_6.11.0.202403141607
2024-05-28 14:01:32,859 [INFO] ThirdPartyUpdaterWithRetryManager:70 - Updater plugin not ready yet. [2/15]
2024-05-28 14:01:33,070 [INFO] MainUpdater:2873 - connection check result : 10
2024-05-28 14:01:33,071 [INFO] MainUpdater:290 - Updater Check For Update Now.
2024-05-28 14:01:33,071 [INFO] MicroXplorer:498 - Change Database Version : DB.6.0.110
2024-05-28 14:01:33,084 [INFO] McuFinderGlobals:63 - Set McuFinder mode to 2 (CubeIDE integrated)
2024-05-28 14:01:33,097 [INFO] UserAuth:415 - Internet connection configuration mode: 1
2024-05-28 14:01:33,126 [INFO] JxBrowserEngine:152 - Initiate JxBrowser Engine with user profile folder
2024-05-28 14:01:33,365 [INFO] CheckServerUpdateThread:120 - End of CheckServer Thread
2024-05-28 14:01:34,285 [INFO] WebApp:161 - Instantiating new browser for Auth
2024-05-28 14:01:35,444 [INFO] WebApp:779 - Register for checkConnection events
2024-05-28 14:01:35,444 [INFO] WebApp:414 - Apply proxy settings
2024-05-28 14:01:35,445 [INFO] WebApp:499 - Chromium requires no authentication
2024-05-28 14:01:35,453 [INFO] WebApp:442 - Direct internet connection detected
2024-05-28 14:01:35,737 [INFO] WebApp:192 - Starting web application
2024-05-28 14:01:35,738 [INFO] WebApp:544 - Web application path used C:\ST\STM32CubeIDE_1.12.0\STM32CubeIDE\plugins\com.st.stm32cube.common.mx_6.11.0.202403141607\db\plugins\mcufinder\reactClient1\index.html
2024-05-28 14:01:36,428 [WARN] PackLoader:240 - Cannot read IP mode file for STMicroelectronics.FP-SNS-MOTENVWB1.1.4.0
2024-05-28 14:01:36,467 [WARN] PackLoader:240 - Cannot read IP mode file for STMicroelectronics.X-CUBE-SMBUS.2.1.0
2024-05-28 14:01:36,479 [WARN] PackLoader:240 - Cannot read IP mode file for STMicroelectronics.X-CUBE-TOUCHGFX.4.23.0
2024-05-28 14:01:36,487 [WARN] PackLoader:240 - Cannot read IP mode file for STMicroelectronics.X-CUBE-TOUCHGFX.4.23.2
2024-05-28 14:01:36,565 [WARN] PackLoader:240 - Cannot read IP mode file for STMicroelectronics.X-CUBE-AZRTOS-F7.1.1.0
2024-05-28 14:01:36,586 [ERROR] RealEvaluatedCondition:428 - Found unsupported composite condition: GROUP='STM32_MetaDataManager' CLASS='Data Exchange'
2024-05-28 14:01:36,587 [ERROR] RealEvaluatedCondition:428 - Found unsupported composite condition: GROUP='STM32_MetaDataManager' CLASS='Data Exchange'
2024-05-28 14:01:36,589 [WARN] PackLoader:240 - Cannot read IP mode file for STMicroelectronics.FP-SNS-MOTENV1.4.3.0
2024-05-28 14:01:36,606 [WARN] PackLoader:240 - Cannot read IP mode file for STMicroelectronics.FP-SNS-MOTENV1.4.3.2
2024-05-28 14:01:36,621 [WARN] PackLoader:240 - Cannot read IP mode file for STMicroelectronics.FP-SNS-FLIGHT1.5.0.0
2024-05-28 14:01:36,632 [ERROR] RealEvaluatedCondition:428 - Found unsupported composite condition: CLASS='Data Exchange' GROUP='STM32_MetaDataManager'
2024-05-28 14:01:36,632 [ERROR] RealEvaluatedCondition:428 - Found unsupported composite condition: GROUP='STM32_MetaDataManager' CLASS='Data Exchange'
2024-05-28 14:01:36,635 [WARN] PackLoader:240 - Cannot read IP mode file for STMicroelectronics.FP-SNS-MOTENV1.4.3.1
2024-05-28 14:01:36,649 [WARN] PackLoader:240 - Cannot read IP mode file for STMicroelectronics.FP-SNS-FLIGHT1.5.0.1
2024-05-28 14:01:36,667 [WARN] PackLoader:240 - Cannot read IP mode file for STMicroelectronics.X-CUBE-BLE1.6.2.4
2024-05-28 14:01:36,675 [WARN] PackLoader:240 - Cannot read IP mode file for STMicroelectronics.FP-SNS-FLIGHT1.5.0.2
2024-05-28 14:01:36,696 [WARN] PackLoader:240 - Cannot read IP mode file for STMicroelectronics.X-CUBE-DISPLAY.3.0.0
2024-05-28 14:01:36,716 [WARN] PackLoader:240 - Cannot read IP mode file for STMicroelectronics.X-CUBE-BLE1.7.0.0
2024-05-28 14:01:36,729 [WARN] PackLoader:240 - Cannot read IP mode file for emotas.I-CUBE-CANOPEN.1.3.0
2024-05-28 14:01:36,736 [WARN] PackLoader:240 - Cannot read IP mode file for STMicroelectronics.X-CUBE-TOUCHGFX.4.22.0
2024-05-28 14:01:36,741 [WARN] PackLoader:240 - Cannot read IP mode file for STMicroelectronics.X-CUBE-TOUCHGFX.4.22.1
2024-05-28 14:01:36,770 [WARN] PackLoader:240 - Cannot read IP mode file for STMicroelectronics.X-CUBE-BLEMGR.3.1.0
2024-05-28 14:01:36,791 [WARN] PackLoader:240 - Cannot read IP mode file for STMicroelectronics.FP-SNS-SMARTAG2.1.2.0
2024-05-28 14:01:36,819 [INFO] LogOutputStream:77 - [STDOUT_REDIRECT] 1 : Invalid condition id : UX_CORESTACK_Condition cause : null
2024-05-28 14:01:36,820 [INFO] LogOutputStream:77 - [STDOUT_REDIRECT] 1 : Invalid condition id : UX_CORESTACK_Condition cause : null
2024-05-28 14:01:36,822 [INFO] LogOutputStream:77 - [STDOUT_REDIRECT] 1 : Invalid condition id : UX_CORESTACK_Condition cause : null
2024-05-28 14:01:36,825 [INFO] LogOutputStream:77 - [STDOUT_REDIRECT] 1 : Invalid condition id : UX_CORESTACK_Condition cause : null
2024-05-28 14:01:36,829 [INFO] LogOutputStream:77 - [STDOUT_REDIRECT] 1 : Invalid condition id : UX_CORESTACK_Condition cause : null
2024-05-28 14:01:36,837 [WARN] PackLoader:240 - Cannot read IP mode file for STMicroelectronics.X-CUBE-AZRTOS-WL.2.0.0
2024-05-28 14:01:36,849 [WARN] PackLoader:240 - Cannot read IP mode file for STMicroelectronics.FP-SNS-MOTENV1.5.0.0
2024-05-28 14:01:36,871 [WARN] PackLoader:240 - Cannot read IP mode file for WES.I-CUBE-Cesium.1.3.0
2024-05-28 14:01:36,885 [WARN] PackLoader:240 - Cannot read IP mode file for STMicroelectronics.X-CUBE-BLE2.3.3.0
2024-05-28 14:01:36,914 [WARN] PackLoader:240 - Cannot read IP mode file for STMicroelectronics.X-CUBE-TOF1.3.2.0
2024-05-28 14:01:36,975 [WARN] PackLoader:240 - Cannot read IP mode file for STMicroelectronics.X-CUBE-TCPP.4.1.0
2024-05-28 14:01:36,992 [WARN] PackLoader:240 - Cannot read IP mode file for STMicroelectronics.X-CUBE-TOUCHGFX.4.21.1
2024-05-28 14:01:36,998 [WARN] PackLoader:240 - Cannot read IP mode file for STMicroelectronics.X-CUBE-TOUCHGFX.4.21.3
2024-05-28 14:01:37,004 [WARN] PackLoader:240 - Cannot read IP mode file for STMicroelectronics.X-CUBE-TOUCHGFX.4.21.4
2024-05-28 14:01:37,012 [WARN] PackLoader:240 - Cannot read IP mode file for STMicroelectronics.X-CUBE-AI.7.3.0
2024-05-28 14:01:37,029 [WARN] PackLoader:240 - Cannot read IP mode file for STMicroelectronics.X-CUBE-ALGOBUILD.1.3.0
2024-05-28 14:01:37,079 [WARN] PackLoader:240 - Cannot read IP mode file for STMicroelectronics.X-CUBE-AZRTOS-G0.1.1.0
2024-05-28 14:01:37,104 [WARN] PackLoader:240 - Cannot read IP mode file for STMicroelectronics.X-CUBE-SAFEA1.1.2.2
2024-05-28 14:01:37,123 [WARN] PackLoader:240 - Cannot read IP mode file for STMicroelectronics.X-CUBE-NFC4.3.0.0
2024-05-28 14:01:37,161 [WARN] PackLoader:240 - Cannot read IP mode file for STMicroelectronics.X-CUBE-BLEMGR.3.0.0
2024-05-28 14:01:37,280 [WARN] PackLoader:240 - Cannot read IP mode file for STMicroelectronics.X-CUBE-BLEMGR.1.3.0
2024-05-28 14:01:37,323 [WARN] PackLoader:240 - Cannot read IP mode file for STMicroelectronics.FP-ATR-SIGFOX1.3.2.0
2024-05-28 14:01:37,341 [WARN] PackLoader:240 - Cannot read IP mode file for STMicroelectronics.X-CUBE-EEPRMA1.5.1.0
2024-05-28 14:01:37,508 [WARN] PackLoader:240 - Cannot read IP mode file for STMicroelectronics.X-CUBE-MEMS1.9.5.0
2024-05-28 14:01:38,084 [WARN] PackLoader:240 - Cannot read IP mode file for SEGGER.I-CUBE-embOS.1.3.1
2024-05-28 14:01:38,181 [WARN] PackLoader:240 - Cannot read IP mode file for STMicroelectronics.X-CUBE-ALGOBUILD.1.4.0
2024-05-28 14:01:38,190 [WARN] PackLoader:240 - Cannot read IP mode file for STMicroelectronics.X-CUBE-GNSS1.6.0.0
2024-05-28 14:01:38,233 [WARN] PackLoader:240 - Cannot read IP mode file for STMicroelectronics.X-CUBE-AZRTOS-F4.1.1.0
2024-05-28 14:01:38,249 [WARN] PackLoader:240 - Cannot read IP mode file for wolfSSL.I-CUBE-wolfSSL.5.6.3
2024-05-28 14:01:38,256 [WARN] PackLoader:240 - Cannot read IP mode file for STMicroelectronics.X-CUBE-FREERTOS.1.2.0
2024-05-28 14:01:38,307 [WARN] PackLoader:240 - Cannot read IP mode file for STMicroelectronics.X-CUBE-AZRTOS-L5.2.0.0
2024-05-28 14:01:38,422 [WARN] PackLoader:240 - Cannot read IP mode file for STMicroelectronics.X-CUBE-MEMS1.9.6.0
2024-05-28 14:01:38,808 [WARN] PackLoader:240 - Cannot read IP mode file for STMicroelectronics.X-CUBE-EEPRMA1.4.2.0
2024-05-28 14:01:38,827 [WARN] PackLoader:240 - Cannot read IP mode file for STMicroelectronics.X-CUBE-NFC6.3.1.0
2024-05-28 14:01:38,846 [WARN] PackLoader:240 - Cannot read IP mode file for ITTIA_DB.I-CUBE-ITTIADB.8.8.0
2024-05-28 14:01:38,856 [WARN] PackLoader:240 - Cannot read IP mode file for emotas.I-CUBE-CANOPEN.1.1.3
2024-05-28 14:01:38,871 [WARN] PackLoader:240 - Cannot read IP mode file for STMicroelectronics.X-CUBE-BLEMGR.2.0.0
2024-05-28 14:01:38,882 [WARN] PackLoader:240 - Cannot read IP mode file for STMicroelectronics.X-CUBE-AI.9.0.0
2024-05-28 14:01:38,932 [WARN] ConditionMgr:438 - getConditionDescription Invalid condition id : UX DEVICE CLASS RTOS Condition cause : null
2024-05-28 14:01:38,932 [WARN] ConditionMgr:438 - getConditionDescription Invalid condition id : UX DEVICE CLASS RTOS Condition cause : null
2024-05-28 14:01:38,942 [WARN] PackLoader:240 - Cannot read IP mode file for STMicroelectronics.X-CUBE-AZRTOS-H7.3.1.0
2024-05-28 14:01:38,948 [WARN] ConditionMgr:1039 - genDependencies : Invalid condition id : UX DEVICE CLASS RTOS Condition cause : null
2024-05-28 14:01:38,949 [WARN] ConditionMgr:1039 - genDependencies : Invalid condition id : UX DEVICE CLASS RTOS Condition cause : null
2024-05-28 14:01:38,951 [WARN] ConditionMgr:1039 - genDependencies : Invalid condition id : UX DEVICE CLASS RTOS Condition cause : null
2024-05-28 14:01:38,952 [WARN] ConditionMgr:1039 - genDependencies : Invalid condition id : UX DEVICE CLASS RTOS Condition cause : null
2024-05-28 14:01:38,954 [WARN] ConditionMgr:1039 - genDependencies : Invalid condition id : UX DEVICE CLASS RTOS Condition cause : null
2024-05-28 14:01:38,964 [WARN] PackLoader:240 - Cannot read IP mode file for wolfSSL.I-CUBE-wolfSSL.5.5.4
2024-05-28 14:01:38,974 [WARN] PackLoader:240 - Cannot read IP mode file for STMicroelectronics.X-CUBE-NFC7.1.0.1
2024-05-28 14:01:38,985 [WARN] PackLoader:240 - Cannot read IP mode file for STMicroelectronics.X-CUBE-NFC7.1.0.0
2024-05-28 14:01:39,002 [WARN] PackLoader:240 - Cannot read IP mode file for STMicroelectronics.X-CUBE-NFC6.3.0.0
2024-05-28 14:01:39,024 [WARN] PackLoader:240 - Cannot read IP mode file for STMicroelectronics.X-CUBE-EEPRMA1.4.1.0
2024-05-28 14:01:39,035 [WARN] PackLoader:240 - Cannot read IP mode file for STMicroelectronics.X-CUBE-AI.8.1.0
2024-05-28 14:01:39,076 [WARN] ConditionMgr:438 - getConditionDescription Invalid condition id : LAN8742 Phy interface Condition cause : null
2024-05-28 14:01:39,079 [WARN] PackLoader:240 - Cannot read IP mode file for STMicroelectronics.X-CUBE-AZRTOS-L4.2.0.0
2024-05-28 14:01:39,082 [WARN] ConditionMgr:1039 - genDependencies : Invalid condition id : LAN8742 Phy interface Condition cause : null
2024-05-28 14:01:39,083 [WARN] ConditionMgr:1039 - genDependencies : Invalid condition id : LAN8742 Phy interface Condition cause : null
2024-05-28 14:01:39,084 [WARN] ConditionMgr:1039 - genDependencies : Invalid condition id : LAN8742 Phy interface Condition cause : null
2024-05-28 14:01:39,101 [WARN] PackLoader:240 - Cannot read IP mode file for STMicroelectronics.X-CUBE-SFXS2LP1.4.0.0
2024-05-28 14:01:39,139 [WARN] PackLoader:240 - Cannot read IP mode file for STMicroelectronics.X-CUBE-AZRTOS-H7.3.0.0
2024-05-28 14:01:39,153 [WARN] PackLoader:240 - Cannot read IP mode file for STMicroelectronics.X-CUBE-ISPU.1.1.0
2024-05-28 14:01:39,167 [WARN] PackLoader:240 - Cannot read IP mode file for RoweBots.I-CUBE-UNISONRTOS.5.5.0-4
2024-05-28 14:01:39,177 [WARN] PackLoader:240 - Cannot read IP mode file for STMicroelectronics.X-CUBE-AI.8.0.0
2024-05-28 14:01:39,221 [WARN] ConditionMgr:438 - getConditionDescription Invalid condition id : UX DEVICE CLASS RTOS Condition cause : null
2024-05-28 14:01:39,222 [WARN] ConditionMgr:438 - getConditionDescription Invalid condition id : UX DEVICE CLASS RTOS Condition cause : null
2024-05-28 14:01:39,227 [WARN] PackLoader:240 - Cannot read IP mode file for STMicroelectronics.X-CUBE-AZRTOS-WB.2.0.0
2024-05-28 14:01:39,230 [WARN] ConditionMgr:1039 - genDependencies : Invalid condition id : UX DEVICE CLASS RTOS Condition cause : null
2024-05-28 14:01:39,231 [WARN] ConditionMgr:1039 - genDependencies : Invalid condition id : UX DEVICE CLASS RTOS Condition cause : null
2024-05-28 14:01:39,233 [WARN] ConditionMgr:1039 - genDependencies : Invalid condition id : UX DEVICE CLASS RTOS Condition cause : null
2024-05-28 14:01:39,234 [WARN] ConditionMgr:1039 - genDependencies : Invalid condition id : UX DEVICE CLASS RTOS Condition cause : null
2024-05-28 14:01:39,235 [WARN] ConditionMgr:1039 - genDependencies : Invalid condition id : UX DEVICE CLASS RTOS Condition cause : null
2024-05-28 14:01:39,246 [WARN] PackLoader:240 - Cannot read IP mode file for STMicroelectronics.X-CUBE-FREERTOS.1.0.0
2024-05-28 14:01:39,257 [WARN] PackLoader:240 - Cannot read IP mode file for STMicroelectronics.X-CUBE-FREERTOS.1.0.1
2024-05-28 14:01:39,301 [WARN] PackLoader:240 - Cannot read IP mode file for STMicroelectronics.X-CUBE-AZRTOS-L5.1.1.0
2024-05-28 14:01:39,317 [WARN] PackLoader:240 - Cannot read IP mode file for STMicroelectronics.X-CUBE-AI.8.0.1
2024-05-28 14:01:39,347 [WARN] PackLoader:240 - Cannot read IP mode file for STMicroelectronics.X-CUBE-SUBG2.5.0.0
2024-05-28 14:01:39,381 [WARN] PackLoader:240 - Cannot read IP mode file for STMicroelectronics.X-CUBE-TOF1.3.3.1
2024-05-28 14:01:39,437 [WARN] PackLoader:240 - Cannot read IP mode file for STMicroelectronics.X-CUBE-AZRTOS-G4.2.0.0
2024-05-28 14:01:39,464 [WARN] PackLoader:240 - Cannot read IP mode file for STMicroelectronics.X-CUBE-TOF1.3.3.0
2024-05-28 14:01:39,499 [WARN] PackLoader:240 - Cannot read IP mode file for STMicroelectronics.FP-ATR-ASTRA1.1.1.1
2024-05-28 14:01:39,565 [WARN] PackLoader:240 - Cannot read IP mode file for Infineon.AIROC-Wi-Fi-Bluetooth-STM32.1.5.1
2024-05-28 14:01:39,603 [WARN] PackLoader:240 - Cannot read IP mode file for STMicroelectronics.FP-SNS-MOTENVWB1.1.3.0
2024-05-28 14:01:39,619 [WARN] PackLoader:240 - Cannot read IP mode file for STMicroelectronics.FP-SNS-MOTENVWB1.1.3.1
2024-05-28 14:01:39,664 [WARN] PackLoader:240 - Cannot read IP mode file for STMicroelectronics.X-CUBE-AZRTOS-G4.1.0.0
2024-05-28 14:01:39,722 [WARN] PackLoader:240 - Cannot read IP mode file for STMicroelectronics.X-CUBE-AZRTOS-L4.1.0.0
2024-05-28 14:01:39,740 [WARN] PackLoader:240 - Cannot read IP mode file for STMicroelectronics.X-CUBE-ISPU.2.0.0
2024-05-28 14:01:39,752 [WARN] PackLoader:240 - Cannot read IP mode file for STMicroelectronics.X-CUBE-ALS.1.0.2
2024-05-28 14:01:39,902 [WARN] PackLoader:240 - Cannot read IP mode file for STMicroelectronics.X-CUBE-MEMS1.10.0.0
2024-05-28 14:01:40,326 [WARN] PackLoader:240 - Cannot read IP mode file for STMicroelectronics.X-CUBE-FREERTOS.1.1.0
2024-05-28 14:01:40,355 [WARN] PackLoader:240 - Cannot read IP mode file for STMicroelectronics.X-CUBE-AZRTOS-WL.1.0.0
2024-05-28 14:01:40,375 [WARN] PackLoader:240 - Cannot read IP mode file for portGmbH.I-Cube-SoM-uGOAL.1.1.0
2024-05-28 14:01:40,384 [WARN] PackLoader:240 - Cannot read IP mode file for STMicroelectronics.X-CUBE-ALS.1.0.1
2024-05-28 14:01:40,418 [WARN] PackLoader:240 - Cannot read IP mode file for STMicroelectronics.X-CUBE-AZRTOS-WB.1.1.0
2024-05-28 14:01:40,475 [WARN] PackLoader:240 - Cannot read IP mode file for STMicroelectronics.X-CUBE-AZRTOS-H7RS.1.0.0
2024-05-28 14:01:40,491 [WARN] PackLoader:240 - Cannot read IP mode file for STMicroelectronics.FP-ATR-ASTRA1.2.0.0
2024-05-28 14:01:40,518 [WARN] PackLoader:240 - Cannot read IP mode file for STMicroelectronics.X-CUBE-TOF1.3.4.0
2024-05-28 14:01:40,584 [WARN] PackLoader:240 - Cannot read IP mode file for STMicroelectronics.X-CUBE-TOF1.3.4.1
2024-05-28 14:01:40,666 [WARN] PackLoader:240 - Cannot read IP mode file for STMicroelectronics.X-CUBE-AZRTOS-H7.3.2.0
2024-05-28 14:01:40,676 [INFO] ThirdParty:978 - Integrity check success = true
2024-05-28 14:01:40,677 [INFO] IntegrityCheckThread:100 - exiting critical section [integrity check]
2024-05-28 14:01:40,677 [INFO] IntegrityCheckThread:103 - End integrity checks thread
2024-05-28 14:04:39,278 [ERROR] LogOutputStream:75 - [STDERR_REDIRECT] 
