2024-05-21 10:36:55,624 [ERROR] LogOutputStream:75 - [STDERR_REDIRECT] 
2024-05-21 12:33:54,642 [INFO] Activator:176 - 


2024-05-21 12:33:54,646 [INFO] Activator:177 - !SESSION log4j initialized
2024-05-21 12:34:04,261 [INFO] LogOutputStream:77 - [STDOUT_REDIRECT] 
2024-05-21 12:34:16,425 [INFO] ApplicationProperties:184 - Using Application install path: C:\ST\STM32CubeIDE_1.12.0\STM32CubeIDE\plugins\com.st.stm32cube.common.mx_6.11.0.202403141607
2024-05-21 12:34:16,451 [INFO] DbMcusXml:78 - Set database path to: C:\ST\STM32CubeIDE_1.12.0\STM32CubeIDE\plugins\com.st.stm32cube.common.mx_6.11.0.202403141607\\db\/mcu/
2024-05-21 12:34:16,452 [INFO] ApiDb:274 - Set plugin database path to: C:\ST\STM32CubeIDE_1.12.0\STM32CubeIDE\plugins\com.st.stm32cube.common.mx_6.11.0.202403141607\\db\/plugins/boardmanager/
2024-05-21 12:34:16,453 [WARN] ApiDb:259 - Overriding images path with different value:  => C:\ST\STM32CubeIDE_1.12.0\STM32CubeIDE\plugins\com.st.stm32cube.common.mx_6.11.0.202403141607\\db\/plugins/mcufinder/images/
2024-05-21 12:34:16,466 [INFO] ApiDb:250 - Set database path to: C:\Users\ADMIN\.stmcufinder\plugins\mcufinder//mcu/
2024-05-21 12:34:16,469 [INFO] DbMcusAds:125 - Set database path to: C:\Users\ADMIN\.stmcufinder\plugins\mcufinder//mcu/
2024-05-21 12:34:16,482 [INFO] CrossReferenceDbSqlite:203 - Set database path to: C:\Users\ADMIN\.stmcufinder\plugins\mcufinder//mcu/cs/
2024-05-21 12:34:16,674 [INFO] RulesReader:64 - Compatibility file has been processed (297 Rules)
2024-05-21 12:34:16,834 [INFO] DbMcusXml:78 - Set database path to: C:\ST\STM32CubeIDE_1.12.0\STM32CubeIDE\plugins\com.st.stm32cube.common.mx_6.11.0.202403141607\\db\/mcu/
2024-05-21 12:34:16,834 [INFO] ApiDb:274 - Set plugin database path to: C:\ST\STM32CubeIDE_1.12.0\STM32CubeIDE\plugins\com.st.stm32cube.common.mx_6.11.0.202403141607\\db\/plugins/boardmanager/
2024-05-21 12:34:16,835 [INFO] ApiDb:261 - Set plugin images path to: C:\ST\STM32CubeIDE_1.12.0\STM32CubeIDE\plugins\com.st.stm32cube.common.mx_6.11.0.202403141607\\db\/plugins/mcufinder/images/
2024-05-21 12:34:16,836 [WARN] DbFile:41 - Overriding database path with different value: C:\Users\ADMIN\.stmcufinder\plugins\mcufinder/ => C:\Users\ADMIN\.stmcufinder\plugins\mcufinder
2024-05-21 12:34:16,836 [INFO] ApiDb:250 - Set database path to: C:\Users\ADMIN\.stmcufinder\plugins\mcufinder//mcu/
2024-05-21 12:34:16,837 [WARN] DbFile:41 - Overriding database path with different value: C:\Users\ADMIN\.stmcufinder\plugins\mcufinder/ => C:\Users\ADMIN\.stmcufinder\plugins\mcufinder
2024-05-21 12:34:16,837 [INFO] DbMcusAds:125 - Set database path to: C:\Users\ADMIN\.stmcufinder\plugins\mcufinder//mcu/
2024-05-21 12:34:16,837 [WARN] DbFile:41 - Overriding database path with different value: C:\Users\ADMIN\.stmcufinder\plugins\mcufinder/ => C:\Users\ADMIN\.stmcufinder\plugins\mcufinder
2024-05-21 12:34:16,837 [WARN] DbFile:41 - Overriding database path with different value: C:\Users\ADMIN\.stmcufinder\plugins\mcufinder/ => C:\Users\ADMIN\.stmcufinder\plugins\mcufinder
2024-05-21 12:34:16,838 [INFO] CrossReferenceDbSqlite:203 - Set database path to: C:\Users\ADMIN\.stmcufinder\plugins\mcufinder//mcu/cs/
2024-05-21 12:34:17,004 [INFO] MainPanel:264 - HeapMemory: 268435456
2024-05-21 12:34:17,185 [INFO] DbMcusXml:78 - Set database path to: C:\ST\STM32CubeIDE_1.12.0\STM32CubeIDE\plugins\com.st.stm32cube.common.mx_6.11.0.202403141607\\db\/mcu/
2024-05-21 12:34:17,185 [INFO] ApiDb:274 - Set plugin database path to: C:\ST\STM32CubeIDE_1.12.0\STM32CubeIDE\plugins\com.st.stm32cube.common.mx_6.11.0.202403141607\\db\/plugins/boardmanager/
2024-05-21 12:34:17,185 [INFO] ApiDb:261 - Set plugin images path to: C:\ST\STM32CubeIDE_1.12.0\STM32CubeIDE\plugins\com.st.stm32cube.common.mx_6.11.0.202403141607\\db\/plugins/mcufinder/images/
2024-05-21 12:34:17,186 [WARN] DbFile:41 - Overriding database path with different value: C:\Users\ADMIN\.stmcufinder\plugins\mcufinder/ => C:\Users\ADMIN\.stmcufinder\plugins\mcufinder
2024-05-21 12:34:17,186 [INFO] ApiDb:250 - Set database path to: C:\Users\ADMIN\.stmcufinder\plugins\mcufinder//mcu/
2024-05-21 12:34:17,186 [WARN] DbFile:41 - Overriding database path with different value: C:\Users\ADMIN\.stmcufinder\plugins\mcufinder/ => C:\Users\ADMIN\.stmcufinder\plugins\mcufinder
2024-05-21 12:34:17,187 [INFO] DbMcusAds:125 - Set database path to: C:\Users\ADMIN\.stmcufinder\plugins\mcufinder//mcu/
2024-05-21 12:34:17,187 [WARN] DbFile:41 - Overriding database path with different value: C:\Users\ADMIN\.stmcufinder\plugins\mcufinder/ => C:\Users\ADMIN\.stmcufinder\plugins\mcufinder
2024-05-21 12:34:17,187 [WARN] DbFile:41 - Overriding database path with different value: C:\Users\ADMIN\.stmcufinder\plugins\mcufinder/ => C:\Users\ADMIN\.stmcufinder\plugins\mcufinder
2024-05-21 12:34:17,187 [INFO] CrossReferenceDbSqlite:203 - Set database path to: C:\Users\ADMIN\.stmcufinder\plugins\mcufinder//mcu/cs/
2024-05-21 12:34:17,214 [INFO] ApplicationProperties:184 - Using Application install path: C:\ST\STM32CubeIDE_1.12.0\STM32CubeIDE\plugins\com.st.stm32cube.common.mx_6.11.0.202403141607
2024-05-21 12:34:17,216 [INFO] PluginManage:196 - Search for loadable plugins [exclusion list=, ]
2024-05-21 12:34:17,219 [INFO] PluginManage:310 - Check plugin analytics
2024-05-21 12:34:26,974 [INFO] AnalyticsPlugin:253 - Accepted Software Licenses: 
2024-05-21 12:34:26,974 [INFO] AnalyticsPlugin:255 - Accepted CMSIS Pack Licenses: 
2024-05-21 12:34:26,975 [INFO] AnalyticsPlugin:257 - Accepted Firmware Licenses: 
2024-05-21 12:34:26,981 [INFO] PluginManage:359 - Loaded plugin analytics (category:tool,tabindex:-1)
2024-05-21 12:34:26,981 [INFO] PluginManage:310 - Check plugin cadmodel
2024-05-21 12:34:26,991 [INFO] CADModel:105 - Init CAD model plugin
2024-05-21 12:34:26,991 [INFO] PluginManage:359 - Loaded plugin cadmodel (category:power,tabindex:5)
2024-05-21 12:34:26,991 [INFO] PluginManage:310 - Check plugin clock
2024-05-21 12:34:27,004 [INFO] PluginManage:359 - Loaded plugin clock (category:base,tabindex:2)
2024-05-21 12:34:27,005 [INFO] PluginManage:310 - Check plugin ddr
2024-05-21 12:34:27,008 [INFO] PluginManage:359 - Loaded plugin ddr (category:tool,tabindex:6)
2024-05-21 12:34:27,009 [INFO] PluginManage:310 - Check plugin filemanager
2024-05-21 12:34:27,233 [INFO] PluginManage:359 - Loaded plugin filemanager (category:base,tabindex:10)
2024-05-21 12:34:27,234 [INFO] PluginManage:310 - Check plugin ipmanager
2024-05-21 12:34:27,247 [INFO] PluginManage:359 - Loaded plugin ipmanager (category:base,tabindex:5)
2024-05-21 12:34:27,248 [INFO] PluginManage:310 - Check plugin lpbam
2024-05-21 12:34:27,262 [INFO] PluginManage:359 - Loaded plugin lpbam (category:base,tabindex:0)
2024-05-21 12:34:27,263 [INFO] PluginManage:310 - Check plugin memorymap
2024-05-21 12:34:27,289 [INFO] PluginManage:359 - Loaded plugin memorymap (category:base,tabindex:4)
2024-05-21 12:34:27,289 [INFO] PluginManage:310 - Check plugin pinoutandconfiguration
2024-05-21 12:34:27,320 [INFO] PluginManage:359 - Loaded plugin pinoutandconfiguration (category:base,tabindex:1)
2024-05-21 12:34:27,321 [INFO] PluginManage:310 - Check plugin pinoutconfig
2024-05-21 12:34:27,535 [WARN] SupportedApi:132 - Cannot load RTOS API schema: s4s-elt-must-match.1: The content of 'definitions' must match (annotation?, (simpleType | complexType)?, (unique | key | keyref)*)). A problem was found starting at: attribute.
2024-05-21 12:34:27,781 [INFO] PluginManage:359 - Loaded plugin pinoutconfig (category:base,tabindex:0)
2024-05-21 12:34:27,781 [INFO] PluginManage:310 - Check plugin power
2024-05-21 12:34:27,800 [INFO] PluginManage:359 - Loaded plugin power (category:power,tabindex:4)
2024-05-21 12:34:27,800 [INFO] PluginManage:310 - Check plugin projectmanager
2024-05-21 12:34:27,830 [INFO] PluginManage:359 - Loaded plugin projectmanager (category:projectmanager,tabindex:3)
2024-05-21 12:34:27,830 [INFO] PluginManage:310 - Check plugin thirdparty
2024-05-21 12:34:28,082 [WARN] IntegrityCheckThread:84 - waiting for thirdparty lock release [integrity check]
2024-05-21 12:34:28,083 [INFO] IntegrityCheckThread:86 - entering critical section [integrity check]
2024-05-21 12:34:28,083 [INFO] PluginManage:359 - Loaded plugin thirdparty (category:base,tabindex:-1)
2024-05-21 12:34:28,083 [INFO] PluginManage:310 - Check plugin tools
2024-05-21 12:34:28,086 [INFO] ThirdPartyUpdaterWithRetryManager:70 - Updater plugin not ready yet. [1/15]
2024-05-21 12:34:28,089 [INFO] PluginManage:359 - Loaded plugin tools (category:base,tabindex:7)
2024-05-21 12:34:28,089 [INFO] PluginManage:310 - Check plugin tutovideos
2024-05-21 12:34:28,457 [INFO] PluginManage:359 - Loaded plugin tutovideos (category:base,tabindex:-1)
2024-05-21 12:34:28,458 [INFO] PluginManage:310 - Check plugin updater
2024-05-21 12:34:28,473 [INFO] PluginManage:359 - Loaded plugin updater (category:base,tabindex:12)
2024-05-21 12:34:28,473 [INFO] PluginManage:310 - Check plugin userauth
2024-05-21 12:34:28,480 [INFO] UserAuth:114 - Init User Auth plugin
2024-05-21 12:34:28,480 [INFO] PluginManage:359 - Loaded plugin userauth (category:base,tabindex:14)
2024-05-21 12:34:28,481 [INFO] PluginManage:283 - PluginManage : Loaded plugins [17]
2024-05-21 12:34:28,852 [INFO] PinOutPanel:1561 - setPackage(No Configuration,No Configuration)
2024-05-21 12:34:28,964 [INFO] CADModel:165 - CPN selected for project level
2024-05-21 12:34:28,965 [INFO] CADModel:114 - Register for checkConnection events
2024-05-21 12:34:28,989 [INFO] IPUIPlugin:80 - create IPUIPlugin
2024-05-21 12:34:28,989 [INFO] PluginManager:220 - loadIPPluginJar : add adc
2024-05-21 12:34:28,993 [INFO] IPUIPlugin:80 - create IPUIPlugin
2024-05-21 12:34:28,994 [INFO] PluginManager:220 - loadIPPluginJar : add aes
2024-05-21 12:34:28,998 [INFO] IPUIPlugin:80 - create IPUIPlugin
2024-05-21 12:34:28,998 [INFO] PluginManager:220 - loadIPPluginJar : add can
2024-05-21 12:34:29,000 [INFO] IPUIPlugin:80 - create IPUIPlugin
2024-05-21 12:34:29,001 [INFO] PluginManager:220 - loadIPPluginJar : add comp
2024-05-21 12:34:29,005 [INFO] IPUIPlugin:80 - create IPUIPlugin
2024-05-21 12:34:29,005 [INFO] PluginManager:220 - loadIPPluginJar : add cryp
2024-05-21 12:34:29,008 [INFO] IPUIPlugin:80 - create IPUIPlugin
2024-05-21 12:34:29,009 [INFO] PluginManager:220 - loadIPPluginJar : add dfsdm
2024-05-21 12:34:29,017 [INFO] IPUIPlugin:80 - create IPUIPlugin
2024-05-21 12:34:29,018 [INFO] PluginManager:220 - loadIPPluginJar : add dma
2024-05-21 12:34:29,022 [INFO] IPUIPlugin:80 - create IPUIPlugin
2024-05-21 12:34:29,023 [INFO] PluginManager:220 - loadIPPluginJar : add dma3
2024-05-21 12:34:29,027 [INFO] IPUIPlugin:80 - create IPUIPlugin
2024-05-21 12:34:29,027 [INFO] PluginManager:220 - loadIPPluginJar : add extmemmanager
2024-05-21 12:34:29,030 [INFO] IPUIPlugin:80 - create IPUIPlugin
2024-05-21 12:34:29,030 [INFO] PluginManager:220 - loadIPPluginJar : add fatfs
2024-05-21 12:34:29,037 [INFO] IPUIPlugin:80 - create IPUIPlugin
2024-05-21 12:34:29,037 [INFO] PluginManager:220 - loadIPPluginJar : add fmc
2024-05-21 12:34:29,044 [INFO] IPUIPlugin:80 - create IPUIPlugin
2024-05-21 12:34:29,045 [INFO] PluginManager:220 - loadIPPluginJar : add freertos
2024-05-21 12:34:29,047 [INFO] IPUIPlugin:80 - create IPUIPlugin
2024-05-21 12:34:29,047 [INFO] PluginManager:220 - loadIPPluginJar : add genericplugin
2024-05-21 12:34:29,050 [INFO] IPUIPlugin:80 - create IPUIPlugin
2024-05-21 12:34:29,050 [INFO] PluginManager:220 - loadIPPluginJar : add gfxmmu
2024-05-21 12:34:29,058 [INFO] IPUIPlugin:80 - create IPUIPlugin
2024-05-21 12:34:29,058 [INFO] PluginManager:220 - loadIPPluginJar : add gic
2024-05-21 12:34:29,063 [INFO] IPUIPlugin:80 - create IPUIPlugin
2024-05-21 12:34:29,063 [INFO] PluginManager:220 - loadIPPluginJar : add gpio
2024-05-21 12:34:29,068 [INFO] IPUIPlugin:80 - create IPUIPlugin
2024-05-21 12:34:29,068 [INFO] PluginManager:220 - loadIPPluginJar : add gtzc
2024-05-21 12:34:29,072 [INFO] IPUIPlugin:80 - create IPUIPlugin
2024-05-21 12:34:29,072 [INFO] PluginManager:220 - loadIPPluginJar : add hash
2024-05-21 12:34:29,076 [INFO] IPUIPlugin:80 - create IPUIPlugin
2024-05-21 12:34:29,076 [INFO] PluginManager:220 - loadIPPluginJar : add i2c
2024-05-21 12:34:29,080 [INFO] IPUIPlugin:80 - create IPUIPlugin
2024-05-21 12:34:29,080 [INFO] PluginManager:220 - loadIPPluginJar : add i2s
2024-05-21 12:34:29,084 [INFO] IPUIPlugin:80 - create IPUIPlugin
2024-05-21 12:34:29,084 [INFO] PluginManager:220 - loadIPPluginJar : add i3c
2024-05-21 12:34:29,090 [INFO] IPUIPlugin:80 - create IPUIPlugin
2024-05-21 12:34:29,091 [INFO] PluginManager:220 - loadIPPluginJar : add ipddr
2024-05-21 12:34:29,101 [INFO] IPUIPlugin:80 - create IPUIPlugin
2024-05-21 12:34:29,101 [INFO] PluginManager:220 - loadIPPluginJar : add linkedlist
2024-05-21 12:34:29,106 [INFO] IPUIPlugin:80 - create IPUIPlugin
2024-05-21 12:34:29,106 [INFO] PluginManager:220 - loadIPPluginJar : add lorawan
2024-05-21 12:34:29,108 [INFO] IPUIPlugin:80 - create IPUIPlugin
2024-05-21 12:34:29,108 [INFO] PluginManager:220 - loadIPPluginJar : add ltdc
2024-05-21 12:34:29,117 [INFO] IPUIPlugin:80 - create IPUIPlugin
2024-05-21 12:34:29,117 [INFO] PluginManager:220 - loadIPPluginJar : add mdma
2024-05-21 12:34:29,123 [INFO] IPUIPlugin:80 - create IPUIPlugin
2024-05-21 12:34:29,123 [INFO] PluginManager:220 - loadIPPluginJar : add nvic
2024-05-21 12:34:29,127 [INFO] IPUIPlugin:80 - create IPUIPlugin
2024-05-21 12:34:29,127 [INFO] PluginManager:220 - loadIPPluginJar : add opamp
2024-05-21 12:34:29,131 [INFO] IPUIPlugin:80 - create IPUIPlugin
2024-05-21 12:34:29,131 [INFO] PluginManager:220 - loadIPPluginJar : add openamp
2024-05-21 12:34:29,137 [INFO] IPUIPlugin:80 - create IPUIPlugin
2024-05-21 12:34:29,137 [INFO] PluginManager:220 - loadIPPluginJar : add pdm2pcm
2024-05-21 12:34:29,144 [INFO] IPUIPlugin:80 - create IPUIPlugin
2024-05-21 12:34:29,147 [INFO] PluginManager:220 - loadIPPluginJar : add plateformsettings
2024-05-21 12:34:29,162 [INFO] IPUIPlugin:80 - create IPUIPlugin
2024-05-21 12:34:29,163 [INFO] PluginManager:220 - loadIPPluginJar : add quadspi
2024-05-21 12:34:29,167 [INFO] IPUIPlugin:80 - create IPUIPlugin
2024-05-21 12:34:29,167 [INFO] PluginManager:220 - loadIPPluginJar : add resmgrutility
2024-05-21 12:34:29,171 [INFO] IPUIPlugin:80 - create IPUIPlugin
2024-05-21 12:34:29,171 [INFO] PluginManager:220 - loadIPPluginJar : add sai
2024-05-21 12:34:29,174 [INFO] IPUIPlugin:80 - create IPUIPlugin
2024-05-21 12:34:29,174 [INFO] PluginManager:220 - loadIPPluginJar : add spi
2024-05-21 12:34:29,180 [INFO] IPUIPlugin:80 - create IPUIPlugin
2024-05-21 12:34:29,180 [INFO] PluginManager:220 - loadIPPluginJar : add stm32_wpan
2024-05-21 12:34:29,182 [INFO] IPUIPlugin:80 - create IPUIPlugin
2024-05-21 12:34:29,182 [INFO] PluginManager:220 - loadIPPluginJar : add tim
2024-05-21 12:34:29,188 [INFO] IPUIPlugin:80 - create IPUIPlugin
2024-05-21 12:34:29,188 [INFO] PluginManager:220 - loadIPPluginJar : add touchsensing
2024-05-21 12:34:29,191 [INFO] IPUIPlugin:80 - create IPUIPlugin
2024-05-21 12:34:29,191 [INFO] PluginManager:220 - loadIPPluginJar : add tracer_emb
2024-05-21 12:34:29,193 [INFO] IPUIPlugin:80 - create IPUIPlugin
2024-05-21 12:34:29,193 [INFO] PluginManager:220 - loadIPPluginJar : add ts
2024-05-21 12:34:29,196 [INFO] IPUIPlugin:80 - create IPUIPlugin
2024-05-21 12:34:29,196 [INFO] PluginManager:220 - loadIPPluginJar : add tsc
2024-05-21 12:34:29,200 [INFO] IPUIPlugin:80 - create IPUIPlugin
2024-05-21 12:34:29,200 [INFO] PluginManager:220 - loadIPPluginJar : add ucpd
2024-05-21 12:34:29,206 [INFO] IPUIPlugin:80 - create IPUIPlugin
2024-05-21 12:34:29,206 [INFO] PluginManager:220 - loadIPPluginJar : add usart
2024-05-21 12:34:29,211 [INFO] IPUIPlugin:80 - create IPUIPlugin
2024-05-21 12:34:29,211 [INFO] PluginManager:220 - loadIPPluginJar : add usbx
2024-05-21 12:34:29,365 [INFO] CADModel:165 - CPN selected for project level
2024-05-21 12:34:29,365 [INFO] CADModel:114 - Register for checkConnection events
2024-05-21 12:34:29,368 [FATAL] Updater:308 - Updater called before beeing initialized
2024-05-21 12:34:29,368 [ERROR] CADModel:125 - Updater not yet initialized, retry later 
2024-05-21 12:34:29,660 [INFO] CADModel:165 - CPN selected for project level
2024-05-21 12:34:29,661 [INFO] CADModel:114 - Register for checkConnection events
2024-05-21 12:34:29,661 [FATAL] Updater:308 - Updater called before beeing initialized
2024-05-21 12:34:29,661 [ERROR] CADModel:125 - Updater not yet initialized, retry later 
2024-05-21 12:34:29,667 [FATAL] Updater:308 - Updater called before beeing initialized
2024-05-21 12:34:29,881 [FATAL] Updater:308 - Updater called before beeing initialized
2024-05-21 12:34:29,887 [INFO] DbMcusAds:53 - JSON generation date=Thu May 16 16:22:00 ICT 2024 (1715851320852)
2024-05-21 12:34:29,888 [FATAL] Updater:308 - Updater called before beeing initialized
2024-05-21 12:34:29,945 [WARN] DetailPanel:346 - Failed to get advertising image, set to default
2024-05-21 12:34:30,075 [FATAL] Updater:308 - Updater called before beeing initialized
2024-05-21 12:34:30,078 [FATAL] Updater:308 - Updater called before beeing initialized
2024-05-21 12:34:30,078 [FATAL] Updater:308 - Updater called before beeing initialized
2024-05-21 12:34:30,078 [WARN] DetailPanel:346 - Failed to get advertising image, set to default
2024-05-21 12:34:30,079 [FATAL] Updater:308 - Updater called before beeing initialized
2024-05-21 12:34:30,131 [ERROR] Updater:1120 - MainUpdater not yet initialized. External WinMGr cannot be set.
2024-05-21 12:34:30,134 [INFO] Updater:1056 - Updater Version found : 6.11.0
2024-05-21 12:34:30,160 [INFO] ApplicationProperties:184 - Using Application install path: C:\ST\STM32CubeIDE_1.12.0\STM32CubeIDE\plugins\com.st.stm32cube.common.mx_6.11.0.202403141607
2024-05-21 12:34:30,684 [INFO] MainUpdater:2873 - connection check result : 10
2024-05-21 12:34:30,686 [INFO] MainUpdater:290 - Updater Check For Update Now.
2024-05-21 12:34:30,687 [INFO] MicroXplorer:498 - Change Database Version : DB.6.0.110
2024-05-21 12:34:30,704 [INFO] McuFinderGlobals:63 - Set McuFinder mode to 2 (CubeIDE integrated)
2024-05-21 12:34:30,714 [INFO] UserAuth:415 - Internet connection configuration mode: 1
2024-05-21 12:34:30,746 [INFO] JxBrowserEngine:152 - Initiate JxBrowser Engine with user profile folder
2024-05-21 12:34:30,920 [INFO] CheckServerUpdateThread:120 - End of CheckServer Thread
2024-05-21 12:34:31,753 [WARN] PackLoader:240 - Cannot read IP mode file for STMicroelectronics.FP-SNS-MOTENVWB1.1.4.0
2024-05-21 12:34:31,780 [WARN] PackLoader:240 - Cannot read IP mode file for STMicroelectronics.X-CUBE-SMBUS.2.1.0
2024-05-21 12:34:31,790 [WARN] PackLoader:240 - Cannot read IP mode file for STMicroelectronics.X-CUBE-TOUCHGFX.4.23.0
2024-05-21 12:34:31,795 [WARN] PackLoader:240 - Cannot read IP mode file for STMicroelectronics.X-CUBE-TOUCHGFX.4.23.2
2024-05-21 12:34:31,882 [WARN] PackLoader:240 - Cannot read IP mode file for STMicroelectronics.X-CUBE-AZRTOS-F7.1.1.0
2024-05-21 12:34:31,903 [ERROR] RealEvaluatedCondition:428 - Found unsupported composite condition: GROUP='STM32_MetaDataManager' CLASS='Data Exchange'
2024-05-21 12:34:31,904 [ERROR] RealEvaluatedCondition:428 - Found unsupported composite condition: GROUP='STM32_MetaDataManager' CLASS='Data Exchange'
2024-05-21 12:34:31,907 [WARN] PackLoader:240 - Cannot read IP mode file for STMicroelectronics.FP-SNS-MOTENV1.4.3.0
2024-05-21 12:34:31,931 [WARN] PackLoader:240 - Cannot read IP mode file for STMicroelectronics.FP-SNS-MOTENV1.4.3.2
2024-05-21 12:34:31,943 [WARN] PackLoader:240 - Cannot read IP mode file for STMicroelectronics.FP-SNS-FLIGHT1.5.0.0
2024-05-21 12:34:31,983 [ERROR] RealEvaluatedCondition:428 - Found unsupported composite condition: CLASS='Data Exchange' GROUP='STM32_MetaDataManager'
2024-05-21 12:34:31,984 [ERROR] RealEvaluatedCondition:428 - Found unsupported composite condition: CLASS='Data Exchange' GROUP='STM32_MetaDataManager'
2024-05-21 12:34:31,987 [WARN] PackLoader:240 - Cannot read IP mode file for STMicroelectronics.FP-SNS-MOTENV1.4.3.1
2024-05-21 12:34:31,997 [WARN] PackLoader:240 - Cannot read IP mode file for STMicroelectronics.FP-SNS-FLIGHT1.5.0.1
2024-05-21 12:34:32,012 [WARN] PackLoader:240 - Cannot read IP mode file for STMicroelectronics.X-CUBE-BLE1.6.2.4
2024-05-21 12:34:32,025 [WARN] PackLoader:240 - Cannot read IP mode file for STMicroelectronics.FP-SNS-FLIGHT1.5.0.2
2024-05-21 12:34:32,041 [WARN] PackLoader:240 - Cannot read IP mode file for STMicroelectronics.X-CUBE-DISPLAY.3.0.0
2024-05-21 12:34:32,062 [WARN] PackLoader:240 - Cannot read IP mode file for STMicroelectronics.X-CUBE-BLE1.7.0.0
2024-05-21 12:34:32,075 [WARN] PackLoader:240 - Cannot read IP mode file for emotas.I-CUBE-CANOPEN.1.3.0
2024-05-21 12:34:32,110 [WARN] PackLoader:240 - Cannot read IP mode file for STMicroelectronics.X-CUBE-TOUCHGFX.4.22.0
2024-05-21 12:34:32,122 [WARN] PackLoader:240 - Cannot read IP mode file for STMicroelectronics.X-CUBE-TOUCHGFX.4.22.1
2024-05-21 12:34:32,142 [WARN] PackLoader:240 - Cannot read IP mode file for STMicroelectronics.X-CUBE-BLEMGR.3.1.0
2024-05-21 12:34:32,155 [WARN] PackLoader:240 - Cannot read IP mode file for STMicroelectronics.FP-SNS-SMARTAG2.1.2.0
2024-05-21 12:34:32,178 [INFO] LogOutputStream:77 - [STDOUT_REDIRECT] 1 : Invalid condition id : UX_CORESTACK_Condition cause : null
2024-05-21 12:34:32,179 [INFO] LogOutputStream:77 - [STDOUT_REDIRECT] 1 : Invalid condition id : UX_CORESTACK_Condition cause : null
2024-05-21 12:34:32,182 [INFO] LogOutputStream:77 - [STDOUT_REDIRECT] 1 : Invalid condition id : UX_CORESTACK_Condition cause : null
2024-05-21 12:34:32,186 [INFO] LogOutputStream:77 - [STDOUT_REDIRECT] 1 : Invalid condition id : UX_CORESTACK_Condition cause : null
2024-05-21 12:34:32,189 [INFO] LogOutputStream:77 - [STDOUT_REDIRECT] 1 : Invalid condition id : UX_CORESTACK_Condition cause : null
2024-05-21 12:34:32,196 [WARN] PackLoader:240 - Cannot read IP mode file for STMicroelectronics.X-CUBE-AZRTOS-WL.2.0.0
2024-05-21 12:34:32,214 [WARN] PackLoader:240 - Cannot read IP mode file for STMicroelectronics.FP-SNS-MOTENV1.5.0.0
2024-05-21 12:34:32,262 [WARN] PackLoader:240 - Cannot read IP mode file for WES.I-CUBE-Cesium.1.3.0
2024-05-21 12:34:32,276 [WARN] PackLoader:240 - Cannot read IP mode file for STMicroelectronics.X-CUBE-BLE2.3.3.0
2024-05-21 12:34:32,302 [WARN] PackLoader:240 - Cannot read IP mode file for STMicroelectronics.X-CUBE-TOF1.3.2.0
2024-05-21 12:34:32,325 [WARN] PackLoader:240 - Cannot read IP mode file for STMicroelectronics.X-CUBE-TCPP.4.1.0
2024-05-21 12:34:32,335 [WARN] PackLoader:240 - Cannot read IP mode file for STMicroelectronics.X-CUBE-TOUCHGFX.4.21.1
2024-05-21 12:34:32,341 [WARN] PackLoader:240 - Cannot read IP mode file for STMicroelectronics.X-CUBE-TOUCHGFX.4.21.3
2024-05-21 12:34:32,346 [WARN] PackLoader:240 - Cannot read IP mode file for STMicroelectronics.X-CUBE-TOUCHGFX.4.21.4
2024-05-21 12:34:32,353 [WARN] PackLoader:240 - Cannot read IP mode file for STMicroelectronics.X-CUBE-AI.7.3.0
2024-05-21 12:34:32,365 [WARN] PackLoader:240 - Cannot read IP mode file for STMicroelectronics.X-CUBE-ALGOBUILD.1.3.0
2024-05-21 12:34:32,394 [WARN] PackLoader:240 - Cannot read IP mode file for STMicroelectronics.X-CUBE-AZRTOS-G0.1.1.0
2024-05-21 12:34:32,411 [WARN] PackLoader:240 - Cannot read IP mode file for STMicroelectronics.X-CUBE-SAFEA1.1.2.2
2024-05-21 12:34:32,423 [WARN] PackLoader:240 - Cannot read IP mode file for STMicroelectronics.X-CUBE-NFC4.3.0.0
2024-05-21 12:34:32,440 [WARN] PackLoader:240 - Cannot read IP mode file for STMicroelectronics.X-CUBE-BLEMGR.3.0.0
2024-05-21 12:34:32,445 [INFO] WebApp:161 - Instantiating new browser for Auth
2024-05-21 12:34:32,466 [WARN] PackLoader:240 - Cannot read IP mode file for STMicroelectronics.X-CUBE-BLEMGR.1.3.0
2024-05-21 12:34:32,498 [WARN] PackLoader:240 - Cannot read IP mode file for STMicroelectronics.FP-ATR-SIGFOX1.3.2.0
2024-05-21 12:34:32,510 [WARN] PackLoader:240 - Cannot read IP mode file for STMicroelectronics.X-CUBE-EEPRMA1.5.1.0
2024-05-21 12:34:32,583 [WARN] PackLoader:240 - Cannot read IP mode file for STMicroelectronics.X-CUBE-MEMS1.9.5.0
2024-05-21 12:34:33,099 [WARN] PackLoader:240 - Cannot read IP mode file for SEGGER.I-CUBE-embOS.1.3.1
2024-05-21 12:34:33,234 [WARN] PackLoader:240 - Cannot read IP mode file for STMicroelectronics.X-CUBE-ALGOBUILD.1.4.0
2024-05-21 12:34:33,247 [WARN] PackLoader:240 - Cannot read IP mode file for STMicroelectronics.X-CUBE-GNSS1.6.0.0
2024-05-21 12:34:33,288 [WARN] PackLoader:240 - Cannot read IP mode file for STMicroelectronics.X-CUBE-AZRTOS-F4.1.1.0
2024-05-21 12:34:33,305 [WARN] PackLoader:240 - Cannot read IP mode file for wolfSSL.I-CUBE-wolfSSL.5.6.3
2024-05-21 12:34:33,320 [WARN] PackLoader:240 - Cannot read IP mode file for STMicroelectronics.X-CUBE-FREERTOS.1.2.0
2024-05-21 12:34:33,362 [WARN] PackLoader:240 - Cannot read IP mode file for STMicroelectronics.X-CUBE-AZRTOS-L5.2.0.0
2024-05-21 12:34:33,495 [WARN] PackLoader:240 - Cannot read IP mode file for STMicroelectronics.X-CUBE-MEMS1.9.6.0
2024-05-21 12:34:33,840 [WARN] PackLoader:240 - Cannot read IP mode file for STMicroelectronics.X-CUBE-EEPRMA1.4.2.0
2024-05-21 12:34:33,855 [WARN] PackLoader:240 - Cannot read IP mode file for STMicroelectronics.X-CUBE-NFC6.3.1.0
2024-05-21 12:34:33,866 [WARN] PackLoader:240 - Cannot read IP mode file for ITTIA_DB.I-CUBE-ITTIADB.8.8.0
2024-05-21 12:34:33,876 [WARN] PackLoader:240 - Cannot read IP mode file for emotas.I-CUBE-CANOPEN.1.1.3
2024-05-21 12:34:33,893 [WARN] PackLoader:240 - Cannot read IP mode file for STMicroelectronics.X-CUBE-BLEMGR.2.0.0
2024-05-21 12:34:33,903 [WARN] PackLoader:240 - Cannot read IP mode file for STMicroelectronics.X-CUBE-AI.9.0.0
2024-05-21 12:34:33,954 [WARN] ConditionMgr:438 - getConditionDescription Invalid condition id : UX DEVICE CLASS RTOS Condition cause : null
2024-05-21 12:34:33,955 [WARN] ConditionMgr:438 - getConditionDescription Invalid condition id : UX DEVICE CLASS RTOS Condition cause : null
2024-05-21 12:34:33,976 [WARN] PackLoader:240 - Cannot read IP mode file for STMicroelectronics.X-CUBE-AZRTOS-H7.3.1.0
2024-05-21 12:34:33,978 [WARN] ConditionMgr:1039 - genDependencies : Invalid condition id : UX DEVICE CLASS RTOS Condition cause : null
2024-05-21 12:34:33,978 [WARN] ConditionMgr:1039 - genDependencies : Invalid condition id : UX DEVICE CLASS RTOS Condition cause : null
2024-05-21 12:34:33,979 [WARN] ConditionMgr:1039 - genDependencies : Invalid condition id : UX DEVICE CLASS RTOS Condition cause : null
2024-05-21 12:34:33,980 [WARN] ConditionMgr:1039 - genDependencies : Invalid condition id : UX DEVICE CLASS RTOS Condition cause : null
2024-05-21 12:34:33,981 [WARN] ConditionMgr:1039 - genDependencies : Invalid condition id : UX DEVICE CLASS RTOS Condition cause : null
2024-05-21 12:34:33,990 [WARN] PackLoader:240 - Cannot read IP mode file for wolfSSL.I-CUBE-wolfSSL.5.5.4
2024-05-21 12:34:33,997 [WARN] PackLoader:240 - Cannot read IP mode file for STMicroelectronics.X-CUBE-NFC7.1.0.1
2024-05-21 12:34:34,008 [WARN] PackLoader:240 - Cannot read IP mode file for STMicroelectronics.X-CUBE-NFC7.1.0.0
2024-05-21 12:34:34,019 [WARN] PackLoader:240 - Cannot read IP mode file for STMicroelectronics.X-CUBE-NFC6.3.0.0
2024-05-21 12:34:34,030 [WARN] PackLoader:240 - Cannot read IP mode file for STMicroelectronics.X-CUBE-EEPRMA1.4.1.0
2024-05-21 12:34:34,037 [WARN] PackLoader:240 - Cannot read IP mode file for STMicroelectronics.X-CUBE-AI.8.1.0
2024-05-21 12:34:34,067 [WARN] ConditionMgr:438 - getConditionDescription Invalid condition id : LAN8742 Phy interface Condition cause : null
2024-05-21 12:34:34,068 [WARN] PackLoader:240 - Cannot read IP mode file for STMicroelectronics.X-CUBE-AZRTOS-L4.2.0.0
2024-05-21 12:34:34,070 [WARN] ConditionMgr:1039 - genDependencies : Invalid condition id : LAN8742 Phy interface Condition cause : null
2024-05-21 12:34:34,070 [WARN] ConditionMgr:1039 - genDependencies : Invalid condition id : LAN8742 Phy interface Condition cause : null
2024-05-21 12:34:34,071 [WARN] ConditionMgr:1039 - genDependencies : Invalid condition id : LAN8742 Phy interface Condition cause : null
2024-05-21 12:34:34,082 [WARN] PackLoader:240 - Cannot read IP mode file for STMicroelectronics.X-CUBE-SFXS2LP1.4.0.0
2024-05-21 12:34:34,108 [WARN] PackLoader:240 - Cannot read IP mode file for STMicroelectronics.X-CUBE-AZRTOS-H7.3.0.0
2024-05-21 12:34:34,128 [WARN] PackLoader:240 - Cannot read IP mode file for STMicroelectronics.X-CUBE-ISPU.1.1.0
2024-05-21 12:34:34,138 [WARN] PackLoader:240 - Cannot read IP mode file for RoweBots.I-CUBE-UNISONRTOS.5.5.0-4
2024-05-21 12:34:34,143 [WARN] PackLoader:240 - Cannot read IP mode file for STMicroelectronics.X-CUBE-AI.8.0.0
2024-05-21 12:34:34,171 [WARN] ConditionMgr:438 - getConditionDescription Invalid condition id : UX DEVICE CLASS RTOS Condition cause : null
2024-05-21 12:34:34,172 [WARN] ConditionMgr:438 - getConditionDescription Invalid condition id : UX DEVICE CLASS RTOS Condition cause : null
2024-05-21 12:34:34,175 [WARN] PackLoader:240 - Cannot read IP mode file for STMicroelectronics.X-CUBE-AZRTOS-WB.2.0.0
2024-05-21 12:34:34,177 [WARN] ConditionMgr:1039 - genDependencies : Invalid condition id : UX DEVICE CLASS RTOS Condition cause : null
2024-05-21 12:34:34,177 [WARN] ConditionMgr:1039 - genDependencies : Invalid condition id : UX DEVICE CLASS RTOS Condition cause : null
2024-05-21 12:34:34,177 [WARN] ConditionMgr:1039 - genDependencies : Invalid condition id : UX DEVICE CLASS RTOS Condition cause : null
2024-05-21 12:34:34,178 [WARN] ConditionMgr:1039 - genDependencies : Invalid condition id : UX DEVICE CLASS RTOS Condition cause : null
2024-05-21 12:34:34,178 [WARN] ConditionMgr:1039 - genDependencies : Invalid condition id : UX DEVICE CLASS RTOS Condition cause : null
2024-05-21 12:34:34,186 [WARN] PackLoader:240 - Cannot read IP mode file for STMicroelectronics.X-CUBE-FREERTOS.1.0.0
2024-05-21 12:34:34,192 [WARN] PackLoader:240 - Cannot read IP mode file for STMicroelectronics.X-CUBE-FREERTOS.1.0.1
2024-05-21 12:34:34,221 [WARN] PackLoader:240 - Cannot read IP mode file for STMicroelectronics.X-CUBE-AZRTOS-L5.1.1.0
2024-05-21 12:34:34,228 [WARN] PackLoader:240 - Cannot read IP mode file for STMicroelectronics.X-CUBE-AI.8.0.1
2024-05-21 12:34:34,242 [WARN] PackLoader:240 - Cannot read IP mode file for STMicroelectronics.X-CUBE-SUBG2.5.0.0
2024-05-21 12:34:34,261 [WARN] PackLoader:240 - Cannot read IP mode file for STMicroelectronics.X-CUBE-TOF1.3.3.1
2024-05-21 12:34:34,296 [WARN] PackLoader:240 - Cannot read IP mode file for STMicroelectronics.X-CUBE-AZRTOS-G4.2.0.0
2024-05-21 12:34:34,314 [WARN] PackLoader:240 - Cannot read IP mode file for STMicroelectronics.X-CUBE-TOF1.3.3.0
2024-05-21 12:34:34,331 [WARN] PackLoader:240 - Cannot read IP mode file for STMicroelectronics.FP-ATR-ASTRA1.1.1.1
2024-05-21 12:34:34,350 [WARN] PackLoader:240 - Cannot read IP mode file for Infineon.AIROC-Wi-Fi-Bluetooth-STM32.1.5.1
2024-05-21 12:34:34,359 [WARN] PackLoader:240 - Cannot read IP mode file for STMicroelectronics.FP-SNS-MOTENVWB1.1.3.0
2024-05-21 12:34:34,382 [WARN] PackLoader:240 - Cannot read IP mode file for STMicroelectronics.FP-SNS-MOTENVWB1.1.3.1
2024-05-21 12:34:34,403 [WARN] PackLoader:240 - Cannot read IP mode file for STMicroelectronics.X-CUBE-AZRTOS-G4.1.0.0
2024-05-21 12:34:34,428 [WARN] PackLoader:240 - Cannot read IP mode file for STMicroelectronics.X-CUBE-AZRTOS-L4.1.0.0
2024-05-21 12:34:34,436 [WARN] PackLoader:240 - Cannot read IP mode file for STMicroelectronics.X-CUBE-ISPU.2.0.0
2024-05-21 12:34:34,544 [WARN] PackLoader:240 - Cannot read IP mode file for STMicroelectronics.X-CUBE-MEMS1.10.0.0
2024-05-21 12:34:34,719 [WARN] PackLoader:240 - Cannot read IP mode file for STMicroelectronics.X-CUBE-FREERTOS.1.1.0
2024-05-21 12:34:34,742 [WARN] PackLoader:240 - Cannot read IP mode file for STMicroelectronics.X-CUBE-AZRTOS-WL.1.0.0
2024-05-21 12:34:34,753 [WARN] PackLoader:240 - Cannot read IP mode file for portGmbH.I-Cube-SoM-uGOAL.1.1.0
2024-05-21 12:34:34,771 [WARN] PackLoader:240 - Cannot read IP mode file for STMicroelectronics.X-CUBE-ALS.1.0.1
2024-05-21 12:34:34,797 [WARN] PackLoader:240 - Cannot read IP mode file for STMicroelectronics.X-CUBE-AZRTOS-WB.1.1.0
2024-05-21 12:34:34,833 [WARN] PackLoader:240 - Cannot read IP mode file for STMicroelectronics.X-CUBE-AZRTOS-H7RS.1.0.0
2024-05-21 12:34:34,842 [WARN] PackLoader:240 - Cannot read IP mode file for STMicroelectronics.FP-ATR-ASTRA1.2.0.0
2024-05-21 12:34:34,856 [INFO] WebApp:779 - Register for checkConnection events
2024-05-21 12:34:34,857 [INFO] WebApp:414 - Apply proxy settings
2024-05-21 12:34:34,857 [INFO] WebApp:499 - Chromium requires no authentication
2024-05-21 12:34:34,861 [WARN] PackLoader:240 - Cannot read IP mode file for STMicroelectronics.X-CUBE-TOF1.3.4.0
2024-05-21 12:34:34,874 [INFO] WebApp:442 - Direct internet connection detected
2024-05-21 12:34:34,896 [WARN] PackLoader:240 - Cannot read IP mode file for STMicroelectronics.X-CUBE-TOF1.3.4.1
2024-05-21 12:34:34,959 [WARN] PackLoader:240 - Cannot read IP mode file for STMicroelectronics.X-CUBE-AZRTOS-H7.3.2.0
2024-05-21 12:34:34,964 [INFO] ThirdParty:978 - Integrity check success = true
2024-05-21 12:34:34,964 [INFO] IntegrityCheckThread:100 - exiting critical section [integrity check]
2024-05-21 12:34:34,964 [INFO] IntegrityCheckThread:103 - End integrity checks thread
2024-05-21 12:34:35,365 [INFO] WebApp:192 - Starting web application
2024-05-21 12:34:35,365 [INFO] WebApp:544 - Web application path used C:\ST\STM32CubeIDE_1.12.0\STM32CubeIDE\plugins\com.st.stm32cube.common.mx_6.11.0.202403141607\db\plugins\mcufinder\reactClient1\index.html
